2024-01-13 09:20:04.5760|0|INFO|StepMaster.Program|Process start |url: |action: 
2024-01-13 09:20:05.4201|14|INFO|Microsoft.Hosting.Lifetime|Now listening on: http://localhost:5016 |url: |action: 
2024-01-13 09:20:05.4201|0|INFO|Microsoft.Hosting.Lifetime|Application started. Press Ctrl+C to shut down. |url: |action: 
2024-01-13 09:20:05.4201|0|INFO|Microsoft.Hosting.Lifetime|Hosting environment: Development |url: |action: 
2024-01-13 09:20:05.4201|0|INFO|Microsoft.Hosting.Lifetime|Content root path: D:\StepMaster\StepMaster |url: |action: 
2024-01-13 09:23:30.1844|0|INFO|StepMaster.Program|Process start |url: |action: 
2024-01-13 09:23:30.9659|14|INFO|Microsoft.Hosting.Lifetime|Now listening on: http://localhost:5016 |url: |action: 
2024-01-13 09:23:30.9659|0|INFO|Microsoft.Hosting.Lifetime|Application started. Press Ctrl+C to shut down. |url: |action: 
2024-01-13 09:23:30.9808|0|INFO|Microsoft.Hosting.Lifetime|Hosting environment: Development |url: |action: 
2024-01-13 09:23:30.9808|0|INFO|Microsoft.Hosting.Lifetime|Content root path: D:\StepMaster\StepMaster |url: |action: 
2024-01-13 09:23:41.9957|3|WARN|Microsoft.AspNetCore.HttpsPolicy.HttpsRedirectionMiddleware|Failed to determine the https port for redirect. |url: http://localhost/api/Regions/GetRegions|action: GetRegions
2024-01-13 09:23:42.3099|0|DEBUG|Infrastructure.MongoDb.Repositories.Day_Repository|NLog is integrate to Day_Controler  |url: http://localhost/api/Authorization/SendCode|action: SendCode
2024-01-13 09:23:42.4821|0|DEBUG|Infrastructure.MongoDb.Repositories.Day_Repository|NLog is integrate to Day_Controler  |url: http://localhost/api/Authorization/SendCode|action: SendCode
2024-01-13 09:23:44.7960|0|DEBUG|Infrastructure.MongoDb.Repositories.Day_Repository|NLog is integrate to Day_Controler  |url: http://localhost/api/Authorization/Registration|action: Registration
2024-01-13 09:23:45.0585|8|DEBUG|API.Auth.AuthBase.BasicAunteficationHandler|AuthenticationScheme: Basic was successfully authenticated. |url: http://localhost/api/Authorization/Auth|action: Auth
2024-01-13 09:23:45.0585|0|DEBUG|Infrastructure.MongoDb.Repositories.Day_Repository|NLog is integrate to Day_Controler  |url: http://localhost/api/Authorization/Auth|action: Auth
2024-01-13 09:23:45.1691|0|DEBUG|Infrastructure.MongoDb.Repositories.Day_Repository|NLog is integrate to Day_Controler  |url: http://localhost/api/Authorization/UpdateCookies|action: UpdateCookies
2024-01-13 09:23:45.2581|0|DEBUG|Infrastructure.MongoDb.Repositories.Day_Repository|NLog is integrate to Day_Controler  |url: http://localhost/api/Authorization/Registration|action: Registration
2024-01-13 09:23:45.3341|0|DEBUG|Infrastructure.MongoDb.Repositories.Day_Repository|NLog is integrate to Day_Controler  |url: http://localhost/api/Authorization/SendNewPassword|action: SendNewPassword
2024-01-13 09:23:47.0348|0|DEBUG|Infrastructure.MongoDb.Repositories.Day_Repository|NLog is integrate to Day_Controler  |url: http://localhost/api/Authorization/LogOut|action: Logout
2024-01-13 09:23:47.1279|0|DEBUG|Infrastructure.MongoDb.Repositories.Day_Repository|NLog is integrate to Day_Controler  |url: http://localhost/api/Authorization/DeleteUser|action: DeleteUser
2024-01-13 09:23:47.2203|0|DEBUG|Infrastructure.MongoDb.Repositories.Day_Repository|NLog is integrate to Day_Controler  |url: http://localhost/api/Authorization/Registration|action: Registration
2024-01-13 09:23:47.3292|8|DEBUG|API.Auth.AuthBase.BasicAunteficationHandler|AuthenticationScheme: Basic was successfully authenticated. |url: http://localhost/api/Authorization/Auth|action: Auth
2024-01-13 09:23:47.3292|0|DEBUG|Infrastructure.MongoDb.Repositories.Day_Repository|NLog is integrate to Day_Controler  |url: http://localhost/api/Authorization/Auth|action: Auth
2024-01-13 09:23:47.4087|0|DEBUG|Infrastructure.MongoDb.Repositories.Day_Repository|NLog is integrate to Day_Controler  |url: http://localhost/api/Days/GetAllDayUser|action: GetAllDayUser
2024-01-13 09:23:47.9172|0|WARN|Infrastructure.MongoDb.Repositories.Day_Repository|GetCountDayMoreMax |url: http://localhost/api/Days/GetAllDayUser|action: GetAllDayUser
2024-01-13 09:23:47.9187|0|ERROR|Infrastructure.MongoDb.Repositories.Day_Repository|Sequence contains no elements |url: http://localhost/api/Days/GetAllDayUser|action: GetAllDayUser
2024-01-13 09:23:48.0017|0|WARN|Infrastructure.MongoDb.Repositories.Day_Repository|GetCountDayMoreMax |url: http://localhost/api/Days/GetAllDayUser|action: GetAllDayUser
2024-01-13 09:23:48.0017|0|ERROR|Infrastructure.MongoDb.Repositories.Day_Repository|Sequence contains no elements |url: http://localhost/api/Days/GetAllDayUser|action: GetAllDayUser
2024-01-13 09:23:48.1074|0|DEBUG|Infrastructure.MongoDb.Repositories.Day_Repository|NLog is integrate to Day_Controler  |url: http://localhost/api/Days/SetNewDay|action: SetNewDay
2024-01-13 09:23:48.1988|0|WARN|Infrastructure.MongoDb.Repositories.Day_Repository|GetCountDayMoreMax |url: http://localhost/api/Days/SetNewDay|action: SetNewDay
2024-01-13 09:23:48.2001|0|ERROR|Infrastructure.MongoDb.Repositories.Day_Repository|Sequence contains no elements |url: http://localhost/api/Days/SetNewDay|action: SetNewDay
2024-01-13 09:23:48.2337|0|WARN|Infrastructure.MongoDb.Repositories.Day_Repository|GetCountDayMoreMax |url: http://localhost/api/Days/SetNewDay|action: SetNewDay
2024-01-13 09:23:48.2337|0|ERROR|Infrastructure.MongoDb.Repositories.Day_Repository|Sequence contains no elements |url: http://localhost/api/Days/SetNewDay|action: SetNewDay
2024-01-13 09:23:48.3042|0|DEBUG|Infrastructure.MongoDb.Repositories.Day_Repository|NLog is integrate to Day_Controler  |url: http://localhost/api/Days/SetNewDay|action: SetNewDay
2024-01-13 09:23:48.4284|0|DEBUG|Infrastructure.MongoDb.Repositories.Day_Repository|NLog is integrate to Day_Controler  |url: http://localhost/api/Authorization/LogOut|action: Logout
2024-01-13 09:23:48.5235|0|DEBUG|Infrastructure.MongoDb.Repositories.Day_Repository|NLog is integrate to Day_Controler  |url: http://localhost/api/Authorization/DeleteUser|action: DeleteUser
2024-01-13 09:23:48.6029|0|DEBUG|Infrastructure.MongoDb.Repositories.Day_Repository|NLog is integrate to Day_Controler  |url: http://localhost/api/Authorization/Registration|action: Registration
2024-01-13 09:23:48.7269|8|DEBUG|API.Auth.AuthBase.BasicAunteficationHandler|AuthenticationScheme: Basic was successfully authenticated. |url: http://localhost/api/Authorization/Auth|action: Auth
2024-01-13 09:23:48.7269|0|DEBUG|Infrastructure.MongoDb.Repositories.Day_Repository|NLog is integrate to Day_Controler  |url: http://localhost/api/Authorization/Auth|action: Auth
2024-01-13 09:23:48.8234|0|DEBUG|Infrastructure.MongoDb.Repositories.Day_Repository|NLog is integrate to Day_Controler  |url: http://localhost/api/Profile/GetUser|action: GetUser
2024-01-13 09:23:49.7119|0|WARN|Infrastructure.MongoDb.Repositories.Day_Repository|GetCountDayMoreMax |url: http://localhost/api/Profile/GetUser|action: GetUser
2024-01-13 09:23:49.7119|0|ERROR|Infrastructure.MongoDb.Repositories.Day_Repository|Sequence contains no elements |url: http://localhost/api/Profile/GetUser|action: GetUser
2024-01-13 09:23:49.7460|0|WARN|Infrastructure.MongoDb.Repositories.Day_Repository|GetCountDayMoreMax |url: http://localhost/api/Profile/GetUser|action: GetUser
2024-01-13 09:23:49.7460|0|ERROR|Infrastructure.MongoDb.Repositories.Day_Repository|Sequence contains no elements |url: http://localhost/api/Profile/GetUser|action: GetUser
2024-01-13 09:23:49.8159|0|DEBUG|Infrastructure.MongoDb.Repositories.Day_Repository|NLog is integrate to Day_Controler  |url: http://localhost/api/Profile/InsertAvatar|action: InsertAvatar
2024-01-13 09:23:49.9228|0|DEBUG|Infrastructure.MongoDb.Repositories.Day_Repository|NLog is integrate to Day_Controler  |url: http://localhost/api/Profile/EditUser|action: EditUser
2024-01-13 09:23:50.0639|0|DEBUG|Infrastructure.MongoDb.Repositories.Day_Repository|NLog is integrate to Day_Controler  |url: http://localhost/api/Profile/EditPassword|action: EditPassword
2024-01-13 09:23:50.1717|0|DEBUG|Infrastructure.MongoDb.Repositories.Day_Repository|NLog is integrate to Day_Controler  |url: http://localhost/api/Profile/EditPassword|action: EditPassword
2024-01-13 09:23:50.2500|0|DEBUG|Infrastructure.MongoDb.Repositories.Day_Repository|NLog is integrate to Day_Controler  |url: http://localhost/api/Profile/GetUser|action: GetUser
2024-01-13 09:23:50.4191|0|WARN|Infrastructure.MongoDb.Repositories.Day_Repository|GetCountDayMoreMax |url: http://localhost/api/Profile/GetUser|action: GetUser
2024-01-13 09:23:50.4191|0|ERROR|Infrastructure.MongoDb.Repositories.Day_Repository|Sequence contains no elements |url: http://localhost/api/Profile/GetUser|action: GetUser
2024-01-13 09:23:50.4537|0|WARN|Infrastructure.MongoDb.Repositories.Day_Repository|GetCountDayMoreMax |url: http://localhost/api/Profile/GetUser|action: GetUser
2024-01-13 09:23:50.4537|0|ERROR|Infrastructure.MongoDb.Repositories.Day_Repository|Sequence contains no elements |url: http://localhost/api/Profile/GetUser|action: GetUser
2024-01-13 09:23:50.5113|0|DEBUG|Infrastructure.MongoDb.Repositories.Day_Repository|NLog is integrate to Day_Controler  |url: http://localhost/api/Profile/SetSelectedTitle|action: SetSelectedTitles
2024-01-13 09:23:50.6058|0|DEBUG|Infrastructure.MongoDb.Repositories.Day_Repository|NLog is integrate to Day_Controler  |url: http://localhost/api/Authorization/LogOut|action: Logout
2024-01-13 09:23:50.6854|0|DEBUG|Infrastructure.MongoDb.Repositories.Day_Repository|NLog is integrate to Day_Controler  |url: http://localhost/api/Authorization/DeleteUser|action: DeleteUser
2024-01-13 09:26:08.5244|0|DEBUG|Infrastructure.MongoDb.Repositories.Day_Repository|NLog is integrate to Day_Controler  |url: http://localhost/api/Authorization/SendCode|action: SendCode
2024-01-13 09:26:08.5847|0|DEBUG|Infrastructure.MongoDb.Repositories.Day_Repository|NLog is integrate to Day_Controler  |url: http://localhost/api/Authorization/SendCode|action: SendCode
2024-01-13 09:26:10.2527|0|DEBUG|Infrastructure.MongoDb.Repositories.Day_Repository|NLog is integrate to Day_Controler  |url: http://localhost/api/Authorization/Registration|action: Registration
2024-01-13 09:26:10.3776|8|DEBUG|API.Auth.AuthBase.BasicAunteficationHandler|AuthenticationScheme: Basic was successfully authenticated. |url: http://localhost/api/Authorization/Auth|action: Auth
2024-01-13 09:26:10.3776|0|DEBUG|Infrastructure.MongoDb.Repositories.Day_Repository|NLog is integrate to Day_Controler  |url: http://localhost/api/Authorization/Auth|action: Auth
2024-01-13 09:26:10.4576|0|DEBUG|Infrastructure.MongoDb.Repositories.Day_Repository|NLog is integrate to Day_Controler  |url: http://localhost/api/Authorization/UpdateCookies|action: UpdateCookies
2024-01-13 09:26:10.5650|0|DEBUG|Infrastructure.MongoDb.Repositories.Day_Repository|NLog is integrate to Day_Controler  |url: http://localhost/api/Authorization/Registration|action: Registration
2024-01-13 09:26:10.6605|0|DEBUG|Infrastructure.MongoDb.Repositories.Day_Repository|NLog is integrate to Day_Controler  |url: http://localhost/api/Authorization/SendNewPassword|action: SendNewPassword
2024-01-13 09:26:12.3953|0|DEBUG|Infrastructure.MongoDb.Repositories.Day_Repository|NLog is integrate to Day_Controler  |url: http://localhost/api/Authorization/LogOut|action: Logout
2024-01-13 09:26:12.4747|0|DEBUG|Infrastructure.MongoDb.Repositories.Day_Repository|NLog is integrate to Day_Controler  |url: http://localhost/api/Authorization/DeleteUser|action: DeleteUser
2024-01-13 09:26:12.5809|0|DEBUG|Infrastructure.MongoDb.Repositories.Day_Repository|NLog is integrate to Day_Controler  |url: http://localhost/api/Authorization/Registration|action: Registration
2024-01-13 09:26:12.6875|8|DEBUG|API.Auth.AuthBase.BasicAunteficationHandler|AuthenticationScheme: Basic was successfully authenticated. |url: http://localhost/api/Authorization/Auth|action: Auth
2024-01-13 09:26:12.6875|0|DEBUG|Infrastructure.MongoDb.Repositories.Day_Repository|NLog is integrate to Day_Controler  |url: http://localhost/api/Authorization/Auth|action: Auth
2024-01-13 09:26:12.7803|0|DEBUG|Infrastructure.MongoDb.Repositories.Day_Repository|NLog is integrate to Day_Controler  |url: http://localhost/api/Days/GetAllDayUser|action: GetAllDayUser
2024-01-13 09:26:12.8544|0|WARN|Infrastructure.MongoDb.Repositories.Day_Repository|GetCountDayMoreMax |url: http://localhost/api/Days/GetAllDayUser|action: GetAllDayUser
2024-01-13 09:26:12.8558|0|ERROR|Infrastructure.MongoDb.Repositories.Day_Repository|Sequence contains no elements |url: http://localhost/api/Days/GetAllDayUser|action: GetAllDayUser
2024-01-13 09:26:12.8859|0|WARN|Infrastructure.MongoDb.Repositories.Day_Repository|GetCountDayMoreMax |url: http://localhost/api/Days/GetAllDayUser|action: GetAllDayUser
2024-01-13 09:26:12.8859|0|ERROR|Infrastructure.MongoDb.Repositories.Day_Repository|Sequence contains no elements |url: http://localhost/api/Days/GetAllDayUser|action: GetAllDayUser
2024-01-13 09:26:12.9675|0|DEBUG|Infrastructure.MongoDb.Repositories.Day_Repository|NLog is integrate to Day_Controler  |url: http://localhost/api/Days/SetNewDay|action: SetNewDay
2024-01-13 09:26:13.0620|0|DEBUG|Infrastructure.MongoDb.Repositories.Day_Repository|NLog is integrate to Day_Controler  |url: http://localhost/api/Days/SetNewDay|action: SetNewDay
2024-01-13 09:26:13.1990|0|DEBUG|Infrastructure.MongoDb.Repositories.Day_Repository|NLog is integrate to Day_Controler  |url: http://localhost/api/Authorization/LogOut|action: Logout
2024-01-13 09:26:13.2770|0|DEBUG|Infrastructure.MongoDb.Repositories.Day_Repository|NLog is integrate to Day_Controler  |url: http://localhost/api/Authorization/DeleteUser|action: DeleteUser
2024-01-13 09:26:13.3687|0|DEBUG|Infrastructure.MongoDb.Repositories.Day_Repository|NLog is integrate to Day_Controler  |url: http://localhost/api/Authorization/Registration|action: Registration
2024-01-13 09:26:13.4906|8|DEBUG|API.Auth.AuthBase.BasicAunteficationHandler|AuthenticationScheme: Basic was successfully authenticated. |url: http://localhost/api/Authorization/Auth|action: Auth
2024-01-13 09:26:13.4906|0|DEBUG|Infrastructure.MongoDb.Repositories.Day_Repository|NLog is integrate to Day_Controler  |url: http://localhost/api/Authorization/Auth|action: Auth
2024-01-13 09:26:13.5846|0|DEBUG|Infrastructure.MongoDb.Repositories.Day_Repository|NLog is integrate to Day_Controler  |url: http://localhost/api/Profile/GetUser|action: GetUser
2024-01-13 09:26:13.8851|0|WARN|Infrastructure.MongoDb.Repositories.Day_Repository|GetCountDayMoreMax |url: http://localhost/api/Profile/GetUser|action: GetUser
2024-01-13 09:26:13.8851|0|ERROR|Infrastructure.MongoDb.Repositories.Day_Repository|Sequence contains no elements |url: http://localhost/api/Profile/GetUser|action: GetUser
2024-01-13 09:26:13.9145|0|WARN|Infrastructure.MongoDb.Repositories.Day_Repository|GetCountDayMoreMax |url: http://localhost/api/Profile/GetUser|action: GetUser
2024-01-13 09:26:13.9145|0|ERROR|Infrastructure.MongoDb.Repositories.Day_Repository|Sequence contains no elements |url: http://localhost/api/Profile/GetUser|action: GetUser
2024-01-13 09:26:13.9999|0|DEBUG|Infrastructure.MongoDb.Repositories.Day_Repository|NLog is integrate to Day_Controler  |url: http://localhost/api/Profile/InsertAvatar|action: InsertAvatar
2024-01-13 09:26:14.0958|0|DEBUG|Infrastructure.MongoDb.Repositories.Day_Repository|NLog is integrate to Day_Controler  |url: http://localhost/api/Profile/EditUser|action: EditUser
2024-01-13 09:26:14.1899|0|DEBUG|Infrastructure.MongoDb.Repositories.Day_Repository|NLog is integrate to Day_Controler  |url: http://localhost/api/Profile/EditPassword|action: EditPassword
2024-01-13 09:26:14.2849|0|DEBUG|Infrastructure.MongoDb.Repositories.Day_Repository|NLog is integrate to Day_Controler  |url: http://localhost/api/Profile/EditPassword|action: EditPassword
2024-01-13 09:26:14.3793|0|DEBUG|Infrastructure.MongoDb.Repositories.Day_Repository|NLog is integrate to Day_Controler  |url: http://localhost/api/Profile/GetUser|action: GetUser
2024-01-13 09:26:14.5511|0|WARN|Infrastructure.MongoDb.Repositories.Day_Repository|GetCountDayMoreMax |url: http://localhost/api/Profile/GetUser|action: GetUser
2024-01-13 09:26:14.5511|0|ERROR|Infrastructure.MongoDb.Repositories.Day_Repository|Sequence contains no elements |url: http://localhost/api/Profile/GetUser|action: GetUser
2024-01-13 09:26:14.5814|0|WARN|Infrastructure.MongoDb.Repositories.Day_Repository|GetCountDayMoreMax |url: http://localhost/api/Profile/GetUser|action: GetUser
2024-01-13 09:26:14.5814|0|ERROR|Infrastructure.MongoDb.Repositories.Day_Repository|Sequence contains no elements |url: http://localhost/api/Profile/GetUser|action: GetUser
2024-01-13 09:26:14.6551|0|DEBUG|Infrastructure.MongoDb.Repositories.Day_Repository|NLog is integrate to Day_Controler  |url: http://localhost/api/Profile/SetSelectedTitle|action: SetSelectedTitles
2024-01-13 09:26:14.7488|0|DEBUG|Infrastructure.MongoDb.Repositories.Day_Repository|NLog is integrate to Day_Controler  |url: http://localhost/api/Title/GetTitles|action: GetTitles
2024-01-13 09:26:16.0457|0|WARN|Infrastructure.MongoDb.Repositories.Day_Repository|GetCountDayMoreMax |url: http://localhost/api/Title/GetTitles|action: GetTitles
2024-01-13 09:26:16.0457|0|ERROR|Infrastructure.MongoDb.Repositories.Day_Repository|Sequence contains no elements |url: http://localhost/api/Title/GetTitles|action: GetTitles
2024-01-13 09:26:16.0664|0|WARN|Infrastructure.MongoDb.Repositories.Day_Repository|GetCountDayMoreMax |url: http://localhost/api/Title/GetTitles|action: GetTitles
2024-01-13 09:26:16.0664|0|ERROR|Infrastructure.MongoDb.Repositories.Day_Repository|Sequence contains no elements |url: http://localhost/api/Title/GetTitles|action: GetTitles
2024-01-13 09:26:16.0870|0|WARN|Infrastructure.MongoDb.Repositories.Day_Repository|GetCountDayMoreMax |url: http://localhost/api/Title/GetTitles|action: GetTitles
2024-01-13 09:26:16.0870|0|ERROR|Infrastructure.MongoDb.Repositories.Day_Repository|Sequence contains no elements |url: http://localhost/api/Title/GetTitles|action: GetTitles
2024-01-13 09:26:16.1072|0|WARN|Infrastructure.MongoDb.Repositories.Day_Repository|GetCountDayMoreMax |url: http://localhost/api/Title/GetTitles|action: GetTitles
2024-01-13 09:26:16.1072|0|ERROR|Infrastructure.MongoDb.Repositories.Day_Repository|Sequence contains no elements |url: http://localhost/api/Title/GetTitles|action: GetTitles
2024-01-13 09:26:16.1271|0|WARN|Infrastructure.MongoDb.Repositories.Day_Repository|GetCountDayMoreMax |url: http://localhost/api/Title/GetTitles|action: GetTitles
2024-01-13 09:26:16.1271|0|ERROR|Infrastructure.MongoDb.Repositories.Day_Repository|Sequence contains no elements |url: http://localhost/api/Title/GetTitles|action: GetTitles
2024-01-13 09:26:16.1468|0|WARN|Infrastructure.MongoDb.Repositories.Day_Repository|GetCountDayMoreMax |url: http://localhost/api/Title/GetTitles|action: GetTitles
2024-01-13 09:26:16.1468|0|ERROR|Infrastructure.MongoDb.Repositories.Day_Repository|Sequence contains no elements |url: http://localhost/api/Title/GetTitles|action: GetTitles
2024-01-13 09:26:16.1664|0|WARN|Infrastructure.MongoDb.Repositories.Day_Repository|GetCountDayMoreMax |url: http://localhost/api/Title/GetTitles|action: GetTitles
2024-01-13 09:26:16.1677|0|ERROR|Infrastructure.MongoDb.Repositories.Day_Repository|Sequence contains no elements |url: http://localhost/api/Title/GetTitles|action: GetTitles
2024-01-13 09:26:16.1865|0|WARN|Infrastructure.MongoDb.Repositories.Day_Repository|GetCountDayMoreMax |url: http://localhost/api/Title/GetTitles|action: GetTitles
2024-01-13 09:26:16.1865|0|ERROR|Infrastructure.MongoDb.Repositories.Day_Repository|Sequence contains no elements |url: http://localhost/api/Title/GetTitles|action: GetTitles
2024-01-13 09:26:16.2073|0|WARN|Infrastructure.MongoDb.Repositories.Day_Repository|GetCountDayMoreMax |url: http://localhost/api/Title/GetTitles|action: GetTitles
2024-01-13 09:26:16.2073|0|ERROR|Infrastructure.MongoDb.Repositories.Day_Repository|Sequence contains no elements |url: http://localhost/api/Title/GetTitles|action: GetTitles
2024-01-13 09:26:16.2280|0|WARN|Infrastructure.MongoDb.Repositories.Day_Repository|GetCountDayMoreMax |url: http://localhost/api/Title/GetTitles|action: GetTitles
2024-01-13 09:26:16.2280|0|ERROR|Infrastructure.MongoDb.Repositories.Day_Repository|Sequence contains no elements |url: http://localhost/api/Title/GetTitles|action: GetTitles
2024-01-13 09:26:16.2489|0|WARN|Infrastructure.MongoDb.Repositories.Day_Repository|GetCountDayMoreMax |url: http://localhost/api/Title/GetTitles|action: GetTitles
2024-01-13 09:26:16.2489|0|ERROR|Infrastructure.MongoDb.Repositories.Day_Repository|Sequence contains no elements |url: http://localhost/api/Title/GetTitles|action: GetTitles
2024-01-13 09:26:16.2705|0|WARN|Infrastructure.MongoDb.Repositories.Day_Repository|GetCountDayMoreMax |url: http://localhost/api/Title/GetTitles|action: GetTitles
2024-01-13 09:26:16.2705|0|ERROR|Infrastructure.MongoDb.Repositories.Day_Repository|Sequence contains no elements |url: http://localhost/api/Title/GetTitles|action: GetTitles
2024-01-13 09:26:16.2940|0|WARN|Infrastructure.MongoDb.Repositories.Day_Repository|GetCountDayMoreMax |url: http://localhost/api/Title/GetTitles|action: GetTitles
2024-01-13 09:26:16.2940|0|ERROR|Infrastructure.MongoDb.Repositories.Day_Repository|Sequence contains no elements |url: http://localhost/api/Title/GetTitles|action: GetTitles
2024-01-13 09:26:16.3159|0|WARN|Infrastructure.MongoDb.Repositories.Day_Repository|GetCountDayMoreMax |url: http://localhost/api/Title/GetTitles|action: GetTitles
2024-01-13 09:26:16.3159|0|ERROR|Infrastructure.MongoDb.Repositories.Day_Repository|Sequence contains no elements |url: http://localhost/api/Title/GetTitles|action: GetTitles
2024-01-13 09:26:16.3371|0|WARN|Infrastructure.MongoDb.Repositories.Day_Repository|GetCountDayMoreMax |url: http://localhost/api/Title/GetTitles|action: GetTitles
2024-01-13 09:26:16.3371|0|ERROR|Infrastructure.MongoDb.Repositories.Day_Repository|Sequence contains no elements |url: http://localhost/api/Title/GetTitles|action: GetTitles
2024-01-13 09:26:16.3574|0|WARN|Infrastructure.MongoDb.Repositories.Day_Repository|GetCountDayMoreMax |url: http://localhost/api/Title/GetTitles|action: GetTitles
2024-01-13 09:26:16.3574|0|ERROR|Infrastructure.MongoDb.Repositories.Day_Repository|Sequence contains no elements |url: http://localhost/api/Title/GetTitles|action: GetTitles
2024-01-13 09:26:16.3781|0|WARN|Infrastructure.MongoDb.Repositories.Day_Repository|GetCountDayMoreMax |url: http://localhost/api/Title/GetTitles|action: GetTitles
2024-01-13 09:26:16.3781|0|ERROR|Infrastructure.MongoDb.Repositories.Day_Repository|Sequence contains no elements |url: http://localhost/api/Title/GetTitles|action: GetTitles
2024-01-13 09:26:16.3982|0|WARN|Infrastructure.MongoDb.Repositories.Day_Repository|GetCountDayMoreMax |url: http://localhost/api/Title/GetTitles|action: GetTitles
2024-01-13 09:26:16.3982|0|ERROR|Infrastructure.MongoDb.Repositories.Day_Repository|Sequence contains no elements |url: http://localhost/api/Title/GetTitles|action: GetTitles
2024-01-13 09:26:16.4183|0|WARN|Infrastructure.MongoDb.Repositories.Day_Repository|GetCountDayMoreMax |url: http://localhost/api/Title/GetTitles|action: GetTitles
2024-01-13 09:26:16.4183|0|ERROR|Infrastructure.MongoDb.Repositories.Day_Repository|Sequence contains no elements |url: http://localhost/api/Title/GetTitles|action: GetTitles
2024-01-13 09:26:16.4380|0|WARN|Infrastructure.MongoDb.Repositories.Day_Repository|GetCountDayMoreMax |url: http://localhost/api/Title/GetTitles|action: GetTitles
2024-01-13 09:26:16.4380|0|ERROR|Infrastructure.MongoDb.Repositories.Day_Repository|Sequence contains no elements |url: http://localhost/api/Title/GetTitles|action: GetTitles
2024-01-13 09:26:16.4582|0|WARN|Infrastructure.MongoDb.Repositories.Day_Repository|GetCountDayMoreMax |url: http://localhost/api/Title/GetTitles|action: GetTitles
2024-01-13 09:26:16.4582|0|ERROR|Infrastructure.MongoDb.Repositories.Day_Repository|Sequence contains no elements |url: http://localhost/api/Title/GetTitles|action: GetTitles
2024-01-13 09:26:16.4785|0|WARN|Infrastructure.MongoDb.Repositories.Day_Repository|GetCountDayMoreMax |url: http://localhost/api/Title/GetTitles|action: GetTitles
2024-01-13 09:26:16.4785|0|ERROR|Infrastructure.MongoDb.Repositories.Day_Repository|Sequence contains no elements |url: http://localhost/api/Title/GetTitles|action: GetTitles
2024-01-13 09:26:16.5573|0|DEBUG|Infrastructure.MongoDb.Repositories.Day_Repository|NLog is integrate to Day_Controler  |url: http://localhost/api/Authorization/LogOut|action: Logout
2024-01-13 09:26:16.6364|0|DEBUG|Infrastructure.MongoDb.Repositories.Day_Repository|NLog is integrate to Day_Controler  |url: http://localhost/api/Authorization/DeleteUser|action: DeleteUser
2024-01-13 09:53:44.8893|0|INFO|StepMaster.Program|Process start |url: |action: 
2024-01-13 09:53:45.4876|14|INFO|Microsoft.Hosting.Lifetime|Now listening on: http://localhost:5016 |url: |action: 
2024-01-13 09:53:45.4876|0|INFO|Microsoft.Hosting.Lifetime|Application started. Press Ctrl+C to shut down. |url: |action: 
2024-01-13 09:53:45.4969|0|INFO|Microsoft.Hosting.Lifetime|Hosting environment: Development |url: |action: 
2024-01-13 09:53:45.4969|0|INFO|Microsoft.Hosting.Lifetime|Content root path: D:\StepMaster\StepMaster |url: |action: 
2024-01-13 09:54:16.7479|3|WARN|Microsoft.AspNetCore.HttpsPolicy.HttpsRedirectionMiddleware|Failed to determine the https port for redirect. |url: http://localhost/api/Days/SetNewDay|action: SetNewDay
2024-01-13 09:54:24.4809|8|DEBUG|API.Auth.AuthBase.BasicAunteficationHandler|AuthenticationScheme: Basic was successfully authenticated. |url: http://localhost/api/Authorization/Auth|action: Auth
2024-01-13 09:54:24.4809|0|DEBUG|Infrastructure.MongoDb.Repositories.Day_Repository|NLog is integrate to Day_Controler  |url: http://localhost/api/Authorization/Auth|action: Auth
2024-01-13 09:54:44.6087|0|DEBUG|Infrastructure.MongoDb.Repositories.Day_Repository|NLog is integrate to Day_Controler  |url: http://localhost/api/Days/SetNewDay|action: SetNewDay
2024-01-13 09:54:58.4117|0|DEBUG|Infrastructure.MongoDb.Repositories.Day_Repository|NLog is integrate to Day_Controler  |url: http://localhost/api/Profile/GetUser|action: GetUser
2024-01-13 09:56:03.6702|0|INFO|StepMaster.Program|Process start |url: |action: 
2024-01-13 09:56:04.3836|14|INFO|Microsoft.Hosting.Lifetime|Now listening on: http://localhost:5016 |url: |action: 
2024-01-13 09:56:04.3881|0|INFO|Microsoft.Hosting.Lifetime|Application started. Press Ctrl+C to shut down. |url: |action: 
2024-01-13 09:56:04.3881|0|INFO|Microsoft.Hosting.Lifetime|Hosting environment: Development |url: |action: 
2024-01-13 09:56:04.3881|0|INFO|Microsoft.Hosting.Lifetime|Content root path: D:\StepMaster\StepMaster |url: |action: 
2024-01-13 09:56:17.0585|3|WARN|Microsoft.AspNetCore.HttpsPolicy.HttpsRedirectionMiddleware|Failed to determine the https port for redirect. |url: http://localhost/api/Days/SetNewDay|action: SetNewDay
2024-01-13 09:56:17.1286|0|DEBUG|Infrastructure.MongoDb.Repositories.Day_Repository|NLog is integrate to Day_Controler  |url: http://localhost/api/Days/SetNewDay|action: SetNewDay
2024-01-13 09:56:20.5616|0|DEBUG|Infrastructure.MongoDb.Repositories.Day_Repository|NLog is integrate to Day_Controler  |url: http://localhost/api/Profile/GetUser|action: GetUser
2024-01-13 10:45:00.6711|0|INFO|StepMaster.Program|Process start |url: |action: 
2024-01-13 10:45:01.2716|14|INFO|Microsoft.Hosting.Lifetime|Now listening on: http://localhost:5016 |url: |action: 
2024-01-13 10:45:01.2754|0|INFO|Microsoft.Hosting.Lifetime|Application started. Press Ctrl+C to shut down. |url: |action: 
2024-01-13 10:45:01.2754|0|INFO|Microsoft.Hosting.Lifetime|Hosting environment: Development |url: |action: 
2024-01-13 10:45:01.2754|0|INFO|Microsoft.Hosting.Lifetime|Content root path: D:\StepMaster\StepMaster |url: |action: 
