2024-02-10 17:22:15.6208|0|INFO|StepMaster.Program|Process start |url: |action: 
2024-02-10 17:22:19.3559|14|INFO|Microsoft.Hosting.Lifetime|Now listening on: http://localhost:5016 |url: |action: 
2024-02-10 17:22:19.6640|0|INFO|Microsoft.Hosting.Lifetime|Application started. Press Ctrl+C to shut down. |url: |action: 
2024-02-10 17:22:19.6640|0|INFO|Microsoft.Hosting.Lifetime|Hosting environment: Development |url: |action: 
2024-02-10 17:22:19.6640|0|INFO|Microsoft.Hosting.Lifetime|Content root path: D:\StepMaster\StepMaster |url: |action: 
2024-02-10 17:22:23.0600|0|DEBUG|Infrastructure.MongoDb.Repositories.Day_Repository|NLog is integrate to Day_Controler  |url: http://localhost/swagger/index.html|action: 
2024-02-10 18:00:31.8094|0|INFO|StepMaster.Program|Process start |url: |action: 
2024-02-10 18:00:32.4661|14|INFO|Microsoft.Hosting.Lifetime|Now listening on: http://localhost:5016 |url: |action: 
2024-02-10 18:00:32.4661|0|INFO|Microsoft.Hosting.Lifetime|Application started. Press Ctrl+C to shut down. |url: |action: 
2024-02-10 18:00:32.4661|0|INFO|Microsoft.Hosting.Lifetime|Hosting environment: Development |url: |action: 
2024-02-10 18:00:32.4661|0|INFO|Microsoft.Hosting.Lifetime|Content root path: D:\StepMaster\StepMaster |url: |action: 
2024-02-10 18:00:40.1711|0|DEBUG|Infrastructure.MongoDb.Repositories.Day_Repository|NLog is integrate to Day_Controler  |url: http://localhost/swagger/index.html|action: 
2024-02-10 18:01:32.0428|0|DEBUG|Infrastructure.MongoDb.Repositories.Day_Repository|NLog is integrate to Day_Controler  |url: http://localhost/api/CheckCookies/MethodForUser|action: MethodForUser
2024-02-10 18:01:32.0592|3|WARN|Microsoft.AspNetCore.HttpsPolicy.HttpsRedirectionMiddleware|Failed to determine the https port for redirect. |url: http://localhost/api/CheckCookies/MethodForUser|action: MethodForUser
2024-02-10 18:01:55.9988|0|INFO|StepMaster.Program|Process start |url: |action: 
2024-02-10 18:01:56.7073|14|INFO|Microsoft.Hosting.Lifetime|Now listening on: http://localhost:5016 |url: |action: 
2024-02-10 18:01:56.7151|0|INFO|Microsoft.Hosting.Lifetime|Application started. Press Ctrl+C to shut down. |url: |action: 
2024-02-10 18:01:56.7151|0|INFO|Microsoft.Hosting.Lifetime|Hosting environment: Development |url: |action: 
2024-02-10 18:01:56.7151|0|INFO|Microsoft.Hosting.Lifetime|Content root path: D:\StepMaster\StepMaster |url: |action: 
2024-02-10 18:01:58.6810|0|DEBUG|Infrastructure.MongoDb.Repositories.Day_Repository|NLog is integrate to Day_Controler  |url: http://localhost/api/CheckCookies/MethodForUser|action: MethodForUser
2024-02-10 18:01:58.6865|3|WARN|Microsoft.AspNetCore.HttpsPolicy.HttpsRedirectionMiddleware|Failed to determine the https port for redirect. |url: http://localhost/api/CheckCookies/MethodForUser|action: MethodForUser
2024-02-10 18:02:51.9335|1|ERROR|Microsoft.AspNetCore.Diagnostics.DeveloperExceptionPageMiddleware|An unhandled exception has occurred while executing the request. System.NullReferenceException: Object reference not set to an instance of an object.
   at Application.Services.FIreBase.Realization.FireBase_Service.SendMessage(String token, String data) in D:\StepMaster\DAL\Services\FIreBase\Realization\FireBase_Service.cs:line 34
   at StepMaster.Controllers.api.CheckCookies.MethodForUser() in D:\StepMaster\StepMaster\Controllers\api\CheckCookies.cs:line 23
   at Microsoft.AspNetCore.Mvc.Infrastructure.ActionMethodExecutor.TaskResultExecutor.Execute(ActionContext actionContext, IActionResultTypeMapper mapper, ObjectMethodExecutor executor, Object controller, Object[] arguments)
   at Microsoft.AspNetCore.Mvc.Infrastructure.ControllerActionInvoker.<InvokeActionMethodAsync>g__Logged|12_1(ControllerActionInvoker invoker)
   at Microsoft.AspNetCore.Mvc.Infrastructure.ControllerActionInvoker.<InvokeNextActionFilterAsync>g__Awaited|10_0(ControllerActionInvoker invoker, Task lastTask, State next, Scope scope, Object state, Boolean isCompleted)
   at Microsoft.AspNetCore.Mvc.Infrastructure.ControllerActionInvoker.Rethrow(ActionExecutedContextSealed context)
   at Microsoft.AspNetCore.Mvc.Infrastructure.ControllerActionInvoker.Next(State& next, Scope& scope, Object& state, Boolean& isCompleted)
   at Microsoft.AspNetCore.Mvc.Infrastructure.ControllerActionInvoker.InvokeInnerFilterAsync()
--- End of stack trace from previous location ---
   at Microsoft.AspNetCore.Mvc.Infrastructure.ResourceInvoker.<InvokeFilterPipelineAsync>g__Awaited|20_0(ResourceInvoker invoker, Task lastTask, State next, Scope scope, Object state, Boolean isCompleted)
   at Microsoft.AspNetCore.Mvc.Infrastructure.ResourceInvoker.<InvokeAsync>g__Logged|17_1(ResourceInvoker invoker)
   at Microsoft.AspNetCore.Mvc.Infrastructure.ResourceInvoker.<InvokeAsync>g__Logged|17_1(ResourceInvoker invoker)
   at Microsoft.AspNetCore.Routing.EndpointMiddleware.<Invoke>g__AwaitRequestTask|6_0(Endpoint endpoint, Task requestTask, ILogger logger)
   at Microsoft.AspNetCore.Authorization.AuthorizationMiddleware.Invoke(HttpContext context)
   at Microsoft.AspNetCore.Authentication.AuthenticationMiddleware.Invoke(HttpContext context)
   at Swashbuckle.AspNetCore.SwaggerUI.SwaggerUIMiddleware.Invoke(HttpContext httpContext)
   at StepMaster.HandlerException.FactoryMiddleware.InvokeAsync(HttpContext context, RequestDelegate next) in D:\StepMaster\StepMaster\HandlerException\FactoryMiddleware.cs:line 34
   at Microsoft.AspNetCore.Builder.UseMiddlewareExtensions.<>c__DisplayClass6_1.<<UseMiddlewareInterface>b__1>d.MoveNext()
--- End of stack trace from previous location ---
   at Swashbuckle.AspNetCore.Swagger.SwaggerMiddleware.Invoke(HttpContext httpContext, ISwaggerProvider swaggerProvider)
   at Microsoft.AspNetCore.Diagnostics.DeveloperExceptionPageMiddlewareImpl.Invoke(HttpContext context)|url: http://localhost/api/CheckCookies/MethodForUser|action: MethodForUser
2024-02-10 18:02:51.9499|0|DEBUG|Infrastructure.MongoDb.Repositories.Day_Repository|NLog is integrate to Day_Controler  |url: http://localhost/swagger/index.html|action: 
2024-02-10 18:02:55.4440|0|DEBUG|Infrastructure.MongoDb.Repositories.Day_Repository|NLog is integrate to Day_Controler  |url: http://localhost/api/CheckCookies/MethodForUser|action: MethodForUser
2024-02-10 18:25:31.8714|0|INFO|StepMaster.Program|Process start |url: |action: 
2024-02-10 18:25:32.3103|14|INFO|Microsoft.Hosting.Lifetime|Now listening on: http://localhost:5016 |url: |action: 
2024-02-10 18:25:32.3103|0|INFO|Microsoft.Hosting.Lifetime|Application started. Press Ctrl+C to shut down. |url: |action: 
2024-02-10 18:25:32.3103|0|INFO|Microsoft.Hosting.Lifetime|Hosting environment: Development |url: |action: 
2024-02-10 18:25:32.3103|0|INFO|Microsoft.Hosting.Lifetime|Content root path: D:\StepMaster\StepMaster |url: |action: 
2024-02-10 18:25:34.1448|0|DEBUG|Infrastructure.MongoDb.Repositories.Day_Repository|NLog is integrate to Day_Controler  |url: http://localhost/swagger/index.html|action: 
2024-02-10 18:26:14.6073|0|DEBUG|Infrastructure.MongoDb.Repositories.Day_Repository|NLog is integrate to Day_Controler  |url: http://localhost/api/CheckCookies/MethodForUser|action: MethodForUser
2024-02-10 18:26:14.6073|3|WARN|Microsoft.AspNetCore.HttpsPolicy.HttpsRedirectionMiddleware|Failed to determine the https port for redirect. |url: http://localhost/api/CheckCookies/MethodForUser|action: MethodForUser
2024-02-10 19:00:48.6402|0|INFO|StepMaster.Program|Process start |url: |action: 
2024-02-10 19:00:49.1215|14|INFO|Microsoft.Hosting.Lifetime|Now listening on: http://localhost:5016 |url: |action: 
2024-02-10 19:00:49.1215|0|INFO|Microsoft.Hosting.Lifetime|Application started. Press Ctrl+C to shut down. |url: |action: 
2024-02-10 19:00:49.1215|0|INFO|Microsoft.Hosting.Lifetime|Hosting environment: Development |url: |action: 
2024-02-10 19:00:49.1215|0|INFO|Microsoft.Hosting.Lifetime|Content root path: D:\StepMaster\StepMaster |url: |action: 
2024-02-10 19:00:49.4719|0|DEBUG|Infrastructure.MongoDb.Repositories.Day_Repository|NLog is integrate to Day_Controler  |url: http://localhost/swagger/index.html|action: 
2024-02-10 19:07:31.5442|0|DEBUG|Infrastructure.MongoDb.Repositories.Day_Repository|NLog is integrate to Day_Controler  |url: http://localhost/api/Profile/CreateRequestInFriend|action: CreateRequestInFriend
2024-02-10 19:07:31.5594|3|WARN|Microsoft.AspNetCore.HttpsPolicy.HttpsRedirectionMiddleware|Failed to determine the https port for redirect. |url: http://localhost/api/Profile/CreateRequestInFriend|action: CreateRequestInFriend
2024-02-10 19:07:48.2775|0|DEBUG|Infrastructure.MongoDb.Repositories.Day_Repository|NLog is integrate to Day_Controler  |url: http://localhost/api/Authorization/Auth|action: Auth
2024-02-10 19:08:18.3863|0|ERROR|Infrastructure.MongoDb.Repositories.User_Repository|One or more errors occurred. (A timeout occurred after 30000ms selecting a server using CompositeServerSelector{ Selectors = ReadPreferenceServerSelector{ ReadPreference = { Mode : Primary } }, LatencyLimitingServerSelector{ AllowedLatencyRange = 00:00:00.0150000 }, OperationsCountServerSelector }. Client view of cluster state is { ClusterId : "1", Type : "Unknown", State : "Disconnected", Servers : [{ ServerId: "{ ClusterId : 1, EndPoint : "Unspecified/mongodb:27017" }", EndPoint: "Unspecified/mongodb:27017", ReasonChanged: "Heartbeat", State: "Disconnected", ServerVersion: , TopologyVersion: , Type: "Unknown", HeartbeatException: "MongoDB.Driver.MongoConnectionException: An exception occurred while opening a connection to the server.
 ---> System.Net.Sockets.SocketException (0x00002AF9): Этот хост неизвестен.
   at System.Net.Dns.GetHostEntryOrAddressesCore(String hostName, Boolean justAddresses, AddressFamily addressFamily, Int64 startingTimestamp)
   at System.Net.Dns.GetHostAddresses(String hostNameOrAddress, AddressFamily family)
   at MongoDB.Driver.Core.Connections.TcpStreamFactory.ResolveEndPoints(EndPoint initial)
   at MongoDB.Driver.Core.Connections.TcpStreamFactory.CreateStream(EndPoint endPoint, CancellationToken cancellationToken)
   at MongoDB.Driver.Core.Connections.BinaryConnection.OpenHelper(CancellationToken cancellationToken)
   --- End of inner exception stack trace ---
   at MongoDB.Driver.Core.Connections.BinaryConnection.OpenHelper(CancellationToken cancellationToken)
   at MongoDB.Driver.Core.Connections.BinaryConnection.Open(CancellationToken cancellationToken)
   at MongoDB.Driver.Core.Servers.ServerMonitor.InitializeConnection(CancellationToken cancellationToken)
   at MongoDB.Driver.Core.Servers.ServerMonitor.Heartbeat(CancellationToken cancellationToken)", LastHeartbeatTimestamp: "2024-02-10T12:08:18.0892966Z", LastUpdateTimestamp: "2024-02-10T12:08:18.0892967Z" }] }.) |url: http://localhost/api/Authorization/Auth|action: Auth
2024-02-10 19:08:24.9969|0|INFO|StepMaster.Program|Process start |url: |action: 
2024-02-10 19:08:25.7391|14|INFO|Microsoft.Hosting.Lifetime|Now listening on: http://localhost:5016 |url: |action: 
2024-02-10 19:08:25.7391|0|INFO|Microsoft.Hosting.Lifetime|Application started. Press Ctrl+C to shut down. |url: |action: 
2024-02-10 19:08:25.7469|0|INFO|Microsoft.Hosting.Lifetime|Hosting environment: Development |url: |action: 
2024-02-10 19:08:25.7469|0|INFO|Microsoft.Hosting.Lifetime|Content root path: D:\StepMaster\StepMaster |url: |action: 
2024-02-10 19:08:26.1549|0|DEBUG|Infrastructure.MongoDb.Repositories.Day_Repository|NLog is integrate to Day_Controler  |url: http://localhost/swagger/index.html|action: 
2024-02-10 19:08:40.2951|0|DEBUG|Infrastructure.MongoDb.Repositories.Day_Repository|NLog is integrate to Day_Controler  |url: http://localhost/api/Authorization/Auth|action: Auth
2024-02-10 19:08:40.3100|3|WARN|Microsoft.AspNetCore.HttpsPolicy.HttpsRedirectionMiddleware|Failed to determine the https port for redirect. |url: http://localhost/api/Authorization/Auth|action: Auth
2024-02-10 19:08:40.5570|8|DEBUG|API.Auth.AuthBase.BasicAunteficationHandler|AuthenticationScheme: Basic was successfully authenticated. |url: http://localhost/api/Authorization/Auth|action: Auth
2024-02-10 19:09:02.9364|0|DEBUG|Infrastructure.MongoDb.Repositories.Day_Repository|NLog is integrate to Day_Controler  |url: http://localhost/api/Profile/CreateRequestInFriend|action: CreateRequestInFriend
2024-02-10 19:10:14.2120|0|INFO|StepMaster.Program|Process start |url: |action: 
2024-02-10 19:10:14.9084|14|INFO|Microsoft.Hosting.Lifetime|Now listening on: http://localhost:5016 |url: |action: 
2024-02-10 19:10:14.9177|0|INFO|Microsoft.Hosting.Lifetime|Application started. Press Ctrl+C to shut down. |url: |action: 
2024-02-10 19:10:14.9177|0|INFO|Microsoft.Hosting.Lifetime|Hosting environment: Development |url: |action: 
2024-02-10 19:10:14.9177|0|INFO|Microsoft.Hosting.Lifetime|Content root path: D:\StepMaster\StepMaster |url: |action: 
2024-02-10 19:10:15.4245|0|DEBUG|Infrastructure.MongoDb.Repositories.Day_Repository|NLog is integrate to Day_Controler  |url: http://localhost/swagger/index.html|action: 
2024-02-10 19:10:42.9499|0|DEBUG|Infrastructure.MongoDb.Repositories.Day_Repository|NLog is integrate to Day_Controler  |url: http://localhost/api/Authorization/Registration|action: Registration
2024-02-10 19:10:42.9499|3|WARN|Microsoft.AspNetCore.HttpsPolicy.HttpsRedirectionMiddleware|Failed to determine the https port for redirect. |url: http://localhost/api/Authorization/Registration|action: Registration
2024-02-10 19:11:01.9690|0|DEBUG|Infrastructure.MongoDb.Repositories.Day_Repository|NLog is integrate to Day_Controler  |url: http://localhost/api/Authorization/Registration|action: Registration
2024-02-10 19:11:17.0523|0|DEBUG|Infrastructure.MongoDb.Repositories.Day_Repository|NLog is integrate to Day_Controler  |url: http://localhost/api/Profile/GetUser|action: GetUser
2024-02-10 19:11:18.7458|0|WARN|Infrastructure.MongoDb.Repositories.Day_Repository|GetCountDayMoreMax |url: http://localhost/api/Profile/GetUser|action: GetUser
2024-02-10 19:11:18.7474|0|ERROR|Infrastructure.MongoDb.Repositories.Day_Repository|Sequence contains no elements |url: http://localhost/api/Profile/GetUser|action: GetUser
2024-02-10 19:11:18.8306|0|WARN|Infrastructure.MongoDb.Repositories.Day_Repository|GetCountDayMoreMax |url: http://localhost/api/Profile/GetUser|action: GetUser
2024-02-10 19:11:18.8306|0|ERROR|Infrastructure.MongoDb.Repositories.Day_Repository|Sequence contains no elements |url: http://localhost/api/Profile/GetUser|action: GetUser
2024-02-10 19:12:13.9494|0|DEBUG|Infrastructure.MongoDb.Repositories.Day_Repository|NLog is integrate to Day_Controler  |url: http://localhost/api/Authorization/Registration|action: Registration
2024-02-10 19:12:21.0210|0|INFO|StepMaster.Program|Process start |url: |action: 
2024-02-10 19:12:21.6622|14|INFO|Microsoft.Hosting.Lifetime|Now listening on: http://localhost:5016 |url: |action: 
2024-02-10 19:12:21.6698|0|INFO|Microsoft.Hosting.Lifetime|Application started. Press Ctrl+C to shut down. |url: |action: 
2024-02-10 19:12:21.6698|0|INFO|Microsoft.Hosting.Lifetime|Hosting environment: Development |url: |action: 
2024-02-10 19:12:21.6698|0|INFO|Microsoft.Hosting.Lifetime|Content root path: D:\StepMaster\StepMaster |url: |action: 
2024-02-10 19:12:27.6733|0|DEBUG|Infrastructure.MongoDb.Repositories.Day_Repository|NLog is integrate to Day_Controler  |url: http://localhost/swagger/index.html|action: 
2024-02-10 19:12:41.8472|0|DEBUG|Infrastructure.MongoDb.Repositories.Day_Repository|NLog is integrate to Day_Controler  |url: http://localhost/api/Authorization/Registration|action: Registration
2024-02-10 19:12:41.8558|3|WARN|Microsoft.AspNetCore.HttpsPolicy.HttpsRedirectionMiddleware|Failed to determine the https port for redirect. |url: http://localhost/api/Authorization/Registration|action: Registration
2024-02-10 19:12:47.7808|0|DEBUG|Infrastructure.MongoDb.Repositories.Day_Repository|NLog is integrate to Day_Controler  |url: http://localhost/api/Profile/GetUser|action: GetUser
2024-02-10 19:12:49.3468|0|WARN|Infrastructure.MongoDb.Repositories.Day_Repository|GetCountDayMoreMax |url: http://localhost/api/Profile/GetUser|action: GetUser
2024-02-10 19:12:49.3468|0|ERROR|Infrastructure.MongoDb.Repositories.Day_Repository|Sequence contains no elements |url: http://localhost/api/Profile/GetUser|action: GetUser
2024-02-10 19:12:49.4215|0|WARN|Infrastructure.MongoDb.Repositories.Day_Repository|GetCountDayMoreMax |url: http://localhost/api/Profile/GetUser|action: GetUser
2024-02-10 19:12:49.4215|0|ERROR|Infrastructure.MongoDb.Repositories.Day_Repository|Sequence contains no elements |url: http://localhost/api/Profile/GetUser|action: GetUser
2024-02-10 19:23:32.1881|0|DEBUG|Infrastructure.MongoDb.Repositories.Day_Repository|NLog is integrate to Day_Controler  |url: http://localhost/api/Profile/GetUser|action: GetUser
2024-02-10 19:27:17.3875|0|WARN|Infrastructure.MongoDb.Repositories.Day_Repository|GetCountDayMoreMax |url: http://localhost/api/Profile/GetUser|action: GetUser
2024-02-10 19:27:17.3875|0|ERROR|Infrastructure.MongoDb.Repositories.Day_Repository|Sequence contains no elements |url: http://localhost/api/Profile/GetUser|action: GetUser
2024-02-10 19:27:17.4202|0|WARN|Infrastructure.MongoDb.Repositories.Day_Repository|GetCountDayMoreMax |url: http://localhost/api/Profile/GetUser|action: GetUser
2024-02-10 19:27:17.4202|0|ERROR|Infrastructure.MongoDb.Repositories.Day_Repository|Sequence contains no elements |url: http://localhost/api/Profile/GetUser|action: GetUser
2024-02-10 19:27:55.0009|0|DEBUG|Infrastructure.MongoDb.Repositories.Day_Repository|NLog is integrate to Day_Controler  |url: http://localhost/api/Authorization/Registration|action: Registration
2024-02-10 19:28:37.5950|0|INFO|StepMaster.Program|Process start |url: |action: 
2024-02-10 19:28:38.1061|14|INFO|Microsoft.Hosting.Lifetime|Now listening on: http://localhost:5016 |url: |action: 
2024-02-10 19:28:38.1061|0|INFO|Microsoft.Hosting.Lifetime|Application started. Press Ctrl+C to shut down. |url: |action: 
2024-02-10 19:28:38.1061|0|INFO|Microsoft.Hosting.Lifetime|Hosting environment: Development |url: |action: 
2024-02-10 19:28:38.1061|0|INFO|Microsoft.Hosting.Lifetime|Content root path: D:\StepMaster\StepMaster |url: |action: 
2024-02-10 19:28:38.4810|0|DEBUG|Infrastructure.MongoDb.Repositories.Day_Repository|NLog is integrate to Day_Controler  |url: http://localhost/swagger/index.html|action: 
2024-02-10 19:28:42.8552|0|DEBUG|Infrastructure.MongoDb.Repositories.Day_Repository|NLog is integrate to Day_Controler  |url: http://localhost/api/Authorization/Registration|action: Registration
2024-02-10 19:28:42.8710|3|WARN|Microsoft.AspNetCore.HttpsPolicy.HttpsRedirectionMiddleware|Failed to determine the https port for redirect. |url: http://localhost/api/Authorization/Registration|action: Registration
2024-02-10 19:33:50.3606|0|DEBUG|Infrastructure.MongoDb.Repositories.Day_Repository|NLog is integrate to Day_Controler  |url: http://localhost/api/Authorization/Registration|action: Registration
2024-02-10 19:33:54.1468|0|DEBUG|Infrastructure.MongoDb.Repositories.Day_Repository|NLog is integrate to Day_Controler  |url: http://localhost/api/Profile/GetUser|action: GetUser
2024-02-10 19:36:54.4335|0|INFO|StepMaster.Program|Process start |url: |action: 
2024-02-10 19:36:55.1934|14|INFO|Microsoft.Hosting.Lifetime|Now listening on: http://localhost:5016 |url: |action: 
2024-02-10 19:36:55.2010|0|INFO|Microsoft.Hosting.Lifetime|Application started. Press Ctrl+C to shut down. |url: |action: 
2024-02-10 19:36:55.2010|0|INFO|Microsoft.Hosting.Lifetime|Hosting environment: Development |url: |action: 
2024-02-10 19:36:55.2010|0|INFO|Microsoft.Hosting.Lifetime|Content root path: D:\StepMaster\StepMaster |url: |action: 
2024-02-10 19:37:03.2147|0|DEBUG|Infrastructure.MongoDb.Repositories.Day_Repository|NLog is integrate to Day_Controler  |url: http://localhost/swagger/index.html|action: 
2024-02-10 19:38:50.5141|0|DEBUG|Infrastructure.MongoDb.Repositories.Day_Repository|NLog is integrate to Day_Controler  |url: http://localhost/api/Authorization/Registration|action: Registration
2024-02-10 19:38:50.5350|3|WARN|Microsoft.AspNetCore.HttpsPolicy.HttpsRedirectionMiddleware|Failed to determine the https port for redirect. |url: http://localhost/api/Authorization/Registration|action: Registration
2024-02-10 19:40:21.0120|0|DEBUG|Infrastructure.MongoDb.Repositories.Day_Repository|NLog is integrate to Day_Controler  |url: http://localhost/api/Authorization/DeleteUser|action: DeleteUser
2024-02-10 19:40:25.6473|0|DEBUG|Infrastructure.MongoDb.Repositories.Day_Repository|NLog is integrate to Day_Controler  |url: http://localhost/api/Authorization/Registration|action: Registration
2024-02-10 19:40:53.0458|0|INFO|StepMaster.Program|Process start |url: |action: 
2024-02-10 19:40:53.7739|14|INFO|Microsoft.Hosting.Lifetime|Now listening on: http://localhost:5016 |url: |action: 
2024-02-10 19:40:53.7811|0|INFO|Microsoft.Hosting.Lifetime|Application started. Press Ctrl+C to shut down. |url: |action: 
2024-02-10 19:40:53.7811|0|INFO|Microsoft.Hosting.Lifetime|Hosting environment: Development |url: |action: 
2024-02-10 19:40:53.7811|0|INFO|Microsoft.Hosting.Lifetime|Content root path: D:\StepMaster\StepMaster |url: |action: 
2024-02-10 19:41:00.4846|0|DEBUG|Infrastructure.MongoDb.Repositories.Day_Repository|NLog is integrate to Day_Controler  |url: http://localhost/api/Authorization/DeleteUser|action: DeleteUser
2024-02-10 19:41:00.4975|3|WARN|Microsoft.AspNetCore.HttpsPolicy.HttpsRedirectionMiddleware|Failed to determine the https port for redirect. |url: http://localhost/api/Authorization/DeleteUser|action: DeleteUser
2024-02-10 19:41:01.8247|0|DEBUG|Infrastructure.MongoDb.Repositories.Day_Repository|NLog is integrate to Day_Controler  |url: http://localhost/swagger/index.html|action: 
2024-02-10 19:41:06.9021|0|DEBUG|Infrastructure.MongoDb.Repositories.Day_Repository|NLog is integrate to Day_Controler  |url: http://localhost/api/Authorization/Registration|action: Registration
2024-02-10 19:43:52.5758|0|INFO|StepMaster.Program|Process start |url: |action: 
2024-02-10 19:43:53.3920|14|INFO|Microsoft.Hosting.Lifetime|Now listening on: http://localhost:5016 |url: |action: 
2024-02-10 19:43:53.3920|0|INFO|Microsoft.Hosting.Lifetime|Application started. Press Ctrl+C to shut down. |url: |action: 
2024-02-10 19:43:53.3920|0|INFO|Microsoft.Hosting.Lifetime|Hosting environment: Development |url: |action: 
2024-02-10 19:43:53.4023|0|INFO|Microsoft.Hosting.Lifetime|Content root path: D:\StepMaster\StepMaster |url: |action: 
2024-02-10 19:43:53.8149|0|DEBUG|Infrastructure.MongoDb.Repositories.Day_Repository|NLog is integrate to Day_Controler  |url: http://localhost/swagger/index.html|action: 
2024-02-10 19:44:09.5430|0|DEBUG|Infrastructure.MongoDb.Repositories.Day_Repository|NLog is integrate to Day_Controler  |url: http://localhost/api/Authorization/Registration|action: Registration
2024-02-10 19:44:09.5430|3|WARN|Microsoft.AspNetCore.HttpsPolicy.HttpsRedirectionMiddleware|Failed to determine the https port for redirect. |url: http://localhost/api/Authorization/Registration|action: Registration
2024-02-10 19:44:24.0944|0|INFO|StepMaster.Program|Process start |url: |action: 
2024-02-10 19:44:24.6496|14|INFO|Microsoft.Hosting.Lifetime|Now listening on: http://localhost:5016 |url: |action: 
2024-02-10 19:44:24.6534|0|INFO|Microsoft.Hosting.Lifetime|Application started. Press Ctrl+C to shut down. |url: |action: 
2024-02-10 19:44:24.6534|0|INFO|Microsoft.Hosting.Lifetime|Hosting environment: Development |url: |action: 
2024-02-10 19:44:24.6534|0|INFO|Microsoft.Hosting.Lifetime|Content root path: D:\StepMaster\StepMaster |url: |action: 
2024-02-10 19:44:32.5444|0|DEBUG|Infrastructure.MongoDb.Repositories.Day_Repository|NLog is integrate to Day_Controler  |url: http://localhost/swagger/index.html|action: 
2024-02-10 19:44:45.3551|0|DEBUG|Infrastructure.MongoDb.Repositories.Day_Repository|NLog is integrate to Day_Controler  |url: http://localhost/api/Authorization/Registration|action: Registration
2024-02-10 19:44:45.3551|3|WARN|Microsoft.AspNetCore.HttpsPolicy.HttpsRedirectionMiddleware|Failed to determine the https port for redirect. |url: http://localhost/api/Authorization/Registration|action: Registration
2024-02-10 19:46:25.2171|0|INFO|StepMaster.Program|Process start |url: |action: 
2024-02-10 19:46:26.0481|14|INFO|Microsoft.Hosting.Lifetime|Now listening on: http://localhost:5016 |url: |action: 
2024-02-10 19:46:26.0481|0|INFO|Microsoft.Hosting.Lifetime|Application started. Press Ctrl+C to shut down. |url: |action: 
2024-02-10 19:46:26.0481|0|INFO|Microsoft.Hosting.Lifetime|Hosting environment: Development |url: |action: 
2024-02-10 19:46:26.0599|0|INFO|Microsoft.Hosting.Lifetime|Content root path: D:\StepMaster\StepMaster |url: |action: 
2024-02-10 19:46:34.3544|0|DEBUG|Infrastructure.MongoDb.Repositories.Day_Repository|NLog is integrate to Day_Controler  |url: http://localhost/swagger/index.html|action: 
2024-02-10 20:08:19.6989|0|DEBUG|Infrastructure.MongoDb.Repositories.Day_Repository|NLog is integrate to Day_Controler  |url: http://localhost/api/Profile/CreateRequestInFriend|action: CreateRequestInFriend
2024-02-10 20:08:19.6989|3|WARN|Microsoft.AspNetCore.HttpsPolicy.HttpsRedirectionMiddleware|Failed to determine the https port for redirect. |url: http://localhost/api/Profile/CreateRequestInFriend|action: CreateRequestInFriend
2024-02-10 20:15:07.5617|0|INFO|StepMaster.Program|Process start |url: |action: 
2024-02-10 20:15:08.1951|14|INFO|Microsoft.Hosting.Lifetime|Now listening on: http://localhost:5016 |url: |action: 
2024-02-10 20:15:08.1996|0|INFO|Microsoft.Hosting.Lifetime|Application started. Press Ctrl+C to shut down. |url: |action: 
2024-02-10 20:15:08.1996|0|INFO|Microsoft.Hosting.Lifetime|Hosting environment: Development |url: |action: 
2024-02-10 20:15:08.1996|0|INFO|Microsoft.Hosting.Lifetime|Content root path: D:\StepMaster\StepMaster |url: |action: 
2024-02-10 20:15:08.5964|0|DEBUG|Infrastructure.MongoDb.Repositories.Day_Repository|NLog is integrate to Day_Controler  |url: http://localhost/swagger/index.html|action: 
2024-02-10 20:15:23.9683|0|DEBUG|Infrastructure.MongoDb.Repositories.Day_Repository|NLog is integrate to Day_Controler  |url: http://localhost/api/Profile/CreateRequestInFriend|action: CreateRequestInFriend
2024-02-10 20:15:23.9843|3|WARN|Microsoft.AspNetCore.HttpsPolicy.HttpsRedirectionMiddleware|Failed to determine the https port for redirect. |url: http://localhost/api/Profile/CreateRequestInFriend|action: CreateRequestInFriend
2024-02-10 20:17:29.8401|0|DEBUG|Infrastructure.MongoDb.Repositories.Day_Repository|NLog is integrate to Day_Controler  |url: http://localhost/api/Profile/CreateRequestInFriend|action: CreateRequestInFriend
2024-02-10 20:18:09.9717|0|INFO|StepMaster.Program|Process start |url: |action: 
2024-02-10 20:18:10.6917|14|INFO|Microsoft.Hosting.Lifetime|Now listening on: http://localhost:5016 |url: |action: 
2024-02-10 20:18:10.6998|0|INFO|Microsoft.Hosting.Lifetime|Application started. Press Ctrl+C to shut down. |url: |action: 
2024-02-10 20:18:10.6998|0|INFO|Microsoft.Hosting.Lifetime|Hosting environment: Development |url: |action: 
2024-02-10 20:18:10.7221|0|INFO|Microsoft.Hosting.Lifetime|Content root path: D:\StepMaster\StepMaster |url: |action: 
2024-02-10 20:18:15.2758|0|DEBUG|Infrastructure.MongoDb.Repositories.Day_Repository|NLog is integrate to Day_Controler  |url: http://localhost/api/Profile/CreateRequestInFriend|action: CreateRequestInFriend
2024-02-10 20:18:15.2815|3|WARN|Microsoft.AspNetCore.HttpsPolicy.HttpsRedirectionMiddleware|Failed to determine the https port for redirect. |url: http://localhost/api/Profile/CreateRequestInFriend|action: CreateRequestInFriend
2024-02-10 20:29:35.3719|0|DEBUG|Infrastructure.MongoDb.Repositories.Day_Repository|NLog is integrate to Day_Controler  |url: http://localhost/swagger/index.html|action: 
2024-02-10 20:32:53.9929|0|INFO|StepMaster.Program|Process start |url: |action: 
2024-02-10 20:32:54.6285|14|INFO|Microsoft.Hosting.Lifetime|Now listening on: http://localhost:5016 |url: |action: 
2024-02-10 20:32:54.6417|0|INFO|Microsoft.Hosting.Lifetime|Application started. Press Ctrl+C to shut down. |url: |action: 
2024-02-10 20:32:54.6417|0|INFO|Microsoft.Hosting.Lifetime|Hosting environment: Development |url: |action: 
2024-02-10 20:32:54.6417|0|INFO|Microsoft.Hosting.Lifetime|Content root path: D:\StepMaster\StepMaster |url: |action: 
2024-02-10 20:33:03.0939|0|DEBUG|Infrastructure.MongoDb.Repositories.Day_Repository|NLog is integrate to Day_Controler  |url: http://localhost/swagger/index.html|action: 
2024-02-10 20:33:05.5607|0|DEBUG|Infrastructure.MongoDb.Repositories.Day_Repository|NLog is integrate to Day_Controler  |url: http://localhost/api/Profile/CreateRequestInFriend|action: CreateRequestInFriend
2024-02-10 20:33:05.5607|3|WARN|Microsoft.AspNetCore.HttpsPolicy.HttpsRedirectionMiddleware|Failed to determine the https port for redirect. |url: http://localhost/api/Profile/CreateRequestInFriend|action: CreateRequestInFriend
2024-02-10 20:33:41.3114|0|INFO|StepMaster.Program|Process start |url: |action: 
2024-02-10 20:33:42.1523|14|INFO|Microsoft.Hosting.Lifetime|Now listening on: http://localhost:5016 |url: |action: 
2024-02-10 20:33:42.1569|0|INFO|Microsoft.Hosting.Lifetime|Application started. Press Ctrl+C to shut down. |url: |action: 
2024-02-10 20:33:42.1569|0|INFO|Microsoft.Hosting.Lifetime|Hosting environment: Development |url: |action: 
2024-02-10 20:33:42.1569|0|INFO|Microsoft.Hosting.Lifetime|Content root path: D:\StepMaster\StepMaster |url: |action: 
2024-02-10 20:33:42.6683|0|DEBUG|Infrastructure.MongoDb.Repositories.Day_Repository|NLog is integrate to Day_Controler  |url: http://localhost/swagger/index.html|action: 
2024-02-10 20:33:54.5322|0|DEBUG|Infrastructure.MongoDb.Repositories.Day_Repository|NLog is integrate to Day_Controler  |url: http://localhost/api/Profile/CreateRequestInFriend|action: CreateRequestInFriend
2024-02-10 20:33:54.5476|3|WARN|Microsoft.AspNetCore.HttpsPolicy.HttpsRedirectionMiddleware|Failed to determine the https port for redirect. |url: http://localhost/api/Profile/CreateRequestInFriend|action: CreateRequestInFriend
2024-02-10 20:35:33.7689|0|INFO|StepMaster.Program|Process start |url: |action: 
2024-02-10 20:35:34.3730|14|INFO|Microsoft.Hosting.Lifetime|Now listening on: http://localhost:5016 |url: |action: 
2024-02-10 20:35:34.3730|0|INFO|Microsoft.Hosting.Lifetime|Application started. Press Ctrl+C to shut down. |url: |action: 
2024-02-10 20:35:34.3730|0|INFO|Microsoft.Hosting.Lifetime|Hosting environment: Development |url: |action: 
2024-02-10 20:35:34.3730|0|INFO|Microsoft.Hosting.Lifetime|Content root path: D:\StepMaster\StepMaster |url: |action: 
2024-02-10 20:35:41.0362|0|DEBUG|Infrastructure.MongoDb.Repositories.Day_Repository|NLog is integrate to Day_Controler  |url: http://localhost/swagger/index.html|action: 
2024-02-10 20:35:46.5039|0|DEBUG|Infrastructure.MongoDb.Repositories.Day_Repository|NLog is integrate to Day_Controler  |url: http://localhost/api/Profile/CreateRequestInFriend|action: CreateRequestInFriend
2024-02-10 20:35:46.5121|3|WARN|Microsoft.AspNetCore.HttpsPolicy.HttpsRedirectionMiddleware|Failed to determine the https port for redirect. |url: http://localhost/api/Profile/CreateRequestInFriend|action: CreateRequestInFriend
2024-02-10 20:36:47.4072|0|INFO|StepMaster.Program|Process start |url: |action: 
2024-02-10 20:36:48.0844|14|INFO|Microsoft.Hosting.Lifetime|Now listening on: http://localhost:5016 |url: |action: 
2024-02-10 20:36:48.0918|0|INFO|Microsoft.Hosting.Lifetime|Application started. Press Ctrl+C to shut down. |url: |action: 
2024-02-10 20:36:48.0918|0|INFO|Microsoft.Hosting.Lifetime|Hosting environment: Development |url: |action: 
2024-02-10 20:36:48.0918|0|INFO|Microsoft.Hosting.Lifetime|Content root path: D:\StepMaster\StepMaster |url: |action: 
2024-02-10 20:36:53.7666|0|DEBUG|Infrastructure.MongoDb.Repositories.Day_Repository|NLog is integrate to Day_Controler  |url: http://localhost/api/Profile/CreateRequestInFriend|action: CreateRequestInFriend
2024-02-10 20:36:53.7778|3|WARN|Microsoft.AspNetCore.HttpsPolicy.HttpsRedirectionMiddleware|Failed to determine the https port for redirect. |url: http://localhost/api/Profile/CreateRequestInFriend|action: CreateRequestInFriend
2024-02-10 20:36:56.0134|0|DEBUG|Infrastructure.MongoDb.Repositories.Day_Repository|NLog is integrate to Day_Controler  |url: http://localhost/swagger/index.html|action: 
2024-02-10 20:37:43.8817|0|INFO|StepMaster.Program|Process start |url: |action: 
2024-02-10 20:37:44.6856|14|INFO|Microsoft.Hosting.Lifetime|Now listening on: http://localhost:5016 |url: |action: 
2024-02-10 20:37:44.6856|0|INFO|Microsoft.Hosting.Lifetime|Application started. Press Ctrl+C to shut down. |url: |action: 
2024-02-10 20:37:44.6856|0|INFO|Microsoft.Hosting.Lifetime|Hosting environment: Development |url: |action: 
2024-02-10 20:37:44.6856|0|INFO|Microsoft.Hosting.Lifetime|Content root path: D:\StepMaster\StepMaster |url: |action: 
2024-02-10 20:37:51.3862|0|DEBUG|Infrastructure.MongoDb.Repositories.Day_Repository|NLog is integrate to Day_Controler  |url: http://localhost/swagger/index.html|action: 
2024-02-10 20:38:11.9073|0|DEBUG|Infrastructure.MongoDb.Repositories.Day_Repository|NLog is integrate to Day_Controler  |url: http://localhost/api/Profile/CreateRequestInFriend|action: CreateRequestInFriend
2024-02-10 20:38:11.9186|3|WARN|Microsoft.AspNetCore.HttpsPolicy.HttpsRedirectionMiddleware|Failed to determine the https port for redirect. |url: http://localhost/api/Profile/CreateRequestInFriend|action: CreateRequestInFriend
2024-02-10 20:39:37.7939|0|DEBUG|Infrastructure.MongoDb.Repositories.Day_Repository|NLog is integrate to Day_Controler  |url: http://localhost/api/Profile/CreateRequestInFriend|action: CreateRequestInFriend
2024-02-10 20:50:23.6061|0|INFO|StepMaster.Program|Process start |url: |action: 
2024-02-10 20:50:24.2620|14|INFO|Microsoft.Hosting.Lifetime|Now listening on: http://localhost:5016 |url: |action: 
2024-02-10 20:50:24.2620|0|INFO|Microsoft.Hosting.Lifetime|Application started. Press Ctrl+C to shut down. |url: |action: 
2024-02-10 20:50:24.2620|0|INFO|Microsoft.Hosting.Lifetime|Hosting environment: Development |url: |action: 
2024-02-10 20:50:24.2620|0|INFO|Microsoft.Hosting.Lifetime|Content root path: D:\StepMaster\StepMaster |url: |action: 
2024-02-10 20:50:30.3237|0|DEBUG|Infrastructure.MongoDb.Repositories.Day_Repository|NLog is integrate to Day_Controler  |url: http://localhost/swagger/index.html|action: 
2024-02-10 20:51:00.4203|0|DEBUG|Infrastructure.MongoDb.Repositories.Day_Repository|NLog is integrate to Day_Controler  |url: http://localhost/api/Profile/CreateRequestInFriend|action: CreateRequestInFriend
2024-02-10 20:51:00.4384|3|WARN|Microsoft.AspNetCore.HttpsPolicy.HttpsRedirectionMiddleware|Failed to determine the https port for redirect. |url: http://localhost/api/Profile/CreateRequestInFriend|action: CreateRequestInFriend
2024-02-10 20:51:07.1338|1|ERROR|Microsoft.AspNetCore.Diagnostics.DeveloperExceptionPageMiddleware|An unhandled exception has occurred while executing the request. System.FormatException: The input string 'Message' was not in a correct format.
   at System.Number.ThrowOverflowOrFormatException(ParsingStatus status, ReadOnlySpan`1 value, TypeCode type)
   at System.Int32.Parse(String s)
   at StepMaster.Services.ForDb.Repositories.User_Service.GenerateMessage(String email, PushType type) in D:\StepMaster\DAL\Services\Entity\Realization_Services\User_Service.cs:line 139
   at StepMaster.Services.ForDb.Repositories.User_Service.CreateRequestInFriend(String emailMain, String emailTarget) in D:\StepMaster\DAL\Services\Entity\Realization_Services\User_Service.cs:line 131
   at StepMaster.Controllers.api.ProfileController.CreateRequestInFriend(String targetEmail) in D:\StepMaster\StepMaster\Controllers\api\ProfileController.cs:line 177
   at lambda_method11(Closure, Object)
   at Microsoft.AspNetCore.Mvc.Infrastructure.ActionMethodExecutor.AwaitableObjectResultExecutor.Execute(ActionContext actionContext, IActionResultTypeMapper mapper, ObjectMethodExecutor executor, Object controller, Object[] arguments)
   at Microsoft.AspNetCore.Mvc.Infrastructure.ControllerActionInvoker.<InvokeActionMethodAsync>g__Logged|12_1(ControllerActionInvoker invoker)
   at Microsoft.AspNetCore.Mvc.Infrastructure.ControllerActionInvoker.<InvokeNextActionFilterAsync>g__Awaited|10_0(ControllerActionInvoker invoker, Task lastTask, State next, Scope scope, Object state, Boolean isCompleted)
   at Microsoft.AspNetCore.Mvc.Infrastructure.ControllerActionInvoker.Rethrow(ActionExecutedContextSealed context)
   at Microsoft.AspNetCore.Mvc.Infrastructure.ControllerActionInvoker.Next(State& next, Scope& scope, Object& state, Boolean& isCompleted)
   at Microsoft.AspNetCore.Mvc.Infrastructure.ControllerActionInvoker.InvokeInnerFilterAsync()
--- End of stack trace from previous location ---
   at Microsoft.AspNetCore.Mvc.Infrastructure.ResourceInvoker.<InvokeFilterPipelineAsync>g__Awaited|20_0(ResourceInvoker invoker, Task lastTask, State next, Scope scope, Object state, Boolean isCompleted)
   at Microsoft.AspNetCore.Mvc.Infrastructure.ResourceInvoker.<InvokeAsync>g__Logged|17_1(ResourceInvoker invoker)
   at Microsoft.AspNetCore.Mvc.Infrastructure.ResourceInvoker.<InvokeAsync>g__Logged|17_1(ResourceInvoker invoker)
   at Microsoft.AspNetCore.Routing.EndpointMiddleware.<Invoke>g__AwaitRequestTask|6_0(Endpoint endpoint, Task requestTask, ILogger logger)
   at Microsoft.AspNetCore.Authorization.AuthorizationMiddleware.Invoke(HttpContext context)
   at Microsoft.AspNetCore.Authentication.AuthenticationMiddleware.Invoke(HttpContext context)
   at Swashbuckle.AspNetCore.SwaggerUI.SwaggerUIMiddleware.Invoke(HttpContext httpContext)
   at StepMaster.HandlerException.FactoryMiddleware.InvokeAsync(HttpContext context, RequestDelegate next) in D:\StepMaster\StepMaster\HandlerException\FactoryMiddleware.cs:line 34
   at Microsoft.AspNetCore.Builder.UseMiddlewareExtensions.<>c__DisplayClass6_1.<<UseMiddlewareInterface>b__1>d.MoveNext()
--- End of stack trace from previous location ---
   at Swashbuckle.AspNetCore.Swagger.SwaggerMiddleware.Invoke(HttpContext httpContext, ISwaggerProvider swaggerProvider)
   at Microsoft.AspNetCore.Diagnostics.DeveloperExceptionPageMiddlewareImpl.Invoke(HttpContext context)|url: http://localhost/api/Profile/CreateRequestInFriend|action: CreateRequestInFriend
2024-02-10 20:51:57.2945|0|INFO|StepMaster.Program|Process start |url: |action: 
2024-02-10 20:51:57.8067|14|INFO|Microsoft.Hosting.Lifetime|Now listening on: http://localhost:5016 |url: |action: 
2024-02-10 20:51:57.8103|0|INFO|Microsoft.Hosting.Lifetime|Application started. Press Ctrl+C to shut down. |url: |action: 
2024-02-10 20:51:57.8103|0|INFO|Microsoft.Hosting.Lifetime|Hosting environment: Development |url: |action: 
2024-02-10 20:51:57.8103|0|INFO|Microsoft.Hosting.Lifetime|Content root path: D:\StepMaster\StepMaster |url: |action: 
2024-02-10 20:52:04.9971|0|DEBUG|Infrastructure.MongoDb.Repositories.Day_Repository|NLog is integrate to Day_Controler  |url: http://localhost/swagger/index.html|action: 
2024-02-10 20:52:10.1583|0|DEBUG|Infrastructure.MongoDb.Repositories.Day_Repository|NLog is integrate to Day_Controler  |url: http://localhost/api/Profile/CreateRequestInFriend|action: CreateRequestInFriend
2024-02-10 20:52:10.1731|3|WARN|Microsoft.AspNetCore.HttpsPolicy.HttpsRedirectionMiddleware|Failed to determine the https port for redirect. |url: http://localhost/api/Profile/CreateRequestInFriend|action: CreateRequestInFriend
2024-02-10 20:52:19.6492|1|ERROR|Microsoft.AspNetCore.Diagnostics.DeveloperExceptionPageMiddleware|An unhandled exception has occurred while executing the request. System.FormatException: The input string 'Message' was not in a correct format.
   at System.Number.ThrowOverflowOrFormatException(ParsingStatus status, ReadOnlySpan`1 value, TypeCode type)
   at System.Int32.Parse(String s)
   at StepMaster.Services.ForDb.Repositories.User_Service.GenerateMessage(String email, PushType type) in D:\StepMaster\DAL\Services\Entity\Realization_Services\User_Service.cs:line 139
   at StepMaster.Services.ForDb.Repositories.User_Service.CreateRequestInFriend(String emailMain, String emailTarget) in D:\StepMaster\DAL\Services\Entity\Realization_Services\User_Service.cs:line 131
   at StepMaster.Controllers.api.ProfileController.CreateRequestInFriend(String targetEmail) in D:\StepMaster\StepMaster\Controllers\api\ProfileController.cs:line 177
   at lambda_method11(Closure, Object)
   at Microsoft.AspNetCore.Mvc.Infrastructure.ActionMethodExecutor.AwaitableObjectResultExecutor.Execute(ActionContext actionContext, IActionResultTypeMapper mapper, ObjectMethodExecutor executor, Object controller, Object[] arguments)
   at Microsoft.AspNetCore.Mvc.Infrastructure.ControllerActionInvoker.<InvokeActionMethodAsync>g__Logged|12_1(ControllerActionInvoker invoker)
   at Microsoft.AspNetCore.Mvc.Infrastructure.ControllerActionInvoker.<InvokeNextActionFilterAsync>g__Awaited|10_0(ControllerActionInvoker invoker, Task lastTask, State next, Scope scope, Object state, Boolean isCompleted)
   at Microsoft.AspNetCore.Mvc.Infrastructure.ControllerActionInvoker.Rethrow(ActionExecutedContextSealed context)
   at Microsoft.AspNetCore.Mvc.Infrastructure.ControllerActionInvoker.Next(State& next, Scope& scope, Object& state, Boolean& isCompleted)
   at Microsoft.AspNetCore.Mvc.Infrastructure.ControllerActionInvoker.InvokeInnerFilterAsync()
--- End of stack trace from previous location ---
   at Microsoft.AspNetCore.Mvc.Infrastructure.ResourceInvoker.<InvokeFilterPipelineAsync>g__Awaited|20_0(ResourceInvoker invoker, Task lastTask, State next, Scope scope, Object state, Boolean isCompleted)
   at Microsoft.AspNetCore.Mvc.Infrastructure.ResourceInvoker.<InvokeAsync>g__Logged|17_1(ResourceInvoker invoker)
   at Microsoft.AspNetCore.Mvc.Infrastructure.ResourceInvoker.<InvokeAsync>g__Logged|17_1(ResourceInvoker invoker)
   at Microsoft.AspNetCore.Routing.EndpointMiddleware.<Invoke>g__AwaitRequestTask|6_0(Endpoint endpoint, Task requestTask, ILogger logger)
   at Microsoft.AspNetCore.Authorization.AuthorizationMiddleware.Invoke(HttpContext context)
   at Microsoft.AspNetCore.Authentication.AuthenticationMiddleware.Invoke(HttpContext context)
   at Swashbuckle.AspNetCore.SwaggerUI.SwaggerUIMiddleware.Invoke(HttpContext httpContext)
   at StepMaster.HandlerException.FactoryMiddleware.InvokeAsync(HttpContext context, RequestDelegate next) in D:\StepMaster\StepMaster\HandlerException\FactoryMiddleware.cs:line 34
   at Microsoft.AspNetCore.Builder.UseMiddlewareExtensions.<>c__DisplayClass6_1.<<UseMiddlewareInterface>b__1>d.MoveNext()
--- End of stack trace from previous location ---
   at Swashbuckle.AspNetCore.Swagger.SwaggerMiddleware.Invoke(HttpContext httpContext, ISwaggerProvider swaggerProvider)
   at Microsoft.AspNetCore.Diagnostics.DeveloperExceptionPageMiddlewareImpl.Invoke(HttpContext context)|url: http://localhost/api/Profile/CreateRequestInFriend|action: CreateRequestInFriend
2024-02-10 20:52:40.3441|0|INFO|StepMaster.Program|Process start |url: |action: 
2024-02-10 20:52:41.0271|14|INFO|Microsoft.Hosting.Lifetime|Now listening on: http://localhost:5016 |url: |action: 
2024-02-10 20:52:41.0271|0|INFO|Microsoft.Hosting.Lifetime|Application started. Press Ctrl+C to shut down. |url: |action: 
2024-02-10 20:52:41.0271|0|INFO|Microsoft.Hosting.Lifetime|Hosting environment: Development |url: |action: 
2024-02-10 20:52:41.0271|0|INFO|Microsoft.Hosting.Lifetime|Content root path: D:\StepMaster\StepMaster |url: |action: 
2024-02-10 20:52:47.0956|0|DEBUG|Infrastructure.MongoDb.Repositories.Day_Repository|NLog is integrate to Day_Controler  |url: http://localhost/swagger/index.html|action: 
2024-02-10 20:52:50.3629|0|DEBUG|Infrastructure.MongoDb.Repositories.Day_Repository|NLog is integrate to Day_Controler  |url: http://localhost/api/Profile/CreateRequestInFriend|action: CreateRequestInFriend
2024-02-10 20:52:50.3726|3|WARN|Microsoft.AspNetCore.HttpsPolicy.HttpsRedirectionMiddleware|Failed to determine the https port for redirect. |url: http://localhost/api/Profile/CreateRequestInFriend|action: CreateRequestInFriend
2024-02-10 20:54:15.2344|0|INFO|StepMaster.Program|Process start |url: |action: 
2024-02-10 20:54:15.8661|14|INFO|Microsoft.Hosting.Lifetime|Now listening on: http://localhost:5016 |url: |action: 
2024-02-10 20:54:15.8721|0|INFO|Microsoft.Hosting.Lifetime|Application started. Press Ctrl+C to shut down. |url: |action: 
2024-02-10 20:54:15.8721|0|INFO|Microsoft.Hosting.Lifetime|Hosting environment: Development |url: |action: 
2024-02-10 20:54:15.8721|0|INFO|Microsoft.Hosting.Lifetime|Content root path: D:\StepMaster\StepMaster |url: |action: 
2024-02-10 20:54:16.2613|0|DEBUG|Infrastructure.MongoDb.Repositories.Day_Repository|NLog is integrate to Day_Controler  |url: http://localhost/swagger/index.html|action: 
2024-02-10 20:54:18.8164|0|DEBUG|Infrastructure.MongoDb.Repositories.Day_Repository|NLog is integrate to Day_Controler  |url: http://localhost/api/Profile/CreateRequestInFriend|action: CreateRequestInFriend
2024-02-10 20:54:18.8257|3|WARN|Microsoft.AspNetCore.HttpsPolicy.HttpsRedirectionMiddleware|Failed to determine the https port for redirect. |url: http://localhost/api/Profile/CreateRequestInFriend|action: CreateRequestInFriend
2024-02-10 21:05:23.1224|0|INFO|StepMaster.Program|Process start |url: |action: 
2024-02-10 21:05:23.6508|14|INFO|Microsoft.Hosting.Lifetime|Now listening on: http://localhost:5016 |url: |action: 
2024-02-10 21:05:23.6546|0|INFO|Microsoft.Hosting.Lifetime|Application started. Press Ctrl+C to shut down. |url: |action: 
2024-02-10 21:05:23.6546|0|INFO|Microsoft.Hosting.Lifetime|Hosting environment: Development |url: |action: 
2024-02-10 21:05:23.6546|0|INFO|Microsoft.Hosting.Lifetime|Content root path: D:\StepMaster\StepMaster |url: |action: 
2024-02-10 21:05:29.7141|0|DEBUG|Infrastructure.MongoDb.Repositories.Day_Repository|NLog is integrate to Day_Controler  |url: http://localhost/swagger/index.html|action: 
2024-02-10 21:07:38.7312|0|INFO|StepMaster.Program|Process start |url: |action: 
2024-02-10 21:07:39.3941|14|INFO|Microsoft.Hosting.Lifetime|Now listening on: http://localhost:5016 |url: |action: 
2024-02-10 21:07:39.4035|0|INFO|Microsoft.Hosting.Lifetime|Application started. Press Ctrl+C to shut down. |url: |action: 
2024-02-10 21:07:39.4035|0|INFO|Microsoft.Hosting.Lifetime|Hosting environment: Development |url: |action: 
2024-02-10 21:07:39.4035|0|INFO|Microsoft.Hosting.Lifetime|Content root path: D:\StepMaster\StepMaster |url: |action: 
2024-02-10 21:07:45.4057|0|DEBUG|Infrastructure.MongoDb.Repositories.Day_Repository|NLog is integrate to Day_Controler  |url: http://localhost/swagger/index.html|action: 
2024-02-10 21:08:00.5037|0|DEBUG|Infrastructure.MongoDb.Repositories.Day_Repository|NLog is integrate to Day_Controler  |url: http://localhost/api/Profile/CreateRequestInFriend|action: CreateRequestInFriend
2024-02-10 21:08:00.5123|3|WARN|Microsoft.AspNetCore.HttpsPolicy.HttpsRedirectionMiddleware|Failed to determine the https port for redirect. |url: http://localhost/api/Profile/CreateRequestInFriend|action: CreateRequestInFriend
2024-02-10 21:08:28.7665|0|DEBUG|Infrastructure.MongoDb.Repositories.Day_Repository|NLog is integrate to Day_Controler  |url: http://localhost/api/Profile/CreateRequestInFriend|action: CreateRequestInFriend
2024-02-10 21:08:43.7867|0|INFO|StepMaster.Program|Process start |url: |action: 
2024-02-10 21:08:44.5629|14|INFO|Microsoft.Hosting.Lifetime|Now listening on: http://localhost:5016 |url: |action: 
2024-02-10 21:08:44.5737|0|INFO|Microsoft.Hosting.Lifetime|Application started. Press Ctrl+C to shut down. |url: |action: 
2024-02-10 21:08:44.5737|0|INFO|Microsoft.Hosting.Lifetime|Hosting environment: Development |url: |action: 
2024-02-10 21:08:44.5737|0|INFO|Microsoft.Hosting.Lifetime|Content root path: D:\StepMaster\StepMaster |url: |action: 
2024-02-10 21:08:45.0315|0|DEBUG|Infrastructure.MongoDb.Repositories.Day_Repository|NLog is integrate to Day_Controler  |url: http://localhost/swagger/index.html|action: 
2024-02-10 21:08:47.5287|0|DEBUG|Infrastructure.MongoDb.Repositories.Day_Repository|NLog is integrate to Day_Controler  |url: http://localhost/api/Authorization/Auth|action: Auth
2024-02-10 21:08:47.5287|3|WARN|Microsoft.AspNetCore.HttpsPolicy.HttpsRedirectionMiddleware|Failed to determine the https port for redirect. |url: http://localhost/api/Authorization/Auth|action: Auth
2024-02-10 21:08:47.8151|8|DEBUG|API.Auth.AuthBase.BasicAunteficationHandler|AuthenticationScheme: Basic was successfully authenticated. |url: http://localhost/api/Authorization/Auth|action: Auth
2024-02-10 21:08:55.7145|0|DEBUG|Infrastructure.MongoDb.Repositories.Day_Repository|NLog is integrate to Day_Controler  |url: http://localhost/api/Profile/CreateRequestInFriend|action: CreateRequestInFriend
2024-02-10 21:13:40.4525|0|DEBUG|Infrastructure.MongoDb.Repositories.Day_Repository|NLog is integrate to Day_Controler  |url: http://localhost/api/Authorization/Registration|action: Registration
2024-02-10 21:14:05.1708|0|INFO|StepMaster.Program|Process start |url: |action: 
2024-02-10 21:14:06.0088|14|INFO|Microsoft.Hosting.Lifetime|Now listening on: http://localhost:5016 |url: |action: 
2024-02-10 21:14:06.0132|0|INFO|Microsoft.Hosting.Lifetime|Application started. Press Ctrl+C to shut down. |url: |action: 
2024-02-10 21:14:06.0132|0|INFO|Microsoft.Hosting.Lifetime|Hosting environment: Development |url: |action: 
2024-02-10 21:14:06.0132|0|INFO|Microsoft.Hosting.Lifetime|Content root path: D:\StepMaster\StepMaster |url: |action: 
2024-02-10 21:14:12.3282|0|DEBUG|Infrastructure.MongoDb.Repositories.Day_Repository|NLog is integrate to Day_Controler  |url: http://localhost/swagger/index.html|action: 
2024-02-10 21:14:30.9655|0|DEBUG|Infrastructure.MongoDb.Repositories.Day_Repository|NLog is integrate to Day_Controler  |url: http://localhost/api/Authorization/Registration|action: Registration
2024-02-10 21:14:30.9655|3|WARN|Microsoft.AspNetCore.HttpsPolicy.HttpsRedirectionMiddleware|Failed to determine the https port for redirect. |url: http://localhost/api/Authorization/Registration|action: Registration
2024-02-10 21:15:41.2644|0|INFO|StepMaster.Program|Process start |url: |action: 
2024-02-10 21:15:41.8743|14|INFO|Microsoft.Hosting.Lifetime|Now listening on: http://localhost:5016 |url: |action: 
2024-02-10 21:15:41.8743|0|INFO|Microsoft.Hosting.Lifetime|Application started. Press Ctrl+C to shut down. |url: |action: 
2024-02-10 21:15:41.8743|0|INFO|Microsoft.Hosting.Lifetime|Hosting environment: Development |url: |action: 
2024-02-10 21:15:41.8743|0|INFO|Microsoft.Hosting.Lifetime|Content root path: D:\StepMaster\StepMaster |url: |action: 
2024-02-10 21:15:50.2177|0|DEBUG|Infrastructure.MongoDb.Repositories.Day_Repository|NLog is integrate to Day_Controler  |url: http://localhost/swagger/index.html|action: 
2024-02-10 21:15:52.2331|0|DEBUG|Infrastructure.MongoDb.Repositories.Day_Repository|NLog is integrate to Day_Controler  |url: http://localhost/api/Authorization/Registration|action: Registration
2024-02-10 21:15:52.2475|3|WARN|Microsoft.AspNetCore.HttpsPolicy.HttpsRedirectionMiddleware|Failed to determine the https port for redirect. |url: http://localhost/api/Authorization/Registration|action: Registration
2024-02-10 21:16:12.1929|0|INFO|StepMaster.Program|Process start |url: |action: 
2024-02-10 21:16:12.9793|14|INFO|Microsoft.Hosting.Lifetime|Now listening on: http://localhost:5016 |url: |action: 
2024-02-10 21:16:12.9840|0|INFO|Microsoft.Hosting.Lifetime|Application started. Press Ctrl+C to shut down. |url: |action: 
2024-02-10 21:16:12.9840|0|INFO|Microsoft.Hosting.Lifetime|Hosting environment: Development |url: |action: 
2024-02-10 21:16:12.9840|0|INFO|Microsoft.Hosting.Lifetime|Content root path: D:\StepMaster\StepMaster |url: |action: 
2024-02-10 21:16:19.0290|0|DEBUG|Infrastructure.MongoDb.Repositories.Day_Repository|NLog is integrate to Day_Controler  |url: http://localhost/api/Authorization/Registration|action: Registration
2024-02-10 21:16:19.0290|3|WARN|Microsoft.AspNetCore.HttpsPolicy.HttpsRedirectionMiddleware|Failed to determine the https port for redirect. |url: http://localhost/api/Authorization/Registration|action: Registration
2024-02-10 21:16:19.4210|0|DEBUG|Infrastructure.MongoDb.Repositories.Day_Repository|NLog is integrate to Day_Controler  |url: http://localhost/swagger/index.html|action: 
2024-02-10 21:17:54.3238|0|INFO|StepMaster.Program|Process start |url: |action: 
2024-02-10 21:17:54.9309|14|INFO|Microsoft.Hosting.Lifetime|Now listening on: http://localhost:5016 |url: |action: 
2024-02-10 21:17:54.9345|0|INFO|Microsoft.Hosting.Lifetime|Application started. Press Ctrl+C to shut down. |url: |action: 
2024-02-10 21:17:54.9345|0|INFO|Microsoft.Hosting.Lifetime|Hosting environment: Development |url: |action: 
2024-02-10 21:17:54.9345|0|INFO|Microsoft.Hosting.Lifetime|Content root path: D:\StepMaster\StepMaster |url: |action: 
2024-02-10 21:17:59.7784|0|DEBUG|Infrastructure.MongoDb.Repositories.Day_Repository|NLog is integrate to Day_Controler  |url: http://localhost/api/Authorization/Registration|action: Registration
2024-02-10 21:17:59.7784|3|WARN|Microsoft.AspNetCore.HttpsPolicy.HttpsRedirectionMiddleware|Failed to determine the https port for redirect. |url: http://localhost/api/Authorization/Registration|action: Registration
2024-02-10 21:18:02.4521|0|DEBUG|Infrastructure.MongoDb.Repositories.Day_Repository|NLog is integrate to Day_Controler  |url: http://localhost/swagger/index.html|action: 
2024-02-10 21:18:13.7511|0|DEBUG|Infrastructure.MongoDb.Repositories.Day_Repository|NLog is integrate to Day_Controler  |url: http://localhost/api/Profile/GetUser|action: GetUser
2024-02-10 21:18:17.0364|0|WARN|Infrastructure.MongoDb.Repositories.Day_Repository|GetCountDayMoreMax |url: http://localhost/api/Profile/GetUser|action: GetUser
2024-02-10 21:18:17.0364|0|ERROR|Infrastructure.MongoDb.Repositories.Day_Repository|Sequence contains no elements |url: http://localhost/api/Profile/GetUser|action: GetUser
2024-02-10 21:18:17.1164|0|WARN|Infrastructure.MongoDb.Repositories.Day_Repository|GetCountDayMoreMax |url: http://localhost/api/Profile/GetUser|action: GetUser
2024-02-10 21:18:17.1164|0|ERROR|Infrastructure.MongoDb.Repositories.Day_Repository|Sequence contains no elements |url: http://localhost/api/Profile/GetUser|action: GetUser
2024-02-10 21:18:35.8906|0|INFO|StepMaster.Program|Process start |url: |action: 
2024-02-10 21:18:36.5904|14|INFO|Microsoft.Hosting.Lifetime|Now listening on: http://localhost:5016 |url: |action: 
2024-02-10 21:18:36.5904|0|INFO|Microsoft.Hosting.Lifetime|Application started. Press Ctrl+C to shut down. |url: |action: 
2024-02-10 21:18:36.5904|0|INFO|Microsoft.Hosting.Lifetime|Hosting environment: Development |url: |action: 
2024-02-10 21:18:36.5904|0|INFO|Microsoft.Hosting.Lifetime|Content root path: D:\StepMaster\StepMaster |url: |action: 
2024-02-10 21:18:42.8248|0|DEBUG|Infrastructure.MongoDb.Repositories.Day_Repository|NLog is integrate to Day_Controler  |url: http://localhost/swagger/index.html|action: 
2024-02-10 21:18:54.9813|0|DEBUG|Infrastructure.MongoDb.Repositories.Day_Repository|NLog is integrate to Day_Controler  |url: http://localhost/api/Days/SetNewDay|action: SetNewDay
2024-02-10 21:18:54.9813|3|WARN|Microsoft.AspNetCore.HttpsPolicy.HttpsRedirectionMiddleware|Failed to determine the https port for redirect. |url: http://localhost/api/Days/SetNewDay|action: SetNewDay
2024-02-10 21:19:00.4650|0|DEBUG|Infrastructure.MongoDb.Repositories.Day_Repository|NLog is integrate to Day_Controler  |url: http://localhost/api/Authorization/LogOut|action: Logout
2024-02-10 21:19:17.3658|0|DEBUG|Infrastructure.MongoDb.Repositories.Day_Repository|NLog is integrate to Day_Controler  |url: http://localhost/api/Authorization/Registration|action: Registration
2024-02-10 21:19:36.5125|0|DEBUG|Infrastructure.MongoDb.Repositories.Day_Repository|NLog is integrate to Day_Controler  |url: http://localhost/api/Authorization/Registration|action: Registration
2024-02-10 21:19:44.3148|0|DEBUG|Infrastructure.MongoDb.Repositories.Day_Repository|NLog is integrate to Day_Controler  |url: http://localhost/api/Authorization/Registration|action: Registration
2024-02-10 21:20:43.7967|0|INFO|StepMaster.Program|Process start |url: |action: 
2024-02-10 21:20:44.4871|14|INFO|Microsoft.Hosting.Lifetime|Now listening on: http://localhost:5016 |url: |action: 
2024-02-10 21:20:44.4976|0|INFO|Microsoft.Hosting.Lifetime|Application started. Press Ctrl+C to shut down. |url: |action: 
2024-02-10 21:20:44.4976|0|INFO|Microsoft.Hosting.Lifetime|Hosting environment: Development |url: |action: 
2024-02-10 21:20:44.4976|0|INFO|Microsoft.Hosting.Lifetime|Content root path: D:\StepMaster\StepMaster |url: |action: 
2024-02-10 21:20:50.3501|0|DEBUG|Infrastructure.MongoDb.Repositories.Day_Repository|NLog is integrate to Day_Controler  |url: http://localhost/swagger/index.html|action: 
2024-02-10 21:20:56.7622|0|DEBUG|Infrastructure.MongoDb.Repositories.Day_Repository|NLog is integrate to Day_Controler  |url: http://localhost/api/Authorization/Registration|action: Registration
2024-02-10 21:20:56.7622|3|WARN|Microsoft.AspNetCore.HttpsPolicy.HttpsRedirectionMiddleware|Failed to determine the https port for redirect. |url: http://localhost/api/Authorization/Registration|action: Registration
2024-02-10 21:26:32.9509|0|INFO|StepMaster.Program|Process start |url: |action: 
2024-02-10 21:26:33.6437|14|INFO|Microsoft.Hosting.Lifetime|Now listening on: http://localhost:5016 |url: |action: 
2024-02-10 21:26:33.6552|0|INFO|Microsoft.Hosting.Lifetime|Application started. Press Ctrl+C to shut down. |url: |action: 
2024-02-10 21:26:33.6552|0|INFO|Microsoft.Hosting.Lifetime|Hosting environment: Development |url: |action: 
2024-02-10 21:26:33.6552|0|INFO|Microsoft.Hosting.Lifetime|Content root path: D:\StepMaster\StepMaster |url: |action: 
2024-02-10 21:26:40.3958|0|DEBUG|Infrastructure.MongoDb.Repositories.Day_Repository|NLog is integrate to Day_Controler  |url: http://localhost/swagger/index.html|action: 
2024-02-10 21:27:30.5128|0|DEBUG|Infrastructure.MongoDb.Repositories.Day_Repository|NLog is integrate to Day_Controler  |url: http://localhost/api/Regions/GetRegions|action: GetRegions
2024-02-10 21:27:30.5310|3|WARN|Microsoft.AspNetCore.HttpsPolicy.HttpsRedirectionMiddleware|Failed to determine the https port for redirect. |url: http://localhost/api/Regions/GetRegions|action: GetRegions
2024-02-10 21:27:30.8240|0|DEBUG|Infrastructure.MongoDb.Repositories.Day_Repository|NLog is integrate to Day_Controler  |url: http://localhost/api/Authorization/SendCode|action: SendCode
2024-02-10 21:27:31.0082|0|DEBUG|Infrastructure.MongoDb.Repositories.Day_Repository|NLog is integrate to Day_Controler  |url: http://localhost/api/Authorization/SendCode|action: SendCode
2024-02-10 21:27:33.1738|0|DEBUG|Infrastructure.MongoDb.Repositories.Day_Repository|NLog is integrate to Day_Controler  |url: http://localhost/api/Authorization/Registration|action: Registration
2024-02-10 21:27:33.5586|0|DEBUG|Infrastructure.MongoDb.Repositories.Day_Repository|NLog is integrate to Day_Controler  |url: http://localhost/api/Authorization/Auth|action: Auth
2024-02-10 21:27:33.6328|8|DEBUG|API.Auth.AuthBase.BasicAunteficationHandler|AuthenticationScheme: Basic was successfully authenticated. |url: http://localhost/api/Authorization/Auth|action: Auth
2024-02-10 21:27:33.7589|0|DEBUG|Infrastructure.MongoDb.Repositories.Day_Repository|NLog is integrate to Day_Controler  |url: http://localhost/api/Authorization/UpdateCookies|action: UpdateCookies
2024-02-10 21:27:33.8280|0|DEBUG|Infrastructure.MongoDb.Repositories.Day_Repository|NLog is integrate to Day_Controler  |url: http://localhost/api/Authorization/Registration|action: Registration
2024-02-10 21:27:33.9462|0|DEBUG|Infrastructure.MongoDb.Repositories.Day_Repository|NLog is integrate to Day_Controler  |url: http://localhost/api/Authorization/SendNewPassword|action: SendNewPassword
2024-02-10 21:27:35.7049|0|DEBUG|Infrastructure.MongoDb.Repositories.Day_Repository|NLog is integrate to Day_Controler  |url: http://localhost/api/Days/GetAllDayUser|action: GetAllDayUser
2024-02-10 21:27:36.2311|0|WARN|Infrastructure.MongoDb.Repositories.Day_Repository|GetCountDayMoreMax |url: http://localhost/api/Days/GetAllDayUser|action: GetAllDayUser
2024-02-10 21:27:36.2311|0|ERROR|Infrastructure.MongoDb.Repositories.Day_Repository|Sequence contains no elements |url: http://localhost/api/Days/GetAllDayUser|action: GetAllDayUser
2024-02-10 21:27:36.3089|0|WARN|Infrastructure.MongoDb.Repositories.Day_Repository|GetCountDayMoreMax |url: http://localhost/api/Days/GetAllDayUser|action: GetAllDayUser
2024-02-10 21:27:36.3089|0|ERROR|Infrastructure.MongoDb.Repositories.Day_Repository|Sequence contains no elements |url: http://localhost/api/Days/GetAllDayUser|action: GetAllDayUser
2024-02-10 21:27:36.3998|0|DEBUG|Infrastructure.MongoDb.Repositories.Day_Repository|NLog is integrate to Day_Controler  |url: http://localhost/api/Days/SetNewDay|action: SetNewDay
2024-02-10 21:27:36.6464|0|DEBUG|Infrastructure.MongoDb.Repositories.Day_Repository|NLog is integrate to Day_Controler  |url: http://localhost/api/Days/SetNewDay|action: SetNewDay
2024-02-10 21:27:36.7861|0|DEBUG|Infrastructure.MongoDb.Repositories.Day_Repository|NLog is integrate to Day_Controler  |url: http://localhost/api/Profile/GetUser|action: GetUser
2024-02-10 21:27:39.1772|0|DEBUG|Infrastructure.MongoDb.Repositories.Day_Repository|NLog is integrate to Day_Controler  |url: http://localhost/api/Profile/GetUserByEmail|action: GetUserByEmail
2024-02-10 21:27:40.3416|0|WARN|Infrastructure.MongoDb.Repositories.Day_Repository|GetCountDayMoreMax |url: http://localhost/api/Profile/GetUserByEmail|action: GetUserByEmail
2024-02-10 21:27:40.3416|0|ERROR|Infrastructure.MongoDb.Repositories.Day_Repository|Sequence contains no elements |url: http://localhost/api/Profile/GetUserByEmail|action: GetUserByEmail
2024-02-10 21:27:40.4122|0|WARN|Infrastructure.MongoDb.Repositories.Day_Repository|GetCountDayMoreMax |url: http://localhost/api/Profile/GetUserByEmail|action: GetUserByEmail
2024-02-10 21:27:40.4122|0|ERROR|Infrastructure.MongoDb.Repositories.Day_Repository|Sequence contains no elements |url: http://localhost/api/Profile/GetUserByEmail|action: GetUserByEmail
2024-02-10 21:27:40.4911|0|DEBUG|Infrastructure.MongoDb.Repositories.Day_Repository|NLog is integrate to Day_Controler  |url: http://localhost/api/Profile/InsertAvatar|action: InsertAvatar
2024-02-10 21:27:40.5683|0|DEBUG|Infrastructure.MongoDb.Repositories.Day_Repository|NLog is integrate to Day_Controler  |url: http://localhost/api/Profile/EditUser|action: EditUser
2024-02-10 21:27:40.6771|0|DEBUG|Infrastructure.MongoDb.Repositories.Day_Repository|NLog is integrate to Day_Controler  |url: http://localhost/api/Profile/EditPassword|action: EditPassword
2024-02-10 21:27:40.7690|0|DEBUG|Infrastructure.MongoDb.Repositories.Day_Repository|NLog is integrate to Day_Controler  |url: http://localhost/api/Profile/EditPassword|action: EditPassword
2024-02-10 21:27:40.8757|0|DEBUG|Infrastructure.MongoDb.Repositories.Day_Repository|NLog is integrate to Day_Controler  |url: http://localhost/api/Profile/GetUser|action: GetUser
2024-02-10 21:27:41.3562|0|DEBUG|Infrastructure.MongoDb.Repositories.Day_Repository|NLog is integrate to Day_Controler  |url: http://localhost/api/Profile/SetSelectedTitle|action: SetSelectedTitles
2024-02-10 21:27:41.4350|0|DEBUG|Infrastructure.MongoDb.Repositories.Day_Repository|NLog is integrate to Day_Controler  |url: http://localhost/api/Title/GetTitles|action: GetTitles
2024-02-10 21:27:43.4486|0|DEBUG|Infrastructure.MongoDb.Repositories.Day_Repository|NLog is integrate to Day_Controler  |url: http://localhost/api/Profile/CreateRequestInFriend|action: CreateRequestInFriend
2024-02-10 21:27:44.6589|0|ERROR|Application.Services.FIreBase.Realization.FireBase_Service|Exactly one of Token, Topic or Condition is required. |url: http://localhost/api/Profile/CreateRequestInFriend|action: CreateRequestInFriend
2024-02-10 21:27:44.7995|0|DEBUG|Infrastructure.MongoDb.Repositories.Day_Repository|NLog is integrate to Day_Controler  |url: http://localhost/api/Profile/RemoveRequest|action: RemoveRequest
2024-02-10 21:27:44.8942|0|DEBUG|Infrastructure.MongoDb.Repositories.Day_Repository|NLog is integrate to Day_Controler  |url: http://localhost/api/Profile/DenyRequest|action: DenyRequest
2024-02-10 21:27:44.9861|0|DEBUG|Infrastructure.MongoDb.Repositories.Day_Repository|NLog is integrate to Day_Controler  |url: http://localhost/api/Profile/AcceptRequest|action: AcceptRequest
2024-02-10 21:27:45.0649|0|DEBUG|Infrastructure.MongoDb.Repositories.Day_Repository|NLog is integrate to Day_Controler  |url: http://localhost/api/Profile/AddInBlockedList|action: AddInBlockedList
2024-02-10 21:27:45.1561|0|DEBUG|Infrastructure.MongoDb.Repositories.Day_Repository|NLog is integrate to Day_Controler  |url: http://localhost/api/Profile/RemoveFromBlockedList|action: RemoveFromBlockedList
2024-02-10 21:27:45.2510|0|DEBUG|Infrastructure.MongoDb.Repositories.Day_Repository|NLog is integrate to Day_Controler  |url: http://localhost/api/Profile/GetRequestList|action: GetRequestList
2024-02-10 21:27:45.3450|0|DEBUG|Infrastructure.MongoDb.Repositories.Day_Repository|NLog is integrate to Day_Controler  |url: http://localhost/api/Profile/GetFriends|action: GetFriends
2024-02-10 21:27:45.6065|0|DEBUG|Infrastructure.MongoDb.Repositories.Day_Repository|NLog is integrate to Day_Controler  |url: http://localhost/api/Profile/GetUsers|action: GetUsers
2024-02-10 21:27:46.2105|0|DEBUG|Infrastructure.MongoDb.Repositories.Day_Repository|NLog is integrate to Day_Controler  |url: http://localhost/api/Profile/RemoveFriend|action: RemoveFriend
2024-02-10 21:27:46.3350|0|DEBUG|Infrastructure.MongoDb.Repositories.Day_Repository|NLog is integrate to Day_Controler  |url: http://localhost/api/Clan/KickOutUser|action: KickOutUser
2024-02-10 21:27:46.5235|0|DEBUG|Infrastructure.MongoDb.Repositories.Day_Repository|NLog is integrate to Day_Controler  |url: http://localhost/api/Clan/CreateClan|action: CreateNewClan
2024-02-10 21:27:46.6327|0|DEBUG|Infrastructure.MongoDb.Repositories.Day_Repository|NLog is integrate to Day_Controler  |url: http://localhost/api/Clan/GetClanById|action: GetClanById
2024-02-10 21:27:46.6964|0|DEBUG|Infrastructure.MongoDb.Repositories.Day_Repository|NLog is integrate to Day_Controler  |url: http://localhost/api/Clan/GetAll|action: GetClans
2024-02-10 21:27:46.8166|0|DEBUG|Infrastructure.MongoDb.Repositories.Day_Repository|NLog is integrate to Day_Controler  |url: http://localhost/api/Clan/GetAll|action: GetClans
2024-02-10 21:27:46.9099|0|DEBUG|Infrastructure.MongoDb.Repositories.Day_Repository|NLog is integrate to Day_Controler  |url: http://localhost/api/Clan/GetAll|action: GetClans
2024-02-10 21:27:47.0165|0|DEBUG|Infrastructure.MongoDb.Repositories.Day_Repository|NLog is integrate to Day_Controler  |url: http://localhost/api/Clan/GetAll|action: GetClans
2024-02-10 21:27:47.1100|0|DEBUG|Infrastructure.MongoDb.Repositories.Day_Repository|NLog is integrate to Day_Controler  |url: http://localhost/api/Clan/LeaveUser|action: LeaveUser
2024-02-10 21:27:47.2036|0|DEBUG|Infrastructure.MongoDb.Repositories.Day_Repository|NLog is integrate to Day_Controler  |url: http://localhost/api/Clan/JoinUser|action: JoinUser
2024-02-10 21:27:47.3422|0|DEBUG|Infrastructure.MongoDb.Repositories.Day_Repository|NLog is integrate to Day_Controler  |url: http://localhost/api/Clan/DeleteClan|action: DeleteClan
2024-02-10 21:27:47.4522|0|DEBUG|Infrastructure.MongoDb.Repositories.Day_Repository|NLog is integrate to Day_Controler  |url: http://localhost/api/Authorization/LogOut|action: Logout
2024-02-10 21:28:15.8569|0|DEBUG|Infrastructure.MongoDb.Repositories.Day_Repository|NLog is integrate to Day_Controler  |url: http://localhost/api/Authorization/Auth|action: Auth
2024-02-10 21:28:15.8722|8|DEBUG|API.Auth.AuthBase.BasicAunteficationHandler|AuthenticationScheme: Basic was successfully authenticated. |url: http://localhost/api/Authorization/Auth|action: Auth
2024-02-10 21:28:19.0161|0|DEBUG|Infrastructure.MongoDb.Repositories.Day_Repository|NLog is integrate to Day_Controler  |url: http://localhost/api/Profile/CreateRequestInFriend|action: CreateRequestInFriend
2024-02-10 21:28:19.0531|0|ERROR|Application.Services.FIreBase.Realization.FireBase_Service|Exactly one of Token, Topic or Condition is required. |url: http://localhost/api/Profile/CreateRequestInFriend|action: CreateRequestInFriend
2024-02-10 21:28:36.8991|0|DEBUG|Infrastructure.MongoDb.Repositories.Day_Repository|NLog is integrate to Day_Controler  |url: http://localhost/api/Profile/CreateRequestInFriend|action: CreateRequestInFriend
2024-02-10 21:29:14.8121|0|DEBUG|Infrastructure.MongoDb.Repositories.Day_Repository|NLog is integrate to Day_Controler  |url: http://localhost/api/Profile/CreateRequestInFriend|action: CreateRequestInFriend
2024-02-10 21:29:19.9835|0|INFO|StepMaster.Program|Process start |url: |action: 
2024-02-10 21:29:20.5531|14|INFO|Microsoft.Hosting.Lifetime|Now listening on: http://localhost:5016 |url: |action: 
2024-02-10 21:29:20.5593|0|INFO|Microsoft.Hosting.Lifetime|Application started. Press Ctrl+C to shut down. |url: |action: 
2024-02-10 21:29:20.5593|0|INFO|Microsoft.Hosting.Lifetime|Hosting environment: Development |url: |action: 
2024-02-10 21:29:20.5593|0|INFO|Microsoft.Hosting.Lifetime|Content root path: D:\StepMaster\StepMaster |url: |action: 
2024-02-10 21:29:21.0066|0|DEBUG|Infrastructure.MongoDb.Repositories.Day_Repository|NLog is integrate to Day_Controler  |url: http://localhost/swagger/index.html|action: 
2024-02-10 21:29:25.7310|0|DEBUG|Infrastructure.MongoDb.Repositories.Day_Repository|NLog is integrate to Day_Controler  |url: http://localhost/api/Profile/CreateRequestInFriend|action: CreateRequestInFriend
2024-02-10 21:29:25.7310|3|WARN|Microsoft.AspNetCore.HttpsPolicy.HttpsRedirectionMiddleware|Failed to determine the https port for redirect. |url: http://localhost/api/Profile/CreateRequestInFriend|action: CreateRequestInFriend
2024-02-10 21:33:01.7656|0|INFO|StepMaster.Program|Process start |url: |action: 
2024-02-10 21:33:02.4998|14|INFO|Microsoft.Hosting.Lifetime|Now listening on: http://localhost:5016 |url: |action: 
2024-02-10 21:33:02.4998|0|INFO|Microsoft.Hosting.Lifetime|Application started. Press Ctrl+C to shut down. |url: |action: 
2024-02-10 21:33:02.4998|0|INFO|Microsoft.Hosting.Lifetime|Hosting environment: Development |url: |action: 
2024-02-10 21:33:02.4998|0|INFO|Microsoft.Hosting.Lifetime|Content root path: D:\StepMaster\StepMaster |url: |action: 
2024-02-10 21:33:09.3041|0|DEBUG|Infrastructure.MongoDb.Repositories.Day_Repository|NLog is integrate to Day_Controler  |url: http://localhost/swagger/index.html|action: 
2024-02-10 21:33:25.6281|0|DEBUG|Infrastructure.MongoDb.Repositories.Day_Repository|NLog is integrate to Day_Controler  |url: http://localhost/api/Regions/GetRegions|action: GetRegions
2024-02-10 21:33:25.6429|3|WARN|Microsoft.AspNetCore.HttpsPolicy.HttpsRedirectionMiddleware|Failed to determine the https port for redirect. |url: http://localhost/api/Regions/GetRegions|action: GetRegions
2024-02-10 21:33:25.9197|0|DEBUG|Infrastructure.MongoDb.Repositories.Day_Repository|NLog is integrate to Day_Controler  |url: http://localhost/api/Authorization/SendCode|action: SendCode
2024-02-10 21:33:26.1343|0|DEBUG|Infrastructure.MongoDb.Repositories.Day_Repository|NLog is integrate to Day_Controler  |url: http://localhost/api/Authorization/SendCode|action: SendCode
2024-02-10 21:33:28.1587|0|DEBUG|Infrastructure.MongoDb.Repositories.Day_Repository|NLog is integrate to Day_Controler  |url: http://localhost/api/Authorization/Registration|action: Registration
2024-02-10 21:33:28.5297|0|DEBUG|Infrastructure.MongoDb.Repositories.Day_Repository|NLog is integrate to Day_Controler  |url: http://localhost/api/Authorization/Auth|action: Auth
2024-02-10 21:33:28.5995|8|DEBUG|API.Auth.AuthBase.BasicAunteficationHandler|AuthenticationScheme: Basic was successfully authenticated. |url: http://localhost/api/Authorization/Auth|action: Auth
2024-02-10 21:33:28.7316|0|DEBUG|Infrastructure.MongoDb.Repositories.Day_Repository|NLog is integrate to Day_Controler  |url: http://localhost/api/Authorization/UpdateCookies|action: UpdateCookies
2024-02-10 21:33:28.8532|0|DEBUG|Infrastructure.MongoDb.Repositories.Day_Repository|NLog is integrate to Day_Controler  |url: http://localhost/api/Authorization/Registration|action: Registration
2024-02-10 21:33:28.9396|0|DEBUG|Infrastructure.MongoDb.Repositories.Day_Repository|NLog is integrate to Day_Controler  |url: http://localhost/api/Authorization/SendNewPassword|action: SendNewPassword
2024-02-10 21:33:30.7101|0|DEBUG|Infrastructure.MongoDb.Repositories.Day_Repository|NLog is integrate to Day_Controler  |url: http://localhost/api/Days/GetAllDayUser|action: GetAllDayUser
2024-02-10 21:33:31.3080|0|WARN|Infrastructure.MongoDb.Repositories.Day_Repository|GetCountDayMoreMax |url: http://localhost/api/Days/GetAllDayUser|action: GetAllDayUser
2024-02-10 21:33:31.3094|0|ERROR|Infrastructure.MongoDb.Repositories.Day_Repository|Sequence contains no elements |url: http://localhost/api/Days/GetAllDayUser|action: GetAllDayUser
2024-02-10 21:33:31.3860|0|WARN|Infrastructure.MongoDb.Repositories.Day_Repository|GetCountDayMoreMax |url: http://localhost/api/Days/GetAllDayUser|action: GetAllDayUser
2024-02-10 21:33:31.3876|0|ERROR|Infrastructure.MongoDb.Repositories.Day_Repository|Sequence contains no elements |url: http://localhost/api/Days/GetAllDayUser|action: GetAllDayUser
2024-02-10 21:33:31.4869|0|DEBUG|Infrastructure.MongoDb.Repositories.Day_Repository|NLog is integrate to Day_Controler  |url: http://localhost/api/Days/SetNewDay|action: SetNewDay
2024-02-10 21:33:31.7653|0|DEBUG|Infrastructure.MongoDb.Repositories.Day_Repository|NLog is integrate to Day_Controler  |url: http://localhost/api/Days/SetNewDay|action: SetNewDay
2024-02-10 21:33:31.8918|0|DEBUG|Infrastructure.MongoDb.Repositories.Day_Repository|NLog is integrate to Day_Controler  |url: http://localhost/api/Profile/GetUser|action: GetUser
2024-02-10 21:33:32.7274|0|DEBUG|Infrastructure.MongoDb.Repositories.Day_Repository|NLog is integrate to Day_Controler  |url: http://localhost/api/Profile/GetUserByEmail|action: GetUserByEmail
2024-02-10 21:33:33.7844|0|WARN|Infrastructure.MongoDb.Repositories.Day_Repository|GetCountDayMoreMax |url: http://localhost/api/Profile/GetUserByEmail|action: GetUserByEmail
2024-02-10 21:33:33.7844|0|ERROR|Infrastructure.MongoDb.Repositories.Day_Repository|Sequence contains no elements |url: http://localhost/api/Profile/GetUserByEmail|action: GetUserByEmail
2024-02-10 21:33:33.8576|0|WARN|Infrastructure.MongoDb.Repositories.Day_Repository|GetCountDayMoreMax |url: http://localhost/api/Profile/GetUserByEmail|action: GetUserByEmail
2024-02-10 21:33:33.8576|0|ERROR|Infrastructure.MongoDb.Repositories.Day_Repository|Sequence contains no elements |url: http://localhost/api/Profile/GetUserByEmail|action: GetUserByEmail
2024-02-10 21:33:33.9302|0|DEBUG|Infrastructure.MongoDb.Repositories.Day_Repository|NLog is integrate to Day_Controler  |url: http://localhost/api/Profile/InsertAvatar|action: InsertAvatar
2024-02-10 21:33:34.0225|0|DEBUG|Infrastructure.MongoDb.Repositories.Day_Repository|NLog is integrate to Day_Controler  |url: http://localhost/api/Profile/EditUser|action: EditUser
2024-02-10 21:33:34.1012|0|DEBUG|Infrastructure.MongoDb.Repositories.Day_Repository|NLog is integrate to Day_Controler  |url: http://localhost/api/Profile/EditPassword|action: EditPassword
2024-02-10 21:33:34.2100|0|DEBUG|Infrastructure.MongoDb.Repositories.Day_Repository|NLog is integrate to Day_Controler  |url: http://localhost/api/Profile/EditPassword|action: EditPassword
2024-02-10 21:33:34.3190|0|DEBUG|Infrastructure.MongoDb.Repositories.Day_Repository|NLog is integrate to Day_Controler  |url: http://localhost/api/Profile/GetUser|action: GetUser
2024-02-10 21:33:34.6609|0|DEBUG|Infrastructure.MongoDb.Repositories.Day_Repository|NLog is integrate to Day_Controler  |url: http://localhost/api/Profile/SetSelectedTitle|action: SetSelectedTitles
2024-02-10 21:33:34.7692|0|DEBUG|Infrastructure.MongoDb.Repositories.Day_Repository|NLog is integrate to Day_Controler  |url: http://localhost/api/Title/GetTitles|action: GetTitles
2024-02-10 21:33:36.6286|0|DEBUG|Infrastructure.MongoDb.Repositories.Day_Repository|NLog is integrate to Day_Controler  |url: http://localhost/api/Profile/CreateRequestInFriend|action: CreateRequestInFriend
2024-02-10 21:33:38.8712|0|DEBUG|Infrastructure.MongoDb.Repositories.Day_Repository|NLog is integrate to Day_Controler  |url: http://localhost/api/Profile/RemoveRequest|action: RemoveRequest
2024-02-10 21:33:38.9642|0|DEBUG|Infrastructure.MongoDb.Repositories.Day_Repository|NLog is integrate to Day_Controler  |url: http://localhost/api/Profile/DenyRequest|action: DenyRequest
2024-02-10 21:33:39.0634|0|DEBUG|Infrastructure.MongoDb.Repositories.Day_Repository|NLog is integrate to Day_Controler  |url: http://localhost/api/Profile/AcceptRequest|action: AcceptRequest
2024-02-10 21:33:39.1206|0|DEBUG|Infrastructure.MongoDb.Repositories.Day_Repository|NLog is integrate to Day_Controler  |url: http://localhost/api/Profile/AddInBlockedList|action: AddInBlockedList
2024-02-10 21:33:39.1973|0|DEBUG|Infrastructure.MongoDb.Repositories.Day_Repository|NLog is integrate to Day_Controler  |url: http://localhost/api/Profile/RemoveFromBlockedList|action: RemoveFromBlockedList
2024-02-10 21:33:39.2915|0|DEBUG|Infrastructure.MongoDb.Repositories.Day_Repository|NLog is integrate to Day_Controler  |url: http://localhost/api/Profile/GetRequestList|action: GetRequestList
2024-02-10 21:33:39.3849|0|DEBUG|Infrastructure.MongoDb.Repositories.Day_Repository|NLog is integrate to Day_Controler  |url: http://localhost/api/Profile/GetFriends|action: GetFriends
2024-02-10 21:33:39.5932|0|DEBUG|Infrastructure.MongoDb.Repositories.Day_Repository|NLog is integrate to Day_Controler  |url: http://localhost/api/Profile/GetUsers|action: GetUsers
2024-02-10 21:33:40.0524|0|DEBUG|Infrastructure.MongoDb.Repositories.Day_Repository|NLog is integrate to Day_Controler  |url: http://localhost/api/Profile/RemoveFriend|action: RemoveFriend
2024-02-10 21:33:40.2077|0|DEBUG|Infrastructure.MongoDb.Repositories.Day_Repository|NLog is integrate to Day_Controler  |url: http://localhost/api/Clan/KickOutUser|action: KickOutUser
2024-02-10 21:33:40.3758|0|DEBUG|Infrastructure.MongoDb.Repositories.Day_Repository|NLog is integrate to Day_Controler  |url: http://localhost/api/Clan/CreateClan|action: CreateNewClan
2024-02-10 21:33:40.4978|0|DEBUG|Infrastructure.MongoDb.Repositories.Day_Repository|NLog is integrate to Day_Controler  |url: http://localhost/api/Clan/GetClanById|action: GetClanById
2024-02-10 21:33:40.6195|0|DEBUG|Infrastructure.MongoDb.Repositories.Day_Repository|NLog is integrate to Day_Controler  |url: http://localhost/api/Clan/GetAll|action: GetClans
2024-02-10 21:33:40.7299|0|DEBUG|Infrastructure.MongoDb.Repositories.Day_Repository|NLog is integrate to Day_Controler  |url: http://localhost/api/Clan/GetAll|action: GetClans
2024-02-10 21:33:40.8078|0|DEBUG|Infrastructure.MongoDb.Repositories.Day_Repository|NLog is integrate to Day_Controler  |url: http://localhost/api/Clan/GetAll|action: GetClans
2024-02-10 21:33:40.9027|0|DEBUG|Infrastructure.MongoDb.Repositories.Day_Repository|NLog is integrate to Day_Controler  |url: http://localhost/api/Clan/GetAll|action: GetClans
2024-02-10 21:33:40.9952|0|DEBUG|Infrastructure.MongoDb.Repositories.Day_Repository|NLog is integrate to Day_Controler  |url: http://localhost/api/Clan/LeaveUser|action: LeaveUser
2024-02-10 21:33:41.0849|0|DEBUG|Infrastructure.MongoDb.Repositories.Day_Repository|NLog is integrate to Day_Controler  |url: http://localhost/api/Clan/JoinUser|action: JoinUser
2024-02-10 21:33:41.2055|0|DEBUG|Infrastructure.MongoDb.Repositories.Day_Repository|NLog is integrate to Day_Controler  |url: http://localhost/api/Clan/DeleteClan|action: DeleteClan
2024-02-10 21:33:41.3143|0|DEBUG|Infrastructure.MongoDb.Repositories.Day_Repository|NLog is integrate to Day_Controler  |url: http://localhost/api/Authorization/LogOut|action: Logout
2024-02-10 14:35:02.1625|0|INFO|StepMaster.Program|Process start |url: |action: 
2024-02-10 14:35:02.7517|60|WARN|Microsoft.AspNetCore.DataProtection.Repositories.FileSystemXmlRepository|Storing keys in a directory '/root/.aspnet/DataProtection-Keys' that may not be persisted outside of the container. Protected data will be unavailable when container is destroyed. |url: |action: 
2024-02-10 14:35:02.7799|35|WARN|Microsoft.AspNetCore.DataProtection.KeyManagement.XmlKeyManager|No XML encryptor configured. Key {84b13080-fcbe-49f7-b521-d5db37b9d587} may be persisted to storage in unencrypted form. |url: |action: 
2024-02-10 14:35:02.8598|14|INFO|Microsoft.Hosting.Lifetime|Now listening on: http://[::]:80 |url: |action: 
2024-02-10 14:35:02.8673|0|INFO|Microsoft.Hosting.Lifetime|Application started. Press Ctrl+C to shut down. |url: |action: 
2024-02-10 14:35:02.8785|0|INFO|Microsoft.Hosting.Lifetime|Hosting environment: Development |url: |action: 
2024-02-10 14:35:02.8785|0|INFO|Microsoft.Hosting.Lifetime|Content root path: /app |url: |action: 
2024-02-10 14:35:03.3322|0|DEBUG|Infrastructure.MongoDb.Repositories.Day_Repository|NLog is integrate to Day_Controler  |url: http://localhost/swagger/index.html|action: 
