2024-01-26 10:33:54.9357|0|INFO|StepMaster.Program|Process start |url: |action: 
2024-01-26 10:33:55.8658|14|INFO|Microsoft.Hosting.Lifetime|Now listening on: http://localhost:5016 |url: |action: 
2024-01-26 10:33:55.8707|0|INFO|Microsoft.Hosting.Lifetime|Application started. Press Ctrl+C to shut down. |url: |action: 
2024-01-26 10:33:55.8707|0|INFO|Microsoft.Hosting.Lifetime|Hosting environment: Development |url: |action: 
2024-01-26 10:33:55.8707|0|INFO|Microsoft.Hosting.Lifetime|Content root path: D:\StepMaster\StepMaster |url: |action: 
2024-01-26 10:36:46.9522|3|WARN|Microsoft.AspNetCore.HttpsPolicy.HttpsRedirectionMiddleware|Failed to determine the https port for redirect. |url: http://localhost/apiProfile/GetUserLiteByEmail|action: 
2024-01-26 10:37:09.0927|0|INFO|StepMaster.Program|Process start |url: |action: 
2024-01-26 10:37:10.0423|14|INFO|Microsoft.Hosting.Lifetime|Now listening on: http://localhost:5016 |url: |action: 
2024-01-26 10:37:10.0423|0|INFO|Microsoft.Hosting.Lifetime|Application started. Press Ctrl+C to shut down. |url: |action: 
2024-01-26 10:37:10.0423|0|INFO|Microsoft.Hosting.Lifetime|Hosting environment: Development |url: |action: 
2024-01-26 10:37:10.0423|0|INFO|Microsoft.Hosting.Lifetime|Content root path: D:\StepMaster\StepMaster |url: |action: 
2024-01-26 10:37:31.0117|3|WARN|Microsoft.AspNetCore.HttpsPolicy.HttpsRedirectionMiddleware|Failed to determine the https port for redirect. |url: http://localhost/apiProfile/GetUserLiteByEmail|action: 
2024-01-26 10:37:37.5947|0|INFO|StepMaster.Program|Process start |url: |action: 
2024-01-26 10:37:38.4016|14|INFO|Microsoft.Hosting.Lifetime|Now listening on: http://localhost:5016 |url: |action: 
2024-01-26 10:37:38.4016|0|INFO|Microsoft.Hosting.Lifetime|Application started. Press Ctrl+C to shut down. |url: |action: 
2024-01-26 10:37:38.4016|0|INFO|Microsoft.Hosting.Lifetime|Hosting environment: Development |url: |action: 
2024-01-26 10:37:38.4016|0|INFO|Microsoft.Hosting.Lifetime|Content root path: D:\StepMaster\StepMaster |url: |action: 
2024-01-26 10:37:50.0585|3|WARN|Microsoft.AspNetCore.HttpsPolicy.HttpsRedirectionMiddleware|Failed to determine the https port for redirect. |url: http://localhost/api/Profile/GetUser|action: GetUser
2024-01-26 10:37:58.8843|0|DEBUG|Infrastructure.MongoDb.Repositories.Day_Repository|NLog is integrate to Day_Controler  |url: http://localhost/api/Authorization/Auth|action: Auth
2024-01-26 10:37:59.0524|8|DEBUG|API.Auth.AuthBase.BasicAunteficationHandler|AuthenticationScheme: Basic was successfully authenticated. |url: http://localhost/api/Authorization/Auth|action: Auth
2024-01-26 10:38:08.5322|0|DEBUG|Infrastructure.MongoDb.Repositories.Day_Repository|NLog is integrate to Day_Controler  |url: http://localhost/api/Profile/GetUserLiteByEmail|action: GetUserLiteByEmail
2024-01-26 10:38:47.2156|0|DEBUG|Infrastructure.MongoDb.Repositories.Day_Repository|NLog is integrate to Day_Controler  |url: http://localhost/api/Clan/GetAll|action: GetClans
2024-01-26 10:39:03.2315|0|DEBUG|Infrastructure.MongoDb.Repositories.Day_Repository|NLog is integrate to Day_Controler  |url: http://localhost/api/Clan/GetAll|action: GetClans
2024-01-26 10:39:26.3698|0|DEBUG|Infrastructure.MongoDb.Repositories.Day_Repository|NLog is integrate to Day_Controler  |url: http://localhost/api/Days/SetNewDay|action: SetNewDay
2024-01-26 10:39:45.9495|0|DEBUG|Infrastructure.MongoDb.Repositories.Day_Repository|NLog is integrate to Day_Controler  |url: http://localhost/api/Days/UploadDay|action: UploadDay
2024-01-26 10:39:57.3701|0|DEBUG|Infrastructure.MongoDb.Repositories.Day_Repository|NLog is integrate to Day_Controler  |url: http://localhost/api/Days/UploadDay|action: UploadDay
2024-01-26 10:40:12.1421|0|DEBUG|Infrastructure.MongoDb.Repositories.Day_Repository|NLog is integrate to Day_Controler  |url: http://localhost/api/Days/UploadDay|action: UploadDay
2024-01-26 10:43:34.3813|0|DEBUG|Infrastructure.MongoDb.Repositories.Day_Repository|NLog is integrate to Day_Controler  |url: http://localhost/api/Clan/GetAll|action: GetClans
2024-01-26 10:44:18.2312|0|DEBUG|Infrastructure.MongoDb.Repositories.Day_Repository|NLog is integrate to Day_Controler  |url: http://localhost/api/Clan/GetAll|action: GetClans
2024-01-26 10:46:59.0448|0|DEBUG|Infrastructure.MongoDb.Repositories.Day_Repository|NLog is integrate to Day_Controler  |url: http://localhost/api/Clan/GetAll|action: GetClans
2024-01-26 10:47:23.3239|0|DEBUG|Infrastructure.MongoDb.Repositories.Day_Repository|NLog is integrate to Day_Controler  |url: http://localhost/api/Clan/GetAll|action: GetClans
2024-01-26 10:47:42.4422|0|DEBUG|Infrastructure.MongoDb.Repositories.Day_Repository|NLog is integrate to Day_Controler  |url: http://localhost/api/Clan/GetAll|action: GetClans
2024-01-26 10:48:27.3760|0|DEBUG|Infrastructure.MongoDb.Repositories.Day_Repository|NLog is integrate to Day_Controler  |url: http://localhost/api/Clan/GetAll|action: GetClans
2024-01-26 10:53:13.9100|0|DEBUG|Infrastructure.MongoDb.Repositories.Day_Repository|NLog is integrate to Day_Controler  |url: http://localhost/api/Clan/GetAll|action: GetClans
2024-01-26 10:53:26.2236|0|DEBUG|Infrastructure.MongoDb.Repositories.Day_Repository|NLog is integrate to Day_Controler  |url: http://localhost/api/Clan/GetAll|action: GetClans
2024-01-26 10:53:31.6760|0|DEBUG|Infrastructure.MongoDb.Repositories.Day_Repository|NLog is integrate to Day_Controler  |url: http://localhost/api/Clan/GetAll|action: GetClans
2024-01-26 10:54:15.0442|0|INFO|StepMaster.Program|Process start |url: |action: 
2024-01-26 10:54:15.7517|14|INFO|Microsoft.Hosting.Lifetime|Now listening on: http://localhost:5016 |url: |action: 
2024-01-26 10:54:15.7517|0|INFO|Microsoft.Hosting.Lifetime|Application started. Press Ctrl+C to shut down. |url: |action: 
2024-01-26 10:54:15.7517|0|INFO|Microsoft.Hosting.Lifetime|Hosting environment: Development |url: |action: 
2024-01-26 10:54:15.7615|0|INFO|Microsoft.Hosting.Lifetime|Content root path: D:\StepMaster\StepMaster |url: |action: 
2024-01-26 10:54:21.2460|3|WARN|Microsoft.AspNetCore.HttpsPolicy.HttpsRedirectionMiddleware|Failed to determine the https port for redirect. |url: http://localhost/api/Clan/GetAll|action: GetClans
2024-01-26 10:54:21.3119|0|DEBUG|Infrastructure.MongoDb.Repositories.Day_Repository|NLog is integrate to Day_Controler  |url: http://localhost/api/Clan/GetAll|action: GetClans
2024-01-26 10:54:27.5740|0|DEBUG|Infrastructure.MongoDb.Repositories.Day_Repository|NLog is integrate to Day_Controler  |url: http://localhost/api/Clan/GetAll|action: GetClans
2024-01-26 10:55:13.3563|0|DEBUG|Infrastructure.MongoDb.Repositories.Day_Repository|NLog is integrate to Day_Controler  |url: http://localhost/api/Clan/GetAll|action: GetClans
2024-01-26 10:55:16.9398|0|DEBUG|Infrastructure.MongoDb.Repositories.Day_Repository|NLog is integrate to Day_Controler  |url: http://localhost/api/Clan/GetAll|action: GetClans
2024-01-26 10:55:23.5753|0|DEBUG|Infrastructure.MongoDb.Repositories.Day_Repository|NLog is integrate to Day_Controler  |url: http://localhost/api/Clan/GetAll|action: GetClans
2024-01-26 10:55:27.9823|0|DEBUG|Infrastructure.MongoDb.Repositories.Day_Repository|NLog is integrate to Day_Controler  |url: http://localhost/api/Clan/GetAll|action: GetClans
2024-01-26 10:56:48.3734|0|INFO|StepMaster.Program|Process start |url: |action: 
2024-01-26 10:56:49.1423|14|INFO|Microsoft.Hosting.Lifetime|Now listening on: http://localhost:5016 |url: |action: 
2024-01-26 10:56:49.1423|0|INFO|Microsoft.Hosting.Lifetime|Application started. Press Ctrl+C to shut down. |url: |action: 
2024-01-26 10:56:49.1423|0|INFO|Microsoft.Hosting.Lifetime|Hosting environment: Development |url: |action: 
2024-01-26 10:56:49.1521|0|INFO|Microsoft.Hosting.Lifetime|Content root path: D:\StepMaster\StepMaster |url: |action: 
2024-01-26 10:57:11.2163|3|WARN|Microsoft.AspNetCore.HttpsPolicy.HttpsRedirectionMiddleware|Failed to determine the https port for redirect. |url: http://localhost/api/Clan/GetAll|action: GetClans
2024-01-26 10:57:11.2720|0|DEBUG|Infrastructure.MongoDb.Repositories.Day_Repository|NLog is integrate to Day_Controler  |url: http://localhost/api/Clan/GetAll|action: GetClans
2024-01-26 11:06:53.0377|0|INFO|StepMaster.Program|Process start |url: |action: 
2024-01-26 11:06:53.9355|14|INFO|Microsoft.Hosting.Lifetime|Now listening on: http://localhost:5016 |url: |action: 
2024-01-26 11:06:53.9355|0|INFO|Microsoft.Hosting.Lifetime|Application started. Press Ctrl+C to shut down. |url: |action: 
2024-01-26 11:06:53.9355|0|INFO|Microsoft.Hosting.Lifetime|Hosting environment: Development |url: |action: 
2024-01-26 11:06:53.9489|0|INFO|Microsoft.Hosting.Lifetime|Content root path: D:\StepMaster\StepMaster |url: |action: 
2024-01-26 11:07:01.3242|3|WARN|Microsoft.AspNetCore.HttpsPolicy.HttpsRedirectionMiddleware|Failed to determine the https port for redirect. |url: http://localhost/api/Clan/GetAll|action: GetClans
2024-01-26 11:07:01.3821|0|DEBUG|Infrastructure.MongoDb.Repositories.Day_Repository|NLog is integrate to Day_Controler  |url: http://localhost/api/Clan/GetAll|action: GetClans
2024-01-26 11:12:25.4557|0|INFO|StepMaster.Program|Process start |url: |action: 
2024-01-26 11:12:26.1114|14|INFO|Microsoft.Hosting.Lifetime|Now listening on: http://localhost:5016 |url: |action: 
2024-01-26 11:12:26.1114|0|INFO|Microsoft.Hosting.Lifetime|Application started. Press Ctrl+C to shut down. |url: |action: 
2024-01-26 11:12:26.1211|0|INFO|Microsoft.Hosting.Lifetime|Hosting environment: Development |url: |action: 
2024-01-26 11:12:26.1211|0|INFO|Microsoft.Hosting.Lifetime|Content root path: D:\StepMaster\StepMaster |url: |action: 
2024-01-26 11:12:34.8405|3|WARN|Microsoft.AspNetCore.HttpsPolicy.HttpsRedirectionMiddleware|Failed to determine the https port for redirect. |url: http://localhost/api/Clan/GetAll|action: GetClans
2024-01-26 11:12:34.8967|0|DEBUG|Infrastructure.MongoDb.Repositories.Day_Repository|NLog is integrate to Day_Controler  |url: http://localhost/api/Clan/GetAll|action: GetClans
2024-01-26 11:12:48.3861|0|DEBUG|Infrastructure.MongoDb.Repositories.Day_Repository|NLog is integrate to Day_Controler  |url: http://localhost/api/Clan/GetAll|action: GetClans
2024-01-26 11:12:52.0812|0|DEBUG|Infrastructure.MongoDb.Repositories.Day_Repository|NLog is integrate to Day_Controler  |url: http://localhost/api/Clan/GetAll|action: GetClans
2024-01-26 11:13:20.7975|0|DEBUG|Infrastructure.MongoDb.Repositories.Day_Repository|NLog is integrate to Day_Controler  |url: http://localhost/api/Clan/GetAll|action: GetClans
2024-01-26 11:14:03.7460|0|INFO|StepMaster.Program|Process start |url: |action: 
2024-01-26 11:14:04.5333|14|INFO|Microsoft.Hosting.Lifetime|Now listening on: http://localhost:5016 |url: |action: 
2024-01-26 11:14:04.5333|0|INFO|Microsoft.Hosting.Lifetime|Application started. Press Ctrl+C to shut down. |url: |action: 
2024-01-26 11:14:04.5333|0|INFO|Microsoft.Hosting.Lifetime|Hosting environment: Development |url: |action: 
2024-01-26 11:14:04.5439|0|INFO|Microsoft.Hosting.Lifetime|Content root path: D:\StepMaster\StepMaster |url: |action: 
2024-01-26 11:14:12.7454|3|WARN|Microsoft.AspNetCore.HttpsPolicy.HttpsRedirectionMiddleware|Failed to determine the https port for redirect. |url: http://localhost/api/Clan/GetAll|action: GetClans
2024-01-26 11:14:12.8126|0|DEBUG|Infrastructure.MongoDb.Repositories.Day_Repository|NLog is integrate to Day_Controler  |url: http://localhost/api/Clan/GetAll|action: GetClans
2024-01-26 11:14:30.3079|0|DEBUG|Infrastructure.MongoDb.Repositories.Day_Repository|NLog is integrate to Day_Controler  |url: http://localhost/api/Clan/GetAll|action: GetClans
2024-01-26 11:14:34.5457|0|INFO|StepMaster.Program|Process start |url: |action: 
2024-01-26 11:14:35.3340|14|INFO|Microsoft.Hosting.Lifetime|Now listening on: http://localhost:5016 |url: |action: 
2024-01-26 11:14:35.3406|0|INFO|Microsoft.Hosting.Lifetime|Application started. Press Ctrl+C to shut down. |url: |action: 
2024-01-26 11:14:35.3406|0|INFO|Microsoft.Hosting.Lifetime|Hosting environment: Development |url: |action: 
2024-01-26 11:14:35.3406|0|INFO|Microsoft.Hosting.Lifetime|Content root path: D:\StepMaster\StepMaster |url: |action: 
2024-01-26 11:14:42.0128|3|WARN|Microsoft.AspNetCore.HttpsPolicy.HttpsRedirectionMiddleware|Failed to determine the https port for redirect. |url: http://localhost/api/Clan/GetAll|action: GetClans
2024-01-26 11:14:42.0847|0|DEBUG|Infrastructure.MongoDb.Repositories.Day_Repository|NLog is integrate to Day_Controler  |url: http://localhost/api/Clan/GetAll|action: GetClans
2024-01-26 11:14:57.3000|0|DEBUG|Infrastructure.MongoDb.Repositories.Day_Repository|NLog is integrate to Day_Controler  |url: http://localhost/api/Clan/GetAll|action: GetClans
2024-01-26 11:15:25.6231|0|INFO|StepMaster.Program|Process start |url: |action: 
2024-01-26 11:15:26.3456|14|INFO|Microsoft.Hosting.Lifetime|Now listening on: http://localhost:5016 |url: |action: 
2024-01-26 11:15:26.3456|0|INFO|Microsoft.Hosting.Lifetime|Application started. Press Ctrl+C to shut down. |url: |action: 
2024-01-26 11:15:26.3556|0|INFO|Microsoft.Hosting.Lifetime|Hosting environment: Development |url: |action: 
2024-01-26 11:15:26.3556|0|INFO|Microsoft.Hosting.Lifetime|Content root path: D:\StepMaster\StepMaster |url: |action: 
2024-01-26 11:15:49.0757|3|WARN|Microsoft.AspNetCore.HttpsPolicy.HttpsRedirectionMiddleware|Failed to determine the https port for redirect. |url: http://localhost/api/Clan/GetAll|action: GetClans
2024-01-26 11:15:49.1471|0|DEBUG|Infrastructure.MongoDb.Repositories.Day_Repository|NLog is integrate to Day_Controler  |url: http://localhost/api/Clan/GetAll|action: GetClans
2024-01-26 11:16:39.8297|0|DEBUG|Infrastructure.MongoDb.Repositories.Day_Repository|NLog is integrate to Day_Controler  |url: http://localhost/api/Clan/GetAll|action: GetClans
2024-01-26 11:16:45.2498|0|DEBUG|Infrastructure.MongoDb.Repositories.Day_Repository|NLog is integrate to Day_Controler  |url: http://localhost/api/Clan/GetAll|action: GetClans
2024-01-26 11:17:14.8342|0|DEBUG|Infrastructure.MongoDb.Repositories.Day_Repository|NLog is integrate to Day_Controler  |url: http://localhost/api/Clan/GetAll|action: GetClans
2024-01-26 11:17:58.2606|0|DEBUG|Infrastructure.MongoDb.Repositories.Day_Repository|NLog is integrate to Day_Controler  |url: http://localhost/api/Clan/GetAll|action: GetClans
2024-01-26 11:34:38.7620|0|INFO|StepMaster.Program|Process start |url: |action: 
2024-01-26 11:34:39.5676|14|INFO|Microsoft.Hosting.Lifetime|Now listening on: http://localhost:5016 |url: |action: 
2024-01-26 11:34:39.5758|0|INFO|Microsoft.Hosting.Lifetime|Application started. Press Ctrl+C to shut down. |url: |action: 
2024-01-26 11:34:39.5758|0|INFO|Microsoft.Hosting.Lifetime|Hosting environment: Development |url: |action: 
2024-01-26 11:34:39.5758|0|INFO|Microsoft.Hosting.Lifetime|Content root path: D:\StepMaster\StepMaster |url: |action: 
2024-01-26 11:34:46.6512|3|WARN|Microsoft.AspNetCore.HttpsPolicy.HttpsRedirectionMiddleware|Failed to determine the https port for redirect. |url: http://localhost/api/Clan/CreateClan|action: CreateNewClan
2024-01-26 11:34:46.7243|0|DEBUG|Infrastructure.MongoDb.Repositories.Day_Repository|NLog is integrate to Day_Controler  |url: http://localhost/api/Clan/CreateClan|action: CreateNewClan
2024-01-26 11:34:55.9482|0|DEBUG|Infrastructure.MongoDb.Repositories.Day_Repository|NLog is integrate to Day_Controler  |url: http://localhost/api/Clan/CreateClan|action: CreateNewClan
2024-01-26 11:35:08.0968|0|DEBUG|Infrastructure.MongoDb.Repositories.Day_Repository|NLog is integrate to Day_Controler  |url: http://localhost/api/Clan/CreateClan|action: CreateNewClan
2024-01-26 11:35:19.5511|0|DEBUG|Infrastructure.MongoDb.Repositories.Day_Repository|NLog is integrate to Day_Controler  |url: http://localhost/api/Clan/CreateClan|action: CreateNewClan
2024-01-26 11:35:42.2304|0|INFO|StepMaster.Program|Process start |url: |action: 
2024-01-26 11:35:42.9370|14|INFO|Microsoft.Hosting.Lifetime|Now listening on: http://localhost:5016 |url: |action: 
2024-01-26 11:35:42.9370|0|INFO|Microsoft.Hosting.Lifetime|Application started. Press Ctrl+C to shut down. |url: |action: 
2024-01-26 11:35:42.9370|0|INFO|Microsoft.Hosting.Lifetime|Hosting environment: Development |url: |action: 
2024-01-26 11:35:42.9477|0|INFO|Microsoft.Hosting.Lifetime|Content root path: D:\StepMaster\StepMaster |url: |action: 
2024-01-26 11:35:50.2141|3|WARN|Microsoft.AspNetCore.HttpsPolicy.HttpsRedirectionMiddleware|Failed to determine the https port for redirect. |url: http://localhost/api/Clan/CreateClan|action: CreateNewClan
2024-01-26 11:35:50.2894|0|DEBUG|Infrastructure.MongoDb.Repositories.Day_Repository|NLog is integrate to Day_Controler  |url: http://localhost/api/Clan/CreateClan|action: CreateNewClan
2024-01-26 11:35:54.5961|0|DEBUG|Infrastructure.MongoDb.Repositories.Day_Repository|NLog is integrate to Day_Controler  |url: http://localhost/api/Clan/CreateClan|action: CreateNewClan
2024-01-26 11:36:49.7168|0|DEBUG|Infrastructure.MongoDb.Repositories.Day_Repository|NLog is integrate to Day_Controler  |url: http://localhost/api/Clan/CreateClan|action: CreateNewClan
2024-01-26 11:37:53.9074|0|DEBUG|Infrastructure.MongoDb.Repositories.Day_Repository|NLog is integrate to Day_Controler  |url: http://localhost/api/Clan/CreateClan|action: CreateNewClan
2024-01-26 11:38:08.1845|0|DEBUG|Infrastructure.MongoDb.Repositories.Day_Repository|NLog is integrate to Day_Controler  |url: http://localhost/api/Clan/CreateClan|action: CreateNewClan
2024-01-26 11:39:05.6084|0|DEBUG|Infrastructure.MongoDb.Repositories.Day_Repository|NLog is integrate to Day_Controler  |url: http://localhost/api/Clan/DeleteClan|action: DeleteClan
2024-01-26 11:39:05.6425|0|ERROR|Infrastructure.MongoDb.Repositories.Day_Repository|One or more errors occurred. ('65b3373096673c6e8b0f05b' is not a valid 24 digit hex string.) |url: http://localhost/api/Clan/DeleteClan|action: DeleteClan
2024-01-26 11:39:20.7940|0|DEBUG|Infrastructure.MongoDb.Repositories.Day_Repository|NLog is integrate to Day_Controler  |url: http://localhost/api/Clan/DeleteClan|action: DeleteClan
2024-01-26 11:39:20.8148|0|ERROR|Infrastructure.MongoDb.Repositories.Day_Repository|One or more errors occurred. ('65b3373096673c6e8b0f05b' is not a valid 24 digit hex string.) |url: http://localhost/api/Clan/DeleteClan|action: DeleteClan
2024-01-26 11:39:41.0663|0|DEBUG|Infrastructure.MongoDb.Repositories.Day_Repository|NLog is integrate to Day_Controler  |url: http://localhost/api/Clan/DeleteClan|action: DeleteClan
2024-01-26 11:39:54.3512|0|ERROR|Infrastructure.MongoDb.Repositories.Day_Repository|One or more errors occurred. ('65b3373096673c6e8b0f05b' is not a valid 24 digit hex string.) |url: http://localhost/api/Clan/DeleteClan|action: DeleteClan
2024-01-26 11:40:02.0981|0|DEBUG|Infrastructure.MongoDb.Repositories.Day_Repository|NLog is integrate to Day_Controler  |url: http://localhost/api/Clan/DeleteClan|action: DeleteClan
2024-01-26 11:40:08.4981|0|ERROR|Infrastructure.MongoDb.Repositories.Day_Repository|One or more errors occurred. ('65b3373096673c6e8b0f05b' is not a valid 24 digit hex string.) |url: http://localhost/api/Clan/DeleteClan|action: DeleteClan
2024-01-26 11:40:30.3933|0|DEBUG|Infrastructure.MongoDb.Repositories.Day_Repository|NLog is integrate to Day_Controler  |url: http://localhost/api/Clan/DeleteClan|action: DeleteClan
2024-01-26 11:41:02.3872|0|ERROR|Infrastructure.MongoDb.Repositories.Day_Repository|One or more errors occurred. ('65b3373096673c6e8b0f05b' is not a valid 24 digit hex string.) |url: http://localhost/api/Clan/DeleteClan|action: DeleteClan
2024-01-26 11:41:14.0223|0|DEBUG|Infrastructure.MongoDb.Repositories.Day_Repository|NLog is integrate to Day_Controler  |url: http://localhost/api/Clan/DeleteClan|action: DeleteClan
2024-01-26 11:41:22.0452|0|DEBUG|Infrastructure.MongoDb.Repositories.Day_Repository|NLog is integrate to Day_Controler  |url: http://localhost/api/Clan/DeleteClan|action: DeleteClan
2024-01-26 11:42:43.1980|0|DEBUG|Infrastructure.MongoDb.Repositories.Day_Repository|NLog is integrate to Day_Controler  |url: http://localhost/api/Clan/CreateClan|action: CreateNewClan
2024-01-26 11:43:23.3876|0|DEBUG|Infrastructure.MongoDb.Repositories.Day_Repository|NLog is integrate to Day_Controler  |url: http://localhost/api/Clan/AddUser|action: AddUser
2024-01-26 11:43:31.2313|0|INFO|StepMaster.Program|Process start |url: |action: 
2024-01-26 11:43:31.8807|14|INFO|Microsoft.Hosting.Lifetime|Now listening on: http://localhost:5016 |url: |action: 
2024-01-26 11:43:31.8868|0|INFO|Microsoft.Hosting.Lifetime|Application started. Press Ctrl+C to shut down. |url: |action: 
2024-01-26 11:43:31.8868|0|INFO|Microsoft.Hosting.Lifetime|Hosting environment: Development |url: |action: 
2024-01-26 11:43:31.8868|0|INFO|Microsoft.Hosting.Lifetime|Content root path: D:\StepMaster\StepMaster |url: |action: 
2024-01-26 11:43:36.9528|3|WARN|Microsoft.AspNetCore.HttpsPolicy.HttpsRedirectionMiddleware|Failed to determine the https port for redirect. |url: http://localhost/api/Clan/AddUser|action: AddUser
2024-01-26 11:43:37.0088|0|DEBUG|Infrastructure.MongoDb.Repositories.Day_Repository|NLog is integrate to Day_Controler  |url: http://localhost/api/Clan/AddUser|action: AddUser
2024-01-26 11:46:09.7203|0|DEBUG|Infrastructure.MongoDb.Repositories.Day_Repository|NLog is integrate to Day_Controler  |url: http://localhost/api/Clan/AddUser|action: AddUser
2024-01-26 11:46:13.3120|0|DEBUG|Infrastructure.MongoDb.Repositories.Day_Repository|NLog is integrate to Day_Controler  |url: http://localhost/api/Clan/AddUser|action: AddUser
2024-01-26 11:46:41.0438|0|DEBUG|Infrastructure.MongoDb.Repositories.Day_Repository|NLog is integrate to Day_Controler  |url: http://localhost/api/Clan/RemoveUser|action: RemoveUser
2024-01-26 11:47:14.1283|0|DEBUG|Infrastructure.MongoDb.Repositories.Day_Repository|NLog is integrate to Day_Controler  |url: http://localhost/api/Clan/RemoveUser|action: RemoveUser
2024-01-26 11:48:05.4968|0|DEBUG|Infrastructure.MongoDb.Repositories.Day_Repository|NLog is integrate to Day_Controler  |url: http://localhost/api/Clan/RemoveUser|action: RemoveUser
2024-01-26 11:48:18.0437|0|DEBUG|Infrastructure.MongoDb.Repositories.Day_Repository|NLog is integrate to Day_Controler  |url: http://localhost/api/Clan/CreateClan|action: CreateNewClan
2024-01-26 11:49:50.3229|0|DEBUG|Infrastructure.MongoDb.Repositories.Day_Repository|NLog is integrate to Day_Controler  |url: http://localhost/api/Clan/RemoveUser|action: RemoveUser
2024-01-26 11:50:18.6561|0|INFO|StepMaster.Program|Process start |url: |action: 
2024-01-26 11:50:19.5144|14|INFO|Microsoft.Hosting.Lifetime|Now listening on: http://localhost:5016 |url: |action: 
2024-01-26 11:50:19.5144|0|INFO|Microsoft.Hosting.Lifetime|Application started. Press Ctrl+C to shut down. |url: |action: 
2024-01-26 11:50:19.5144|0|INFO|Microsoft.Hosting.Lifetime|Hosting environment: Development |url: |action: 
2024-01-26 11:50:19.5144|0|INFO|Microsoft.Hosting.Lifetime|Content root path: D:\StepMaster\StepMaster |url: |action: 
2024-01-26 11:50:24.5735|3|WARN|Microsoft.AspNetCore.HttpsPolicy.HttpsRedirectionMiddleware|Failed to determine the https port for redirect. |url: http://localhost/api/Clan/RemoveUser|action: RemoveUser
2024-01-26 11:50:24.6378|0|DEBUG|Infrastructure.MongoDb.Repositories.Day_Repository|NLog is integrate to Day_Controler  |url: http://localhost/api/Clan/RemoveUser|action: RemoveUser
2024-01-26 11:51:37.0437|0|DEBUG|Infrastructure.MongoDb.Repositories.Day_Repository|NLog is integrate to Day_Controler  |url: http://localhost/api/Clan/KickOutUser|action: KickOutUser
2024-01-26 11:51:48.8854|0|DEBUG|Infrastructure.MongoDb.Repositories.Day_Repository|NLog is integrate to Day_Controler  |url: http://localhost/api/Clan/KickOutUser|action: KickOutUser
2024-01-26 11:51:58.1992|0|DEBUG|Infrastructure.MongoDb.Repositories.Day_Repository|NLog is integrate to Day_Controler  |url: http://localhost/api/Clan/DeleteClan|action: DeleteClan
2024-01-26 11:52:52.5754|0|DEBUG|Infrastructure.MongoDb.Repositories.Day_Repository|NLog is integrate to Day_Controler  |url: http://localhost/api/Clan/DeleteClan|action: DeleteClan
2024-01-26 11:53:05.6768|0|DEBUG|Infrastructure.MongoDb.Repositories.Day_Repository|NLog is integrate to Day_Controler  |url: http://localhost/api/Clan/DeleteClan|action: DeleteClan
2024-01-26 11:55:02.6251|0|DEBUG|Infrastructure.MongoDb.Repositories.Day_Repository|NLog is integrate to Day_Controler  |url: http://localhost/api/Clan/CreateClan|action: CreateNewClan
2024-01-26 11:56:33.3266|0|DEBUG|Infrastructure.MongoDb.Repositories.Day_Repository|NLog is integrate to Day_Controler  |url: http://localhost/api/Profile/GetUserLiteByEmail|action: GetUserLiteByEmail
2024-01-26 11:57:50.9385|0|DEBUG|Infrastructure.MongoDb.Repositories.Day_Repository|NLog is integrate to Day_Controler  |url: http://localhost/api/Profile/GetUser|action: GetUser
2024-01-26 11:57:54.8599|0|DEBUG|Infrastructure.MongoDb.Repositories.Day_Repository|NLog is integrate to Day_Controler  |url: http://localhost/api/Profile/GetUser|action: GetUser
2024-01-26 11:59:46.3724|0|DEBUG|Infrastructure.MongoDb.Repositories.Day_Repository|NLog is integrate to Day_Controler  |url: http://localhost/api/Profile/GetUser|action: GetUser
2024-01-26 11:59:48.2009|0|DEBUG|Infrastructure.MongoDb.Repositories.Day_Repository|NLog is integrate to Day_Controler  |url: http://localhost/api/Profile/GetUser|action: GetUser
2024-01-26 11:59:49.6887|0|DEBUG|Infrastructure.MongoDb.Repositories.Day_Repository|NLog is integrate to Day_Controler  |url: http://localhost/api/Profile/GetUser|action: GetUser
2024-01-26 12:00:04.5119|0|DEBUG|Infrastructure.MongoDb.Repositories.Day_Repository|NLog is integrate to Day_Controler  |url: http://localhost/api/Profile/GetUserLiteByEmail|action: GetUserLiteByEmail
2024-01-26 12:00:05.4264|0|DEBUG|Infrastructure.MongoDb.Repositories.Day_Repository|NLog is integrate to Day_Controler  |url: http://localhost/api/Profile/GetUserLiteByEmail|action: GetUserLiteByEmail
2024-01-26 12:00:57.8736|0|DEBUG|Infrastructure.MongoDb.Repositories.Day_Repository|NLog is integrate to Day_Controler  |url: http://localhost/api/Profile/GetUser|action: GetUser
2024-01-26 12:03:56.5132|0|DEBUG|Infrastructure.MongoDb.Repositories.Day_Repository|NLog is integrate to Day_Controler  |url: http://localhost/api/Clan/GetAll|action: GetClans
2024-01-26 12:05:09.1679|0|DEBUG|Infrastructure.MongoDb.Repositories.Day_Repository|NLog is integrate to Day_Controler  |url: http://localhost/api/Clan/AddUser|action: AddUser
2024-01-26 12:06:44.4806|0|DEBUG|Infrastructure.MongoDb.Repositories.Day_Repository|NLog is integrate to Day_Controler  |url: http://localhost/api/Authorization/Auth|action: Auth
2024-01-26 12:06:44.4806|8|DEBUG|API.Auth.AuthBase.BasicAunteficationHandler|AuthenticationScheme: Basic was successfully authenticated. |url: http://localhost/api/Authorization/Auth|action: Auth
2024-01-26 12:06:48.4021|0|DEBUG|Infrastructure.MongoDb.Repositories.Day_Repository|NLog is integrate to Day_Controler  |url: http://localhost/api/Clan/AddUser|action: AddUser
2024-01-26 12:06:55.1540|0|DEBUG|Infrastructure.MongoDb.Repositories.Day_Repository|NLog is integrate to Day_Controler  |url: http://localhost/api/Authorization/LogOut|action: Logout
2024-01-26 12:06:59.5596|0|DEBUG|Infrastructure.MongoDb.Repositories.Day_Repository|NLog is integrate to Day_Controler  |url: http://localhost/api/Authorization/Auth|action: Auth
2024-01-26 12:06:59.5596|8|DEBUG|API.Auth.AuthBase.BasicAunteficationHandler|AuthenticationScheme: Basic was successfully authenticated. |url: http://localhost/api/Authorization/Auth|action: Auth
2024-01-26 12:07:07.0138|0|DEBUG|Infrastructure.MongoDb.Repositories.Day_Repository|NLog is integrate to Day_Controler  |url: http://localhost/api/Clan/AddUser|action: AddUser
2024-01-26 12:07:20.1968|0|DEBUG|Infrastructure.MongoDb.Repositories.Day_Repository|NLog is integrate to Day_Controler  |url: http://localhost/api/Profile/GetUser|action: GetUser
2024-01-26 12:07:28.7628|0|DEBUG|Infrastructure.MongoDb.Repositories.Day_Repository|NLog is integrate to Day_Controler  |url: http://localhost/api/Authorization/Auth|action: Auth
2024-01-26 12:07:28.7628|8|DEBUG|API.Auth.AuthBase.BasicAunteficationHandler|AuthenticationScheme: Basic was successfully authenticated. |url: http://localhost/api/Authorization/Auth|action: Auth
2024-01-26 12:07:31.2493|0|DEBUG|Infrastructure.MongoDb.Repositories.Day_Repository|NLog is integrate to Day_Controler  |url: http://localhost/api/Profile/GetUser|action: GetUser
2024-01-26 12:07:35.2571|0|DEBUG|Infrastructure.MongoDb.Repositories.Day_Repository|NLog is integrate to Day_Controler  |url: http://localhost/api/Clan/AddUser|action: AddUser
2024-01-26 12:10:03.8140|0|DEBUG|Infrastructure.MongoDb.Repositories.Day_Repository|NLog is integrate to Day_Controler  |url: http://localhost/api/Clan/RemoveUser|action: RemoveUser
2024-01-26 12:10:15.6712|0|DEBUG|Infrastructure.MongoDb.Repositories.Day_Repository|NLog is integrate to Day_Controler  |url: http://localhost/api/Clan/RemoveUser|action: RemoveUser
2024-01-26 12:10:42.1093|0|DEBUG|Infrastructure.MongoDb.Repositories.Day_Repository|NLog is integrate to Day_Controler  |url: http://localhost/api/Clan/KickOutUser|action: KickOutUser
2024-01-26 12:10:58.7924|0|DEBUG|Infrastructure.MongoDb.Repositories.Day_Repository|NLog is integrate to Day_Controler  |url: http://localhost/api/Profile/GetUser|action: GetUser
2024-01-26 12:11:13.9323|0|DEBUG|Infrastructure.MongoDb.Repositories.Day_Repository|NLog is integrate to Day_Controler  |url: http://localhost/api/Clan/KickOutUser|action: KickOutUser
2024-01-26 12:12:16.3627|0|INFO|StepMaster.Program|Process start |url: |action: 
2024-01-26 12:12:17.0842|14|INFO|Microsoft.Hosting.Lifetime|Now listening on: http://localhost:5016 |url: |action: 
2024-01-26 12:12:17.0903|0|INFO|Microsoft.Hosting.Lifetime|Application started. Press Ctrl+C to shut down. |url: |action: 
2024-01-26 12:12:17.0903|0|INFO|Microsoft.Hosting.Lifetime|Hosting environment: Development |url: |action: 
2024-01-26 12:12:17.0903|0|INFO|Microsoft.Hosting.Lifetime|Content root path: D:\StepMaster\StepMaster |url: |action: 
2024-01-26 12:12:20.3259|3|WARN|Microsoft.AspNetCore.HttpsPolicy.HttpsRedirectionMiddleware|Failed to determine the https port for redirect. |url: http://localhost/api/Clan/KickOutUser|action: KickOutUser
2024-01-26 12:12:20.3895|0|DEBUG|Infrastructure.MongoDb.Repositories.Day_Repository|NLog is integrate to Day_Controler  |url: http://localhost/api/Clan/KickOutUser|action: KickOutUser
2024-01-26 21:40:04.2817|0|INFO|StepMaster.Program|Process start |url: |action: 
2024-01-26 21:40:05.1171|14|INFO|Microsoft.Hosting.Lifetime|Now listening on: http://localhost:5016 |url: |action: 
2024-01-26 21:40:05.1213|0|INFO|Microsoft.Hosting.Lifetime|Application started. Press Ctrl+C to shut down. |url: |action: 
2024-01-26 21:40:05.1213|0|INFO|Microsoft.Hosting.Lifetime|Hosting environment: Development |url: |action: 
2024-01-26 21:40:05.1213|0|INFO|Microsoft.Hosting.Lifetime|Content root path: D:\StepMaster\StepMaster |url: |action: 
2024-01-26 21:40:28.4645|3|WARN|Microsoft.AspNetCore.HttpsPolicy.HttpsRedirectionMiddleware|Failed to determine the https port for redirect. |url: http://localhost/api/Profile/GetUserByEmail|action: GetUserByEmail
2024-01-26 21:40:49.0276|0|DEBUG|Infrastructure.MongoDb.Repositories.Day_Repository|NLog is integrate to Day_Controler  |url: http://localhost/api/Authorization/Auth|action: Auth
2024-01-26 21:40:49.2046|8|DEBUG|API.Auth.AuthBase.BasicAunteficationHandler|AuthenticationScheme: Basic was successfully authenticated. |url: http://localhost/api/Authorization/Auth|action: Auth
2024-01-26 21:41:03.6067|0|DEBUG|Infrastructure.MongoDb.Repositories.Day_Repository|NLog is integrate to Day_Controler  |url: http://localhost/api/Profile/GetUserByEmail|action: GetUserByEmail
2024-01-26 22:07:01.6043|0|INFO|StepMaster.Program|Process start |url: |action: 
2024-01-26 22:07:02.2276|14|INFO|Microsoft.Hosting.Lifetime|Now listening on: http://localhost:5016 |url: |action: 
2024-01-26 22:07:02.2317|0|INFO|Microsoft.Hosting.Lifetime|Application started. Press Ctrl+C to shut down. |url: |action: 
2024-01-26 22:07:02.2317|0|INFO|Microsoft.Hosting.Lifetime|Hosting environment: Development |url: |action: 
2024-01-26 22:07:02.2317|0|INFO|Microsoft.Hosting.Lifetime|Content root path: D:\StepMaster\StepMaster |url: |action: 
2024-01-26 22:07:23.5128|3|WARN|Microsoft.AspNetCore.HttpsPolicy.HttpsRedirectionMiddleware|Failed to determine the https port for redirect. |url: http://localhost/api/Profile/GetUserByEmail|action: GetUserByEmail
2024-01-26 22:07:23.5809|0|DEBUG|Infrastructure.MongoDb.Repositories.Day_Repository|NLog is integrate to Day_Controler  |url: http://localhost/api/Profile/GetUserByEmail|action: GetUserByEmail
2024-01-26 22:08:24.3436|0|DEBUG|Infrastructure.MongoDb.Repositories.Day_Repository|NLog is integrate to Day_Controler  |url: http://localhost/api/Profile/GetUserByEmail|action: GetUserByEmail
2024-01-26 22:08:40.9025|0|DEBUG|Infrastructure.MongoDb.Repositories.Day_Repository|NLog is integrate to Day_Controler  |url: http://localhost/api/Profile/GetUserByEmail|action: GetUserByEmail
2024-01-26 22:12:46.1197|0|DEBUG|Infrastructure.MongoDb.Repositories.Day_Repository|NLog is integrate to Day_Controler  |url: http://localhost/api/Profile/GetUserByEmail|action: GetUserByEmail
2024-01-26 22:12:51.2609|0|DEBUG|Infrastructure.MongoDb.Repositories.Day_Repository|NLog is integrate to Day_Controler  |url: http://localhost/api/Profile/GetUserByEmail|action: GetUserByEmail
2024-01-26 22:12:55.5753|0|DEBUG|Infrastructure.MongoDb.Repositories.Day_Repository|NLog is integrate to Day_Controler  |url: http://localhost/api/Profile/GetUserByEmail|action: GetUserByEmail
2024-01-26 22:12:59.0898|0|DEBUG|Infrastructure.MongoDb.Repositories.Day_Repository|NLog is integrate to Day_Controler  |url: http://localhost/api/Profile/GetUserByEmail|action: GetUserByEmail
2024-01-26 22:13:49.4221|0|DEBUG|Infrastructure.MongoDb.Repositories.Day_Repository|NLog is integrate to Day_Controler  |url: http://localhost/api/Clan/CreateClan|action: CreateNewClan
2024-01-26 22:19:05.1951|0|INFO|StepMaster.Program|Process start |url: |action: 
2024-01-26 22:19:05.8804|14|INFO|Microsoft.Hosting.Lifetime|Now listening on: http://localhost:5016 |url: |action: 
2024-01-26 22:19:05.8873|0|INFO|Microsoft.Hosting.Lifetime|Application started. Press Ctrl+C to shut down. |url: |action: 
2024-01-26 22:19:05.8873|0|INFO|Microsoft.Hosting.Lifetime|Hosting environment: Development |url: |action: 
2024-01-26 22:19:05.8873|0|INFO|Microsoft.Hosting.Lifetime|Content root path: D:\StepMaster\StepMaster |url: |action: 
2024-01-26 22:19:15.4505|3|WARN|Microsoft.AspNetCore.HttpsPolicy.HttpsRedirectionMiddleware|Failed to determine the https port for redirect. |url: http://localhost/api/Clan/CreateClan|action: CreateNewClan
2024-01-26 22:19:15.5110|0|DEBUG|Infrastructure.MongoDb.Repositories.Day_Repository|NLog is integrate to Day_Controler  |url: http://localhost/api/Clan/CreateClan|action: CreateNewClan
2024-01-26 22:19:22.9095|0|DEBUG|Infrastructure.MongoDb.Repositories.Day_Repository|NLog is integrate to Day_Controler  |url: http://localhost/api/Clan/CreateClan|action: CreateNewClan
2024-01-26 22:20:09.7790|0|DEBUG|Infrastructure.MongoDb.Repositories.Day_Repository|NLog is integrate to Day_Controler  |url: http://localhost/api/Clan/GetAll|action: GetClans
2024-01-26 22:20:32.0544|0|DEBUG|Infrastructure.MongoDb.Repositories.Day_Repository|NLog is integrate to Day_Controler  |url: http://localhost/api/Clan/GetAll|action: GetClans
2024-01-26 22:20:34.7171|0|DEBUG|Infrastructure.MongoDb.Repositories.Day_Repository|NLog is integrate to Day_Controler  |url: http://localhost/api/Clan/GetAll|action: GetClans
2024-01-26 22:20:37.1062|0|DEBUG|Infrastructure.MongoDb.Repositories.Day_Repository|NLog is integrate to Day_Controler  |url: http://localhost/api/Clan/GetAll|action: GetClans
2024-01-26 22:20:40.4269|0|DEBUG|Infrastructure.MongoDb.Repositories.Day_Repository|NLog is integrate to Day_Controler  |url: http://localhost/api/Clan/GetAll|action: GetClans
2024-01-26 22:20:44.0206|0|DEBUG|Infrastructure.MongoDb.Repositories.Day_Repository|NLog is integrate to Day_Controler  |url: http://localhost/api/Clan/GetAll|action: GetClans
2024-01-26 22:21:10.2337|0|DEBUG|Infrastructure.MongoDb.Repositories.Day_Repository|NLog is integrate to Day_Controler  |url: http://localhost/api/Clan/GetAll|action: GetClans
2024-01-26 22:21:47.3584|0|DEBUG|Infrastructure.MongoDb.Repositories.Day_Repository|NLog is integrate to Day_Controler  |url: http://localhost/api/Clan/GetAll|action: GetClans
2024-01-26 22:21:51.7526|0|DEBUG|Infrastructure.MongoDb.Repositories.Day_Repository|NLog is integrate to Day_Controler  |url: http://localhost/api/Clan/GetAll|action: GetClans
2024-01-26 22:22:44.3570|0|DEBUG|Infrastructure.MongoDb.Repositories.Day_Repository|NLog is integrate to Day_Controler  |url: http://localhost/api/Clan/GetClanById|action: GetClanById
2024-01-26 22:30:07.0446|0|INFO|StepMaster.Program|Process start |url: |action: 
2024-01-26 22:30:07.7951|14|INFO|Microsoft.Hosting.Lifetime|Now listening on: http://localhost:5016 |url: |action: 
2024-01-26 22:30:07.7951|0|INFO|Microsoft.Hosting.Lifetime|Application started. Press Ctrl+C to shut down. |url: |action: 
2024-01-26 22:30:07.7951|0|INFO|Microsoft.Hosting.Lifetime|Hosting environment: Development |url: |action: 
2024-01-26 22:30:07.7951|0|INFO|Microsoft.Hosting.Lifetime|Content root path: D:\StepMaster\StepMaster |url: |action: 
2024-01-26 22:30:13.4659|3|WARN|Microsoft.AspNetCore.HttpsPolicy.HttpsRedirectionMiddleware|Failed to determine the https port for redirect. |url: http://localhost/api/Clan/GetAll|action: GetClans
2024-01-26 22:30:13.5275|0|DEBUG|Infrastructure.MongoDb.Repositories.Day_Repository|NLog is integrate to Day_Controler  |url: http://localhost/api/Clan/GetAll|action: GetClans
2024-01-26 22:30:59.4056|0|INFO|StepMaster.Program|Process start |url: |action: 
2024-01-26 22:31:00.0984|14|INFO|Microsoft.Hosting.Lifetime|Now listening on: http://localhost:5016 |url: |action: 
2024-01-26 22:31:00.1040|0|INFO|Microsoft.Hosting.Lifetime|Application started. Press Ctrl+C to shut down. |url: |action: 
2024-01-26 22:31:00.1040|0|INFO|Microsoft.Hosting.Lifetime|Hosting environment: Development |url: |action: 
2024-01-26 22:31:00.1040|0|INFO|Microsoft.Hosting.Lifetime|Content root path: D:\StepMaster\StepMaster |url: |action: 
2024-01-26 22:31:03.3248|3|WARN|Microsoft.AspNetCore.HttpsPolicy.HttpsRedirectionMiddleware|Failed to determine the https port for redirect. |url: http://localhost/api/Clan/GetAll|action: GetClans
2024-01-26 22:31:03.3984|0|DEBUG|Infrastructure.MongoDb.Repositories.Day_Repository|NLog is integrate to Day_Controler  |url: http://localhost/api/Clan/GetAll|action: GetClans
2024-01-26 22:31:47.3705|0|INFO|StepMaster.Program|Process start |url: |action: 
2024-01-26 22:31:48.2160|14|INFO|Microsoft.Hosting.Lifetime|Now listening on: http://localhost:5016 |url: |action: 
2024-01-26 22:31:48.2160|0|INFO|Microsoft.Hosting.Lifetime|Application started. Press Ctrl+C to shut down. |url: |action: 
2024-01-26 22:31:48.2160|0|INFO|Microsoft.Hosting.Lifetime|Hosting environment: Development |url: |action: 
2024-01-26 22:31:48.2160|0|INFO|Microsoft.Hosting.Lifetime|Content root path: D:\StepMaster\StepMaster |url: |action: 
2024-01-26 22:31:53.1106|3|WARN|Microsoft.AspNetCore.HttpsPolicy.HttpsRedirectionMiddleware|Failed to determine the https port for redirect. |url: http://localhost/api/Clan/GetAll|action: GetClans
2024-01-26 22:31:53.1816|0|DEBUG|Infrastructure.MongoDb.Repositories.Day_Repository|NLog is integrate to Day_Controler  |url: http://localhost/api/Clan/GetAll|action: GetClans
2024-01-26 22:34:42.5979|0|INFO|StepMaster.Program|Process start |url: |action: 
2024-01-26 22:34:43.3013|14|INFO|Microsoft.Hosting.Lifetime|Now listening on: http://localhost:5016 |url: |action: 
2024-01-26 22:34:43.3079|0|INFO|Microsoft.Hosting.Lifetime|Application started. Press Ctrl+C to shut down. |url: |action: 
2024-01-26 22:34:43.3079|0|INFO|Microsoft.Hosting.Lifetime|Hosting environment: Development |url: |action: 
2024-01-26 22:34:43.3079|0|INFO|Microsoft.Hosting.Lifetime|Content root path: D:\StepMaster\StepMaster |url: |action: 
2024-01-26 22:34:50.5891|3|WARN|Microsoft.AspNetCore.HttpsPolicy.HttpsRedirectionMiddleware|Failed to determine the https port for redirect. |url: http://localhost/api/Clan/GetAll|action: GetClans
2024-01-26 22:34:50.6581|0|DEBUG|Infrastructure.MongoDb.Repositories.Day_Repository|NLog is integrate to Day_Controler  |url: http://localhost/api/Clan/GetAll|action: GetClans
2024-01-26 22:44:37.9969|0|DEBUG|Infrastructure.MongoDb.Repositories.Day_Repository|NLog is integrate to Day_Controler  |url: http://localhost/api/Clan/GetClanById|action: GetClanById
2024-01-26 22:44:43.6206|0|DEBUG|Infrastructure.MongoDb.Repositories.Day_Repository|NLog is integrate to Day_Controler  |url: http://localhost/api/Clan/GetClanById|action: GetClanById
2024-01-26 22:45:07.0820|0|DEBUG|Infrastructure.MongoDb.Repositories.Day_Repository|NLog is integrate to Day_Controler  |url: http://localhost/api/Clan/GetClanById|action: GetClanById
2024-01-26 22:46:02.1682|0|DEBUG|Infrastructure.MongoDb.Repositories.Day_Repository|NLog is integrate to Day_Controler  |url: http://localhost/api/Clan/GetClanById|action: GetClanById
2024-01-26 22:46:13.0702|0|DEBUG|Infrastructure.MongoDb.Repositories.Day_Repository|NLog is integrate to Day_Controler  |url: http://localhost/api/Clan/GetClanById|action: GetClanById
2024-01-26 22:46:18.3917|0|DEBUG|Infrastructure.MongoDb.Repositories.Day_Repository|NLog is integrate to Day_Controler  |url: http://localhost/api/Clan/GetClanById|action: GetClanById
2024-01-26 22:46:25.5676|0|DEBUG|Infrastructure.MongoDb.Repositories.Day_Repository|NLog is integrate to Day_Controler  |url: http://localhost/api/Clan/GetClanById|action: GetClanById
2024-01-26 22:46:32.2294|0|DEBUG|Infrastructure.MongoDb.Repositories.Day_Repository|NLog is integrate to Day_Controler  |url: http://localhost/api/Clan/GetClanById|action: GetClanById
2024-01-26 22:49:22.8914|0|DEBUG|Infrastructure.MongoDb.Repositories.Day_Repository|NLog is integrate to Day_Controler  |url: http://localhost/api/Clan/GetAll|action: GetClans
2024-01-26 22:49:31.5221|0|DEBUG|Infrastructure.MongoDb.Repositories.Day_Repository|NLog is integrate to Day_Controler  |url: http://localhost/api/Clan/GetAll|action: GetClans
2024-01-26 22:49:42.3011|0|DEBUG|Infrastructure.MongoDb.Repositories.Day_Repository|NLog is integrate to Day_Controler  |url: http://localhost/api/Clan/GetAll|action: GetClans
2024-01-26 22:49:54.7512|0|DEBUG|Infrastructure.MongoDb.Repositories.Day_Repository|NLog is integrate to Day_Controler  |url: http://localhost/api/Clan/GetAll|action: GetClans
2024-01-26 22:50:43.3264|0|DEBUG|Infrastructure.MongoDb.Repositories.Day_Repository|NLog is integrate to Day_Controler  |url: http://localhost/api/Clan/GetAll|action: GetClans
2024-01-26 22:50:59.8502|0|DEBUG|Infrastructure.MongoDb.Repositories.Day_Repository|NLog is integrate to Day_Controler  |url: http://localhost/api/Clan/GetAll|action: GetClans
2024-01-26 22:51:25.6464|0|DEBUG|Infrastructure.MongoDb.Repositories.Day_Repository|NLog is integrate to Day_Controler  |url: http://localhost/api/Clan/GetAll|action: GetClans
2024-01-26 22:51:54.1824|0|DEBUG|Infrastructure.MongoDb.Repositories.Day_Repository|NLog is integrate to Day_Controler  |url: http://localhost/api/Clan/GetAll|action: GetClans
2024-01-26 22:52:01.2298|0|DEBUG|Infrastructure.MongoDb.Repositories.Day_Repository|NLog is integrate to Day_Controler  |url: http://localhost/api/Clan/GetAll|action: GetClans
2024-01-26 22:52:32.0534|0|DEBUG|Infrastructure.MongoDb.Repositories.Day_Repository|NLog is integrate to Day_Controler  |url: http://localhost/api/Clan/GetAll|action: GetClans
2024-01-26 22:52:38.9066|0|DEBUG|Infrastructure.MongoDb.Repositories.Day_Repository|NLog is integrate to Day_Controler  |url: http://localhost/api/Clan/GetAll|action: GetClans
2024-01-26 22:52:42.3232|0|DEBUG|Infrastructure.MongoDb.Repositories.Day_Repository|NLog is integrate to Day_Controler  |url: http://localhost/api/Clan/CreateClan|action: CreateNewClan
2024-01-26 22:52:56.5670|0|DEBUG|Infrastructure.MongoDb.Repositories.Day_Repository|NLog is integrate to Day_Controler  |url: http://localhost/api/Clan/CreateClan|action: CreateNewClan
2024-01-26 22:53:21.0922|0|DEBUG|Infrastructure.MongoDb.Repositories.Day_Repository|NLog is integrate to Day_Controler  |url: http://localhost/api/Profile/GetUserByEmail|action: GetUserByEmail
2024-01-26 22:54:27.0668|0|DEBUG|Infrastructure.MongoDb.Repositories.Day_Repository|NLog is integrate to Day_Controler  |url: http://localhost/api/Profile/GetUserByEmail|action: GetUserByEmail
2024-01-26 22:57:38.7554|0|INFO|StepMaster.Program|Process start |url: |action: 
2024-01-26 22:57:39.4736|14|INFO|Microsoft.Hosting.Lifetime|Now listening on: http://localhost:5016 |url: |action: 
2024-01-26 22:57:39.4805|0|INFO|Microsoft.Hosting.Lifetime|Application started. Press Ctrl+C to shut down. |url: |action: 
2024-01-26 22:57:39.4805|0|INFO|Microsoft.Hosting.Lifetime|Hosting environment: Development |url: |action: 
2024-01-26 22:57:39.4805|0|INFO|Microsoft.Hosting.Lifetime|Content root path: D:\StepMaster\StepMaster |url: |action: 
2024-01-26 22:57:44.9802|3|WARN|Microsoft.AspNetCore.HttpsPolicy.HttpsRedirectionMiddleware|Failed to determine the https port for redirect. |url: http://localhost/api/Profile/GetUserByEmail|action: GetUserByEmail
2024-01-26 22:57:45.0512|0|DEBUG|Infrastructure.MongoDb.Repositories.Day_Repository|NLog is integrate to Day_Controler  |url: http://localhost/api/Profile/GetUserByEmail|action: GetUserByEmail
2024-01-26 22:59:29.0010|0|INFO|StepMaster.Program|Process start |url: |action: 
2024-01-26 22:59:29.7544|14|INFO|Microsoft.Hosting.Lifetime|Now listening on: http://localhost:5016 |url: |action: 
2024-01-26 22:59:29.7607|0|INFO|Microsoft.Hosting.Lifetime|Application started. Press Ctrl+C to shut down. |url: |action: 
2024-01-26 22:59:29.7607|0|INFO|Microsoft.Hosting.Lifetime|Hosting environment: Development |url: |action: 
2024-01-26 22:59:29.7607|0|INFO|Microsoft.Hosting.Lifetime|Content root path: D:\StepMaster\StepMaster |url: |action: 
2024-01-26 22:59:45.8239|3|WARN|Microsoft.AspNetCore.HttpsPolicy.HttpsRedirectionMiddleware|Failed to determine the https port for redirect. |url: http://localhost/api/Clan/GetAll|action: GetClans
2024-01-26 22:59:45.8913|0|DEBUG|Infrastructure.MongoDb.Repositories.Day_Repository|NLog is integrate to Day_Controler  |url: http://localhost/api/Clan/GetAll|action: GetClans
2024-01-26 22:59:56.4486|0|DEBUG|Infrastructure.MongoDb.Repositories.Day_Repository|NLog is integrate to Day_Controler  |url: http://localhost/api/Clan/GetAll|action: GetClans
2024-01-26 23:00:35.1563|0|INFO|StepMaster.Program|Process start |url: |action: 
2024-01-26 23:00:35.9492|14|INFO|Microsoft.Hosting.Lifetime|Now listening on: http://localhost:5016 |url: |action: 
2024-01-26 23:00:35.9492|0|INFO|Microsoft.Hosting.Lifetime|Application started. Press Ctrl+C to shut down. |url: |action: 
2024-01-26 23:00:35.9492|0|INFO|Microsoft.Hosting.Lifetime|Hosting environment: Development |url: |action: 
2024-01-26 23:00:35.9492|0|INFO|Microsoft.Hosting.Lifetime|Content root path: D:\StepMaster\StepMaster |url: |action: 
2024-01-26 23:00:41.3076|3|WARN|Microsoft.AspNetCore.HttpsPolicy.HttpsRedirectionMiddleware|Failed to determine the https port for redirect. |url: http://localhost/api/Clan/GetAll|action: GetClans
2024-01-26 23:00:41.3768|0|DEBUG|Infrastructure.MongoDb.Repositories.Day_Repository|NLog is integrate to Day_Controler  |url: http://localhost/api/Clan/GetAll|action: GetClans
2024-01-26 23:01:27.5910|0|DEBUG|Infrastructure.MongoDb.Repositories.Day_Repository|NLog is integrate to Day_Controler  |url: http://localhost/api/Authorization/SendCode|action: SendCode
2024-01-26 23:01:27.6996|0|DEBUG|Infrastructure.MongoDb.Repositories.Day_Repository|NLog is integrate to Day_Controler  |url: http://localhost/api/Authorization/SendCode|action: SendCode
2024-01-26 23:01:29.7610|0|DEBUG|Infrastructure.MongoDb.Repositories.Day_Repository|NLog is integrate to Day_Controler  |url: http://localhost/api/Authorization/Registration|action: Registration
2024-01-26 23:01:30.0844|0|DEBUG|Infrastructure.MongoDb.Repositories.Day_Repository|NLog is integrate to Day_Controler  |url: http://localhost/api/Authorization/Auth|action: Auth
2024-01-26 23:01:30.0917|8|DEBUG|API.Auth.AuthBase.BasicAunteficationHandler|AuthenticationScheme: Basic was successfully authenticated. |url: http://localhost/api/Authorization/Auth|action: Auth
2024-01-26 23:01:30.1851|0|DEBUG|Infrastructure.MongoDb.Repositories.Day_Repository|NLog is integrate to Day_Controler  |url: http://localhost/api/Authorization/UpdateCookies|action: UpdateCookies
2024-01-26 23:01:30.2742|0|DEBUG|Infrastructure.MongoDb.Repositories.Day_Repository|NLog is integrate to Day_Controler  |url: http://localhost/api/Authorization/Registration|action: Registration
2024-01-26 23:01:30.3711|0|DEBUG|Infrastructure.MongoDb.Repositories.Day_Repository|NLog is integrate to Day_Controler  |url: http://localhost/api/Authorization/SendNewPassword|action: SendNewPassword
2024-01-26 23:01:32.0951|0|DEBUG|Infrastructure.MongoDb.Repositories.Day_Repository|NLog is integrate to Day_Controler  |url: http://localhost/api/Days/GetAllDayUser|action: GetAllDayUser
2024-01-26 23:01:32.5905|0|WARN|Infrastructure.MongoDb.Repositories.Day_Repository|GetCountDayMoreMax |url: http://localhost/api/Days/GetAllDayUser|action: GetAllDayUser
2024-01-26 23:01:32.5905|0|ERROR|Infrastructure.MongoDb.Repositories.Day_Repository|Sequence contains no elements |url: http://localhost/api/Days/GetAllDayUser|action: GetAllDayUser
2024-01-26 23:01:32.6679|0|WARN|Infrastructure.MongoDb.Repositories.Day_Repository|GetCountDayMoreMax |url: http://localhost/api/Days/GetAllDayUser|action: GetAllDayUser
2024-01-26 23:01:32.6679|0|ERROR|Infrastructure.MongoDb.Repositories.Day_Repository|Sequence contains no elements |url: http://localhost/api/Days/GetAllDayUser|action: GetAllDayUser
2024-01-26 23:01:32.7405|0|DEBUG|Infrastructure.MongoDb.Repositories.Day_Repository|NLog is integrate to Day_Controler  |url: http://localhost/api/Days/SetNewDay|action: SetNewDay
2024-01-26 23:01:32.8621|0|WARN|Infrastructure.MongoDb.Repositories.Day_Repository|GetCountDayMoreMax |url: http://localhost/api/Days/SetNewDay|action: SetNewDay
2024-01-26 23:01:32.8621|0|ERROR|Infrastructure.MongoDb.Repositories.Day_Repository|Sequence contains no elements |url: http://localhost/api/Days/SetNewDay|action: SetNewDay
2024-01-26 23:01:32.9016|0|WARN|Infrastructure.MongoDb.Repositories.Day_Repository|GetCountDayMoreMax |url: http://localhost/api/Days/SetNewDay|action: SetNewDay
2024-01-26 23:01:32.9016|0|ERROR|Infrastructure.MongoDb.Repositories.Day_Repository|Sequence contains no elements |url: http://localhost/api/Days/SetNewDay|action: SetNewDay
2024-01-26 23:01:33.0040|0|DEBUG|Infrastructure.MongoDb.Repositories.Day_Repository|NLog is integrate to Day_Controler  |url: http://localhost/api/Days/SetNewDay|action: SetNewDay
2024-01-26 23:01:33.1273|0|DEBUG|Infrastructure.MongoDb.Repositories.Day_Repository|NLog is integrate to Day_Controler  |url: http://localhost/api/Profile/GetUser|action: GetUser
2024-01-26 23:01:34.9582|0|WARN|Infrastructure.MongoDb.Repositories.Day_Repository|GetCountDayMoreMax |url: http://localhost/api/Profile/GetUser|action: GetUser
2024-01-26 23:01:34.9582|0|ERROR|Infrastructure.MongoDb.Repositories.Day_Repository|Sequence contains no elements |url: http://localhost/api/Profile/GetUser|action: GetUser
2024-01-26 23:01:34.9944|0|WARN|Infrastructure.MongoDb.Repositories.Day_Repository|GetCountDayMoreMax |url: http://localhost/api/Profile/GetUser|action: GetUser
2024-01-26 23:01:34.9957|0|ERROR|Infrastructure.MongoDb.Repositories.Day_Repository|Sequence contains no elements |url: http://localhost/api/Profile/GetUser|action: GetUser
2024-01-26 23:01:35.0930|0|DEBUG|Infrastructure.MongoDb.Repositories.Day_Repository|NLog is integrate to Day_Controler  |url: http://localhost/api/Profile/InsertAvatar|action: InsertAvatar
2024-01-26 23:01:35.1842|0|DEBUG|Infrastructure.MongoDb.Repositories.Day_Repository|NLog is integrate to Day_Controler  |url: http://localhost/api/Profile/EditUser|action: EditUser
2024-01-26 23:01:35.3247|0|DEBUG|Infrastructure.MongoDb.Repositories.Day_Repository|NLog is integrate to Day_Controler  |url: http://localhost/api/Profile/EditPassword|action: EditPassword
2024-01-26 23:01:35.4341|0|DEBUG|Infrastructure.MongoDb.Repositories.Day_Repository|NLog is integrate to Day_Controler  |url: http://localhost/api/Profile/EditPassword|action: EditPassword
2024-01-26 23:01:35.5280|0|DEBUG|Infrastructure.MongoDb.Repositories.Day_Repository|NLog is integrate to Day_Controler  |url: http://localhost/api/Profile/GetUser|action: GetUser
2024-01-26 23:01:35.7615|0|WARN|Infrastructure.MongoDb.Repositories.Day_Repository|GetCountDayMoreMax |url: http://localhost/api/Profile/GetUser|action: GetUser
2024-01-26 23:01:35.7615|0|ERROR|Infrastructure.MongoDb.Repositories.Day_Repository|Sequence contains no elements |url: http://localhost/api/Profile/GetUser|action: GetUser
2024-01-26 23:01:35.7940|0|WARN|Infrastructure.MongoDb.Repositories.Day_Repository|GetCountDayMoreMax |url: http://localhost/api/Profile/GetUser|action: GetUser
2024-01-26 23:01:35.7940|0|ERROR|Infrastructure.MongoDb.Repositories.Day_Repository|Sequence contains no elements |url: http://localhost/api/Profile/GetUser|action: GetUser
2024-01-26 23:01:35.8857|0|DEBUG|Infrastructure.MongoDb.Repositories.Day_Repository|NLog is integrate to Day_Controler  |url: http://localhost/api/Profile/SetSelectedTitle|action: SetSelectedTitles
2024-01-26 23:01:35.9759|0|DEBUG|Infrastructure.MongoDb.Repositories.Day_Repository|NLog is integrate to Day_Controler  |url: http://localhost/api/Title/GetTitles|action: GetTitles
2024-01-26 23:01:37.3254|0|WARN|Infrastructure.MongoDb.Repositories.Day_Repository|GetCountDayMoreMax |url: http://localhost/api/Title/GetTitles|action: GetTitles
2024-01-26 23:01:37.3254|0|ERROR|Infrastructure.MongoDb.Repositories.Day_Repository|Sequence contains no elements |url: http://localhost/api/Title/GetTitles|action: GetTitles
2024-01-26 23:01:37.3478|0|WARN|Infrastructure.MongoDb.Repositories.Day_Repository|GetCountDayMoreMax |url: http://localhost/api/Title/GetTitles|action: GetTitles
2024-01-26 23:01:37.3478|0|ERROR|Infrastructure.MongoDb.Repositories.Day_Repository|Sequence contains no elements |url: http://localhost/api/Title/GetTitles|action: GetTitles
2024-01-26 23:01:37.3695|0|WARN|Infrastructure.MongoDb.Repositories.Day_Repository|GetCountDayMoreMax |url: http://localhost/api/Title/GetTitles|action: GetTitles
2024-01-26 23:01:37.3711|0|ERROR|Infrastructure.MongoDb.Repositories.Day_Repository|Sequence contains no elements |url: http://localhost/api/Title/GetTitles|action: GetTitles
2024-01-26 23:01:37.3936|0|WARN|Infrastructure.MongoDb.Repositories.Day_Repository|GetCountDayMoreMax |url: http://localhost/api/Title/GetTitles|action: GetTitles
2024-01-26 23:01:37.3936|0|ERROR|Infrastructure.MongoDb.Repositories.Day_Repository|Sequence contains no elements |url: http://localhost/api/Title/GetTitles|action: GetTitles
2024-01-26 23:01:37.4163|0|WARN|Infrastructure.MongoDb.Repositories.Day_Repository|GetCountDayMoreMax |url: http://localhost/api/Title/GetTitles|action: GetTitles
2024-01-26 23:01:37.4175|0|ERROR|Infrastructure.MongoDb.Repositories.Day_Repository|Sequence contains no elements |url: http://localhost/api/Title/GetTitles|action: GetTitles
2024-01-26 23:01:37.4371|0|WARN|Infrastructure.MongoDb.Repositories.Day_Repository|GetCountDayMoreMax |url: http://localhost/api/Title/GetTitles|action: GetTitles
2024-01-26 23:01:37.4371|0|ERROR|Infrastructure.MongoDb.Repositories.Day_Repository|Sequence contains no elements |url: http://localhost/api/Title/GetTitles|action: GetTitles
2024-01-26 23:01:37.4581|0|WARN|Infrastructure.MongoDb.Repositories.Day_Repository|GetCountDayMoreMax |url: http://localhost/api/Title/GetTitles|action: GetTitles
2024-01-26 23:01:37.4581|0|ERROR|Infrastructure.MongoDb.Repositories.Day_Repository|Sequence contains no elements |url: http://localhost/api/Title/GetTitles|action: GetTitles
2024-01-26 23:01:37.4792|0|WARN|Infrastructure.MongoDb.Repositories.Day_Repository|GetCountDayMoreMax |url: http://localhost/api/Title/GetTitles|action: GetTitles
2024-01-26 23:01:37.4792|0|ERROR|Infrastructure.MongoDb.Repositories.Day_Repository|Sequence contains no elements |url: http://localhost/api/Title/GetTitles|action: GetTitles
2024-01-26 23:01:37.4999|0|WARN|Infrastructure.MongoDb.Repositories.Day_Repository|GetCountDayMoreMax |url: http://localhost/api/Title/GetTitles|action: GetTitles
2024-01-26 23:01:37.4999|0|ERROR|Infrastructure.MongoDb.Repositories.Day_Repository|Sequence contains no elements |url: http://localhost/api/Title/GetTitles|action: GetTitles
2024-01-26 23:01:37.5207|0|WARN|Infrastructure.MongoDb.Repositories.Day_Repository|GetCountDayMoreMax |url: http://localhost/api/Title/GetTitles|action: GetTitles
2024-01-26 23:01:37.5207|0|ERROR|Infrastructure.MongoDb.Repositories.Day_Repository|Sequence contains no elements |url: http://localhost/api/Title/GetTitles|action: GetTitles
2024-01-26 23:01:37.5424|0|WARN|Infrastructure.MongoDb.Repositories.Day_Repository|GetCountDayMoreMax |url: http://localhost/api/Title/GetTitles|action: GetTitles
2024-01-26 23:01:37.5424|0|ERROR|Infrastructure.MongoDb.Repositories.Day_Repository|Sequence contains no elements |url: http://localhost/api/Title/GetTitles|action: GetTitles
2024-01-26 23:01:37.5645|0|WARN|Infrastructure.MongoDb.Repositories.Day_Repository|GetCountDayMoreMax |url: http://localhost/api/Title/GetTitles|action: GetTitles
2024-01-26 23:01:37.5645|0|ERROR|Infrastructure.MongoDb.Repositories.Day_Repository|Sequence contains no elements |url: http://localhost/api/Title/GetTitles|action: GetTitles
2024-01-26 23:01:37.5854|0|WARN|Infrastructure.MongoDb.Repositories.Day_Repository|GetCountDayMoreMax |url: http://localhost/api/Title/GetTitles|action: GetTitles
2024-01-26 23:01:37.5854|0|ERROR|Infrastructure.MongoDb.Repositories.Day_Repository|Sequence contains no elements |url: http://localhost/api/Title/GetTitles|action: GetTitles
2024-01-26 23:01:37.6067|0|WARN|Infrastructure.MongoDb.Repositories.Day_Repository|GetCountDayMoreMax |url: http://localhost/api/Title/GetTitles|action: GetTitles
2024-01-26 23:01:37.6067|0|ERROR|Infrastructure.MongoDb.Repositories.Day_Repository|Sequence contains no elements |url: http://localhost/api/Title/GetTitles|action: GetTitles
2024-01-26 23:01:37.6275|0|WARN|Infrastructure.MongoDb.Repositories.Day_Repository|GetCountDayMoreMax |url: http://localhost/api/Title/GetTitles|action: GetTitles
2024-01-26 23:01:37.6275|0|ERROR|Infrastructure.MongoDb.Repositories.Day_Repository|Sequence contains no elements |url: http://localhost/api/Title/GetTitles|action: GetTitles
2024-01-26 23:01:37.6472|0|WARN|Infrastructure.MongoDb.Repositories.Day_Repository|GetCountDayMoreMax |url: http://localhost/api/Title/GetTitles|action: GetTitles
2024-01-26 23:01:37.6472|0|ERROR|Infrastructure.MongoDb.Repositories.Day_Repository|Sequence contains no elements |url: http://localhost/api/Title/GetTitles|action: GetTitles
2024-01-26 23:01:37.6672|0|WARN|Infrastructure.MongoDb.Repositories.Day_Repository|GetCountDayMoreMax |url: http://localhost/api/Title/GetTitles|action: GetTitles
2024-01-26 23:01:37.6684|0|ERROR|Infrastructure.MongoDb.Repositories.Day_Repository|Sequence contains no elements |url: http://localhost/api/Title/GetTitles|action: GetTitles
2024-01-26 23:01:37.6881|0|WARN|Infrastructure.MongoDb.Repositories.Day_Repository|GetCountDayMoreMax |url: http://localhost/api/Title/GetTitles|action: GetTitles
2024-01-26 23:01:37.6881|0|ERROR|Infrastructure.MongoDb.Repositories.Day_Repository|Sequence contains no elements |url: http://localhost/api/Title/GetTitles|action: GetTitles
2024-01-26 23:01:37.7084|0|WARN|Infrastructure.MongoDb.Repositories.Day_Repository|GetCountDayMoreMax |url: http://localhost/api/Title/GetTitles|action: GetTitles
2024-01-26 23:01:37.7084|0|ERROR|Infrastructure.MongoDb.Repositories.Day_Repository|Sequence contains no elements |url: http://localhost/api/Title/GetTitles|action: GetTitles
2024-01-26 23:01:37.7289|0|WARN|Infrastructure.MongoDb.Repositories.Day_Repository|GetCountDayMoreMax |url: http://localhost/api/Title/GetTitles|action: GetTitles
2024-01-26 23:01:37.7302|0|ERROR|Infrastructure.MongoDb.Repositories.Day_Repository|Sequence contains no elements |url: http://localhost/api/Title/GetTitles|action: GetTitles
2024-01-26 23:01:37.7503|0|WARN|Infrastructure.MongoDb.Repositories.Day_Repository|GetCountDayMoreMax |url: http://localhost/api/Title/GetTitles|action: GetTitles
2024-01-26 23:01:37.7503|0|ERROR|Infrastructure.MongoDb.Repositories.Day_Repository|Sequence contains no elements |url: http://localhost/api/Title/GetTitles|action: GetTitles
2024-01-26 23:01:37.7730|0|WARN|Infrastructure.MongoDb.Repositories.Day_Repository|GetCountDayMoreMax |url: http://localhost/api/Title/GetTitles|action: GetTitles
2024-01-26 23:01:37.7730|0|ERROR|Infrastructure.MongoDb.Repositories.Day_Repository|Sequence contains no elements |url: http://localhost/api/Title/GetTitles|action: GetTitles
2024-01-26 23:01:37.8593|0|DEBUG|Infrastructure.MongoDb.Repositories.Day_Repository|NLog is integrate to Day_Controler  |url: http://localhost/api/Clan/GetClanById|action: GetClanById
2024-01-26 23:01:38.0422|0|DEBUG|Infrastructure.MongoDb.Repositories.Day_Repository|NLog is integrate to Day_Controler  |url: http://localhost/api/Clan/GetAll|action: GetClans
2024-01-26 23:01:40.8099|0|ERROR|Infrastructure.MongoDb.Repositories.Day_Repository|Region Not Found in GetRegionById |url: http://localhost/api/Clan/GetAll|action: GetClans
2024-01-26 23:01:40.9748|0|DEBUG|Infrastructure.MongoDb.Repositories.Day_Repository|NLog is integrate to Day_Controler  |url: http://localhost/api/Clan/GetAll|action: GetClans
2024-01-26 23:01:40.9748|0|ERROR|Infrastructure.MongoDb.Repositories.Day_Repository|Region Not Found in GetRegionById |url: http://localhost/api/Clan/GetAll|action: GetClans
2024-01-26 23:01:41.1333|0|DEBUG|Infrastructure.MongoDb.Repositories.Day_Repository|NLog is integrate to Day_Controler  |url: http://localhost/api/Clan/GetAll|action: GetClans
2024-01-26 23:01:41.1362|0|ERROR|Infrastructure.MongoDb.Repositories.Day_Repository|Region Not Found in GetRegionById |url: http://localhost/api/Clan/GetAll|action: GetClans
2024-01-26 23:01:41.2756|0|DEBUG|Infrastructure.MongoDb.Repositories.Day_Repository|NLog is integrate to Day_Controler  |url: http://localhost/api/Clan/GetAll|action: GetClans
2024-01-26 23:01:41.2765|0|ERROR|Infrastructure.MongoDb.Repositories.Day_Repository|Region Not Found in GetRegionById |url: http://localhost/api/Clan/GetAll|action: GetClans
2024-01-26 23:01:41.4336|0|DEBUG|Infrastructure.MongoDb.Repositories.Day_Repository|NLog is integrate to Day_Controler  |url: http://localhost/api/Clan/CreateClan|action: CreateNewClan
2024-01-26 23:01:41.4336|0|ERROR|Infrastructure.MongoDb.Repositories.Day_Repository|Region Not Found in GetRegionById |url: http://localhost/api/Clan/CreateClan|action: CreateNewClan
2024-01-26 23:01:41.7463|0|DEBUG|Infrastructure.MongoDb.Repositories.Day_Repository|NLog is integrate to Day_Controler  |url: http://localhost/api/Clan/KickOutUser|action: KickOutUser
2024-01-26 23:01:41.8548|0|DEBUG|Infrastructure.MongoDb.Repositories.Day_Repository|NLog is integrate to Day_Controler  |url: http://localhost/api/Clan/DeleteClan|action: DeleteClan
2024-01-26 23:01:41.8838|0|ERROR|Infrastructure.MongoDb.Repositories.Day_Repository|One or more errors occurred. ('65b3373096673c6e8b0f05b' is not a valid 24 digit hex string.) |url: http://localhost/api/Clan/DeleteClan|action: DeleteClan
2024-01-26 23:01:42.0268|0|DEBUG|Infrastructure.MongoDb.Repositories.Day_Repository|NLog is integrate to Day_Controler  |url: http://localhost/api/Authorization/LogOut|action: Logout
2024-01-26 23:01:42.1224|0|DEBUG|Infrastructure.MongoDb.Repositories.Day_Repository|NLog is integrate to Day_Controler  |url: http://localhost/api/Authorization/DeleteUser|action: DeleteUser
2024-01-26 23:03:05.8873|0|DEBUG|Infrastructure.MongoDb.Repositories.Day_Repository|NLog is integrate to Day_Controler  |url: http://localhost/api/Authorization/Auth|action: Auth
2024-01-26 23:03:06.0048|1|ERROR|Microsoft.AspNetCore.Diagnostics.DeveloperExceptionPageMiddleware|An unhandled exception has occurred while executing the request. System.Net.Http.HttpRequestException: 404 Not Found
   at Infrastructure.MongoDb.Repositories.User_Repository.GetObjectBy(String email) in D:\StepMaster\Infrastructure\MongoDb\Repositories\User_Repository.cs:line 105
   at StepMaster.Services.ForDb.Repositories.User_Service.GetByLoginAsync(String email) in D:\StepMaster\DAL\Services\Entity\Realization_Services\User_Service.cs:line 29|url: http://localhost/api/Authorization/Auth|action: Auth
2024-01-26 23:03:13.1539|0|DEBUG|Infrastructure.MongoDb.Repositories.Day_Repository|NLog is integrate to Day_Controler  |url: http://localhost/api/Authorization/Auth|action: Auth
2024-01-26 23:03:13.1539|8|DEBUG|API.Auth.AuthBase.BasicAunteficationHandler|AuthenticationScheme: Basic was successfully authenticated. |url: http://localhost/api/Authorization/Auth|action: Auth
2024-01-26 23:03:28.9296|0|DEBUG|Infrastructure.MongoDb.Repositories.Day_Repository|NLog is integrate to Day_Controler  |url: http://localhost/api/Profile/GetUserByEmail|action: GetUserByEmail
