2024-01-27 20:12:01.7527|0|INFO|StepMaster.Program|Process start |url: |action: 
2024-01-27 20:12:03.1341|14|INFO|Microsoft.Hosting.Lifetime|Now listening on: http://localhost:5016 |url: |action: 
2024-01-27 20:12:03.1377|0|INFO|Microsoft.Hosting.Lifetime|Application started. Press Ctrl+C to shut down. |url: |action: 
2024-01-27 20:12:03.1377|0|INFO|Microsoft.Hosting.Lifetime|Hosting environment: Development |url: |action: 
2024-01-27 20:12:03.1377|0|INFO|Microsoft.Hosting.Lifetime|Content root path: D:\StepMaster\StepMaster |url: |action: 
2024-01-27 20:12:44.4972|3|WARN|Microsoft.AspNetCore.HttpsPolicy.HttpsRedirectionMiddleware|Failed to determine the https port for redirect. |url: http://localhost/api/Authorization/Auth|action: Auth
2024-01-27 20:12:44.5427|0|DEBUG|Infrastructure.MongoDb.Repositories.Day_Repository|NLog is integrate to Day_Controler  |url: http://localhost/api/Authorization/Auth|action: Auth
2024-01-27 20:13:14.6989|0|ERROR|Infrastructure.MongoDb.Repositories.User_Repository|One or more errors occurred. (A timeout occurred after 30000ms selecting a server using CompositeServerSelector{ Selectors = ReadPreferenceServerSelector{ ReadPreference = { Mode : Primary } }, LatencyLimitingServerSelector{ AllowedLatencyRange = 00:00:00.0150000 }, OperationsCountServerSelector }. Client view of cluster state is { ClusterId : "1", Type : "Unknown", State : "Disconnected", Servers : [{ ServerId: "{ ClusterId : 1, EndPoint : "Unspecified/localhost:27017" }", EndPoint: "Unspecified/localhost:27017", ReasonChanged: "Heartbeat", State: "Disconnected", ServerVersion: , TopologyVersion: , Type: "Unknown", HeartbeatException: "MongoDB.Driver.MongoConnectionException: An exception occurred while opening a connection to the server.
 ---> MongoDB.Driver.MongoConnectionException: An exception occurred while receiving a message from the server.
 ---> System.IO.EndOfStreamException: Attempted to read past the end of the stream.
   at MongoDB.Driver.Core.Misc.StreamExtensionMethods.ReadBytes(Stream stream, Byte[] buffer, Int32 offset, Int32 count, CancellationToken cancellationToken)
   at MongoDB.Driver.Core.Connections.BinaryConnection.ReceiveBuffer(CancellationToken cancellationToken)
   --- End of inner exception stack trace ---
   at MongoDB.Driver.Core.Connections.BinaryConnection.ReceiveBuffer(CancellationToken cancellationToken)
   at MongoDB.Driver.Core.Connections.BinaryConnection.ReceiveBuffer(Int32 responseTo, CancellationToken cancellationToken)
--- End of stack trace from previous location ---
   at MongoDB.Driver.Core.Connections.BinaryConnection.Dropbox.RemoveMessage(Int32 responseTo)
   at MongoDB.Driver.Core.Connections.BinaryConnection.ReceiveBuffer(Int32 responseTo, CancellationToken cancellationToken)
   at MongoDB.Driver.Core.Connections.BinaryConnection.ReceiveMessage(Int32 responseTo, IMessageEncoderSelector encoderSelector, MessageEncoderSettings messageEncoderSettings, CancellationToken cancellationToken)
   at MongoDB.Driver.Core.WireProtocol.CommandUsingQueryMessageWireProtocol`1.Execute(IConnection connection, CancellationToken cancellationToken)
   at MongoDB.Driver.Core.WireProtocol.CommandWireProtocol`1.Execute(IConnection connection, CancellationToken cancellationToken)
   at MongoDB.Driver.Core.Connections.HelloHelper.GetResult(IConnection connection, CommandWireProtocol`1 helloProtocol, CancellationToken cancellationToken)
   at MongoDB.Driver.Core.Connections.ConnectionInitializer.SendHello(IConnection connection, CancellationToken cancellationToken)
   at MongoDB.Driver.Core.Connections.BinaryConnection.OpenHelper(CancellationToken cancellationToken)
   --- End of inner exception stack trace ---
   at MongoDB.Driver.Core.Connections.BinaryConnection.OpenHelper(CancellationToken cancellationToken)
   at MongoDB.Driver.Core.Connections.BinaryConnection.Open(CancellationToken cancellationToken)
   at MongoDB.Driver.Core.Servers.ServerMonitor.InitializeConnection(CancellationToken cancellationToken)
   at MongoDB.Driver.Core.Servers.ServerMonitor.Heartbeat(CancellationToken cancellationToken)", LastHeartbeatTimestamp: "2024-01-27T13:13:14.1322172Z", LastUpdateTimestamp: "2024-01-27T13:13:14.1322181Z" }] }.) |url: http://localhost/api/Authorization/Auth|action: Auth
2024-01-27 20:13:14.7708|1|ERROR|Microsoft.AspNetCore.Diagnostics.DeveloperExceptionPageMiddleware|An unhandled exception has occurred while executing the request. System.Net.Http.HttpRequestException: 500 Shit happens
   at Infrastructure.MongoDb.Repositories.User_Repository.GetObjectBy(String email) in D:\StepMaster\Infrastructure\MongoDb\Repositories\User_Repository.cs:line 108
   at StepMaster.Services.ForDb.Repositories.User_Service.GetByLoginAsync(String email) in D:\StepMaster\DAL\Services\Entity\Realization_Services\User_Service.cs:line 29|url: http://localhost/api/Authorization/Auth|action: Auth
2024-01-27 20:15:14.7152|0|DEBUG|Infrastructure.MongoDb.Repositories.Day_Repository|NLog is integrate to Day_Controler  |url: http://localhost/api/Authorization/Auth|action: Auth
2024-01-27 20:15:14.8355|8|DEBUG|API.Auth.AuthBase.BasicAunteficationHandler|AuthenticationScheme: Basic was successfully authenticated. |url: http://localhost/api/Authorization/Auth|action: Auth
2024-01-27 20:15:33.3404|0|DEBUG|Infrastructure.MongoDb.Repositories.Day_Repository|NLog is integrate to Day_Controler  |url: http://localhost/api/Authorization/Auth|action: Auth
2024-01-27 20:15:33.3404|8|DEBUG|API.Auth.AuthBase.BasicAunteficationHandler|AuthenticationScheme: Basic was successfully authenticated. |url: http://localhost/api/Authorization/Auth|action: Auth
2024-01-27 20:15:34.5147|0|DEBUG|Infrastructure.MongoDb.Repositories.Day_Repository|NLog is integrate to Day_Controler  |url: http://localhost/api/Authorization/Auth|action: Auth
2024-01-27 20:15:34.5147|8|DEBUG|API.Auth.AuthBase.BasicAunteficationHandler|AuthenticationScheme: Basic was successfully authenticated. |url: http://localhost/api/Authorization/Auth|action: Auth
2024-01-27 20:15:45.0426|0|DEBUG|Infrastructure.MongoDb.Repositories.Day_Repository|NLog is integrate to Day_Controler  |url: http://localhost/api/Authorization/Auth|action: Auth
2024-01-27 20:15:48.9176|1|ERROR|Microsoft.AspNetCore.Diagnostics.DeveloperExceptionPageMiddleware|An unhandled exception has occurred while executing the request. System.Net.Http.HttpRequestException: 404 Not Found
   at Infrastructure.MongoDb.Repositories.User_Repository.GetObjectBy(String email) in D:\StepMaster\Infrastructure\MongoDb\Repositories\User_Repository.cs:line 105
   at StepMaster.Services.ForDb.Repositories.User_Service.GetByLoginAsync(String email) in D:\StepMaster\DAL\Services\Entity\Realization_Services\User_Service.cs:line 29|url: http://localhost/api/Authorization/Auth|action: Auth
2024-01-27 20:15:51.8494|0|DEBUG|Infrastructure.MongoDb.Repositories.Day_Repository|NLog is integrate to Day_Controler  |url: http://localhost/api/Authorization/Auth|action: Auth
2024-01-27 20:16:25.2506|0|INFO|StepMaster.Program|Process start |url: |action: 
2024-01-27 20:16:25.8227|14|INFO|Microsoft.Hosting.Lifetime|Now listening on: http://localhost:5016 |url: |action: 
2024-01-27 20:16:25.8270|0|INFO|Microsoft.Hosting.Lifetime|Application started. Press Ctrl+C to shut down. |url: |action: 
2024-01-27 20:16:25.8270|0|INFO|Microsoft.Hosting.Lifetime|Hosting environment: Development |url: |action: 
2024-01-27 20:16:25.8270|0|INFO|Microsoft.Hosting.Lifetime|Content root path: D:\StepMaster\StepMaster |url: |action: 
2024-01-27 20:16:33.2363|3|WARN|Microsoft.AspNetCore.HttpsPolicy.HttpsRedirectionMiddleware|Failed to determine the https port for redirect. |url: http://localhost/api/Authorization/Auth|action: Auth
2024-01-27 20:16:33.2720|0|DEBUG|Infrastructure.MongoDb.Repositories.Day_Repository|NLog is integrate to Day_Controler  |url: http://localhost/api/Authorization/Auth|action: Auth
2024-01-27 20:17:05.0133|0|DEBUG|Infrastructure.MongoDb.Repositories.Day_Repository|NLog is integrate to Day_Controler  |url: http://localhost/api/Authorization/Auth|action: Auth
2024-01-27 21:46:22.4659|0|INFO|StepMaster.Program|Process start |url: |action: 
2024-01-27 21:46:23.0744|14|INFO|Microsoft.Hosting.Lifetime|Now listening on: http://localhost:5016 |url: |action: 
2024-01-27 21:46:23.0744|0|INFO|Microsoft.Hosting.Lifetime|Application started. Press Ctrl+C to shut down. |url: |action: 
2024-01-27 21:46:23.0744|0|INFO|Microsoft.Hosting.Lifetime|Hosting environment: Development |url: |action: 
2024-01-27 21:46:23.0744|0|INFO|Microsoft.Hosting.Lifetime|Content root path: D:\StepMaster\StepMaster |url: |action: 
2024-01-27 21:47:39.2478|3|WARN|Microsoft.AspNetCore.HttpsPolicy.HttpsRedirectionMiddleware|Failed to determine the https port for redirect. |url: http://localhost/api/Clan/GetClanById|action: GetClanById
2024-01-27 21:47:48.4834|0|DEBUG|Infrastructure.MongoDb.Repositories.Day_Repository|NLog is integrate to Day_Controler  |url: http://localhost/api/Authorization/Auth|action: Auth
2024-01-27 21:48:07.4369|0|INFO|StepMaster.Program|Process start |url: |action: 
2024-01-27 21:48:08.1219|14|INFO|Microsoft.Hosting.Lifetime|Now listening on: http://localhost:5016 |url: |action: 
2024-01-27 21:48:08.1219|0|INFO|Microsoft.Hosting.Lifetime|Application started. Press Ctrl+C to shut down. |url: |action: 
2024-01-27 21:48:08.1219|0|INFO|Microsoft.Hosting.Lifetime|Hosting environment: Development |url: |action: 
2024-01-27 21:48:08.1219|0|INFO|Microsoft.Hosting.Lifetime|Content root path: D:\StepMaster\StepMaster |url: |action: 
2024-01-27 21:48:13.2935|3|WARN|Microsoft.AspNetCore.HttpsPolicy.HttpsRedirectionMiddleware|Failed to determine the https port for redirect. |url: http://localhost/api/Authorization/Auth|action: Auth
2024-01-27 21:48:13.3419|0|DEBUG|Infrastructure.MongoDb.Repositories.Day_Repository|NLog is integrate to Day_Controler  |url: http://localhost/api/Authorization/Auth|action: Auth
2024-01-27 21:48:25.7809|0|DEBUG|Infrastructure.MongoDb.Repositories.Day_Repository|NLog is integrate to Day_Controler  |url: http://localhost/api/Authorization/Auth|action: Auth
2024-01-27 21:48:32.1924|0|DEBUG|Infrastructure.MongoDb.Repositories.Day_Repository|NLog is integrate to Day_Controler  |url: http://localhost/api/Authorization/Auth|action: Auth
2024-01-27 21:48:32.2144|8|DEBUG|API.Auth.AuthBase.BasicAunteficationHandler|AuthenticationScheme: Basic was successfully authenticated. |url: http://localhost/api/Authorization/Auth|action: Auth
2024-01-27 21:48:37.1117|0|DEBUG|Infrastructure.MongoDb.Repositories.Day_Repository|NLog is integrate to Day_Controler  |url: http://localhost/api/Clan/GetClanById|action: GetClanById
2024-01-27 21:59:48.7460|0|INFO|StepMaster.Program|Process start |url: |action: 
2024-01-27 21:59:49.4774|14|INFO|Microsoft.Hosting.Lifetime|Now listening on: http://localhost:5016 |url: |action: 
2024-01-27 21:59:49.4825|0|INFO|Microsoft.Hosting.Lifetime|Application started. Press Ctrl+C to shut down. |url: |action: 
2024-01-27 21:59:49.4825|0|INFO|Microsoft.Hosting.Lifetime|Hosting environment: Development |url: |action: 
2024-01-27 21:59:49.4825|0|INFO|Microsoft.Hosting.Lifetime|Content root path: D:\StepMaster\StepMaster |url: |action: 
2024-01-27 22:00:02.3712|3|WARN|Microsoft.AspNetCore.HttpsPolicy.HttpsRedirectionMiddleware|Failed to determine the https port for redirect. |url: http://localhost/api/Authorization/Auth|action: Auth
2024-01-27 22:00:02.4268|0|DEBUG|Infrastructure.MongoDb.Repositories.Day_Repository|NLog is integrate to Day_Controler  |url: http://localhost/api/Authorization/Auth|action: Auth
2024-01-27 22:00:02.5813|8|DEBUG|API.Auth.AuthBase.BasicAunteficationHandler|AuthenticationScheme: Basic was successfully authenticated. |url: http://localhost/api/Authorization/Auth|action: Auth
2024-01-27 22:00:19.7618|0|DEBUG|Infrastructure.MongoDb.Repositories.Day_Repository|NLog is integrate to Day_Controler  |url: http://localhost/api/Clan/GetClanById|action: GetClanById
2024-01-27 22:00:19.8553|0|ERROR|Infrastructure.MongoDb.Repositories.Day_Repository|One or more errors occurred. (An error occurred while deserializing the DataCreate property of class Domain.Entity.Main.Clan: Invalid element: '$date'.) |url: http://localhost/api/Clan/GetClanById|action: GetClanById
2024-01-27 22:00:33.0046|0|DEBUG|Infrastructure.MongoDb.Repositories.Day_Repository|NLog is integrate to Day_Controler  |url: http://localhost/api/Clan/GetClanById|action: GetClanById
2024-01-27 22:01:40.5004|0|INFO|StepMaster.Program|Process start |url: |action: 
2024-01-27 22:01:41.2529|14|INFO|Microsoft.Hosting.Lifetime|Now listening on: http://localhost:5016 |url: |action: 
2024-01-27 22:01:41.2529|0|INFO|Microsoft.Hosting.Lifetime|Application started. Press Ctrl+C to shut down. |url: |action: 
2024-01-27 22:01:41.2529|0|INFO|Microsoft.Hosting.Lifetime|Hosting environment: Development |url: |action: 
2024-01-27 22:01:41.2639|0|INFO|Microsoft.Hosting.Lifetime|Content root path: D:\StepMaster\StepMaster |url: |action: 
2024-01-27 22:01:46.1222|3|WARN|Microsoft.AspNetCore.HttpsPolicy.HttpsRedirectionMiddleware|Failed to determine the https port for redirect. |url: http://localhost/api/Clan/CreateClan|action: CreateNewClan
2024-01-27 22:01:46.1917|0|DEBUG|Infrastructure.MongoDb.Repositories.Day_Repository|NLog is integrate to Day_Controler  |url: http://localhost/api/Clan/CreateClan|action: CreateNewClan
2024-01-27 22:02:20.5316|0|DEBUG|Infrastructure.MongoDb.Repositories.Day_Repository|NLog is integrate to Day_Controler  |url: http://localhost/api/Clan/GetClanById|action: GetClanById
2024-01-27 22:03:45.7306|0|DEBUG|Infrastructure.MongoDb.Repositories.Day_Repository|NLog is integrate to Day_Controler  |url: http://localhost/api/Clan/GetClanById|action: GetClanById
2024-01-27 22:05:15.8719|0|INFO|StepMaster.Program|Process start |url: |action: 
2024-01-27 22:05:16.7783|14|INFO|Microsoft.Hosting.Lifetime|Now listening on: http://localhost:5016 |url: |action: 
2024-01-27 22:05:16.7783|0|INFO|Microsoft.Hosting.Lifetime|Application started. Press Ctrl+C to shut down. |url: |action: 
2024-01-27 22:05:16.7783|0|INFO|Microsoft.Hosting.Lifetime|Hosting environment: Development |url: |action: 
2024-01-27 22:05:16.7783|0|INFO|Microsoft.Hosting.Lifetime|Content root path: D:\StepMaster\StepMaster |url: |action: 
2024-01-27 22:05:22.8869|3|WARN|Microsoft.AspNetCore.HttpsPolicy.HttpsRedirectionMiddleware|Failed to determine the https port for redirect. |url: http://localhost/api/Clan/GetClanById|action: GetClanById
2024-01-27 22:05:22.9563|0|DEBUG|Infrastructure.MongoDb.Repositories.Day_Repository|NLog is integrate to Day_Controler  |url: http://localhost/api/Clan/GetClanById|action: GetClanById
2024-01-27 22:09:45.6027|0|ERROR|Infrastructure.MongoDb.Repositories.Day_Repository|One or more errors occurred. (An error occurred while deserializing the DataCreate property of class Domain.Entity.Main.Clan: Invalid element: '$date'.) |url: http://localhost/api/Clan/GetClanById|action: GetClanById
2024-01-27 22:09:48.0627|0|DEBUG|Infrastructure.MongoDb.Repositories.Day_Repository|NLog is integrate to Day_Controler  |url: http://localhost/api/Clan/GetClanById|action: GetClanById
2024-01-27 22:28:25.0354|0|INFO|StepMaster.Program|Process start |url: |action: 
2024-01-27 22:28:25.8124|14|INFO|Microsoft.Hosting.Lifetime|Now listening on: http://localhost:5016 |url: |action: 
2024-01-27 22:28:25.8124|0|INFO|Microsoft.Hosting.Lifetime|Application started. Press Ctrl+C to shut down. |url: |action: 
2024-01-27 22:28:25.8245|0|INFO|Microsoft.Hosting.Lifetime|Hosting environment: Development |url: |action: 
2024-01-27 22:28:25.8245|0|INFO|Microsoft.Hosting.Lifetime|Content root path: D:\StepMaster\StepMaster |url: |action: 
2024-01-27 22:28:34.0281|3|WARN|Microsoft.AspNetCore.HttpsPolicy.HttpsRedirectionMiddleware|Failed to determine the https port for redirect. |url: http://localhost/api/Clan/GetClanById|action: GetClanById
2024-01-27 22:28:34.0959|0|DEBUG|Infrastructure.MongoDb.Repositories.Day_Repository|NLog is integrate to Day_Controler  |url: http://localhost/api/Clan/GetClanById|action: GetClanById
