2024-02-24 16:44:09.7584|0|INFO|StepMaster.Program|Process start |url: |action: 
2024-02-24 16:44:50.8411|0|INFO|StepMaster.Program|Process start |url: |action: 
2024-02-24 16:45:32.6571|0|INFO|StepMaster.Program|Process start |url: |action: 
2024-02-24 16:45:33.5950|14|INFO|Microsoft.Hosting.Lifetime|Now listening on: http://localhost:5016 |url: |action: 
2024-02-24 16:45:33.6014|0|INFO|Microsoft.Hosting.Lifetime|Application started. Press Ctrl+C to shut down. |url: |action: 
2024-02-24 16:45:33.6014|0|INFO|Microsoft.Hosting.Lifetime|Hosting environment: Development |url: |action: 
2024-02-24 16:45:33.6014|0|INFO|Microsoft.Hosting.Lifetime|Content root path: D:\StepMaster\StepMaster |url: |action: 
2024-02-24 16:45:37.7782|0|DEBUG|Infrastructure.MongoDb.Repositories.Day_Repository|NLog is integrate to Day_Controler  |url: http://localhost/swagger|action: 
2024-02-24 16:45:37.8054|0|DEBUG|Infrastructure.MongoDb.Repositories.Day_Repository|NLog is integrate to Day_Controler  |url: http://localhost/swagger/index.html|action: 
2024-02-24 16:45:37.8995|0|DEBUG|Infrastructure.MongoDb.Repositories.Day_Repository|NLog is integrate to Day_Controler  |url: http://localhost/swagger/swagger-ui-bundle.js|action: 
2024-02-24 16:45:37.8995|0|DEBUG|Infrastructure.MongoDb.Repositories.Day_Repository|NLog is integrate to Day_Controler  |url: http://localhost/swagger/swagger-ui-standalone-preset.js|action: 
2024-02-24 16:45:37.9144|0|DEBUG|Infrastructure.MongoDb.Repositories.Day_Repository|NLog is integrate to Day_Controler  |url: http://localhost/swagger/swagger-ui.css|action: 
2024-02-24 16:45:38.1282|0|DEBUG|Infrastructure.MongoDb.Repositories.Day_Repository|NLog is integrate to Day_Controler  |url: http://localhost/swagger/favicon-32x32.png|action: 
2024-02-24 18:58:55.1441|0|INFO|StepMaster.Program|Process start |url: |action: 
2024-02-24 18:58:55.7960|14|INFO|Microsoft.Hosting.Lifetime|Now listening on: http://localhost:5016 |url: |action: 
2024-02-24 18:58:55.7960|0|INFO|Microsoft.Hosting.Lifetime|Application started. Press Ctrl+C to shut down. |url: |action: 
2024-02-24 18:58:55.7960|0|INFO|Microsoft.Hosting.Lifetime|Hosting environment: Development |url: |action: 
2024-02-24 18:58:55.8051|0|INFO|Microsoft.Hosting.Lifetime|Content root path: D:\StepMaster\StepMaster |url: |action: 
2024-02-24 18:58:59.5433|0|DEBUG|Infrastructure.MongoDb.Repositories.Day_Repository|NLog is integrate to Day_Controler  |url: http://localhost/swagger/index.html|action: 
2024-02-24 19:09:08.1892|0|INFO|StepMaster.Program|Process start |url: |action: 
2024-02-24 19:09:08.8945|14|INFO|Microsoft.Hosting.Lifetime|Now listening on: http://localhost:5016 |url: |action: 
2024-02-24 19:09:08.8985|0|INFO|Microsoft.Hosting.Lifetime|Application started. Press Ctrl+C to shut down. |url: |action: 
2024-02-24 19:09:08.8985|0|INFO|Microsoft.Hosting.Lifetime|Hosting environment: Development |url: |action: 
2024-02-24 19:09:08.8985|0|INFO|Microsoft.Hosting.Lifetime|Content root path: D:\StepMaster\StepMaster |url: |action: 
2024-02-24 19:09:09.5136|0|DEBUG|Infrastructure.MongoDb.Repositories.Day_Repository|NLog is integrate to Day_Controler  |url: http://localhost/swagger/index.html|action: 
2024-02-24 19:14:27.7929|0|INFO|StepMaster.Program|Process start |url: |action: 
2024-02-24 19:14:28.4728|14|INFO|Microsoft.Hosting.Lifetime|Now listening on: http://localhost:5016 |url: |action: 
2024-02-24 19:14:28.4787|0|INFO|Microsoft.Hosting.Lifetime|Application started. Press Ctrl+C to shut down. |url: |action: 
2024-02-24 19:14:28.4787|0|INFO|Microsoft.Hosting.Lifetime|Hosting environment: Development |url: |action: 
2024-02-24 19:14:28.4787|0|INFO|Microsoft.Hosting.Lifetime|Content root path: D:\StepMaster\StepMaster |url: |action: 
2024-02-24 19:14:32.4380|0|DEBUG|Infrastructure.MongoDb.Repositories.Day_Repository|NLog is integrate to Day_Controler  |url: http://localhost/swagger/index.html|action: 
2024-02-24 19:14:52.0583|0|DEBUG|Infrastructure.MongoDb.Repositories.Day_Repository|NLog is integrate to Day_Controler  |url: http://localhost/ChatHub|action: 
2024-02-24 19:14:52.0768|3|WARN|Microsoft.AspNetCore.HttpsPolicy.HttpsRedirectionMiddleware|Failed to determine the https port for redirect. |url: http://localhost/ChatHub|action: 
2024-02-24 19:15:10.1030|0|DEBUG|Infrastructure.MongoDb.Repositories.Day_Repository|NLog is integrate to Day_Controler  |url: http://localhost/ChatHub|action: 
2024-02-24 19:15:16.5867|0|DEBUG|Infrastructure.MongoDb.Repositories.Day_Repository|NLog is integrate to Day_Controler  |url: http://localhost/ChatHub|action: 
2024-02-24 19:17:59.3400|0|DEBUG|Infrastructure.MongoDb.Repositories.Day_Repository|NLog is integrate to Day_Controler  |url: http://localhost/ChatHub|action: 
2024-02-24 19:18:56.4816|0|DEBUG|Infrastructure.MongoDb.Repositories.Day_Repository|NLog is integrate to Day_Controler  |url: http://localhost/ChatHub|action: 
2024-02-24 19:19:44.0092|0|INFO|StepMaster.Program|Process start |url: |action: 
2024-02-24 19:19:44.8567|14|INFO|Microsoft.Hosting.Lifetime|Now listening on: http://localhost:5016 |url: |action: 
2024-02-24 19:19:44.8567|0|INFO|Microsoft.Hosting.Lifetime|Application started. Press Ctrl+C to shut down. |url: |action: 
2024-02-24 19:19:44.8567|0|INFO|Microsoft.Hosting.Lifetime|Hosting environment: Development |url: |action: 
2024-02-24 19:19:44.8678|0|INFO|Microsoft.Hosting.Lifetime|Content root path: D:\StepMaster\StepMaster |url: |action: 
2024-02-24 19:19:45.4770|0|DEBUG|Infrastructure.MongoDb.Repositories.Day_Repository|NLog is integrate to Day_Controler  |url: http://localhost/swagger/index.html|action: 
2024-02-24 19:19:50.8519|0|DEBUG|Infrastructure.MongoDb.Repositories.Day_Repository|NLog is integrate to Day_Controler  |url: http://localhost/ChatHub|action: 
2024-02-24 19:19:50.8519|3|WARN|Microsoft.AspNetCore.HttpsPolicy.HttpsRedirectionMiddleware|Failed to determine the https port for redirect. |url: http://localhost/ChatHub|action: 
2024-02-24 19:20:07.2264|0|INFO|StepMaster.Program|Process start |url: |action: 
2024-02-24 19:20:07.9380|14|INFO|Microsoft.Hosting.Lifetime|Now listening on: http://localhost:5016 |url: |action: 
2024-02-24 19:20:07.9460|0|INFO|Microsoft.Hosting.Lifetime|Application started. Press Ctrl+C to shut down. |url: |action: 
2024-02-24 19:20:07.9460|0|INFO|Microsoft.Hosting.Lifetime|Hosting environment: Development |url: |action: 
2024-02-24 19:20:07.9460|0|INFO|Microsoft.Hosting.Lifetime|Content root path: D:\StepMaster\StepMaster |url: |action: 
2024-02-24 19:20:08.6730|0|DEBUG|Infrastructure.MongoDb.Repositories.Day_Repository|NLog is integrate to Day_Controler  |url: http://localhost/swagger/index.html|action: 
2024-02-24 19:20:09.9293|0|DEBUG|Infrastructure.MongoDb.Repositories.Day_Repository|NLog is integrate to Day_Controler  |url: http://localhost/ChatHub|action: 
2024-02-24 19:20:09.9293|3|WARN|Microsoft.AspNetCore.HttpsPolicy.HttpsRedirectionMiddleware|Failed to determine the https port for redirect. |url: http://localhost/ChatHub|action: 
2024-02-24 19:20:14.1022|0|DEBUG|Infrastructure.MongoDb.Repositories.Day_Repository|NLog is integrate to Day_Controler  |url: http://localhost/ChatHub2|action: 
2024-02-24 19:20:16.7482|0|DEBUG|Infrastructure.MongoDb.Repositories.Day_Repository|NLog is integrate to Day_Controler  |url: http://localhost/ChatHub|action: 
2024-02-24 19:21:31.0473|0|DEBUG|Infrastructure.MongoDb.Repositories.Day_Repository|NLog is integrate to Day_Controler  |url: http://localhost/ChatHub|action: 
2024-02-24 19:21:48.5214|0|DEBUG|Infrastructure.MongoDb.Repositories.Day_Repository|NLog is integrate to Day_Controler  |url: http://localhost/ChatHub|action: 
2024-02-24 19:22:35.8050|0|INFO|StepMaster.Program|Process start |url: |action: 
2024-02-24 19:22:36.5757|14|INFO|Microsoft.Hosting.Lifetime|Now listening on: http://localhost:5016 |url: |action: 
2024-02-24 19:22:36.5757|0|INFO|Microsoft.Hosting.Lifetime|Application started. Press Ctrl+C to shut down. |url: |action: 
2024-02-24 19:22:36.5757|0|INFO|Microsoft.Hosting.Lifetime|Hosting environment: Development |url: |action: 
2024-02-24 19:22:36.5757|0|INFO|Microsoft.Hosting.Lifetime|Content root path: D:\StepMaster\StepMaster |url: |action: 
2024-02-24 19:22:40.0303|0|DEBUG|Infrastructure.MongoDb.Repositories.Day_Repository|NLog is integrate to Day_Controler  |url: http://localhost/swagger/index.html|action: 
2024-02-24 19:22:42.5394|0|DEBUG|Infrastructure.MongoDb.Repositories.Day_Repository|NLog is integrate to Day_Controler  |url: http://localhost/ChatHub|action: 
2024-02-24 19:22:42.5547|3|WARN|Microsoft.AspNetCore.HttpsPolicy.HttpsRedirectionMiddleware|Failed to determine the https port for redirect. |url: http://localhost/ChatHub|action: 
2024-02-24 19:26:01.8439|0|INFO|StepMaster.Program|Process start |url: |action: 
2024-02-24 19:26:02.6645|14|INFO|Microsoft.Hosting.Lifetime|Now listening on: http://localhost:5016 |url: |action: 
2024-02-24 19:26:02.6645|0|INFO|Microsoft.Hosting.Lifetime|Application started. Press Ctrl+C to shut down. |url: |action: 
2024-02-24 19:26:02.6645|0|INFO|Microsoft.Hosting.Lifetime|Hosting environment: Development |url: |action: 
2024-02-24 19:26:02.6645|0|INFO|Microsoft.Hosting.Lifetime|Content root path: D:\StepMaster\StepMaster |url: |action: 
2024-02-24 19:26:03.4451|0|DEBUG|Infrastructure.MongoDb.Repositories.Day_Repository|NLog is integrate to Day_Controler  |url: http://localhost/swagger/index.html|action: 
2024-02-24 19:26:04.9339|0|DEBUG|Infrastructure.MongoDb.Repositories.Day_Repository|NLog is integrate to Day_Controler  |url: http://localhost/ChatHub|action: 
2024-02-24 19:26:04.9478|3|WARN|Microsoft.AspNetCore.HttpsPolicy.HttpsRedirectionMiddleware|Failed to determine the https port for redirect. |url: http://localhost/ChatHub|action: 
2024-02-24 19:27:22.9873|0|INFO|StepMaster.Program|Process start |url: |action: 
2024-02-24 19:27:23.6067|0|INFO|Microsoft.Hosting.Lifetime|Application started. Press Ctrl+C to shut down. |url: |action: 
2024-02-24 19:27:23.6207|0|INFO|Microsoft.Hosting.Lifetime|Hosting environment: Development |url: |action: 
2024-02-24 19:27:23.6207|0|INFO|Microsoft.Hosting.Lifetime|Content root path: D:\StepMaster\StepMaster |url: |action: 
2024-02-24 19:27:23.7591|0|DEBUG|Infrastructure.MongoDb.Repositories.Day_Repository|NLog is integrate to Day_Controler  |url: http://localhost/swagger|action: 
2024-02-24 19:27:23.7823|0|DEBUG|Infrastructure.MongoDb.Repositories.Day_Repository|NLog is integrate to Day_Controler  |url: http://localhost/swagger/index.html|action: 
2024-02-24 19:27:23.8677|0|DEBUG|Infrastructure.MongoDb.Repositories.Day_Repository|NLog is integrate to Day_Controler  |url: http://localhost/swagger/swagger-ui-bundle.js|action: 
2024-02-24 19:27:23.8677|0|DEBUG|Infrastructure.MongoDb.Repositories.Day_Repository|NLog is integrate to Day_Controler  |url: http://localhost/swagger/swagger-ui-standalone-preset.js|action: 
2024-02-24 19:27:23.8677|0|DEBUG|Infrastructure.MongoDb.Repositories.Day_Repository|NLog is integrate to Day_Controler  |url: http://localhost/swagger/swagger-ui.css|action: 
2024-02-24 19:27:24.0903|0|DEBUG|Infrastructure.MongoDb.Repositories.Day_Repository|NLog is integrate to Day_Controler  |url: http://localhost/swagger/favicon-32x32.png|action: 
2024-02-24 19:29:14.8158|0|INFO|StepMaster.Program|Process start |url: |action: 
2024-02-24 19:29:15.4073|14|INFO|Microsoft.Hosting.Lifetime|Now listening on: http://localhost:5016 |url: |action: 
2024-02-24 19:29:15.4073|0|INFO|Microsoft.Hosting.Lifetime|Application started. Press Ctrl+C to shut down. |url: |action: 
2024-02-24 19:29:15.4151|0|INFO|Microsoft.Hosting.Lifetime|Hosting environment: Development |url: |action: 
2024-02-24 19:29:15.4151|0|INFO|Microsoft.Hosting.Lifetime|Content root path: D:\StepMaster\StepMaster |url: |action: 
2024-02-24 19:29:18.7322|0|DEBUG|Infrastructure.MongoDb.Repositories.Day_Repository|NLog is integrate to Day_Controler  |url: http://localhost/ChatHub|action: 
2024-02-24 19:29:18.7459|3|WARN|Microsoft.AspNetCore.HttpsPolicy.HttpsRedirectionMiddleware|Failed to determine the https port for redirect. |url: http://localhost/ChatHub|action: 
2024-02-24 19:29:19.1660|0|DEBUG|Infrastructure.MongoDb.Repositories.Day_Repository|NLog is integrate to Day_Controler  |url: http://localhost/swagger/index.html|action: 
2024-02-24 19:29:49.1227|0|DEBUG|Infrastructure.MongoDb.Repositories.Day_Repository|NLog is integrate to Day_Controler  |url: http://localhost/ChatHub|action: 
2024-02-24 19:29:51.0713|0|DEBUG|Infrastructure.MongoDb.Repositories.Day_Repository|NLog is integrate to Day_Controler  |url: http://localhost/ChatHub|action: 
2024-02-24 19:32:30.1780|0|DEBUG|Infrastructure.MongoDb.Repositories.Day_Repository|NLog is integrate to Day_Controler  |url: http://localhost/socket.io/|action: 
2024-02-24 19:32:43.7147|0|DEBUG|Infrastructure.MongoDb.Repositories.Day_Repository|NLog is integrate to Day_Controler  |url: http://localhost/socket.io/|action: 
2024-02-24 19:32:50.6128|0|DEBUG|Infrastructure.MongoDb.Repositories.Day_Repository|NLog is integrate to Day_Controler  |url: http://localhost/ChatHub|action: 
2024-02-24 19:33:58.2183|0|DEBUG|Infrastructure.MongoDb.Repositories.Day_Repository|NLog is integrate to Day_Controler  |url: http://localhost/ChatHub|action: 
2024-02-24 19:35:44.8636|0|DEBUG|Infrastructure.MongoDb.Repositories.Day_Repository|NLog is integrate to Day_Controler  |url: http://localhost/ChatHub|action: 
2024-02-24 19:36:49.4996|0|INFO|StepMaster.Program|Process start |url: |action: 
2024-02-24 19:36:50.1999|14|INFO|Microsoft.Hosting.Lifetime|Now listening on: http://localhost:5016 |url: |action: 
2024-02-24 19:36:50.1999|0|INFO|Microsoft.Hosting.Lifetime|Application started. Press Ctrl+C to shut down. |url: |action: 
2024-02-24 19:36:50.1999|0|INFO|Microsoft.Hosting.Lifetime|Hosting environment: Development |url: |action: 
2024-02-24 19:36:50.2106|0|INFO|Microsoft.Hosting.Lifetime|Content root path: D:\StepMaster\StepMaster |url: |action: 
2024-02-24 19:36:54.0464|3|WARN|Microsoft.AspNetCore.HttpsPolicy.HttpsRedirectionMiddleware|Failed to determine the https port for redirect. |url: http://localhost/swagger/index.html|action: 
2024-02-24 19:36:54.0568|3|WARN|Microsoft.AspNetCore.HttpsPolicy.HttpsRedirectionMiddleware|Failed to determine the https port for redirect. |url: http://localhost/swagger/index.html|action: 
2024-02-24 19:36:54.0944|0|DEBUG|Infrastructure.MongoDb.Repositories.Day_Repository|NLog is integrate to Day_Controler  |url: http://localhost/swagger/index.html|action: 
2024-02-24 19:36:56.0866|0|DEBUG|Infrastructure.MongoDb.Repositories.Day_Repository|NLog is integrate to Day_Controler  |url: http://localhost/ChatHub|action: 
2024-02-24 19:36:56.0866|3|WARN|Microsoft.AspNetCore.HttpsPolicy.HttpsRedirectionMiddleware|Failed to determine the https port for redirect. |url: http://localhost/ChatHub|action: 
2024-02-24 19:37:05.5911|0|DEBUG|Infrastructure.MongoDb.Repositories.Day_Repository|NLog is integrate to Day_Controler  |url: http://localhost/ChatHub|action: 
2024-02-24 19:37:30.2465|0|DEBUG|Infrastructure.MongoDb.Repositories.Day_Repository|NLog is integrate to Day_Controler  |url: http://localhost/ChatHub|action: 
2024-02-24 19:37:30.3692|0|DEBUG|Infrastructure.MongoDb.Repositories.Day_Repository|NLog is integrate to Day_Controler  |url: http://localhost/favicon.ico|action: 
2024-02-24 19:38:03.8194|0|INFO|StepMaster.Program|Process start |url: |action: 
2024-02-24 19:38:04.6092|14|INFO|Microsoft.Hosting.Lifetime|Now listening on: http://localhost:5016 |url: |action: 
2024-02-24 19:38:04.6178|0|INFO|Microsoft.Hosting.Lifetime|Application started. Press Ctrl+C to shut down. |url: |action: 
2024-02-24 19:38:04.6178|0|INFO|Microsoft.Hosting.Lifetime|Hosting environment: Development |url: |action: 
2024-02-24 19:38:04.6178|0|INFO|Microsoft.Hosting.Lifetime|Content root path: D:\StepMaster\StepMaster |url: |action: 
2024-02-24 19:38:05.1496|3|WARN|Microsoft.AspNetCore.HttpsPolicy.HttpsRedirectionMiddleware|Failed to determine the https port for redirect. |url: http://localhost/ChatHub|action: 
2024-02-24 19:38:05.1496|3|WARN|Microsoft.AspNetCore.HttpsPolicy.HttpsRedirectionMiddleware|Failed to determine the https port for redirect. |url: http://localhost/ChatHub|action: 
2024-02-24 19:38:05.1832|0|DEBUG|Infrastructure.MongoDb.Repositories.Day_Repository|NLog is integrate to Day_Controler  |url: http://localhost/ChatHub|action: 
2024-02-24 19:38:05.1832|3|WARN|Microsoft.AspNetCore.HttpsPolicy.HttpsRedirectionMiddleware|Failed to determine the https port for redirect. |url: http://localhost/ChatHub|action: 
2024-02-24 19:38:06.6956|0|DEBUG|Infrastructure.MongoDb.Repositories.Day_Repository|NLog is integrate to Day_Controler  |url: http://localhost/ChatHub|action: 
2024-02-24 19:38:08.2762|0|DEBUG|Infrastructure.MongoDb.Repositories.Day_Repository|NLog is integrate to Day_Controler  |url: http://localhost/ChatHub|action: 
2024-02-24 19:38:08.3075|0|DEBUG|Infrastructure.MongoDb.Repositories.Day_Repository|NLog is integrate to Day_Controler  |url: http://localhost/swagger/index.html|action: 
2024-02-24 19:38:09.3991|0|DEBUG|Infrastructure.MongoDb.Repositories.Day_Repository|NLog is integrate to Day_Controler  |url: http://localhost/ChatHub|action: 
2024-02-24 19:38:10.2647|0|DEBUG|Infrastructure.MongoDb.Repositories.Day_Repository|NLog is integrate to Day_Controler  |url: http://localhost/ChatHub|action: 
2024-02-24 19:38:10.8441|0|DEBUG|Infrastructure.MongoDb.Repositories.Day_Repository|NLog is integrate to Day_Controler  |url: http://localhost/ChatHub|action: 
2024-02-24 19:38:11.7734|0|DEBUG|Infrastructure.MongoDb.Repositories.Day_Repository|NLog is integrate to Day_Controler  |url: http://localhost/ChatHub|action: 
2024-02-24 19:38:21.1129|0|DEBUG|Infrastructure.MongoDb.Repositories.Day_Repository|NLog is integrate to Day_Controler  |url: http://localhost/ChatHub|action: 
2024-02-24 19:38:48.1481|0|DEBUG|Infrastructure.MongoDb.Repositories.Day_Repository|NLog is integrate to Day_Controler  |url: http://localhost/ChatHub|action: 
2024-02-24 19:41:50.3427|0|INFO|StepMaster.Program|Process start |url: |action: 
2024-02-24 19:41:51.0100|14|INFO|Microsoft.Hosting.Lifetime|Now listening on: http://localhost:5016 |url: |action: 
2024-02-24 19:41:51.0100|0|INFO|Microsoft.Hosting.Lifetime|Application started. Press Ctrl+C to shut down. |url: |action: 
2024-02-24 19:41:51.0100|0|INFO|Microsoft.Hosting.Lifetime|Hosting environment: Development |url: |action: 
2024-02-24 19:41:51.0100|0|INFO|Microsoft.Hosting.Lifetime|Content root path: D:\StepMaster\StepMaster |url: |action: 
2024-02-24 19:41:53.9812|3|WARN|Microsoft.AspNetCore.HttpsPolicy.HttpsRedirectionMiddleware|Failed to determine the https port for redirect. |url: http://localhost/swagger/index.html|action: 
2024-02-24 19:41:53.9812|3|WARN|Microsoft.AspNetCore.HttpsPolicy.HttpsRedirectionMiddleware|Failed to determine the https port for redirect. |url: http://localhost/swagger/index.html|action: 
2024-02-24 19:41:54.0271|0|DEBUG|Infrastructure.MongoDb.Repositories.Day_Repository|NLog is integrate to Day_Controler  |url: http://localhost/swagger/index.html|action: 
2024-02-24 19:41:56.8925|0|DEBUG|Infrastructure.MongoDb.Repositories.Day_Repository|NLog is integrate to Day_Controler  |url: http://localhost/ChatHub|action: 
2024-02-24 19:41:56.8989|3|WARN|Microsoft.AspNetCore.HttpsPolicy.HttpsRedirectionMiddleware|Failed to determine the https port for redirect. |url: http://localhost/ChatHub|action: 
2024-02-24 19:43:08.1954|0|INFO|StepMaster.Program|Process start |url: |action: 
2024-02-24 19:43:09.0335|14|INFO|Microsoft.Hosting.Lifetime|Now listening on: http://localhost:5016 |url: |action: 
2024-02-24 19:43:09.0399|0|INFO|Microsoft.Hosting.Lifetime|Application started. Press Ctrl+C to shut down. |url: |action: 
2024-02-24 19:43:09.0399|0|INFO|Microsoft.Hosting.Lifetime|Hosting environment: Development |url: |action: 
2024-02-24 19:43:09.0399|0|INFO|Microsoft.Hosting.Lifetime|Content root path: D:\StepMaster\StepMaster |url: |action: 
2024-02-24 19:43:19.9681|3|WARN|Microsoft.AspNetCore.HttpsPolicy.HttpsRedirectionMiddleware|Failed to determine the https port for redirect. |url: http://localhost/swagger/index.html|action: 
2024-02-24 19:43:19.9681|3|WARN|Microsoft.AspNetCore.HttpsPolicy.HttpsRedirectionMiddleware|Failed to determine the https port for redirect. |url: http://localhost/swagger/index.html|action: 
2024-02-24 19:43:20.0096|0|DEBUG|Infrastructure.MongoDb.Repositories.Day_Repository|NLog is integrate to Day_Controler  |url: http://localhost/swagger/index.html|action: 
2024-02-24 19:43:29.5004|0|DEBUG|Infrastructure.MongoDb.Repositories.Day_Repository|NLog is integrate to Day_Controler  |url: http://localhost/ChatHub|action: 
2024-02-24 19:43:29.5077|3|WARN|Microsoft.AspNetCore.HttpsPolicy.HttpsRedirectionMiddleware|Failed to determine the https port for redirect. |url: http://localhost/ChatHub|action: 
2024-02-24 19:45:10.0435|0|INFO|StepMaster.Program|Process start |url: |action: 
2024-02-24 19:45:10.7804|14|INFO|Microsoft.Hosting.Lifetime|Now listening on: http://localhost:5016 |url: |action: 
2024-02-24 19:45:10.7804|0|INFO|Microsoft.Hosting.Lifetime|Application started. Press Ctrl+C to shut down. |url: |action: 
2024-02-24 19:45:10.7899|0|INFO|Microsoft.Hosting.Lifetime|Hosting environment: Development |url: |action: 
2024-02-24 19:45:10.7899|0|INFO|Microsoft.Hosting.Lifetime|Content root path: D:\StepMaster\StepMaster |url: |action: 
2024-02-24 19:45:16.6171|3|WARN|Microsoft.AspNetCore.HttpsPolicy.HttpsRedirectionMiddleware|Failed to determine the https port for redirect. |url: http://localhost/ChatHub|action: 
2024-02-24 19:45:16.6171|3|WARN|Microsoft.AspNetCore.HttpsPolicy.HttpsRedirectionMiddleware|Failed to determine the https port for redirect. |url: http://localhost/ChatHub|action: 
2024-02-24 19:45:16.6583|0|DEBUG|Infrastructure.MongoDb.Repositories.Day_Repository|NLog is integrate to Day_Controler  |url: http://localhost/ChatHub|action: 
2024-02-24 19:45:16.6649|3|WARN|Microsoft.AspNetCore.HttpsPolicy.HttpsRedirectionMiddleware|Failed to determine the https port for redirect. |url: http://localhost/ChatHub|action: 
2024-02-24 19:45:19.5750|0|DEBUG|Infrastructure.MongoDb.Repositories.Day_Repository|NLog is integrate to Day_Controler  |url: http://localhost/swagger/index.html|action: 
2024-02-24 19:45:31.2148|0|INFO|StepMaster.Program|Process start |url: |action: 
2024-02-24 19:45:32.1169|14|INFO|Microsoft.Hosting.Lifetime|Now listening on: http://localhost:5016 |url: |action: 
2024-02-24 19:45:32.1169|0|INFO|Microsoft.Hosting.Lifetime|Application started. Press Ctrl+C to shut down. |url: |action: 
2024-02-24 19:45:32.1169|0|INFO|Microsoft.Hosting.Lifetime|Hosting environment: Development |url: |action: 
2024-02-24 19:45:32.1169|0|INFO|Microsoft.Hosting.Lifetime|Content root path: D:\StepMaster\StepMaster |url: |action: 
2024-02-24 19:45:32.6553|3|WARN|Microsoft.AspNetCore.HttpsPolicy.HttpsRedirectionMiddleware|Failed to determine the https port for redirect. |url: http://localhost/swagger/index.html|action: 
2024-02-24 19:45:32.6553|3|WARN|Microsoft.AspNetCore.HttpsPolicy.HttpsRedirectionMiddleware|Failed to determine the https port for redirect. |url: http://localhost/swagger/index.html|action: 
2024-02-24 19:45:32.6932|0|DEBUG|Infrastructure.MongoDb.Repositories.Day_Repository|NLog is integrate to Day_Controler  |url: http://localhost/swagger/index.html|action: 
2024-02-24 19:48:07.4215|0|DEBUG|Infrastructure.MongoDb.Repositories.Day_Repository|NLog is integrate to Day_Controler  |url: http://localhost/ChatHub|action: 
2024-02-24 19:48:07.4334|3|WARN|Microsoft.AspNetCore.HttpsPolicy.HttpsRedirectionMiddleware|Failed to determine the https port for redirect. |url: http://localhost/ChatHub|action: 
2024-02-24 19:48:51.0540|0|INFO|StepMaster.Program|Process start |url: |action: 
2024-02-24 19:48:51.7894|14|INFO|Microsoft.Hosting.Lifetime|Now listening on: http://localhost:5016 |url: |action: 
2024-02-24 19:48:51.7894|0|INFO|Microsoft.Hosting.Lifetime|Application started. Press Ctrl+C to shut down. |url: |action: 
2024-02-24 19:48:51.7894|0|INFO|Microsoft.Hosting.Lifetime|Hosting environment: Development |url: |action: 
2024-02-24 19:48:51.7894|0|INFO|Microsoft.Hosting.Lifetime|Content root path: D:\StepMaster\StepMaster |url: |action: 
2024-02-24 19:48:52.4156|3|WARN|Microsoft.AspNetCore.HttpsPolicy.HttpsRedirectionMiddleware|Failed to determine the https port for redirect. |url: http://localhost/swagger/index.html|action: 
2024-02-24 19:48:52.4156|3|WARN|Microsoft.AspNetCore.HttpsPolicy.HttpsRedirectionMiddleware|Failed to determine the https port for redirect. |url: http://localhost/swagger/index.html|action: 
2024-02-24 19:48:52.4527|0|DEBUG|Infrastructure.MongoDb.Repositories.Day_Repository|NLog is integrate to Day_Controler  |url: http://localhost/swagger/index.html|action: 
2024-02-24 19:49:00.1960|0|DEBUG|Infrastructure.MongoDb.Repositories.Day_Repository|NLog is integrate to Day_Controler  |url: http://localhost/ChatHub|action: 
2024-02-24 19:49:00.1960|3|WARN|Microsoft.AspNetCore.HttpsPolicy.HttpsRedirectionMiddleware|Failed to determine the https port for redirect. |url: http://localhost/ChatHub|action: 
2024-02-24 19:51:21.5630|0|INFO|StepMaster.Program|Process start |url: |action: 
2024-02-24 19:51:22.5454|14|INFO|Microsoft.Hosting.Lifetime|Now listening on: http://localhost:5016 |url: |action: 
2024-02-24 19:51:22.5583|0|INFO|Microsoft.Hosting.Lifetime|Application started. Press Ctrl+C to shut down. |url: |action: 
2024-02-24 19:51:22.5583|0|INFO|Microsoft.Hosting.Lifetime|Hosting environment: Development |url: |action: 
2024-02-24 19:51:22.5583|0|INFO|Microsoft.Hosting.Lifetime|Content root path: D:\StepMaster\StepMaster |url: |action: 
2024-02-24 19:51:24.1852|3|WARN|Microsoft.AspNetCore.HttpsPolicy.HttpsRedirectionMiddleware|Failed to determine the https port for redirect. |url: http://localhost/ChatHub|action: 
2024-02-24 19:51:24.1852|3|WARN|Microsoft.AspNetCore.HttpsPolicy.HttpsRedirectionMiddleware|Failed to determine the https port for redirect. |url: http://localhost/ChatHub|action: 
2024-02-24 19:51:24.2220|0|DEBUG|Infrastructure.MongoDb.Repositories.Day_Repository|NLog is integrate to Day_Controler  |url: http://localhost/ChatHub|action: 
2024-02-24 19:51:24.2272|3|WARN|Microsoft.AspNetCore.HttpsPolicy.HttpsRedirectionMiddleware|Failed to determine the https port for redirect. |url: http://localhost/ChatHub|action: 
2024-02-24 19:52:22.4962|0|INFO|StepMaster.Program|Process start |url: |action: 
2024-02-24 19:52:23.1825|14|INFO|Microsoft.Hosting.Lifetime|Now listening on: http://localhost:5016 |url: |action: 
2024-02-24 19:52:23.1825|0|INFO|Microsoft.Hosting.Lifetime|Application started. Press Ctrl+C to shut down. |url: |action: 
2024-02-24 19:52:23.1825|0|INFO|Microsoft.Hosting.Lifetime|Hosting environment: Development |url: |action: 
2024-02-24 19:52:23.1825|0|INFO|Microsoft.Hosting.Lifetime|Content root path: D:\StepMaster\StepMaster |url: |action: 
2024-02-24 19:52:28.4974|3|WARN|Microsoft.AspNetCore.HttpsPolicy.HttpsRedirectionMiddleware|Failed to determine the https port for redirect. |url: http://localhost/ChatHub|action: 
2024-02-24 19:52:28.5078|3|WARN|Microsoft.AspNetCore.HttpsPolicy.HttpsRedirectionMiddleware|Failed to determine the https port for redirect. |url: http://localhost/ChatHub|action: 
2024-02-24 19:52:28.5421|0|DEBUG|Infrastructure.MongoDb.Repositories.Day_Repository|NLog is integrate to Day_Controler  |url: http://localhost/ChatHub|action: 
2024-02-24 19:52:28.5421|3|WARN|Microsoft.AspNetCore.HttpsPolicy.HttpsRedirectionMiddleware|Failed to determine the https port for redirect. |url: http://localhost/ChatHub|action: 
2024-02-24 19:52:33.4485|0|DEBUG|Infrastructure.MongoDb.Repositories.Day_Repository|NLog is integrate to Day_Controler  |url: http://localhost/swagger/index.html|action: 
2024-02-24 19:58:16.6966|0|INFO|StepMaster.Program|Process start |url: |action: 
2024-02-24 19:58:17.4221|14|INFO|Microsoft.Hosting.Lifetime|Now listening on: http://localhost:5016 |url: |action: 
2024-02-24 19:58:17.4221|0|INFO|Microsoft.Hosting.Lifetime|Application started. Press Ctrl+C to shut down. |url: |action: 
2024-02-24 19:58:17.4306|0|INFO|Microsoft.Hosting.Lifetime|Hosting environment: Development |url: |action: 
2024-02-24 19:58:17.4306|0|INFO|Microsoft.Hosting.Lifetime|Content root path: D:\StepMaster\StepMaster |url: |action: 
2024-02-24 19:58:24.8896|3|WARN|Microsoft.AspNetCore.HttpsPolicy.HttpsRedirectionMiddleware|Failed to determine the https port for redirect. |url: http://localhost/ChatHub|action: 
2024-02-24 19:58:24.8986|3|WARN|Microsoft.AspNetCore.HttpsPolicy.HttpsRedirectionMiddleware|Failed to determine the https port for redirect. |url: http://localhost/ChatHub|action: 
2024-02-24 19:58:24.9302|0|DEBUG|Infrastructure.MongoDb.Repositories.Day_Repository|NLog is integrate to Day_Controler  |url: http://localhost/ChatHub|action: 
2024-02-24 19:58:24.9302|3|WARN|Microsoft.AspNetCore.HttpsPolicy.HttpsRedirectionMiddleware|Failed to determine the https port for redirect. |url: http://localhost/ChatHub|action: 
2024-02-24 19:59:36.7953|0|INFO|StepMaster.Program|Process start |url: |action: 
2024-02-24 19:59:37.7459|14|INFO|Microsoft.Hosting.Lifetime|Now listening on: http://localhost:5016 |url: |action: 
2024-02-24 19:59:37.7459|0|INFO|Microsoft.Hosting.Lifetime|Application started. Press Ctrl+C to shut down. |url: |action: 
2024-02-24 19:59:37.7459|0|INFO|Microsoft.Hosting.Lifetime|Hosting environment: Development |url: |action: 
2024-02-24 19:59:37.7459|0|INFO|Microsoft.Hosting.Lifetime|Content root path: D:\StepMaster\StepMaster |url: |action: 
2024-02-24 19:59:43.7175|3|WARN|Microsoft.AspNetCore.HttpsPolicy.HttpsRedirectionMiddleware|Failed to determine the https port for redirect. |url: http://localhost/ChatHub|action: 
2024-02-24 19:59:43.7175|3|WARN|Microsoft.AspNetCore.HttpsPolicy.HttpsRedirectionMiddleware|Failed to determine the https port for redirect. |url: http://localhost/ChatHub|action: 
2024-02-24 19:59:43.7536|0|DEBUG|Infrastructure.MongoDb.Repositories.Day_Repository|NLog is integrate to Day_Controler  |url: http://localhost/ChatHub|action: 
2024-02-24 19:59:43.7585|3|WARN|Microsoft.AspNetCore.HttpsPolicy.HttpsRedirectionMiddleware|Failed to determine the https port for redirect. |url: http://localhost/ChatHub|action: 
2024-02-24 19:59:44.8002|0|DEBUG|Infrastructure.MongoDb.Repositories.Day_Repository|NLog is integrate to Day_Controler  |url: http://localhost/swagger/index.html|action: 
2024-02-24 20:02:49.2886|0|INFO|StepMaster.Program|Process start |url: |action: 
2024-02-24 20:02:50.0227|14|INFO|Microsoft.Hosting.Lifetime|Now listening on: http://localhost:5016 |url: |action: 
2024-02-24 20:02:50.0275|0|INFO|Microsoft.Hosting.Lifetime|Application started. Press Ctrl+C to shut down. |url: |action: 
2024-02-24 20:02:50.0275|0|INFO|Microsoft.Hosting.Lifetime|Hosting environment: Development |url: |action: 
2024-02-24 20:02:50.0275|0|INFO|Microsoft.Hosting.Lifetime|Content root path: D:\StepMaster\StepMaster |url: |action: 
2024-02-24 20:02:56.5763|3|WARN|Microsoft.AspNetCore.HttpsPolicy.HttpsRedirectionMiddleware|Failed to determine the https port for redirect. |url: http://localhost/ChatHub|action: 
2024-02-24 20:02:56.5763|3|WARN|Microsoft.AspNetCore.HttpsPolicy.HttpsRedirectionMiddleware|Failed to determine the https port for redirect. |url: http://localhost/ChatHub|action: 
2024-02-24 20:02:56.6100|0|DEBUG|Infrastructure.MongoDb.Repositories.Day_Repository|NLog is integrate to Day_Controler  |url: http://localhost/ChatHub|action: 
2024-02-24 20:02:56.6100|3|WARN|Microsoft.AspNetCore.HttpsPolicy.HttpsRedirectionMiddleware|Failed to determine the https port for redirect. |url: http://localhost/ChatHub|action: 
2024-02-24 20:02:59.0259|0|DEBUG|Infrastructure.MongoDb.Repositories.Day_Repository|NLog is integrate to Day_Controler  |url: http://localhost/swagger/index.html|action: 
2024-02-24 20:03:18.5863|0|DEBUG|Infrastructure.MongoDb.Repositories.Day_Repository|NLog is integrate to Day_Controler  |url: http://localhost/ChatHub|action: 
2024-02-24 20:08:24.8271|0|INFO|StepMaster.Program|Process start |url: |action: 
2024-02-24 20:08:25.5511|14|INFO|Microsoft.Hosting.Lifetime|Now listening on: http://localhost:5016 |url: |action: 
2024-02-24 20:08:25.5578|0|INFO|Microsoft.Hosting.Lifetime|Application started. Press Ctrl+C to shut down. |url: |action: 
2024-02-24 20:08:25.5578|0|INFO|Microsoft.Hosting.Lifetime|Hosting environment: Development |url: |action: 
2024-02-24 20:08:25.5578|0|INFO|Microsoft.Hosting.Lifetime|Content root path: D:\StepMaster\StepMaster |url: |action: 
2024-02-24 20:08:29.8829|3|WARN|Microsoft.AspNetCore.HttpsPolicy.HttpsRedirectionMiddleware|Failed to determine the https port for redirect. |url: http://localhost/ChatHub|action: 
2024-02-24 20:08:29.8829|3|WARN|Microsoft.AspNetCore.HttpsPolicy.HttpsRedirectionMiddleware|Failed to determine the https port for redirect. |url: http://localhost/ChatHub|action: 
2024-02-24 20:08:29.9257|0|DEBUG|Infrastructure.MongoDb.Repositories.Day_Repository|NLog is integrate to Day_Controler  |url: http://localhost/ChatHub|action: 
2024-02-24 20:08:29.9305|3|WARN|Microsoft.AspNetCore.HttpsPolicy.HttpsRedirectionMiddleware|Failed to determine the https port for redirect. |url: http://localhost/ChatHub|action: 
2024-02-24 20:09:43.8861|0|INFO|StepMaster.Program|Process start |url: |action: 
2024-02-24 20:09:44.6021|14|INFO|Microsoft.Hosting.Lifetime|Now listening on: http://localhost:5016 |url: |action: 
2024-02-24 20:09:44.6021|0|INFO|Microsoft.Hosting.Lifetime|Application started. Press Ctrl+C to shut down. |url: |action: 
2024-02-24 20:09:44.6172|0|INFO|Microsoft.Hosting.Lifetime|Hosting environment: Development |url: |action: 
2024-02-24 20:09:44.6172|0|INFO|Microsoft.Hosting.Lifetime|Content root path: D:\StepMaster\StepMaster |url: |action: 
2024-02-24 20:09:49.5720|3|WARN|Microsoft.AspNetCore.HttpsPolicy.HttpsRedirectionMiddleware|Failed to determine the https port for redirect. |url: http://localhost/ChatHub|action: 
2024-02-24 20:09:49.5720|3|WARN|Microsoft.AspNetCore.HttpsPolicy.HttpsRedirectionMiddleware|Failed to determine the https port for redirect. |url: http://localhost/ChatHub|action: 
2024-02-24 20:09:49.6074|0|DEBUG|Infrastructure.MongoDb.Repositories.Day_Repository|NLog is integrate to Day_Controler  |url: http://localhost/ChatHub|action: 
2024-02-24 20:09:49.6074|3|WARN|Microsoft.AspNetCore.HttpsPolicy.HttpsRedirectionMiddleware|Failed to determine the https port for redirect. |url: http://localhost/ChatHub|action: 
2024-02-24 20:13:08.5483|0|INFO|StepMaster.Program|Process start |url: |action: 
2024-02-24 20:13:09.5105|14|INFO|Microsoft.Hosting.Lifetime|Now listening on: http://localhost:5016 |url: |action: 
2024-02-24 20:13:09.5290|0|INFO|Microsoft.Hosting.Lifetime|Application started. Press Ctrl+C to shut down. |url: |action: 
2024-02-24 20:13:09.5290|0|INFO|Microsoft.Hosting.Lifetime|Hosting environment: Development |url: |action: 
2024-02-24 20:13:09.5290|0|INFO|Microsoft.Hosting.Lifetime|Content root path: D:\StepMaster\StepMaster |url: |action: 
2024-02-24 20:13:10.0697|3|WARN|Microsoft.AspNetCore.HttpsPolicy.HttpsRedirectionMiddleware|Failed to determine the https port for redirect. |url: http://localhost/swagger/index.html|action: 
2024-02-24 20:13:10.0697|3|WARN|Microsoft.AspNetCore.HttpsPolicy.HttpsRedirectionMiddleware|Failed to determine the https port for redirect. |url: http://localhost/swagger/index.html|action: 
2024-02-24 20:13:10.1128|0|DEBUG|Infrastructure.MongoDb.Repositories.Day_Repository|NLog is integrate to Day_Controler  |url: http://localhost/swagger/index.html|action: 
2024-02-24 20:13:20.5703|0|DEBUG|Infrastructure.MongoDb.Repositories.Day_Repository|NLog is integrate to Day_Controler  |url: http://localhost/api/Authorization/Auth|action: Auth
2024-02-24 20:13:20.5703|3|WARN|Microsoft.AspNetCore.HttpsPolicy.HttpsRedirectionMiddleware|Failed to determine the https port for redirect. |url: http://localhost/api/Authorization/Auth|action: Auth
2024-02-24 20:13:20.8299|8|DEBUG|API.Auth.AuthBase.BasicAunteficationHandler|AuthenticationScheme: Basic was successfully authenticated. |url: http://localhost/api/Authorization/Auth|action: Auth
2024-02-24 20:13:38.7418|0|DEBUG|Infrastructure.MongoDb.Repositories.Day_Repository|NLog is integrate to Day_Controler  |url: http://localhost/api/Days/GetAllDayUser|action: GetAllDayUser
2024-02-24 20:14:04.8942|0|DEBUG|Infrastructure.MongoDb.Repositories.Day_Repository|NLog is integrate to Day_Controler  |url: http://localhost/ChatHub|action: 
2024-02-24 20:21:26.2535|0|INFO|StepMaster.Program|Process start |url: |action: 
2024-02-24 20:21:27.1139|14|INFO|Microsoft.Hosting.Lifetime|Now listening on: http://localhost:5016 |url: |action: 
2024-02-24 20:21:27.1187|0|INFO|Microsoft.Hosting.Lifetime|Application started. Press Ctrl+C to shut down. |url: |action: 
2024-02-24 20:21:27.1187|0|INFO|Microsoft.Hosting.Lifetime|Hosting environment: Development |url: |action: 
2024-02-24 20:21:27.1187|0|INFO|Microsoft.Hosting.Lifetime|Content root path: D:\StepMaster\StepMaster |url: |action: 
2024-02-24 20:21:27.8211|3|WARN|Microsoft.AspNetCore.HttpsPolicy.HttpsRedirectionMiddleware|Failed to determine the https port for redirect. |url: http://localhost/swagger/index.html|action: 
2024-02-24 20:21:27.8211|3|WARN|Microsoft.AspNetCore.HttpsPolicy.HttpsRedirectionMiddleware|Failed to determine the https port for redirect. |url: http://localhost/swagger/index.html|action: 
2024-02-24 20:21:27.8650|0|DEBUG|Infrastructure.MongoDb.Repositories.Day_Repository|NLog is integrate to Day_Controler  |url: http://localhost/swagger/index.html|action: 
2024-02-24 20:21:48.1850|0|DEBUG|Infrastructure.MongoDb.Repositories.Day_Repository|NLog is integrate to Day_Controler  |url: http://localhost/ChatHub|action: 
2024-02-24 20:21:48.1850|3|WARN|Microsoft.AspNetCore.HttpsPolicy.HttpsRedirectionMiddleware|Failed to determine the https port for redirect. |url: http://localhost/ChatHub|action: 
2024-02-24 20:22:03.7683|0|DEBUG|Infrastructure.MongoDb.Repositories.Day_Repository|NLog is integrate to Day_Controler  |url: http://localhost/ChatHub|action: 
2024-02-24 20:22:28.6806|0|INFO|StepMaster.Program|Process start |url: |action: 
2024-02-24 20:22:29.4085|14|INFO|Microsoft.Hosting.Lifetime|Now listening on: http://localhost:5016 |url: |action: 
2024-02-24 20:22:29.4150|0|INFO|Microsoft.Hosting.Lifetime|Application started. Press Ctrl+C to shut down. |url: |action: 
2024-02-24 20:22:29.4150|0|INFO|Microsoft.Hosting.Lifetime|Hosting environment: Development |url: |action: 
2024-02-24 20:22:29.4150|0|INFO|Microsoft.Hosting.Lifetime|Content root path: D:\StepMaster\StepMaster |url: |action: 
2024-02-24 20:22:33.9812|3|WARN|Microsoft.AspNetCore.HttpsPolicy.HttpsRedirectionMiddleware|Failed to determine the https port for redirect. |url: http://localhost/ChatHub|action: 
2024-02-24 20:22:33.9812|3|WARN|Microsoft.AspNetCore.HttpsPolicy.HttpsRedirectionMiddleware|Failed to determine the https port for redirect. |url: http://localhost/ChatHub|action: 
2024-02-24 20:22:34.0272|0|DEBUG|Infrastructure.MongoDb.Repositories.Day_Repository|NLog is integrate to Day_Controler  |url: http://localhost/ChatHub|action: 
2024-02-24 20:22:34.0272|3|WARN|Microsoft.AspNetCore.HttpsPolicy.HttpsRedirectionMiddleware|Failed to determine the https port for redirect. |url: http://localhost/ChatHub|action: 
2024-02-24 20:22:39.4029|0|DEBUG|Infrastructure.MongoDb.Repositories.Day_Repository|NLog is integrate to Day_Controler  |url: http://localhost/swagger/index.html|action: 
2024-02-24 20:31:41.8677|0|INFO|StepMaster.Program|Process start |url: |action: 
2024-02-24 20:31:42.6373|14|INFO|Microsoft.Hosting.Lifetime|Now listening on: http://localhost:5016 |url: |action: 
2024-02-24 20:31:42.6373|0|INFO|Microsoft.Hosting.Lifetime|Application started. Press Ctrl+C to shut down. |url: |action: 
2024-02-24 20:31:42.6373|0|INFO|Microsoft.Hosting.Lifetime|Hosting environment: Development |url: |action: 
2024-02-24 20:31:42.6373|0|INFO|Microsoft.Hosting.Lifetime|Content root path: D:\StepMaster\StepMaster |url: |action: 
2024-02-24 20:31:45.2644|3|WARN|Microsoft.AspNetCore.HttpsPolicy.HttpsRedirectionMiddleware|Failed to determine the https port for redirect. |url: http://localhost/ChatHub|action: 
2024-02-24 20:31:45.2644|3|WARN|Microsoft.AspNetCore.HttpsPolicy.HttpsRedirectionMiddleware|Failed to determine the https port for redirect. |url: http://localhost/ChatHub|action: 
2024-02-24 20:31:45.3001|0|DEBUG|Infrastructure.MongoDb.Repositories.Day_Repository|NLog is integrate to Day_Controler  |url: http://localhost/ChatHub|action: 
2024-02-24 20:31:45.3052|3|WARN|Microsoft.AspNetCore.HttpsPolicy.HttpsRedirectionMiddleware|Failed to determine the https port for redirect. |url: http://localhost/ChatHub|action: 
2024-02-24 20:32:11.5309|0|DEBUG|Infrastructure.MongoDb.Repositories.Day_Repository|NLog is integrate to Day_Controler  |url: http://localhost/swagger/index.html|action: 
2024-02-24 20:32:15.5871|0|DEBUG|Infrastructure.MongoDb.Repositories.Day_Repository|NLog is integrate to Day_Controler  |url: http://localhost/ChatHub|action: 
2024-02-24 20:34:04.1545|0|INFO|StepMaster.Program|Process start |url: |action: 
2024-02-24 20:34:04.9204|14|INFO|Microsoft.Hosting.Lifetime|Now listening on: http://localhost:5016 |url: |action: 
2024-02-24 20:34:04.9326|0|INFO|Microsoft.Hosting.Lifetime|Application started. Press Ctrl+C to shut down. |url: |action: 
2024-02-24 20:34:04.9326|0|INFO|Microsoft.Hosting.Lifetime|Hosting environment: Development |url: |action: 
2024-02-24 20:34:04.9326|0|INFO|Microsoft.Hosting.Lifetime|Content root path: D:\StepMaster\StepMaster |url: |action: 
2024-02-24 20:34:06.8102|3|WARN|Microsoft.AspNetCore.HttpsPolicy.HttpsRedirectionMiddleware|Failed to determine the https port for redirect. |url: http://localhost/ChatHub|action: 
2024-02-24 20:34:06.8211|3|WARN|Microsoft.AspNetCore.HttpsPolicy.HttpsRedirectionMiddleware|Failed to determine the https port for redirect. |url: http://localhost/ChatHub|action: 
2024-02-24 20:34:06.8532|0|DEBUG|Infrastructure.MongoDb.Repositories.Day_Repository|NLog is integrate to Day_Controler  |url: http://localhost/ChatHub|action: 
2024-02-24 20:34:06.8532|3|WARN|Microsoft.AspNetCore.HttpsPolicy.HttpsRedirectionMiddleware|Failed to determine the https port for redirect. |url: http://localhost/ChatHub|action: 
2024-02-24 20:34:15.4314|0|DEBUG|Infrastructure.MongoDb.Repositories.Day_Repository|NLog is integrate to Day_Controler  |url: http://localhost/swagger/index.html|action: 
2024-02-24 20:34:18.1959|0|DEBUG|Infrastructure.MongoDb.Repositories.Day_Repository|NLog is integrate to Day_Controler  |url: http://localhost/ChatHub|action: 
2024-02-24 20:35:16.5652|0|INFO|StepMaster.Program|Process start |url: |action: 
2024-02-24 20:35:17.2093|14|INFO|Microsoft.Hosting.Lifetime|Now listening on: http://localhost:5016 |url: |action: 
2024-02-24 20:35:17.2138|0|INFO|Microsoft.Hosting.Lifetime|Application started. Press Ctrl+C to shut down. |url: |action: 
2024-02-24 20:35:17.2138|0|INFO|Microsoft.Hosting.Lifetime|Hosting environment: Development |url: |action: 
2024-02-24 20:35:17.2138|0|INFO|Microsoft.Hosting.Lifetime|Content root path: D:\StepMaster\StepMaster |url: |action: 
2024-02-24 20:35:20.8093|3|WARN|Microsoft.AspNetCore.HttpsPolicy.HttpsRedirectionMiddleware|Failed to determine the https port for redirect. |url: http://localhost/ChatHub|action: 
2024-02-24 20:35:20.8093|3|WARN|Microsoft.AspNetCore.HttpsPolicy.HttpsRedirectionMiddleware|Failed to determine the https port for redirect. |url: http://localhost/ChatHub|action: 
2024-02-24 20:35:20.8463|0|DEBUG|Infrastructure.MongoDb.Repositories.Day_Repository|NLog is integrate to Day_Controler  |url: http://localhost/ChatHub|action: 
2024-02-24 20:35:20.8518|3|WARN|Microsoft.AspNetCore.HttpsPolicy.HttpsRedirectionMiddleware|Failed to determine the https port for redirect. |url: http://localhost/ChatHub|action: 
2024-02-24 20:35:27.4378|0|DEBUG|Infrastructure.MongoDb.Repositories.Day_Repository|NLog is integrate to Day_Controler  |url: http://localhost/swagger/index.html|action: 
2024-02-24 20:35:32.3524|0|DEBUG|Infrastructure.MongoDb.Repositories.Day_Repository|NLog is integrate to Day_Controler  |url: http://localhost/ChatHub|action: 
2024-02-24 20:52:44.0751|0|INFO|StepMaster.Program|Process start |url: |action: 
2024-02-24 20:52:44.7703|14|INFO|Microsoft.Hosting.Lifetime|Now listening on: http://localhost:5016 |url: |action: 
2024-02-24 20:52:44.7755|0|INFO|Microsoft.Hosting.Lifetime|Application started. Press Ctrl+C to shut down. |url: |action: 
2024-02-24 20:52:44.7755|0|INFO|Microsoft.Hosting.Lifetime|Hosting environment: Development |url: |action: 
2024-02-24 20:52:44.7755|0|INFO|Microsoft.Hosting.Lifetime|Content root path: D:\StepMaster\StepMaster |url: |action: 
2024-02-24 20:52:56.9619|3|WARN|Microsoft.AspNetCore.HttpsPolicy.HttpsRedirectionMiddleware|Failed to determine the https port for redirect. |url: http://localhost/swagger/index.html|action: 
2024-02-24 20:52:56.9619|3|WARN|Microsoft.AspNetCore.HttpsPolicy.HttpsRedirectionMiddleware|Failed to determine the https port for redirect. |url: http://localhost/swagger/index.html|action: 
2024-02-24 20:52:57.0050|0|DEBUG|Infrastructure.MongoDb.Repositories.Day_Repository|NLog is integrate to Day_Controler  |url: http://localhost/swagger/index.html|action: 
2024-02-24 20:53:03.8151|0|DEBUG|Infrastructure.MongoDb.Repositories.Day_Repository|NLog is integrate to Day_Controler  |url: http://localhost/ChatHub|action: 
2024-02-24 20:53:03.8213|3|WARN|Microsoft.AspNetCore.HttpsPolicy.HttpsRedirectionMiddleware|Failed to determine the https port for redirect. |url: http://localhost/ChatHub|action: 
2024-02-24 20:53:35.1883|0|DEBUG|Infrastructure.MongoDb.Repositories.Day_Repository|NLog is integrate to Day_Controler  |url: http://localhost/ChatHub|action: 
2024-02-24 20:53:36.3493|0|DEBUG|Infrastructure.MongoDb.Repositories.Day_Repository|NLog is integrate to Day_Controler  |url: http://localhost/ChatHub|action: 
2024-02-24 20:53:40.9451|0|DEBUG|Infrastructure.MongoDb.Repositories.Day_Repository|NLog is integrate to Day_Controler  |url: http://localhost/ChatHub|action: 
2024-02-24 20:53:50.5003|0|DEBUG|Infrastructure.MongoDb.Repositories.Day_Repository|NLog is integrate to Day_Controler  |url: http://localhost/ChatHub|action: 
2024-02-24 20:54:20.3575|0|ERROR|Infrastructure.MongoDb.Repositories.Room_Repository|One or more errors occurred. ('1' is not a valid 24 digit hex string.) |url: http://localhost/ChatHub|action: 
2024-02-24 20:54:20.4207|8|ERROR|Microsoft.AspNetCore.SignalR.Internal.DefaultHubDispatcher|Failed to invoke hub method 'SendMessageToUser'. System.Net.Http.HttpRequestException: 500 Shit happens
   at Infrastructure.MongoDb.Repositories.Room_Repository.GetRoom(String id) in D:\StepMaster\Infrastructure\MongoDb\Repositories\Room_Repository.cs:line 60
   at Application.Services.Entity.Realization_Services.Message_Service.SetObject(Message value) in D:\StepMaster\DAL\Services\Entity\Realization_Services\Message_Service.cs:line 49
   at StepMaster.Controllers.Hubs.ChatHub.SendMessageToUser(MessageSendModel message) in D:\StepMaster\StepMaster\Controllers\Hubs\ChatHub.cs:line 59
   at Microsoft.AspNetCore.SignalR.Internal.DefaultHubDispatcher`1.ExecuteMethod(ObjectMethodExecutor methodExecutor, Hub hub, Object[] arguments)
   at Microsoft.AspNetCore.SignalR.Internal.DefaultHubDispatcher`1.<Invoke>g__ExecuteInvocation|18_0(DefaultHubDispatcher`1 dispatcher, ObjectMethodExecutor methodExecutor, THub hub, Object[] arguments, AsyncServiceScope scope, IHubActivator`1 hubActivator, HubConnectionContext connection, HubMethodInvocationMessage hubMethodInvocationMessage, Boolean isStreamCall)|url: http://localhost/ChatHub|action: 
