2024-03-14 19:46:40.7380|0|INFO|StepMaster.Program|Process start |url: |action: 
2024-03-14 19:46:41.6134|14|INFO|Microsoft.Hosting.Lifetime|Now listening on: http://localhost:5016 |url: |action: 
2024-03-14 19:46:41.6134|0|INFO|Microsoft.Hosting.Lifetime|Application started. Press Ctrl+C to shut down. |url: |action: 
2024-03-14 19:46:41.6262|0|INFO|Microsoft.Hosting.Lifetime|Hosting environment: Development |url: |action: 
2024-03-14 19:46:41.6262|0|INFO|Microsoft.Hosting.Lifetime|Content root path: D:\StepMaster\StepMaster |url: |action: 
2024-03-14 19:46:45.4231|3|WARN|Microsoft.AspNetCore.HttpsPolicy.HttpsRedirectionMiddleware|Failed to determine the https port for redirect. |url: http://localhost/swagger/index.html|action: 
2024-03-14 19:46:45.4231|3|WARN|Microsoft.AspNetCore.HttpsPolicy.HttpsRedirectionMiddleware|Failed to determine the https port for redirect. |url: http://localhost/swagger/index.html|action: 
2024-03-14 19:46:45.4874|0|DEBUG|Infrastructure.MongoDb.Repositories.Day_Repository|NLog is integrate to Day_Controler  |url: http://localhost/swagger/index.html|action: 
2024-03-14 19:47:07.0986|0|DEBUG|Infrastructure.MongoDb.Repositories.Day_Repository|NLog is integrate to Day_Controler  |url: http://localhost/api/Authorization/Auth|action: Auth
2024-03-14 19:47:07.0986|3|WARN|Microsoft.AspNetCore.HttpsPolicy.HttpsRedirectionMiddleware|Failed to determine the https port for redirect. |url: http://localhost/api/Authorization/Auth|action: Auth
2024-03-14 19:47:07.3756|8|DEBUG|API.Auth.AuthBase.BasicAunteficationHandler|AuthenticationScheme: Basic was successfully authenticated. |url: http://localhost/api/Authorization/Auth|action: Auth
2024-03-14 19:47:16.5479|0|DEBUG|Infrastructure.MongoDb.Repositories.Day_Repository|NLog is integrate to Day_Controler  |url: http://localhost/api/Room/GetMyRoomsView|action: GetMyRoomsView
2024-03-14 19:47:35.7983|0|DEBUG|Infrastructure.MongoDb.Repositories.Day_Repository|NLog is integrate to Day_Controler  |url: http://localhost/api/Profile/GetUser|action: GetUser
2024-03-14 19:47:37.2422|0|WARN|Infrastructure.MongoDb.Repositories.Day_Repository|GetCountDayMoreMax |url: http://localhost/api/Profile/GetUser|action: GetUser
2024-03-14 19:47:37.2422|0|ERROR|Infrastructure.MongoDb.Repositories.Day_Repository|Sequence contains no elements |url: http://localhost/api/Profile/GetUser|action: GetUser
2024-03-14 19:47:37.3232|0|WARN|Infrastructure.MongoDb.Repositories.Day_Repository|GetCountDayMoreMax |url: http://localhost/api/Profile/GetUser|action: GetUser
2024-03-14 19:47:37.3232|0|ERROR|Infrastructure.MongoDb.Repositories.Day_Repository|Sequence contains no elements |url: http://localhost/api/Profile/GetUser|action: GetUser
2024-03-14 20:44:50.3936|0|INFO|StepMaster.Program|Process start |url: |action: 
2024-03-14 20:44:51.1295|14|INFO|Microsoft.Hosting.Lifetime|Now listening on: http://localhost:5016 |url: |action: 
2024-03-14 20:44:51.1295|0|INFO|Microsoft.Hosting.Lifetime|Application started. Press Ctrl+C to shut down. |url: |action: 
2024-03-14 20:44:51.1295|0|INFO|Microsoft.Hosting.Lifetime|Hosting environment: Development |url: |action: 
2024-03-14 20:44:51.1295|0|INFO|Microsoft.Hosting.Lifetime|Content root path: D:\StepMaster\StepMaster |url: |action: 
2024-03-14 20:44:53.9434|3|WARN|Microsoft.AspNetCore.HttpsPolicy.HttpsRedirectionMiddleware|Failed to determine the https port for redirect. |url: http://localhost/swagger/index.html|action: 
2024-03-14 20:44:53.9434|3|WARN|Microsoft.AspNetCore.HttpsPolicy.HttpsRedirectionMiddleware|Failed to determine the https port for redirect. |url: http://localhost/swagger/index.html|action: 
2024-03-14 20:44:53.9834|0|DEBUG|Infrastructure.MongoDb.Repositories.Day_Repository|NLog is integrate to Day_Controler  |url: http://localhost/swagger/index.html|action: 
2024-03-14 20:45:38.0532|0|INFO|StepMaster.Program|Process start |url: |action: 
2024-03-14 20:45:38.9025|14|INFO|Microsoft.Hosting.Lifetime|Now listening on: http://localhost:5016 |url: |action: 
2024-03-14 20:45:38.9094|0|INFO|Microsoft.Hosting.Lifetime|Application started. Press Ctrl+C to shut down. |url: |action: 
2024-03-14 20:45:38.9094|0|INFO|Microsoft.Hosting.Lifetime|Hosting environment: Development |url: |action: 
2024-03-14 20:45:38.9094|0|INFO|Microsoft.Hosting.Lifetime|Content root path: D:\StepMaster\StepMaster |url: |action: 
2024-03-14 20:45:41.6462|3|WARN|Microsoft.AspNetCore.HttpsPolicy.HttpsRedirectionMiddleware|Failed to determine the https port for redirect. |url: http://localhost/swagger/index.html|action: 
2024-03-14 20:45:41.6462|3|WARN|Microsoft.AspNetCore.HttpsPolicy.HttpsRedirectionMiddleware|Failed to determine the https port for redirect. |url: http://localhost/swagger/index.html|action: 
2024-03-14 20:45:41.6929|0|DEBUG|Infrastructure.MongoDb.Repositories.Day_Repository|NLog is integrate to Day_Controler  |url: http://localhost/swagger/index.html|action: 
2024-03-14 20:46:34.1427|0|DEBUG|Infrastructure.MongoDb.Repositories.Day_Repository|NLog is integrate to Day_Controler  |url: http://localhost/api/Room/GetMyRoomsView|action: GetMyRoomsView
2024-03-14 20:46:34.1427|3|WARN|Microsoft.AspNetCore.HttpsPolicy.HttpsRedirectionMiddleware|Failed to determine the https port for redirect. |url: http://localhost/api/Room/GetMyRoomsView|action: GetMyRoomsView
2024-03-14 20:46:42.9592|0|DEBUG|Infrastructure.MongoDb.Repositories.Day_Repository|NLog is integrate to Day_Controler  |url: http://localhost/api/Authorization/Auth|action: Auth
2024-03-14 20:46:43.2794|8|DEBUG|API.Auth.AuthBase.BasicAunteficationHandler|AuthenticationScheme: Basic was successfully authenticated. |url: http://localhost/api/Authorization/Auth|action: Auth
2024-03-14 20:46:53.6457|0|DEBUG|Infrastructure.MongoDb.Repositories.Day_Repository|NLog is integrate to Day_Controler  |url: http://localhost/api/Room/GetMessagesByRoom|action: GetMessagesByRoom
2024-03-14 20:46:53.7458|0|ERROR|Infrastructure.MongoDb.Repositories.User_Repository|Command aggregate failed: Unrecognized pipeline stage name: 'sort'. |url: http://localhost/api/Room/GetMessagesByRoom|action: GetMessagesByRoom
2024-03-14 20:47:05.7156|0|DEBUG|Infrastructure.MongoDb.Repositories.Day_Repository|NLog is integrate to Day_Controler  |url: http://localhost/api/Room/GetMessagesByRoom|action: GetMessagesByRoom
2024-03-14 20:47:30.3789|0|INFO|StepMaster.Program|Process start |url: |action: 
2024-03-14 20:47:31.3140|14|INFO|Microsoft.Hosting.Lifetime|Now listening on: http://localhost:5016 |url: |action: 
2024-03-14 20:47:31.3184|0|INFO|Microsoft.Hosting.Lifetime|Application started. Press Ctrl+C to shut down. |url: |action: 
2024-03-14 20:47:31.3184|0|INFO|Microsoft.Hosting.Lifetime|Hosting environment: Development |url: |action: 
2024-03-14 20:47:31.3324|0|INFO|Microsoft.Hosting.Lifetime|Content root path: D:\StepMaster\StepMaster |url: |action: 
2024-03-14 20:47:32.0013|3|WARN|Microsoft.AspNetCore.HttpsPolicy.HttpsRedirectionMiddleware|Failed to determine the https port for redirect. |url: http://localhost/api/Room/GetMessagesByRoom|action: GetMessagesByRoom
2024-03-14 20:47:32.0177|3|WARN|Microsoft.AspNetCore.HttpsPolicy.HttpsRedirectionMiddleware|Failed to determine the https port for redirect. |url: http://localhost/api/Room/GetMessagesByRoom|action: GetMessagesByRoom
2024-03-14 20:47:32.0629|0|DEBUG|Infrastructure.MongoDb.Repositories.Day_Repository|NLog is integrate to Day_Controler  |url: http://localhost/api/Room/GetMessagesByRoom|action: GetMessagesByRoom
2024-03-14 20:47:32.0689|3|WARN|Microsoft.AspNetCore.HttpsPolicy.HttpsRedirectionMiddleware|Failed to determine the https port for redirect. |url: http://localhost/api/Room/GetMessagesByRoom|action: GetMessagesByRoom
2024-03-14 20:47:34.3389|0|DEBUG|Infrastructure.MongoDb.Repositories.Day_Repository|NLog is integrate to Day_Controler  |url: http://localhost/swagger/index.html|action: 
2024-03-14 20:48:22.9626|0|DEBUG|Infrastructure.MongoDb.Repositories.Day_Repository|NLog is integrate to Day_Controler  |url: http://localhost/api/Room/GetMessagesByRoom|action: GetMessagesByRoom
2024-03-14 21:20:35.2455|0|INFO|StepMaster.Program|Process start |url: |action: 
2024-03-14 21:20:36.0262|14|INFO|Microsoft.Hosting.Lifetime|Now listening on: http://localhost:5016 |url: |action: 
2024-03-14 21:20:36.0348|0|INFO|Microsoft.Hosting.Lifetime|Application started. Press Ctrl+C to shut down. |url: |action: 
2024-03-14 21:20:36.0348|0|INFO|Microsoft.Hosting.Lifetime|Hosting environment: Development |url: |action: 
2024-03-14 21:20:36.0348|0|INFO|Microsoft.Hosting.Lifetime|Content root path: D:\StepMaster\StepMaster |url: |action: 
2024-03-14 21:20:36.7045|3|WARN|Microsoft.AspNetCore.HttpsPolicy.HttpsRedirectionMiddleware|Failed to determine the https port for redirect. |url: http://localhost/swagger/index.html|action: 
2024-03-14 21:20:36.7045|3|WARN|Microsoft.AspNetCore.HttpsPolicy.HttpsRedirectionMiddleware|Failed to determine the https port for redirect. |url: http://localhost/swagger/index.html|action: 
2024-03-14 21:20:36.7408|0|DEBUG|Infrastructure.MongoDb.Repositories.Day_Repository|NLog is integrate to Day_Controler  |url: http://localhost/swagger/index.html|action: 
2024-03-14 21:20:38.6901|0|DEBUG|Infrastructure.MongoDb.Repositories.Day_Repository|NLog is integrate to Day_Controler  |url: http://localhost/api/Authorization/Auth|action: Auth
2024-03-14 21:20:38.6901|3|WARN|Microsoft.AspNetCore.HttpsPolicy.HttpsRedirectionMiddleware|Failed to determine the https port for redirect. |url: http://localhost/api/Authorization/Auth|action: Auth
2024-03-14 21:20:38.9388|8|DEBUG|API.Auth.AuthBase.BasicAunteficationHandler|AuthenticationScheme: Basic was successfully authenticated. |url: http://localhost/api/Authorization/Auth|action: Auth
2024-03-14 21:21:23.3305|0|DEBUG|Infrastructure.MongoDb.Repositories.Day_Repository|NLog is integrate to Day_Controler  |url: http://localhost/api/Profile/GetUser|action: GetUser
2024-03-14 21:21:24.7216|0|WARN|Infrastructure.MongoDb.Repositories.Day_Repository|GetCountDayMoreMax |url: http://localhost/api/Profile/GetUser|action: GetUser
2024-03-14 21:21:24.7216|0|ERROR|Infrastructure.MongoDb.Repositories.Day_Repository|Sequence contains no elements |url: http://localhost/api/Profile/GetUser|action: GetUser
2024-03-14 21:21:24.8286|0|WARN|Infrastructure.MongoDb.Repositories.Day_Repository|GetCountDayMoreMax |url: http://localhost/api/Profile/GetUser|action: GetUser
2024-03-14 21:21:24.8301|0|ERROR|Infrastructure.MongoDb.Repositories.Day_Repository|Sequence contains no elements |url: http://localhost/api/Profile/GetUser|action: GetUser
2024-03-14 21:22:04.3931|0|DEBUG|Infrastructure.MongoDb.Repositories.Day_Repository|NLog is integrate to Day_Controler  |url: http://localhost/api/Profile/GetUser|action: GetUser
2024-03-14 21:22:05.2572|0|WARN|Infrastructure.MongoDb.Repositories.Day_Repository|GetCountDayMoreMax |url: http://localhost/api/Profile/GetUser|action: GetUser
2024-03-14 21:22:05.2572|0|ERROR|Infrastructure.MongoDb.Repositories.Day_Repository|Sequence contains no elements |url: http://localhost/api/Profile/GetUser|action: GetUser
2024-03-14 21:22:05.3137|0|WARN|Infrastructure.MongoDb.Repositories.Day_Repository|GetCountDayMoreMax |url: http://localhost/api/Profile/GetUser|action: GetUser
2024-03-14 21:22:05.3155|0|ERROR|Infrastructure.MongoDb.Repositories.Day_Repository|Sequence contains no elements |url: http://localhost/api/Profile/GetUser|action: GetUser
2024-03-14 21:22:07.8931|0|DEBUG|Infrastructure.MongoDb.Repositories.Day_Repository|NLog is integrate to Day_Controler  |url: http://localhost/api/Profile/GetUser|action: GetUser
2024-03-14 21:22:08.5622|0|WARN|Infrastructure.MongoDb.Repositories.Day_Repository|GetCountDayMoreMax |url: http://localhost/api/Profile/GetUser|action: GetUser
2024-03-14 21:22:08.5622|0|ERROR|Infrastructure.MongoDb.Repositories.Day_Repository|Sequence contains no elements |url: http://localhost/api/Profile/GetUser|action: GetUser
2024-03-14 21:22:08.6096|0|WARN|Infrastructure.MongoDb.Repositories.Day_Repository|GetCountDayMoreMax |url: http://localhost/api/Profile/GetUser|action: GetUser
2024-03-14 21:22:08.6115|0|ERROR|Infrastructure.MongoDb.Repositories.Day_Repository|Sequence contains no elements |url: http://localhost/api/Profile/GetUser|action: GetUser
2024-03-14 21:22:11.5991|0|DEBUG|Infrastructure.MongoDb.Repositories.Day_Repository|NLog is integrate to Day_Controler  |url: http://localhost/api/Profile/GetUser|action: GetUser
2024-03-14 21:22:12.2794|0|WARN|Infrastructure.MongoDb.Repositories.Day_Repository|GetCountDayMoreMax |url: http://localhost/api/Profile/GetUser|action: GetUser
2024-03-14 21:22:12.2794|0|ERROR|Infrastructure.MongoDb.Repositories.Day_Repository|Sequence contains no elements |url: http://localhost/api/Profile/GetUser|action: GetUser
2024-03-14 21:22:12.3259|0|WARN|Infrastructure.MongoDb.Repositories.Day_Repository|GetCountDayMoreMax |url: http://localhost/api/Profile/GetUser|action: GetUser
2024-03-14 21:22:12.3259|0|ERROR|Infrastructure.MongoDb.Repositories.Day_Repository|Sequence contains no elements |url: http://localhost/api/Profile/GetUser|action: GetUser
2024-03-14 21:22:29.8458|0|DEBUG|Infrastructure.MongoDb.Repositories.Day_Repository|NLog is integrate to Day_Controler  |url: http://localhost/api/Profile/GetUser|action: GetUser
2024-03-14 21:22:42.6433|0|WARN|Infrastructure.MongoDb.Repositories.Day_Repository|GetCountDayMoreMax |url: http://localhost/api/Profile/GetUser|action: GetUser
2024-03-14 21:22:42.6433|0|ERROR|Infrastructure.MongoDb.Repositories.Day_Repository|Sequence contains no elements |url: http://localhost/api/Profile/GetUser|action: GetUser
2024-03-14 21:22:42.6950|0|WARN|Infrastructure.MongoDb.Repositories.Day_Repository|GetCountDayMoreMax |url: http://localhost/api/Profile/GetUser|action: GetUser
2024-03-14 21:22:42.6950|0|ERROR|Infrastructure.MongoDb.Repositories.Day_Repository|Sequence contains no elements |url: http://localhost/api/Profile/GetUser|action: GetUser
2024-03-14 21:23:03.9236|0|DEBUG|Infrastructure.MongoDb.Repositories.Day_Repository|NLog is integrate to Day_Controler  |url: http://localhost/api/Profile/GetUser|action: GetUser
2024-03-14 21:23:30.1841|0|DEBUG|Infrastructure.MongoDb.Repositories.Day_Repository|NLog is integrate to Day_Controler  |url: http://localhost/api/Authorization/Auth|action: Auth
2024-03-14 21:23:36.6604|8|DEBUG|API.Auth.AuthBase.BasicAunteficationHandler|AuthenticationScheme: Basic was successfully authenticated. |url: http://localhost/api/Authorization/Auth|action: Auth
2024-03-14 21:23:44.2016|0|DEBUG|Infrastructure.MongoDb.Repositories.Day_Repository|NLog is integrate to Day_Controler  |url: http://localhost/api/Profile/GetUser|action: GetUser
2024-03-14 21:23:51.0385|0|WARN|Infrastructure.MongoDb.Repositories.Day_Repository|GetCountDayMoreMax |url: http://localhost/api/Profile/GetUser|action: GetUser
2024-03-14 21:23:51.0385|0|ERROR|Infrastructure.MongoDb.Repositories.Day_Repository|Sequence contains no elements |url: http://localhost/api/Profile/GetUser|action: GetUser
2024-03-14 21:23:51.0905|0|WARN|Infrastructure.MongoDb.Repositories.Day_Repository|GetCountDayMoreMax |url: http://localhost/api/Profile/GetUser|action: GetUser
2024-03-14 21:23:51.0905|0|ERROR|Infrastructure.MongoDb.Repositories.Day_Repository|Sequence contains no elements |url: http://localhost/api/Profile/GetUser|action: GetUser
2024-03-14 21:54:11.9253|0|DEBUG|Infrastructure.MongoDb.Repositories.Day_Repository|NLog is integrate to Day_Controler  |url: http://localhost/api/Authorization/Auth|action: Auth
2024-03-14 21:54:13.4032|8|DEBUG|API.Auth.AuthBase.BasicAunteficationHandler|AuthenticationScheme: Basic was successfully authenticated. |url: http://localhost/api/Authorization/Auth|action: Auth
2024-03-14 21:54:24.6047|0|DEBUG|Infrastructure.MongoDb.Repositories.Day_Repository|NLog is integrate to Day_Controler  |url: http://localhost/ChatHub|action: 
2024-03-14 21:54:25.5219|0|DEBUG|Infrastructure.MongoDb.Repositories.Day_Repository|NLog is integrate to Day_Controler  |url: http://localhost/ChatHub|action: 
2024-03-14 21:54:25.5219|0|DEBUG|Infrastructure.MongoDb.Repositories.Day_Repository|NLog is integrate to Day_Controler  |url: http://localhost/ChatHub|action: 
2024-03-14 21:54:29.1730|0|DEBUG|Infrastructure.MongoDb.Repositories.Day_Repository|NLog is integrate to Day_Controler  |url: http://localhost/ChatHub|action: 
2024-03-14 21:54:30.2983|0|DEBUG|Infrastructure.MongoDb.Repositories.Day_Repository|NLog is integrate to Day_Controler  |url: http://localhost/ChatHub|action: 
2024-03-14 21:54:30.2983|0|DEBUG|Infrastructure.MongoDb.Repositories.Day_Repository|NLog is integrate to Day_Controler  |url: http://localhost/ChatHub|action: 
2024-03-14 21:54:44.8802|0|DEBUG|Infrastructure.MongoDb.Repositories.Day_Repository|NLog is integrate to Day_Controler  |url: http://localhost/ChatHub|action: 
2024-03-14 21:54:47.2097|0|DEBUG|Infrastructure.MongoDb.Repositories.Day_Repository|NLog is integrate to Day_Controler  |url: http://localhost/ChatHub|action: 
2024-03-14 21:55:43.0771|0|DEBUG|Infrastructure.MongoDb.Repositories.Day_Repository|NLog is integrate to Day_Controler  |url: http://localhost/api/Authorization/Auth|action: Auth
2024-03-14 21:55:43.1316|8|DEBUG|API.Auth.AuthBase.BasicAunteficationHandler|AuthenticationScheme: Basic was successfully authenticated. |url: http://localhost/api/Authorization/Auth|action: Auth
2024-03-14 21:56:11.9426|0|DEBUG|Infrastructure.MongoDb.Repositories.Day_Repository|NLog is integrate to Day_Controler  |url: http://localhost/ChatHub|action: 
2024-03-14 21:56:11.9829|0|DEBUG|Infrastructure.MongoDb.Repositories.Day_Repository|NLog is integrate to Day_Controler  |url: http://localhost/ChatHub|action: 
2024-03-14 21:56:15.7363|0|DEBUG|Infrastructure.MongoDb.Repositories.Day_Repository|NLog is integrate to Day_Controler  |url: http://localhost/ChatHub|action: 
2024-03-14 21:57:59.9677|0|DEBUG|Infrastructure.MongoDb.Repositories.Day_Repository|NLog is integrate to Day_Controler  |url: http://localhost/ChatHub|action: 
