2024-01-29 20:39:03.4414|0|INFO|StepMaster.Program|Process start |url: |action: 
2024-01-29 20:39:04.7324|14|INFO|Microsoft.Hosting.Lifetime|Now listening on: http://localhost:5016 |url: |action: 
2024-01-29 20:39:04.7324|0|INFO|Microsoft.Hosting.Lifetime|Application started. Press Ctrl+C to shut down. |url: |action: 
2024-01-29 20:39:04.7324|0|INFO|Microsoft.Hosting.Lifetime|Hosting environment: Development |url: |action: 
2024-01-29 20:39:04.7324|0|INFO|Microsoft.Hosting.Lifetime|Content root path: D:\StepMaster\StepMaster |url: |action: 
2024-01-29 20:39:39.3149|3|WARN|Microsoft.AspNetCore.HttpsPolicy.HttpsRedirectionMiddleware|Failed to determine the https port for redirect. |url: http://localhost/api/Clan/GetAll|action: GetClans
2024-01-29 20:39:47.1741|0|DEBUG|Infrastructure.MongoDb.Repositories.Day_Repository|NLog is integrate to Day_Controler  |url: http://localhost/api/Authorization/Auth|action: Auth
2024-01-29 20:40:17.2851|0|ERROR|Infrastructure.MongoDb.Repositories.User_Repository|One or more errors occurred. (A timeout occurred after 30000ms selecting a server using CompositeServerSelector{ Selectors = ReadPreferenceServerSelector{ ReadPreference = { Mode : Primary } }, LatencyLimitingServerSelector{ AllowedLatencyRange = 00:00:00.0150000 }, OperationsCountServerSelector }. Client view of cluster state is { ClusterId : "1", Type : "Unknown", State : "Disconnected", Servers : [{ ServerId: "{ ClusterId : 1, EndPoint : "Unspecified/mongodb:27017" }", EndPoint: "Unspecified/mongodb:27017", ReasonChanged: "Heartbeat", State: "Disconnected", ServerVersion: , TopologyVersion: , Type: "Unknown", HeartbeatException: "MongoDB.Driver.MongoConnectionException: An exception occurred while opening a connection to the server.
 ---> System.Net.Sockets.SocketException (0x00002AF9): Этот хост неизвестен.
   at System.Net.Dns.GetHostEntryOrAddressesCore(String hostName, Boolean justAddresses, AddressFamily addressFamily, Int64 startingTimestamp)
   at System.Net.Dns.GetHostAddresses(String hostNameOrAddress, AddressFamily family)
   at MongoDB.Driver.Core.Connections.TcpStreamFactory.ResolveEndPoints(EndPoint initial)
   at MongoDB.Driver.Core.Connections.TcpStreamFactory.CreateStream(EndPoint endPoint, CancellationToken cancellationToken)
   at MongoDB.Driver.Core.Connections.BinaryConnection.OpenHelper(CancellationToken cancellationToken)
   --- End of inner exception stack trace ---
   at MongoDB.Driver.Core.Connections.BinaryConnection.OpenHelper(CancellationToken cancellationToken)
   at MongoDB.Driver.Core.Connections.BinaryConnection.Open(CancellationToken cancellationToken)
   at MongoDB.Driver.Core.Servers.ServerMonitor.InitializeConnection(CancellationToken cancellationToken)
   at MongoDB.Driver.Core.Servers.ServerMonitor.Heartbeat(CancellationToken cancellationToken)", LastHeartbeatTimestamp: "2024-01-29T13:40:16.9667774Z", LastUpdateTimestamp: "2024-01-29T13:40:16.9667781Z" }] }.) |url: http://localhost/api/Authorization/Auth|action: Auth
2024-01-29 20:40:31.6636|0|INFO|StepMaster.Program|Process start |url: |action: 
2024-01-29 20:40:32.4579|14|INFO|Microsoft.Hosting.Lifetime|Now listening on: http://localhost:5016 |url: |action: 
2024-01-29 20:40:32.4650|0|INFO|Microsoft.Hosting.Lifetime|Application started. Press Ctrl+C to shut down. |url: |action: 
2024-01-29 20:40:32.4650|0|INFO|Microsoft.Hosting.Lifetime|Hosting environment: Development |url: |action: 
2024-01-29 20:40:32.4650|0|INFO|Microsoft.Hosting.Lifetime|Content root path: D:\StepMaster\StepMaster |url: |action: 
2024-01-29 20:40:34.9025|3|WARN|Microsoft.AspNetCore.HttpsPolicy.HttpsRedirectionMiddleware|Failed to determine the https port for redirect. |url: http://localhost/api/Authorization/Auth|action: Auth
2024-01-29 20:40:34.9531|0|DEBUG|Infrastructure.MongoDb.Repositories.Day_Repository|NLog is integrate to Day_Controler  |url: http://localhost/api/Authorization/Auth|action: Auth
2024-01-29 20:41:05.0732|0|ERROR|Infrastructure.MongoDb.Repositories.User_Repository|One or more errors occurred. (A timeout occurred after 30000ms selecting a server using CompositeServerSelector{ Selectors = ReadPreferenceServerSelector{ ReadPreference = { Mode : Primary } }, LatencyLimitingServerSelector{ AllowedLatencyRange = 00:00:00.0150000 }, OperationsCountServerSelector }. Client view of cluster state is { ClusterId : "1", Type : "Unknown", State : "Disconnected", Servers : [{ ServerId: "{ ClusterId : 1, EndPoint : "Unspecified/localhost:27017" }", EndPoint: "Unspecified/localhost:27017", ReasonChanged: "Heartbeat", State: "Disconnected", ServerVersion: , TopologyVersion: , Type: "Unknown", HeartbeatException: "MongoDB.Driver.MongoConnectionException: An exception occurred while opening a connection to the server.
 ---> MongoDB.Driver.MongoConnectionException: An exception occurred while receiving a message from the server.
 ---> System.IO.EndOfStreamException: Attempted to read past the end of the stream.
   at MongoDB.Driver.Core.Misc.StreamExtensionMethods.ReadBytes(Stream stream, Byte[] buffer, Int32 offset, Int32 count, CancellationToken cancellationToken)
   at MongoDB.Driver.Core.Connections.BinaryConnection.ReceiveBuffer(CancellationToken cancellationToken)
   --- End of inner exception stack trace ---
   at MongoDB.Driver.Core.Connections.BinaryConnection.ReceiveBuffer(CancellationToken cancellationToken)
   at MongoDB.Driver.Core.Connections.BinaryConnection.ReceiveBuffer(Int32 responseTo, CancellationToken cancellationToken)
--- End of stack trace from previous location ---
   at MongoDB.Driver.Core.Connections.BinaryConnection.ReceiveBuffer(Int32 responseTo, CancellationToken cancellationToken)
   at MongoDB.Driver.Core.Connections.BinaryConnection.ReceiveMessage(Int32 responseTo, IMessageEncoderSelector encoderSelector, MessageEncoderSettings messageEncoderSettings, CancellationToken cancellationToken)
   at MongoDB.Driver.Core.WireProtocol.CommandUsingQueryMessageWireProtocol`1.Execute(IConnection connection, CancellationToken cancellationToken)
   at MongoDB.Driver.Core.Connections.HelloHelper.GetResult(IConnection connection, CommandWireProtocol`1 helloProtocol, CancellationToken cancellationToken)
   at MongoDB.Driver.Core.Connections.ConnectionInitializer.SendHello(IConnection connection, CancellationToken cancellationToken)
   at MongoDB.Driver.Core.Connections.BinaryConnection.OpenHelper(CancellationToken cancellationToken)
   --- End of inner exception stack trace ---
   at MongoDB.Driver.Core.Connections.BinaryConnection.OpenHelper(CancellationToken cancellationToken)
   at MongoDB.Driver.Core.Connections.BinaryConnection.Open(CancellationToken cancellationToken)
   at MongoDB.Driver.Core.Servers.ServerMonitor.InitializeConnection(CancellationToken cancellationToken)
   at MongoDB.Driver.Core.Servers.ServerMonitor.Heartbeat(CancellationToken cancellationToken)", LastHeartbeatTimestamp: "2024-01-29T13:41:04.5863569Z", LastUpdateTimestamp: "2024-01-29T13:41:04.5863570Z" }] }.) |url: http://localhost/api/Authorization/Auth|action: Auth
2024-01-29 20:41:18.9816|0|DEBUG|Infrastructure.MongoDb.Repositories.Day_Repository|NLog is integrate to Day_Controler  |url: http://localhost/api/Authorization/Auth|action: Auth
2024-01-29 20:41:19.1034|8|DEBUG|API.Auth.AuthBase.BasicAunteficationHandler|AuthenticationScheme: Basic was successfully authenticated. |url: http://localhost/api/Authorization/Auth|action: Auth
2024-01-29 20:41:28.9717|0|DEBUG|Infrastructure.MongoDb.Repositories.Day_Repository|NLog is integrate to Day_Controler  |url: http://localhost/api/Clan/GetAll|action: GetClans
2024-01-29 20:42:21.4563|0|DEBUG|Infrastructure.MongoDb.Repositories.Day_Repository|NLog is integrate to Day_Controler  |url: http://localhost/api/Clan/GetAll|action: GetClans
2024-01-29 20:42:22.6173|0|DEBUG|Infrastructure.MongoDb.Repositories.Day_Repository|NLog is integrate to Day_Controler  |url: http://localhost/api/Clan/GetAll|action: GetClans
