2024-02-25 12:48:42.4679|0|INFO|StepMaster.Program|Process start |url: |action: 
2024-02-25 12:48:42.8747|60|WARN|Microsoft.AspNetCore.DataProtection.Repositories.FileSystemXmlRepository|Storing keys in a directory '/root/.aspnet/DataProtection-Keys' that may not be persisted outside of the container. Protected data will be unavailable when container is destroyed. |url: |action: 
2024-02-25 12:48:42.9035|35|WARN|Microsoft.AspNetCore.DataProtection.KeyManagement.XmlKeyManager|No XML encryptor configured. Key {deba5d2c-deed-483c-9a3a-7ed38a1c1551} may be persisted to storage in unencrypted form. |url: |action: 
2024-02-25 12:48:42.9581|14|INFO|Microsoft.Hosting.Lifetime|Now listening on: http://[::]:80 |url: |action: 
2024-02-25 12:48:42.9653|0|INFO|Microsoft.Hosting.Lifetime|Application started. Press Ctrl+C to shut down. |url: |action: 
2024-02-25 12:48:42.9653|0|INFO|Microsoft.Hosting.Lifetime|Hosting environment: Development |url: |action: 
2024-02-25 12:48:42.9653|0|INFO|Microsoft.Hosting.Lifetime|Content root path: /app |url: |action: 
2024-02-25 12:49:27.5560|3|WARN|Microsoft.AspNetCore.HttpsPolicy.HttpsRedirectionMiddleware|Failed to determine the https port for redirect. |url: http://localhost/api/Authorization/Auth|action: Auth
2024-02-25 12:49:27.5560|3|WARN|Microsoft.AspNetCore.HttpsPolicy.HttpsRedirectionMiddleware|Failed to determine the https port for redirect. |url: http://localhost/api/Authorization/Auth|action: Auth
2024-02-25 12:49:27.5957|0|DEBUG|Infrastructure.MongoDb.Repositories.Day_Repository|NLog is integrate to Day_Controler  |url: http://localhost/api/Authorization/Auth|action: Auth
2024-02-25 12:49:27.5957|3|WARN|Microsoft.AspNetCore.HttpsPolicy.HttpsRedirectionMiddleware|Failed to determine the https port for redirect. |url: http://localhost/api/Authorization/Auth|action: Auth
2024-02-25 12:49:27.8310|8|DEBUG|API.Auth.AuthBase.BasicAunteficationHandler|AuthenticationScheme: Basic was successfully authenticated. |url: http://localhost/api/Authorization/Auth|action: Auth
2024-02-25 12:49:45.3730|0|DEBUG|Infrastructure.MongoDb.Repositories.Day_Repository|NLog is integrate to Day_Controler  |url: http://localhost/ChatHub|action: 
2024-02-25 12:49:57.9260|0|DEBUG|Infrastructure.MongoDb.Repositories.Day_Repository|NLog is integrate to Day_Controler  |url: http://localhost/api/Profile/GetUser|action: GetUser
2024-02-25 12:49:58.9458|0|WARN|Infrastructure.MongoDb.Repositories.Day_Repository|GetCountDayMoreMax |url: http://localhost/api/Profile/GetUser|action: GetUser
2024-02-25 12:49:58.9458|0|ERROR|Infrastructure.MongoDb.Repositories.Day_Repository|Sequence contains no elements |url: http://localhost/api/Profile/GetUser|action: GetUser
2024-02-25 12:49:58.9539|0|WARN|Infrastructure.MongoDb.Repositories.Day_Repository|GetCountDayMoreMax |url: http://localhost/api/Profile/GetUser|action: GetUser
2024-02-25 12:49:58.9539|0|ERROR|Infrastructure.MongoDb.Repositories.Day_Repository|Sequence contains no elements |url: http://localhost/api/Profile/GetUser|action: GetUser
2024-02-25 12:50:34.4650|0|DEBUG|Infrastructure.MongoDb.Repositories.Day_Repository|NLog is integrate to Day_Controler  |url: http://localhost/ChatHub|action: 
2024-02-25 12:50:34.5144|0|DEBUG|Infrastructure.MongoDb.Repositories.Day_Repository|NLog is integrate to Day_Controler  |url: http://localhost/ChatHub|action: 
2024-02-25 12:50:34.5436|0|DEBUG|Infrastructure.MongoDb.Repositories.Day_Repository|NLog is integrate to Day_Controler  |url: http://localhost/ChatHub|action: 
2024-02-25 12:50:35.8642|0|DEBUG|Infrastructure.MongoDb.Repositories.Day_Repository|NLog is integrate to Day_Controler  |url: http://localhost/ChatHub|action: 
2024-02-25 12:50:36.8938|0|DEBUG|Infrastructure.MongoDb.Repositories.Day_Repository|NLog is integrate to Day_Controler  |url: http://localhost/ChatHub|action: 
2024-02-25 12:51:11.4379|0|DEBUG|Infrastructure.MongoDb.Repositories.Day_Repository|NLog is integrate to Day_Controler  |url: http://localhost/api/Regions/GetRegions|action: GetRegions
2024-02-25 12:51:11.5683|0|DEBUG|Infrastructure.MongoDb.Repositories.Day_Repository|NLog is integrate to Day_Controler  |url: http://localhost/api/Authorization/SendCode|action: SendCode
2024-02-25 12:51:11.7234|0|DEBUG|Infrastructure.MongoDb.Repositories.Day_Repository|NLog is integrate to Day_Controler  |url: http://localhost/api/Authorization/SendCode|action: SendCode
2024-02-25 12:51:13.8638|0|DEBUG|Infrastructure.MongoDb.Repositories.Day_Repository|NLog is integrate to Day_Controler  |url: http://localhost/api/Authorization/Registration|action: Registration
2024-02-25 12:51:13.9462|1|ERROR|Microsoft.AspNetCore.Diagnostics.DeveloperExceptionPageMiddleware|An unhandled exception has occurred while executing the request. System.NullReferenceException: Object reference not set to an instance of an object.
   at StepMaster.Services.ForDb.Repositories.User_Service.RegUserAsync(User newUser) in /src/DAL/Services/Entity/Realization_Services/User_Service.cs:line 55
   at StepMaster.Controllers.api.AuthorizationController.Registration(UserRegModel user) in /src/StepMaster/Controllers/Api/AuthorizationController.cs:line 87
   at lambda_method163(Closure, Object)
   at Microsoft.AspNetCore.Mvc.Infrastructure.ActionMethodExecutor.AwaitableObjectResultExecutor.Execute(ActionContext actionContext, IActionResultTypeMapper mapper, ObjectMethodExecutor executor, Object controller, Object[] arguments)
   at Microsoft.AspNetCore.Mvc.Infrastructure.ControllerActionInvoker.<InvokeActionMethodAsync>g__Logged|12_1(ControllerActionInvoker invoker)
   at Microsoft.AspNetCore.Mvc.Infrastructure.ControllerActionInvoker.<InvokeNextActionFilterAsync>g__Awaited|10_0(ControllerActionInvoker invoker, Task lastTask, State next, Scope scope, Object state, Boolean isCompleted)
   at Microsoft.AspNetCore.Mvc.Infrastructure.ControllerActionInvoker.Rethrow(ActionExecutedContextSealed context)
   at Microsoft.AspNetCore.Mvc.Infrastructure.ControllerActionInvoker.Next(State& next, Scope& scope, Object& state, Boolean& isCompleted)
   at Microsoft.AspNetCore.Mvc.Infrastructure.ControllerActionInvoker.<InvokeInnerFilterAsync>g__Awaited|13_0(ControllerActionInvoker invoker, Task lastTask, State next, Scope scope, Object state, Boolean isCompleted)
   at Microsoft.AspNetCore.Mvc.Infrastructure.ResourceInvoker.<InvokeFilterPipelineAsync>g__Awaited|20_0(ResourceInvoker invoker, Task lastTask, State next, Scope scope, Object state, Boolean isCompleted)
   at Microsoft.AspNetCore.Mvc.Infrastructure.ResourceInvoker.<InvokeAsync>g__Logged|17_1(ResourceInvoker invoker)
   at Microsoft.AspNetCore.Mvc.Infrastructure.ResourceInvoker.<InvokeAsync>g__Logged|17_1(ResourceInvoker invoker)
   at Microsoft.AspNetCore.Routing.EndpointMiddleware.<Invoke>g__AwaitRequestTask|6_0(Endpoint endpoint, Task requestTask, ILogger logger)
   at Microsoft.AspNetCore.Authentication.AuthenticationMiddleware.Invoke(HttpContext context)
   at Microsoft.AspNetCore.Authorization.AuthorizationMiddleware.Invoke(HttpContext context)
   at Microsoft.AspNetCore.Authentication.AuthenticationMiddleware.Invoke(HttpContext context)
   at Swashbuckle.AspNetCore.SwaggerUI.SwaggerUIMiddleware.Invoke(HttpContext httpContext)
   at StepMaster.HandlerException.FactoryMiddleware.InvokeAsync(HttpContext context, RequestDelegate next) in /src/StepMaster/HandlerException/FactoryMiddleware.cs:line 34
   at Microsoft.AspNetCore.Builder.UseMiddlewareExtensions.<>c__DisplayClass6_1.<<UseMiddlewareInterface>b__1>d.MoveNext()
--- End of stack trace from previous location ---
   at Swashbuckle.AspNetCore.Swagger.SwaggerMiddleware.Invoke(HttpContext httpContext, ISwaggerProvider swaggerProvider)
   at Microsoft.AspNetCore.Diagnostics.DeveloperExceptionPageMiddlewareImpl.Invoke(HttpContext context)|url: http://localhost/api/Authorization/Registration|action: Registration
2024-02-25 12:51:14.0491|0|DEBUG|Infrastructure.MongoDb.Repositories.Day_Repository|NLog is integrate to Day_Controler  |url: http://localhost/api/Authorization/Auth|action: Auth
2024-02-25 12:51:14.0696|8|DEBUG|API.Auth.AuthBase.BasicAunteficationHandler|AuthenticationScheme: Basic was successfully authenticated. |url: http://localhost/api/Authorization/Auth|action: Auth
2024-02-25 12:51:14.1734|0|DEBUG|Infrastructure.MongoDb.Repositories.Day_Repository|NLog is integrate to Day_Controler  |url: http://localhost/api/Authorization/UpdateCookies|action: UpdateCookies
2024-02-25 12:51:14.3031|0|DEBUG|Infrastructure.MongoDb.Repositories.Day_Repository|NLog is integrate to Day_Controler  |url: http://localhost/api/Authorization/Registration|action: Registration
2024-02-25 12:51:14.4653|0|DEBUG|Infrastructure.MongoDb.Repositories.Day_Repository|NLog is integrate to Day_Controler  |url: http://localhost/api/Authorization/SendNewPassword|action: SendNewPassword
2024-02-25 12:51:16.1298|0|DEBUG|Infrastructure.MongoDb.Repositories.Day_Repository|NLog is integrate to Day_Controler  |url: http://localhost/api/Days/GetAllDayUser|action: GetAllDayUser
2024-02-25 12:51:16.1865|0|WARN|Infrastructure.MongoDb.Repositories.Day_Repository|GetCountDayMoreMax |url: http://localhost/api/Days/GetAllDayUser|action: GetAllDayUser
2024-02-25 12:51:16.1865|0|ERROR|Infrastructure.MongoDb.Repositories.Day_Repository|Sequence contains no elements |url: http://localhost/api/Days/GetAllDayUser|action: GetAllDayUser
2024-02-25 12:51:16.1865|0|WARN|Infrastructure.MongoDb.Repositories.Day_Repository|GetCountDayMoreMax |url: http://localhost/api/Days/GetAllDayUser|action: GetAllDayUser
2024-02-25 12:51:16.1931|0|ERROR|Infrastructure.MongoDb.Repositories.Day_Repository|Sequence contains no elements |url: http://localhost/api/Days/GetAllDayUser|action: GetAllDayUser
2024-02-25 12:51:16.3176|0|DEBUG|Infrastructure.MongoDb.Repositories.Day_Repository|NLog is integrate to Day_Controler  |url: http://localhost/api/Days/SetNewDay|action: SetNewDay
2024-02-25 12:51:16.5244|0|DEBUG|Infrastructure.MongoDb.Repositories.Day_Repository|NLog is integrate to Day_Controler  |url: http://localhost/api/Days/SetNewDay|action: SetNewDay
2024-02-25 12:51:16.6939|0|DEBUG|Infrastructure.MongoDb.Repositories.Day_Repository|NLog is integrate to Day_Controler  |url: http://localhost/api/Profile/GetUser|action: GetUser
2024-02-25 12:51:17.1332|0|DEBUG|Infrastructure.MongoDb.Repositories.Day_Repository|NLog is integrate to Day_Controler  |url: http://localhost/api/Profile/GetUserByEmail|action: GetUserByEmail
2024-02-25 12:51:17.3669|0|DEBUG|Infrastructure.MongoDb.Repositories.Day_Repository|NLog is integrate to Day_Controler  |url: http://localhost/api/Profile/InsertAvatar|action: InsertAvatar
2024-02-25 12:51:17.5143|0|DEBUG|Infrastructure.MongoDb.Repositories.Day_Repository|NLog is integrate to Day_Controler  |url: http://localhost/api/Profile/EditUser|action: EditUser
2024-02-25 12:51:17.6831|0|DEBUG|Infrastructure.MongoDb.Repositories.Day_Repository|NLog is integrate to Day_Controler  |url: http://localhost/api/Profile/EditPassword|action: EditPassword
2024-02-25 12:51:17.8244|0|DEBUG|Infrastructure.MongoDb.Repositories.Day_Repository|NLog is integrate to Day_Controler  |url: http://localhost/api/Profile/EditPassword|action: EditPassword
2024-02-25 12:51:17.9836|0|DEBUG|Infrastructure.MongoDb.Repositories.Day_Repository|NLog is integrate to Day_Controler  |url: http://localhost/api/Profile/GetUser|action: GetUser
2024-02-25 12:51:18.2935|0|DEBUG|Infrastructure.MongoDb.Repositories.Day_Repository|NLog is integrate to Day_Controler  |url: http://localhost/api/Profile/SetSelectedTitle|action: SetSelectedTitles
2024-02-25 12:51:18.4662|0|DEBUG|Infrastructure.MongoDb.Repositories.Day_Repository|NLog is integrate to Day_Controler  |url: http://localhost/api/Title/GetTitles|action: GetTitles
2024-02-25 12:51:18.6569|0|DEBUG|Infrastructure.MongoDb.Repositories.Day_Repository|NLog is integrate to Day_Controler  |url: http://localhost/api/Profile/CreateRequestInFriend|action: CreateRequestInFriend
2024-02-25 12:51:18.8142|0|DEBUG|Infrastructure.MongoDb.Repositories.Day_Repository|NLog is integrate to Day_Controler  |url: http://localhost/api/Profile/RemoveRequest|action: RemoveRequest
2024-02-25 12:51:18.9754|0|DEBUG|Infrastructure.MongoDb.Repositories.Day_Repository|NLog is integrate to Day_Controler  |url: http://localhost/api/Profile/DenyRequest|action: DenyRequest
2024-02-25 12:51:19.1232|0|DEBUG|Infrastructure.MongoDb.Repositories.Day_Repository|NLog is integrate to Day_Controler  |url: http://localhost/api/Profile/AcceptRequest|action: AcceptRequest
2024-02-25 12:51:19.2662|0|DEBUG|Infrastructure.MongoDb.Repositories.Day_Repository|NLog is integrate to Day_Controler  |url: http://localhost/api/Profile/AddInBlockedList|action: AddInBlockedList
2024-02-25 12:51:19.4081|0|DEBUG|Infrastructure.MongoDb.Repositories.Day_Repository|NLog is integrate to Day_Controler  |url: http://localhost/api/Profile/RemoveFromBlockedList|action: RemoveFromBlockedList
2024-02-25 12:51:19.5491|0|DEBUG|Infrastructure.MongoDb.Repositories.Day_Repository|NLog is integrate to Day_Controler  |url: http://localhost/api/Profile/GetRequestList|action: GetRequestList
2024-02-25 12:51:19.6939|0|DEBUG|Infrastructure.MongoDb.Repositories.Day_Repository|NLog is integrate to Day_Controler  |url: http://localhost/api/Profile/GetFriends|action: GetFriends
2024-02-25 12:51:19.8471|0|DEBUG|Infrastructure.MongoDb.Repositories.Day_Repository|NLog is integrate to Day_Controler  |url: http://localhost/api/Profile/GetUsers|action: GetUsers
2024-02-25 12:51:20.2961|0|DEBUG|Infrastructure.MongoDb.Repositories.Day_Repository|NLog is integrate to Day_Controler  |url: http://localhost/api/Profile/RemoveFriend|action: RemoveFriend
2024-02-25 12:51:20.4542|0|DEBUG|Infrastructure.MongoDb.Repositories.Day_Repository|NLog is integrate to Day_Controler  |url: http://localhost/api/Clan/KickOutUser|action: KickOutUser
2024-02-25 12:51:20.6260|0|DEBUG|Infrastructure.MongoDb.Repositories.Day_Repository|NLog is integrate to Day_Controler  |url: http://localhost/api/Clan/CreateClan|action: CreateNewClan
2024-02-25 12:51:20.8339|0|DEBUG|Infrastructure.MongoDb.Repositories.Day_Repository|NLog is integrate to Day_Controler  |url: http://localhost/api/Clan/GetClanById|action: GetClanById
2024-02-25 12:51:20.9869|0|DEBUG|Infrastructure.MongoDb.Repositories.Day_Repository|NLog is integrate to Day_Controler  |url: http://localhost/api/Clan/GetAll|action: GetClans
2024-02-25 12:51:21.1732|0|DEBUG|Infrastructure.MongoDb.Repositories.Day_Repository|NLog is integrate to Day_Controler  |url: http://localhost/api/Clan/GetAll|action: GetClans
2024-02-25 12:51:21.3583|0|DEBUG|Infrastructure.MongoDb.Repositories.Day_Repository|NLog is integrate to Day_Controler  |url: http://localhost/api/Clan/GetAll|action: GetClans
2024-02-25 12:51:21.5468|0|DEBUG|Infrastructure.MongoDb.Repositories.Day_Repository|NLog is integrate to Day_Controler  |url: http://localhost/api/Clan/GetAll|action: GetClans
2024-02-25 12:51:21.7238|0|DEBUG|Infrastructure.MongoDb.Repositories.Day_Repository|NLog is integrate to Day_Controler  |url: http://localhost/api/Clan/LeaveUser|action: LeaveUser
2024-02-25 12:51:21.8636|0|DEBUG|Infrastructure.MongoDb.Repositories.Day_Repository|NLog is integrate to Day_Controler  |url: http://localhost/api/Clan/JoinUser|action: JoinUser
2024-02-25 12:51:22.0045|0|DEBUG|Infrastructure.MongoDb.Repositories.Day_Repository|NLog is integrate to Day_Controler  |url: http://localhost/api/Clan/DeleteClan|action: DeleteClan
2024-02-25 12:51:22.1253|0|DEBUG|Infrastructure.MongoDb.Repositories.Day_Repository|NLog is integrate to Day_Controler  |url: http://localhost/api/Authorization/LogOut|action: Logout
2024-02-25 12:52:06.4777|0|DEBUG|Infrastructure.MongoDb.Repositories.Day_Repository|NLog is integrate to Day_Controler  |url: http://localhost/api/Clan/GetAll|action: GetClans
2024-02-25 12:52:10.6148|0|DEBUG|Infrastructure.MongoDb.Repositories.Day_Repository|NLog is integrate to Day_Controler  |url: http://localhost/api/Authorization/Auth|action: Auth
2024-02-25 12:52:10.6340|8|DEBUG|API.Auth.AuthBase.BasicAunteficationHandler|AuthenticationScheme: Basic was successfully authenticated. |url: http://localhost/api/Authorization/Auth|action: Auth
2024-02-25 12:52:15.7139|0|DEBUG|Infrastructure.MongoDb.Repositories.Day_Repository|NLog is integrate to Day_Controler  |url: http://localhost/api/Clan/GetAll|action: GetClans
