2024-01-31 02:40:10.0940|0|INFO|StepMaster.Program|Process start |url: |action: 
2024-01-31 02:40:10.5312|60|WARN|Microsoft.AspNetCore.DataProtection.Repositories.FileSystemXmlRepository|Storing keys in a directory '/root/.aspnet/DataProtection-Keys' that may not be persisted outside of the container. Protected data will be unavailable when container is destroyed. |url: |action: 
2024-01-31 02:40:10.5842|35|WARN|Microsoft.AspNetCore.DataProtection.KeyManagement.XmlKeyManager|No XML encryptor configured. Key {a747969c-0d54-4765-bb58-7a424b4efff6} may be persisted to storage in unencrypted form. |url: |action: 
2024-01-31 02:40:10.6583|14|INFO|Microsoft.Hosting.Lifetime|Now listening on: http://[::]:80 |url: |action: 
2024-01-31 02:40:10.6629|0|INFO|Microsoft.Hosting.Lifetime|Application started. Press Ctrl+C to shut down. |url: |action: 
2024-01-31 02:40:10.6629|0|INFO|Microsoft.Hosting.Lifetime|Hosting environment: Development |url: |action: 
2024-01-31 02:40:10.6629|0|INFO|Microsoft.Hosting.Lifetime|Content root path: /app |url: |action: 
2024-01-31 02:40:48.0165|0|INFO|Microsoft.Hosting.Lifetime|Application is shutting down... |url: |action: 
2024-01-31 02:42:26.1874|0|INFO|StepMaster.Program|Process start |url: |action: 
2024-01-31 02:42:26.5901|60|WARN|Microsoft.AspNetCore.DataProtection.Repositories.FileSystemXmlRepository|Storing keys in a directory '/root/.aspnet/DataProtection-Keys' that may not be persisted outside of the container. Protected data will be unavailable when container is destroyed. |url: |action: 
2024-01-31 02:42:26.6240|35|WARN|Microsoft.AspNetCore.DataProtection.KeyManagement.XmlKeyManager|No XML encryptor configured. Key {839833db-622e-4f7c-b281-e4a4071ef048} may be persisted to storage in unencrypted form. |url: |action: 
2024-01-31 02:42:26.7157|14|INFO|Microsoft.Hosting.Lifetime|Now listening on: http://[::]:80 |url: |action: 
2024-01-31 02:42:26.7299|0|INFO|Microsoft.Hosting.Lifetime|Application started. Press Ctrl+C to shut down. |url: |action: 
2024-01-31 02:42:26.7299|0|INFO|Microsoft.Hosting.Lifetime|Hosting environment: Development |url: |action: 
2024-01-31 02:42:26.7402|0|INFO|Microsoft.Hosting.Lifetime|Content root path: /app |url: |action: 
2024-01-31 02:42:55.5440|3|WARN|Microsoft.AspNetCore.HttpsPolicy.HttpsRedirectionMiddleware|Failed to determine the https port for redirect. |url: http://localhost/api/Regions/GetRegions|action: GetRegions
2024-01-31 02:42:55.9333|0|DEBUG|Infrastructure.MongoDb.Repositories.Day_Repository|NLog is integrate to Day_Controler  |url: http://localhost/api/Authorization/SendCode|action: SendCode
2024-01-31 02:42:56.1528|0|DEBUG|Infrastructure.MongoDb.Repositories.Day_Repository|NLog is integrate to Day_Controler  |url: http://localhost/api/Authorization/SendCode|action: SendCode
2024-01-31 02:42:58.1332|0|DEBUG|Infrastructure.MongoDb.Repositories.Day_Repository|NLog is integrate to Day_Controler  |url: http://localhost/api/Authorization/Registration|action: Registration
2024-01-31 02:42:58.3140|1|ERROR|Microsoft.AspNetCore.Diagnostics.DeveloperExceptionPageMiddleware|An unhandled exception has occurred while executing the request. System.NullReferenceException: Object reference not set to an instance of an object.
   at StepMaster.Controllers.api.AuthorizationController.Registration(UserRegModel user) in /src/StepMaster/Controllers/api/AuthorizationController.cs:line 76
   at lambda_method35(Closure, Object)
   at Microsoft.AspNetCore.Mvc.Infrastructure.ActionMethodExecutor.AwaitableObjectResultExecutor.Execute(ActionContext actionContext, IActionResultTypeMapper mapper, ObjectMethodExecutor executor, Object controller, Object[] arguments)
   at Microsoft.AspNetCore.Mvc.Infrastructure.ControllerActionInvoker.<InvokeActionMethodAsync>g__Logged|12_1(ControllerActionInvoker invoker)
   at Microsoft.AspNetCore.Mvc.Infrastructure.ControllerActionInvoker.<InvokeNextActionFilterAsync>g__Awaited|10_0(ControllerActionInvoker invoker, Task lastTask, State next, Scope scope, Object state, Boolean isCompleted)
   at Microsoft.AspNetCore.Mvc.Infrastructure.ControllerActionInvoker.Rethrow(ActionExecutedContextSealed context)
   at Microsoft.AspNetCore.Mvc.Infrastructure.ControllerActionInvoker.Next(State& next, Scope& scope, Object& state, Boolean& isCompleted)
   at Microsoft.AspNetCore.Mvc.Infrastructure.ControllerActionInvoker.<InvokeInnerFilterAsync>g__Awaited|13_0(ControllerActionInvoker invoker, Task lastTask, State next, Scope scope, Object state, Boolean isCompleted)
   at Microsoft.AspNetCore.Mvc.Infrastructure.ResourceInvoker.<InvokeFilterPipelineAsync>g__Awaited|20_0(ResourceInvoker invoker, Task lastTask, State next, Scope scope, Object state, Boolean isCompleted)
   at Microsoft.AspNetCore.Mvc.Infrastructure.ResourceInvoker.<InvokeAsync>g__Logged|17_1(ResourceInvoker invoker)
   at Microsoft.AspNetCore.Mvc.Infrastructure.ResourceInvoker.<InvokeAsync>g__Logged|17_1(ResourceInvoker invoker)
   at Microsoft.AspNetCore.Routing.EndpointMiddleware.<Invoke>g__AwaitRequestTask|6_0(Endpoint endpoint, Task requestTask, ILogger logger)
   at Microsoft.AspNetCore.Authorization.AuthorizationMiddleware.Invoke(HttpContext context)
   at Microsoft.AspNetCore.Authentication.AuthenticationMiddleware.Invoke(HttpContext context)
   at Swashbuckle.AspNetCore.SwaggerUI.SwaggerUIMiddleware.Invoke(HttpContext httpContext)
   at StepMaster.HandlerException.FactoryMiddleware.InvokeAsync(HttpContext context, RequestDelegate next) in /src/StepMaster/HandlerException/FactoryMiddleware.cs:line 22
   at Microsoft.AspNetCore.Builder.UseMiddlewareExtensions.<>c__DisplayClass6_1.<<UseMiddlewareInterface>b__1>d.MoveNext()
--- End of stack trace from previous location ---
   at Swashbuckle.AspNetCore.Swagger.SwaggerMiddleware.Invoke(HttpContext httpContext, ISwaggerProvider swaggerProvider)
   at Microsoft.AspNetCore.Diagnostics.DeveloperExceptionPageMiddlewareImpl.Invoke(HttpContext context)|url: http://localhost/api/Authorization/Registration|action: Registration
2024-01-31 02:42:58.4450|0|DEBUG|Infrastructure.MongoDb.Repositories.Day_Repository|NLog is integrate to Day_Controler  |url: http://localhost/api/Authorization/Auth|action: Auth
2024-01-31 02:42:58.4583|8|DEBUG|API.Auth.AuthBase.BasicAunteficationHandler|AuthenticationScheme: Basic was successfully authenticated. |url: http://localhost/api/Authorization/Auth|action: Auth
2024-01-31 02:42:58.6269|0|DEBUG|Infrastructure.MongoDb.Repositories.Day_Repository|NLog is integrate to Day_Controler  |url: http://localhost/api/Authorization/UpdateCookies|action: UpdateCookies
2024-01-31 02:42:58.7836|0|DEBUG|Infrastructure.MongoDb.Repositories.Day_Repository|NLog is integrate to Day_Controler  |url: http://localhost/api/Authorization/Registration|action: Registration
2024-01-31 02:42:58.9549|0|DEBUG|Infrastructure.MongoDb.Repositories.Day_Repository|NLog is integrate to Day_Controler  |url: http://localhost/api/Authorization/SendNewPassword|action: SendNewPassword
2024-01-31 02:43:00.7754|0|DEBUG|Infrastructure.MongoDb.Repositories.Day_Repository|NLog is integrate to Day_Controler  |url: http://localhost/api/Days/GetAllDayUser|action: GetAllDayUser
2024-01-31 02:43:00.8310|0|WARN|Infrastructure.MongoDb.Repositories.Day_Repository|GetCountDayMoreMax |url: http://localhost/api/Days/GetAllDayUser|action: GetAllDayUser
2024-01-31 02:43:00.8310|0|ERROR|Infrastructure.MongoDb.Repositories.Day_Repository|Sequence contains no elements |url: http://localhost/api/Days/GetAllDayUser|action: GetAllDayUser
2024-01-31 02:43:00.8396|0|WARN|Infrastructure.MongoDb.Repositories.Day_Repository|GetCountDayMoreMax |url: http://localhost/api/Days/GetAllDayUser|action: GetAllDayUser
2024-01-31 02:43:00.8396|0|ERROR|Infrastructure.MongoDb.Repositories.Day_Repository|Sequence contains no elements |url: http://localhost/api/Days/GetAllDayUser|action: GetAllDayUser
2024-01-31 02:43:00.9733|0|DEBUG|Infrastructure.MongoDb.Repositories.Day_Repository|NLog is integrate to Day_Controler  |url: http://localhost/api/Days/SetNewDay|action: SetNewDay
2024-01-31 02:43:01.2028|0|DEBUG|Infrastructure.MongoDb.Repositories.Day_Repository|NLog is integrate to Day_Controler  |url: http://localhost/api/Days/SetNewDay|action: SetNewDay
2024-01-31 02:43:01.3733|0|DEBUG|Infrastructure.MongoDb.Repositories.Day_Repository|NLog is integrate to Day_Controler  |url: http://localhost/api/Profile/GetUser|action: GetUser
2024-01-31 02:43:02.5131|0|DEBUG|Infrastructure.MongoDb.Repositories.Day_Repository|NLog is integrate to Day_Controler  |url: http://localhost/api/Profile/GetUserByEmail|action: GetUserByEmail
2024-01-31 02:43:02.6460|0|DEBUG|Infrastructure.MongoDb.Repositories.Day_Repository|NLog is integrate to Day_Controler  |url: http://localhost/api/Profile/InsertAvatar|action: InsertAvatar
2024-01-31 02:43:02.8137|0|DEBUG|Infrastructure.MongoDb.Repositories.Day_Repository|NLog is integrate to Day_Controler  |url: http://localhost/api/Profile/EditUser|action: EditUser
2024-01-31 02:43:02.9932|0|DEBUG|Infrastructure.MongoDb.Repositories.Day_Repository|NLog is integrate to Day_Controler  |url: http://localhost/api/Profile/EditPassword|action: EditPassword
2024-01-31 02:43:03.1743|0|DEBUG|Infrastructure.MongoDb.Repositories.Day_Repository|NLog is integrate to Day_Controler  |url: http://localhost/api/Profile/EditPassword|action: EditPassword
2024-01-31 02:43:03.3534|0|DEBUG|Infrastructure.MongoDb.Repositories.Day_Repository|NLog is integrate to Day_Controler  |url: http://localhost/api/Profile/GetUser|action: GetUser
2024-01-31 02:43:03.6638|0|DEBUG|Infrastructure.MongoDb.Repositories.Day_Repository|NLog is integrate to Day_Controler  |url: http://localhost/api/Profile/SetSelectedTitle|action: SetSelectedTitles
2024-01-31 02:43:03.8145|0|DEBUG|Infrastructure.MongoDb.Repositories.Day_Repository|NLog is integrate to Day_Controler  |url: http://localhost/api/Title/GetTitles|action: GetTitles
2024-01-31 02:43:04.0136|0|DEBUG|Infrastructure.MongoDb.Repositories.Day_Repository|NLog is integrate to Day_Controler  |url: http://localhost/api/Clan/CreateClan|action: CreateNewClan
2024-01-31 02:43:04.2142|0|DEBUG|Infrastructure.MongoDb.Repositories.Day_Repository|NLog is integrate to Day_Controler  |url: http://localhost/api/Clan/GetClanById|action: GetClanById
2024-01-31 02:43:04.3830|0|DEBUG|Infrastructure.MongoDb.Repositories.Day_Repository|NLog is integrate to Day_Controler  |url: http://localhost/api/Clan/GetAll|action: GetClans
2024-01-31 02:43:04.5934|0|DEBUG|Infrastructure.MongoDb.Repositories.Day_Repository|NLog is integrate to Day_Controler  |url: http://localhost/api/Clan/GetAll|action: GetClans
2024-01-31 02:43:04.7746|0|DEBUG|Infrastructure.MongoDb.Repositories.Day_Repository|NLog is integrate to Day_Controler  |url: http://localhost/api/Clan/GetAll|action: GetClans
2024-01-31 02:43:04.9539|0|DEBUG|Infrastructure.MongoDb.Repositories.Day_Repository|NLog is integrate to Day_Controler  |url: http://localhost/api/Clan/GetAll|action: GetClans
2024-01-31 02:43:05.1433|0|DEBUG|Infrastructure.MongoDb.Repositories.Day_Repository|NLog is integrate to Day_Controler  |url: http://localhost/api/Clan/JoinUser|action: JoinUser
2024-01-31 02:43:05.3055|0|DEBUG|Infrastructure.MongoDb.Repositories.Day_Repository|NLog is integrate to Day_Controler  |url: http://localhost/api/Clan/LeaveUser|action: LeaveUser
2024-01-31 02:43:05.4536|0|DEBUG|Infrastructure.MongoDb.Repositories.Day_Repository|NLog is integrate to Day_Controler  |url: http://localhost/api/Clan/KickOutUser|action: KickOutUser
2024-01-31 02:43:05.6133|0|DEBUG|Infrastructure.MongoDb.Repositories.Day_Repository|NLog is integrate to Day_Controler  |url: http://localhost/api/Clan/DeleteClan|action: DeleteClan
2024-01-31 02:43:05.7640|0|DEBUG|Infrastructure.MongoDb.Repositories.Day_Repository|NLog is integrate to Day_Controler  |url: http://localhost/api/Authorization/LogOut|action: Logout
2024-01-31 02:43:24.9627|0|DEBUG|Infrastructure.MongoDb.Repositories.Day_Repository|NLog is integrate to Day_Controler  |url: http://localhost/api/Authorization/Auth|action: Auth
2024-01-31 02:43:24.9798|8|DEBUG|API.Auth.AuthBase.BasicAunteficationHandler|AuthenticationScheme: Basic was successfully authenticated. |url: http://localhost/api/Authorization/Auth|action: Auth
2024-01-31 02:43:37.2728|0|DEBUG|Infrastructure.MongoDb.Repositories.Day_Repository|NLog is integrate to Day_Controler  |url: http://localhost/api/Clan/GetAll|action: GetClans
2024-01-31 02:43:42.2731|0|DEBUG|Infrastructure.MongoDb.Repositories.Day_Repository|NLog is integrate to Day_Controler  |url: http://localhost/api/Clan/JoinUser|action: JoinUser
2024-01-31 02:43:58.5325|0|DEBUG|Infrastructure.MongoDb.Repositories.Day_Repository|NLog is integrate to Day_Controler  |url: http://localhost/api/Profile/GetUser|action: GetUser
2024-01-31 02:44:09.0441|0|DEBUG|Infrastructure.MongoDb.Repositories.Day_Repository|NLog is integrate to Day_Controler  |url: http://localhost/api/Clan/GetClanById|action: GetClanById
2024-01-31 02:44:18.1144|0|DEBUG|Infrastructure.MongoDb.Repositories.Day_Repository|NLog is integrate to Day_Controler  |url: http://localhost/api/Clan/LeaveUser|action: LeaveUser
2024-01-31 02:44:26.4830|0|DEBUG|Infrastructure.MongoDb.Repositories.Day_Repository|NLog is integrate to Day_Controler  |url: http://localhost/api/Clan/JoinUser|action: JoinUser
2024-01-31 02:44:40.2028|0|DEBUG|Infrastructure.MongoDb.Repositories.Day_Repository|NLog is integrate to Day_Controler  |url: http://localhost/api/Profile/GetUser|action: GetUser
2024-01-31 02:44:40.2233|1|ERROR|Microsoft.AspNetCore.Diagnostics.DeveloperExceptionPageMiddleware|An unhandled exception has occurred while executing the request. System.NullReferenceException: Object reference not set to an instance of an object.
   at StepMaster.Controllers.api.ProfileController.GetUser() in /src/StepMaster/Controllers/api/ProfileController.cs:line 91
   at lambda_method181(Closure, Object)
   at Microsoft.AspNetCore.Mvc.Infrastructure.ActionMethodExecutor.AwaitableObjectResultExecutor.Execute(ActionContext actionContext, IActionResultTypeMapper mapper, ObjectMethodExecutor executor, Object controller, Object[] arguments)
   at Microsoft.AspNetCore.Mvc.Infrastructure.ControllerActionInvoker.<InvokeActionMethodAsync>g__Logged|12_1(ControllerActionInvoker invoker)
   at Microsoft.AspNetCore.Mvc.Infrastructure.ControllerActionInvoker.<InvokeNextActionFilterAsync>g__Awaited|10_0(ControllerActionInvoker invoker, Task lastTask, State next, Scope scope, Object state, Boolean isCompleted)
   at Microsoft.AspNetCore.Mvc.Infrastructure.ControllerActionInvoker.Rethrow(ActionExecutedContextSealed context)
   at Microsoft.AspNetCore.Mvc.Infrastructure.ControllerActionInvoker.Next(State& next, Scope& scope, Object& state, Boolean& isCompleted)
   at Microsoft.AspNetCore.Mvc.Infrastructure.ControllerActionInvoker.InvokeInnerFilterAsync()
--- End of stack trace from previous location ---
   at Microsoft.AspNetCore.Mvc.Infrastructure.ResourceInvoker.<InvokeFilterPipelineAsync>g__Awaited|20_0(ResourceInvoker invoker, Task lastTask, State next, Scope scope, Object state, Boolean isCompleted)
   at Microsoft.AspNetCore.Mvc.Infrastructure.ResourceInvoker.<InvokeAsync>g__Logged|17_1(ResourceInvoker invoker)
   at Microsoft.AspNetCore.Mvc.Infrastructure.ResourceInvoker.<InvokeAsync>g__Logged|17_1(ResourceInvoker invoker)
   at Microsoft.AspNetCore.Routing.EndpointMiddleware.<Invoke>g__AwaitRequestTask|6_0(Endpoint endpoint, Task requestTask, ILogger logger)
   at Microsoft.AspNetCore.Authorization.AuthorizationMiddleware.Invoke(HttpContext context)
   at Microsoft.AspNetCore.Authentication.AuthenticationMiddleware.Invoke(HttpContext context)
   at Swashbuckle.AspNetCore.SwaggerUI.SwaggerUIMiddleware.Invoke(HttpContext httpContext)
   at StepMaster.HandlerException.FactoryMiddleware.InvokeAsync(HttpContext context, RequestDelegate next) in /src/StepMaster/HandlerException/FactoryMiddleware.cs:line 39
   at Microsoft.AspNetCore.Builder.UseMiddlewareExtensions.<>c__DisplayClass6_1.<<UseMiddlewareInterface>b__1>d.MoveNext()
--- End of stack trace from previous location ---
   at Swashbuckle.AspNetCore.Swagger.SwaggerMiddleware.Invoke(HttpContext httpContext, ISwaggerProvider swaggerProvider)
   at Microsoft.AspNetCore.Diagnostics.DeveloperExceptionPageMiddlewareImpl.Invoke(HttpContext context)|url: http://localhost/api/Profile/GetUser|action: GetUser
2024-01-31 02:48:05.7723|0|INFO|Microsoft.Hosting.Lifetime|Application is shutting down... |url: |action: 
2024-01-31 02:52:55.4711|0|INFO|StepMaster.Program|Process start |url: |action: 
2024-01-31 02:52:55.7949|60|WARN|Microsoft.AspNetCore.DataProtection.Repositories.FileSystemXmlRepository|Storing keys in a directory '/root/.aspnet/DataProtection-Keys' that may not be persisted outside of the container. Protected data will be unavailable when container is destroyed. |url: |action: 
2024-01-31 02:52:55.8206|35|WARN|Microsoft.AspNetCore.DataProtection.KeyManagement.XmlKeyManager|No XML encryptor configured. Key {2e53b2e7-336b-43e0-a83d-73bbb4cab096} may be persisted to storage in unencrypted form. |url: |action: 
2024-01-31 02:52:55.8859|14|INFO|Microsoft.Hosting.Lifetime|Now listening on: http://[::]:80 |url: |action: 
2024-01-31 02:52:55.8923|0|INFO|Microsoft.Hosting.Lifetime|Application started. Press Ctrl+C to shut down. |url: |action: 
2024-01-31 02:52:55.8923|0|INFO|Microsoft.Hosting.Lifetime|Hosting environment: Development |url: |action: 
2024-01-31 02:52:55.8923|0|INFO|Microsoft.Hosting.Lifetime|Content root path: /app |url: |action: 
2024-01-31 02:53:08.5868|0|INFO|Microsoft.Hosting.Lifetime|Application is shutting down... |url: |action: 
2024-01-31 02:54:25.6002|0|INFO|StepMaster.Program|Process start |url: |action: 
2024-01-31 02:54:25.8997|60|WARN|Microsoft.AspNetCore.DataProtection.Repositories.FileSystemXmlRepository|Storing keys in a directory '/root/.aspnet/DataProtection-Keys' that may not be persisted outside of the container. Protected data will be unavailable when container is destroyed. |url: |action: 
2024-01-31 02:54:25.9319|35|WARN|Microsoft.AspNetCore.DataProtection.KeyManagement.XmlKeyManager|No XML encryptor configured. Key {9b5181ab-3084-40cf-ac06-dbc19e0db21f} may be persisted to storage in unencrypted form. |url: |action: 
2024-01-31 02:54:25.9925|14|INFO|Microsoft.Hosting.Lifetime|Now listening on: http://[::]:80 |url: |action: 
2024-01-31 02:54:25.9925|0|INFO|Microsoft.Hosting.Lifetime|Application started. Press Ctrl+C to shut down. |url: |action: 
2024-01-31 02:54:25.9994|0|INFO|Microsoft.Hosting.Lifetime|Hosting environment: Development |url: |action: 
2024-01-31 02:54:25.9994|0|INFO|Microsoft.Hosting.Lifetime|Content root path: /app |url: |action: 
2024-01-31 02:54:48.5711|3|WARN|Microsoft.AspNetCore.HttpsPolicy.HttpsRedirectionMiddleware|Failed to determine the https port for redirect. |url: http://localhost/api/Regions/GetRegions|action: GetRegions
2024-01-31 02:54:49.0108|0|DEBUG|Infrastructure.MongoDb.Repositories.Day_Repository|NLog is integrate to Day_Controler  |url: http://localhost/api/Authorization/SendCode|action: SendCode
2024-01-31 02:54:49.2296|0|DEBUG|Infrastructure.MongoDb.Repositories.Day_Repository|NLog is integrate to Day_Controler  |url: http://localhost/api/Authorization/SendCode|action: SendCode
2024-01-31 02:54:50.9995|0|DEBUG|Infrastructure.MongoDb.Repositories.Day_Repository|NLog is integrate to Day_Controler  |url: http://localhost/api/Authorization/Registration|action: Registration
2024-01-31 02:54:51.3301|0|DEBUG|Infrastructure.MongoDb.Repositories.Day_Repository|NLog is integrate to Day_Controler  |url: http://localhost/api/Authorization/Auth|action: Auth
2024-01-31 02:54:51.3465|8|DEBUG|API.Auth.AuthBase.BasicAunteficationHandler|AuthenticationScheme: Basic was successfully authenticated. |url: http://localhost/api/Authorization/Auth|action: Auth
2024-01-31 02:54:51.5293|0|DEBUG|Infrastructure.MongoDb.Repositories.Day_Repository|NLog is integrate to Day_Controler  |url: http://localhost/api/Authorization/UpdateCookies|action: UpdateCookies
2024-01-31 02:54:51.6525|0|DEBUG|Infrastructure.MongoDb.Repositories.Day_Repository|NLog is integrate to Day_Controler  |url: http://localhost/api/Authorization/Registration|action: Registration
2024-01-31 02:54:51.8400|0|DEBUG|Infrastructure.MongoDb.Repositories.Day_Repository|NLog is integrate to Day_Controler  |url: http://localhost/api/Authorization/SendNewPassword|action: SendNewPassword
2024-01-31 02:54:53.6297|0|DEBUG|Infrastructure.MongoDb.Repositories.Day_Repository|NLog is integrate to Day_Controler  |url: http://localhost/api/Days/GetAllDayUser|action: GetAllDayUser
2024-01-31 02:54:53.6870|0|WARN|Infrastructure.MongoDb.Repositories.Day_Repository|GetCountDayMoreMax |url: http://localhost/api/Days/GetAllDayUser|action: GetAllDayUser
2024-01-31 02:54:53.6870|0|ERROR|Infrastructure.MongoDb.Repositories.Day_Repository|Sequence contains no elements |url: http://localhost/api/Days/GetAllDayUser|action: GetAllDayUser
2024-01-31 02:54:53.6949|0|WARN|Infrastructure.MongoDb.Repositories.Day_Repository|GetCountDayMoreMax |url: http://localhost/api/Days/GetAllDayUser|action: GetAllDayUser
2024-01-31 02:54:53.6949|0|ERROR|Infrastructure.MongoDb.Repositories.Day_Repository|Sequence contains no elements |url: http://localhost/api/Days/GetAllDayUser|action: GetAllDayUser
2024-01-31 02:54:53.8507|0|DEBUG|Infrastructure.MongoDb.Repositories.Day_Repository|NLog is integrate to Day_Controler  |url: http://localhost/api/Days/SetNewDay|action: SetNewDay
2024-01-31 02:54:54.0794|0|DEBUG|Infrastructure.MongoDb.Repositories.Day_Repository|NLog is integrate to Day_Controler  |url: http://localhost/api/Days/SetNewDay|action: SetNewDay
2024-01-31 02:54:54.2606|0|DEBUG|Infrastructure.MongoDb.Repositories.Day_Repository|NLog is integrate to Day_Controler  |url: http://localhost/api/Profile/GetUser|action: GetUser
2024-01-31 02:54:55.2496|0|DEBUG|Infrastructure.MongoDb.Repositories.Day_Repository|NLog is integrate to Day_Controler  |url: http://localhost/api/Profile/GetUserByEmail|action: GetUserByEmail
2024-01-31 02:54:55.3996|0|DEBUG|Infrastructure.MongoDb.Repositories.Day_Repository|NLog is integrate to Day_Controler  |url: http://localhost/api/Profile/InsertAvatar|action: InsertAvatar
2024-01-31 02:54:55.5707|0|DEBUG|Infrastructure.MongoDb.Repositories.Day_Repository|NLog is integrate to Day_Controler  |url: http://localhost/api/Profile/EditUser|action: EditUser
2024-01-31 02:54:55.7603|0|DEBUG|Infrastructure.MongoDb.Repositories.Day_Repository|NLog is integrate to Day_Controler  |url: http://localhost/api/Profile/EditPassword|action: EditPassword
2024-01-31 02:54:55.9403|0|DEBUG|Infrastructure.MongoDb.Repositories.Day_Repository|NLog is integrate to Day_Controler  |url: http://localhost/api/Profile/EditPassword|action: EditPassword
2024-01-31 02:54:56.1210|0|DEBUG|Infrastructure.MongoDb.Repositories.Day_Repository|NLog is integrate to Day_Controler  |url: http://localhost/api/Profile/GetUser|action: GetUser
2024-01-31 02:54:56.3495|0|DEBUG|Infrastructure.MongoDb.Repositories.Day_Repository|NLog is integrate to Day_Controler  |url: http://localhost/api/Profile/SetSelectedTitle|action: SetSelectedTitles
2024-01-31 02:54:56.5205|0|DEBUG|Infrastructure.MongoDb.Repositories.Day_Repository|NLog is integrate to Day_Controler  |url: http://localhost/api/Title/GetTitles|action: GetTitles
2024-01-31 02:54:56.7109|0|DEBUG|Infrastructure.MongoDb.Repositories.Day_Repository|NLog is integrate to Day_Controler  |url: http://localhost/api/Clan/CreateClan|action: CreateNewClan
2024-01-31 02:54:56.8999|0|DEBUG|Infrastructure.MongoDb.Repositories.Day_Repository|NLog is integrate to Day_Controler  |url: http://localhost/api/Clan/GetClanById|action: GetClanById
2024-01-31 02:54:57.0500|0|DEBUG|Infrastructure.MongoDb.Repositories.Day_Repository|NLog is integrate to Day_Controler  |url: http://localhost/api/Clan/GetAll|action: GetClans
2024-01-31 02:54:57.2296|0|DEBUG|Infrastructure.MongoDb.Repositories.Day_Repository|NLog is integrate to Day_Controler  |url: http://localhost/api/Clan/GetAll|action: GetClans
2024-01-31 02:54:57.4135|0|DEBUG|Infrastructure.MongoDb.Repositories.Day_Repository|NLog is integrate to Day_Controler  |url: http://localhost/api/Clan/GetAll|action: GetClans
2024-01-31 02:54:57.6217|0|DEBUG|Infrastructure.MongoDb.Repositories.Day_Repository|NLog is integrate to Day_Controler  |url: http://localhost/api/Clan/GetAll|action: GetClans
2024-01-31 02:54:57.8001|0|DEBUG|Infrastructure.MongoDb.Repositories.Day_Repository|NLog is integrate to Day_Controler  |url: http://localhost/api/Clan/JoinUser|action: JoinUser
2024-01-31 02:54:57.9504|0|DEBUG|Infrastructure.MongoDb.Repositories.Day_Repository|NLog is integrate to Day_Controler  |url: http://localhost/api/Clan/LeaveUser|action: LeaveUser
2024-01-31 02:54:58.0835|0|DEBUG|Infrastructure.MongoDb.Repositories.Day_Repository|NLog is integrate to Day_Controler  |url: http://localhost/api/Clan/KickOutUser|action: KickOutUser
2024-01-31 02:54:58.2708|0|DEBUG|Infrastructure.MongoDb.Repositories.Day_Repository|NLog is integrate to Day_Controler  |url: http://localhost/api/Clan/DeleteClan|action: DeleteClan
2024-01-31 02:54:58.4294|0|DEBUG|Infrastructure.MongoDb.Repositories.Day_Repository|NLog is integrate to Day_Controler  |url: http://localhost/api/Authorization/LogOut|action: Logout
2024-01-31 02:55:09.7425|0|DEBUG|Infrastructure.MongoDb.Repositories.Day_Repository|NLog is integrate to Day_Controler  |url: http://localhost/api/Authorization/Auth|action: Auth
2024-01-31 02:55:09.7497|8|DEBUG|API.Auth.AuthBase.BasicAunteficationHandler|AuthenticationScheme: Basic was successfully authenticated. |url: http://localhost/api/Authorization/Auth|action: Auth
2024-01-31 02:55:14.7595|0|DEBUG|Infrastructure.MongoDb.Repositories.Day_Repository|NLog is integrate to Day_Controler  |url: http://localhost/api/Clan/JoinUser|action: JoinUser
2024-01-31 02:55:17.7197|0|DEBUG|Infrastructure.MongoDb.Repositories.Day_Repository|NLog is integrate to Day_Controler  |url: http://localhost/api/Clan/LeaveUser|action: LeaveUser
2024-01-31 02:55:24.6811|0|DEBUG|Infrastructure.MongoDb.Repositories.Day_Repository|NLog is integrate to Day_Controler  |url: http://localhost/api/Profile/GetUser|action: GetUser
2024-01-31 02:55:39.7899|0|DEBUG|Infrastructure.MongoDb.Repositories.Day_Repository|NLog is integrate to Day_Controler  |url: http://localhost/api/Clan/LeaveUser|action: LeaveUser
2024-01-31 02:55:43.3352|0|DEBUG|Infrastructure.MongoDb.Repositories.Day_Repository|NLog is integrate to Day_Controler  |url: http://localhost/api/Clan/JoinUser|action: JoinUser
2024-01-31 02:59:22.0491|0|DEBUG|Infrastructure.MongoDb.Repositories.Day_Repository|NLog is integrate to Day_Controler  |url: http://localhost/api/Authorization/SendCode|action: SendCode
2024-01-31 02:59:22.1919|0|DEBUG|Infrastructure.MongoDb.Repositories.Day_Repository|NLog is integrate to Day_Controler  |url: http://localhost/api/Authorization/SendCode|action: SendCode
2024-01-31 02:59:23.9496|0|DEBUG|Infrastructure.MongoDb.Repositories.Day_Repository|NLog is integrate to Day_Controler  |url: http://localhost/api/Authorization/Registration|action: Registration
2024-01-31 02:59:24.1003|0|DEBUG|Infrastructure.MongoDb.Repositories.Day_Repository|NLog is integrate to Day_Controler  |url: http://localhost/api/Authorization/Auth|action: Auth
2024-01-31 02:59:24.1119|8|DEBUG|API.Auth.AuthBase.BasicAunteficationHandler|AuthenticationScheme: Basic was successfully authenticated. |url: http://localhost/api/Authorization/Auth|action: Auth
2024-01-31 02:59:24.2502|0|DEBUG|Infrastructure.MongoDb.Repositories.Day_Repository|NLog is integrate to Day_Controler  |url: http://localhost/api/Authorization/UpdateCookies|action: UpdateCookies
2024-01-31 02:59:24.3992|0|DEBUG|Infrastructure.MongoDb.Repositories.Day_Repository|NLog is integrate to Day_Controler  |url: http://localhost/api/Authorization/Registration|action: Registration
2024-01-31 02:59:24.5798|0|DEBUG|Infrastructure.MongoDb.Repositories.Day_Repository|NLog is integrate to Day_Controler  |url: http://localhost/api/Authorization/SendNewPassword|action: SendNewPassword
2024-01-31 02:59:26.2114|0|DEBUG|Infrastructure.MongoDb.Repositories.Day_Repository|NLog is integrate to Day_Controler  |url: http://localhost/api/Days/GetAllDayUser|action: GetAllDayUser
2024-01-31 02:59:26.3717|0|DEBUG|Infrastructure.MongoDb.Repositories.Day_Repository|NLog is integrate to Day_Controler  |url: http://localhost/api/Days/SetNewDay|action: SetNewDay
2024-01-31 02:59:26.5431|0|DEBUG|Infrastructure.MongoDb.Repositories.Day_Repository|NLog is integrate to Day_Controler  |url: http://localhost/api/Days/SetNewDay|action: SetNewDay
2024-01-31 02:59:26.6818|0|DEBUG|Infrastructure.MongoDb.Repositories.Day_Repository|NLog is integrate to Day_Controler  |url: http://localhost/api/Profile/GetUser|action: GetUser
2024-01-31 02:59:27.4596|0|DEBUG|Infrastructure.MongoDb.Repositories.Day_Repository|NLog is integrate to Day_Controler  |url: http://localhost/api/Profile/GetUserByEmail|action: GetUserByEmail
2024-01-31 02:59:27.6001|0|DEBUG|Infrastructure.MongoDb.Repositories.Day_Repository|NLog is integrate to Day_Controler  |url: http://localhost/api/Profile/InsertAvatar|action: InsertAvatar
2024-01-31 02:59:27.7693|0|DEBUG|Infrastructure.MongoDb.Repositories.Day_Repository|NLog is integrate to Day_Controler  |url: http://localhost/api/Profile/EditUser|action: EditUser
2024-01-31 02:59:27.9594|0|DEBUG|Infrastructure.MongoDb.Repositories.Day_Repository|NLog is integrate to Day_Controler  |url: http://localhost/api/Profile/EditPassword|action: EditPassword
2024-01-31 02:59:28.1516|0|DEBUG|Infrastructure.MongoDb.Repositories.Day_Repository|NLog is integrate to Day_Controler  |url: http://localhost/api/Profile/EditPassword|action: EditPassword
2024-01-31 02:59:28.3213|0|DEBUG|Infrastructure.MongoDb.Repositories.Day_Repository|NLog is integrate to Day_Controler  |url: http://localhost/api/Profile/GetUser|action: GetUser
2024-01-31 02:59:28.5807|0|DEBUG|Infrastructure.MongoDb.Repositories.Day_Repository|NLog is integrate to Day_Controler  |url: http://localhost/api/Profile/SetSelectedTitle|action: SetSelectedTitles
2024-01-31 02:59:28.7510|0|DEBUG|Infrastructure.MongoDb.Repositories.Day_Repository|NLog is integrate to Day_Controler  |url: http://localhost/api/Title/GetTitles|action: GetTitles
2024-01-31 02:59:28.9395|0|DEBUG|Infrastructure.MongoDb.Repositories.Day_Repository|NLog is integrate to Day_Controler  |url: http://localhost/api/Clan/CreateClan|action: CreateNewClan
2024-01-31 02:59:29.1194|0|DEBUG|Infrastructure.MongoDb.Repositories.Day_Repository|NLog is integrate to Day_Controler  |url: http://localhost/api/Clan/GetClanById|action: GetClanById
2024-01-31 02:59:29.2806|0|DEBUG|Infrastructure.MongoDb.Repositories.Day_Repository|NLog is integrate to Day_Controler  |url: http://localhost/api/Clan/GetAll|action: GetClans
2024-01-31 02:59:29.4607|0|DEBUG|Infrastructure.MongoDb.Repositories.Day_Repository|NLog is integrate to Day_Controler  |url: http://localhost/api/Clan/GetAll|action: GetClans
2024-01-31 02:59:29.6301|0|DEBUG|Infrastructure.MongoDb.Repositories.Day_Repository|NLog is integrate to Day_Controler  |url: http://localhost/api/Clan/GetAll|action: GetClans
2024-01-31 02:59:29.8105|0|DEBUG|Infrastructure.MongoDb.Repositories.Day_Repository|NLog is integrate to Day_Controler  |url: http://localhost/api/Clan/GetAll|action: GetClans
2024-01-31 02:59:29.9898|0|DEBUG|Infrastructure.MongoDb.Repositories.Day_Repository|NLog is integrate to Day_Controler  |url: http://localhost/api/Clan/JoinUser|action: JoinUser
2024-01-31 02:59:30.1200|0|DEBUG|Infrastructure.MongoDb.Repositories.Day_Repository|NLog is integrate to Day_Controler  |url: http://localhost/api/Clan/LeaveUser|action: LeaveUser
2024-01-31 02:59:30.2715|0|DEBUG|Infrastructure.MongoDb.Repositories.Day_Repository|NLog is integrate to Day_Controler  |url: http://localhost/api/Clan/KickOutUser|action: KickOutUser
2024-01-31 02:59:30.4219|0|DEBUG|Infrastructure.MongoDb.Repositories.Day_Repository|NLog is integrate to Day_Controler  |url: http://localhost/api/Clan/DeleteClan|action: DeleteClan
2024-01-31 02:59:30.5616|0|DEBUG|Infrastructure.MongoDb.Repositories.Day_Repository|NLog is integrate to Day_Controler  |url: http://localhost/api/Authorization/LogOut|action: Logout
2024-01-31 03:00:00.2298|0|DEBUG|Infrastructure.MongoDb.Repositories.Day_Repository|NLog is integrate to Day_Controler  |url: http://localhost/api/Authorization/Auth|action: Auth
2024-01-31 03:00:00.2298|8|DEBUG|API.Auth.AuthBase.BasicAunteficationHandler|AuthenticationScheme: Basic was successfully authenticated. |url: http://localhost/api/Authorization/Auth|action: Auth
2024-01-31 03:00:05.5495|0|DEBUG|Infrastructure.MongoDb.Repositories.Day_Repository|NLog is integrate to Day_Controler  |url: http://localhost/api/Profile/GetUserByEmail|action: GetUserByEmail
2024-01-31 03:00:06.6076|0|WARN|Infrastructure.MongoDb.Repositories.Day_Repository|GetCountDayMoreMax |url: http://localhost/api/Profile/GetUserByEmail|action: GetUserByEmail
2024-01-31 03:00:06.6076|0|ERROR|Infrastructure.MongoDb.Repositories.Day_Repository|Sequence contains no elements |url: http://localhost/api/Profile/GetUserByEmail|action: GetUserByEmail
2024-01-31 03:00:06.6150|0|WARN|Infrastructure.MongoDb.Repositories.Day_Repository|GetCountDayMoreMax |url: http://localhost/api/Profile/GetUserByEmail|action: GetUserByEmail
2024-01-31 03:00:06.6150|0|ERROR|Infrastructure.MongoDb.Repositories.Day_Repository|Sequence contains no elements |url: http://localhost/api/Profile/GetUserByEmail|action: GetUserByEmail
2024-01-31 03:00:14.5992|0|DEBUG|Infrastructure.MongoDb.Repositories.Day_Repository|NLog is integrate to Day_Controler  |url: http://localhost/api/Profile/GetUser|action: GetUser
2024-01-31 03:00:26.2594|0|DEBUG|Infrastructure.MongoDb.Repositories.Day_Repository|NLog is integrate to Day_Controler  |url: http://localhost/api/Clan/LeaveUser|action: LeaveUser
2024-01-31 03:00:34.9527|0|DEBUG|Infrastructure.MongoDb.Repositories.Day_Repository|NLog is integrate to Day_Controler  |url: http://localhost/api/Clan/JoinUser|action: JoinUser
2024-01-31 03:00:47.7426|0|DEBUG|Infrastructure.MongoDb.Repositories.Day_Repository|NLog is integrate to Day_Controler  |url: http://localhost/api/Profile/GetUser|action: GetUser
2024-01-31 03:00:58.1802|0|DEBUG|Infrastructure.MongoDb.Repositories.Day_Repository|NLog is integrate to Day_Controler  |url: http://localhost/api/Clan/LeaveUser|action: LeaveUser
2024-01-31 03:01:04.3094|0|DEBUG|Infrastructure.MongoDb.Repositories.Day_Repository|NLog is integrate to Day_Controler  |url: http://localhost/api/Clan/JoinUser|action: JoinUser
2024-01-31 03:06:33.1806|0|INFO|Microsoft.Hosting.Lifetime|Application is shutting down... |url: |action: 
