2024-01-13 02:20:30.4460|0|ERROR|StepMaster.Program|init main |url: |action: 
2024-01-13 02:20:30.9874|60|WARN|Microsoft.AspNetCore.DataProtection.Repositories.FileSystemXmlRepository|Storing keys in a directory '/root/.aspnet/DataProtection-Keys' that may not be persisted outside of the container. Protected data will be unavailable when container is destroyed. |url: |action: 
2024-01-13 02:20:31.0829|14|INFO|Microsoft.Hosting.Lifetime|Now listening on: http://[::]:80 |url: |action: 
2024-01-13 02:20:31.0857|0|INFO|Microsoft.Hosting.Lifetime|Application started. Press Ctrl+C to shut down. |url: |action: 
2024-01-13 02:20:31.0857|0|INFO|Microsoft.Hosting.Lifetime|Hosting environment: Development |url: |action: 
2024-01-13 02:20:31.0857|0|INFO|Microsoft.Hosting.Lifetime|Content root path: /app |url: |action: 
2024-01-13 02:22:00.6403|0|INFO|Microsoft.Hosting.Lifetime|Application is shutting down... |url: |action: 
2024-01-13 03:56:26.7774|0|INFO|StepMaster.Program|Process start |url: |action: 
2024-01-13 03:56:27.1279|60|WARN|Microsoft.AspNetCore.DataProtection.Repositories.FileSystemXmlRepository|Storing keys in a directory '/root/.aspnet/DataProtection-Keys' that may not be persisted outside of the container. Protected data will be unavailable when container is destroyed. |url: |action: 
2024-01-13 03:56:27.1483|35|WARN|Microsoft.AspNetCore.DataProtection.KeyManagement.XmlKeyManager|No XML encryptor configured. Key {e4f1c63e-c877-4c58-b8d7-ef19ea51f67f} may be persisted to storage in unencrypted form. |url: |action: 
2024-01-13 03:56:27.2141|14|INFO|Microsoft.Hosting.Lifetime|Now listening on: http://[::]:80 |url: |action: 
2024-01-13 03:56:27.2169|0|INFO|Microsoft.Hosting.Lifetime|Application started. Press Ctrl+C to shut down. |url: |action: 
2024-01-13 03:56:27.2169|0|INFO|Microsoft.Hosting.Lifetime|Hosting environment: Development |url: |action: 
2024-01-13 03:56:27.2169|0|INFO|Microsoft.Hosting.Lifetime|Content root path: /app |url: |action: 
2024-01-13 03:57:24.6171|3|WARN|Microsoft.AspNetCore.HttpsPolicy.HttpsRedirectionMiddleware|Failed to determine the https port for redirect. |url: http://localhost/api/Authorization/Auth|action: Auth
2024-01-13 03:57:24.8175|8|DEBUG|API.Auth.AuthBase.BasicAunteficationHandler|AuthenticationScheme: Basic was successfully authenticated. |url: http://localhost/api/Authorization/Auth|action: Auth
2024-01-13 03:57:24.8467|0|DEBUG|Infrastructure.MongoDb.Repositories.Day_Repository|NLog is integrate to Day_Controler  |url: http://localhost/api/Authorization/Auth|action: Auth
2024-01-13 03:57:32.8693|0|DEBUG|Infrastructure.MongoDb.Repositories.Day_Repository|NLog is integrate to Day_Controler  |url: http://localhost/api/Profile/GetUser|action: GetUser
2024-01-13 03:57:33.7590|0|WARN|Infrastructure.MongoDb.Repositories.Day_Repository|GetCountDayMoreMax |url: http://localhost/api/Profile/GetUser|action: GetUser
2024-01-13 03:57:33.7590|0|ERROR|Infrastructure.MongoDb.Repositories.Day_Repository|Sequence contains no elements |url: http://localhost/api/Profile/GetUser|action: GetUser
2024-01-13 03:57:33.7677|0|WARN|Infrastructure.MongoDb.Repositories.Day_Repository|GetCountDayMoreMax |url: http://localhost/api/Profile/GetUser|action: GetUser
2024-01-13 03:57:33.7677|0|ERROR|Infrastructure.MongoDb.Repositories.Day_Repository|Sequence contains no elements |url: http://localhost/api/Profile/GetUser|action: GetUser
2024-01-13 04:02:04.8574|0|DEBUG|Infrastructure.MongoDb.Repositories.Day_Repository|NLog is integrate to Day_Controler  |url: http://localhost/api/Profile/GetUser|action: GetUser
2024-01-13 04:02:05.2342|0|WARN|Infrastructure.MongoDb.Repositories.Day_Repository|GetCountDayMoreMax |url: http://localhost/api/Profile/GetUser|action: GetUser
2024-01-13 04:02:05.2342|0|ERROR|Infrastructure.MongoDb.Repositories.Day_Repository|Sequence contains no elements |url: http://localhost/api/Profile/GetUser|action: GetUser
2024-01-13 04:02:05.2401|0|WARN|Infrastructure.MongoDb.Repositories.Day_Repository|GetCountDayMoreMax |url: http://localhost/api/Profile/GetUser|action: GetUser
2024-01-13 04:02:05.2401|0|ERROR|Infrastructure.MongoDb.Repositories.Day_Repository|Sequence contains no elements |url: http://localhost/api/Profile/GetUser|action: GetUser
2024-01-13 04:02:25.9829|0|INFO|Microsoft.Hosting.Lifetime|Application is shutting down... |url: |action: 
2024-01-13 04:02:29.6672|0|INFO|StepMaster.Program|Process start |url: |action: 
2024-01-13 04:02:30.0615|60|WARN|Microsoft.AspNetCore.DataProtection.Repositories.FileSystemXmlRepository|Storing keys in a directory '/root/.aspnet/DataProtection-Keys' that may not be persisted outside of the container. Protected data will be unavailable when container is destroyed. |url: |action: 
2024-01-13 04:02:30.1357|14|INFO|Microsoft.Hosting.Lifetime|Now listening on: http://[::]:80 |url: |action: 
2024-01-13 04:02:30.1362|0|INFO|Microsoft.Hosting.Lifetime|Application started. Press Ctrl+C to shut down. |url: |action: 
2024-01-13 04:02:30.1362|0|INFO|Microsoft.Hosting.Lifetime|Hosting environment: Development |url: |action: 
2024-01-13 04:02:30.1460|0|INFO|Microsoft.Hosting.Lifetime|Content root path: /app |url: |action: 
2024-01-13 04:02:43.5005|0|INFO|Microsoft.Hosting.Lifetime|Application is shutting down... |url: |action: 
2024-01-13 04:11:30.7924|0|INFO|StepMaster.Program|Process start |url: |action: 
2024-01-13 04:11:31.1347|60|WARN|Microsoft.AspNetCore.DataProtection.Repositories.FileSystemXmlRepository|Storing keys in a directory '/root/.aspnet/DataProtection-Keys' that may not be persisted outside of the container. Protected data will be unavailable when container is destroyed. |url: |action: 
2024-01-13 04:11:31.1653|35|WARN|Microsoft.AspNetCore.DataProtection.KeyManagement.XmlKeyManager|No XML encryptor configured. Key {b68845b1-f0e9-43c6-9884-7efa491013c1} may be persisted to storage in unencrypted form. |url: |action: 
2024-01-13 04:11:31.2211|14|INFO|Microsoft.Hosting.Lifetime|Now listening on: http://[::]:80 |url: |action: 
2024-01-13 04:11:31.2273|0|INFO|Microsoft.Hosting.Lifetime|Application started. Press Ctrl+C to shut down. |url: |action: 
2024-01-13 04:11:31.2273|0|INFO|Microsoft.Hosting.Lifetime|Hosting environment: Development |url: |action: 
2024-01-13 04:11:31.2273|0|INFO|Microsoft.Hosting.Lifetime|Content root path: /app |url: |action: 
2024-01-13 04:12:01.6060|3|WARN|Microsoft.AspNetCore.HttpsPolicy.HttpsRedirectionMiddleware|Failed to determine the https port for redirect. |url: http://localhost/api/Regions/GetRegions|action: GetRegions
2024-01-13 04:12:02.0384|0|DEBUG|Infrastructure.MongoDb.Repositories.Day_Repository|NLog is integrate to Day_Controler  |url: http://localhost/api/Authorization/SendCode|action: SendCode
2024-01-13 04:12:02.2258|0|DEBUG|Infrastructure.MongoDb.Repositories.Day_Repository|NLog is integrate to Day_Controler  |url: http://localhost/api/Authorization/SendCode|action: SendCode
2024-01-13 04:12:04.0653|0|DEBUG|Infrastructure.MongoDb.Repositories.Day_Repository|NLog is integrate to Day_Controler  |url: http://localhost/api/Authorization/Registration|action: Registration
2024-01-13 04:12:04.3695|8|DEBUG|API.Auth.AuthBase.BasicAunteficationHandler|AuthenticationScheme: Basic was successfully authenticated. |url: http://localhost/api/Authorization/Auth|action: Auth
2024-01-13 04:12:04.3776|0|DEBUG|Infrastructure.MongoDb.Repositories.Day_Repository|NLog is integrate to Day_Controler  |url: http://localhost/api/Authorization/Auth|action: Auth
2024-01-13 04:12:04.5360|0|DEBUG|Infrastructure.MongoDb.Repositories.Day_Repository|NLog is integrate to Day_Controler  |url: http://localhost/api/Authorization/UpdateCookies|action: UpdateCookies
2024-01-13 04:12:04.6754|0|DEBUG|Infrastructure.MongoDb.Repositories.Day_Repository|NLog is integrate to Day_Controler  |url: http://localhost/api/Authorization/Registration|action: Registration
2024-01-13 04:12:04.8473|0|DEBUG|Infrastructure.MongoDb.Repositories.Day_Repository|NLog is integrate to Day_Controler  |url: http://localhost/api/Authorization/SendNewPassword|action: SendNewPassword
2024-01-13 04:12:06.5474|0|DEBUG|Infrastructure.MongoDb.Repositories.Day_Repository|NLog is integrate to Day_Controler  |url: http://localhost/api/Authorization/LogOut|action: Logout
2024-01-13 04:12:06.6469|0|DEBUG|Infrastructure.MongoDb.Repositories.Day_Repository|NLog is integrate to Day_Controler  |url: http://localhost/api/Authorization/DeleteUser|action: DeleteUser
2024-01-13 04:12:06.7871|0|DEBUG|Infrastructure.MongoDb.Repositories.Day_Repository|NLog is integrate to Day_Controler  |url: http://localhost/api/Authorization/Registration|action: Registration
2024-01-13 04:12:06.9732|8|DEBUG|API.Auth.AuthBase.BasicAunteficationHandler|AuthenticationScheme: Basic was successfully authenticated. |url: http://localhost/api/Authorization/Auth|action: Auth
2024-01-13 04:12:06.9770|0|DEBUG|Infrastructure.MongoDb.Repositories.Day_Repository|NLog is integrate to Day_Controler  |url: http://localhost/api/Authorization/Auth|action: Auth
2024-01-13 04:12:07.1261|0|DEBUG|Infrastructure.MongoDb.Repositories.Day_Repository|NLog is integrate to Day_Controler  |url: http://localhost/api/Days/GetAllDayUser|action: GetAllDayUser
2024-01-13 04:12:07.1930|0|WARN|Infrastructure.MongoDb.Repositories.Day_Repository|GetCountDayMoreMax |url: http://localhost/api/Days/GetAllDayUser|action: GetAllDayUser
2024-01-13 04:12:07.1930|0|ERROR|Infrastructure.MongoDb.Repositories.Day_Repository|Sequence contains no elements |url: http://localhost/api/Days/GetAllDayUser|action: GetAllDayUser
2024-01-13 04:12:07.2002|0|WARN|Infrastructure.MongoDb.Repositories.Day_Repository|GetCountDayMoreMax |url: http://localhost/api/Days/GetAllDayUser|action: GetAllDayUser
2024-01-13 04:12:07.2002|0|ERROR|Infrastructure.MongoDb.Repositories.Day_Repository|Sequence contains no elements |url: http://localhost/api/Days/GetAllDayUser|action: GetAllDayUser
2024-01-13 04:12:07.3360|0|DEBUG|Infrastructure.MongoDb.Repositories.Day_Repository|NLog is integrate to Day_Controler  |url: http://localhost/api/Days/SetNewDay|action: SetNewDay
2024-01-13 04:12:07.4313|0|WARN|Infrastructure.MongoDb.Repositories.Day_Repository|GetCountDayMoreMax |url: http://localhost/api/Days/SetNewDay|action: SetNewDay
2024-01-13 04:12:07.4313|0|ERROR|Infrastructure.MongoDb.Repositories.Day_Repository|Sequence contains no elements |url: http://localhost/api/Days/SetNewDay|action: SetNewDay
2024-01-13 04:12:07.4385|0|WARN|Infrastructure.MongoDb.Repositories.Day_Repository|GetCountDayMoreMax |url: http://localhost/api/Days/SetNewDay|action: SetNewDay
2024-01-13 04:12:07.4385|0|ERROR|Infrastructure.MongoDb.Repositories.Day_Repository|Sequence contains no elements |url: http://localhost/api/Days/SetNewDay|action: SetNewDay
2024-01-13 04:12:07.5568|0|DEBUG|Infrastructure.MongoDb.Repositories.Day_Repository|NLog is integrate to Day_Controler  |url: http://localhost/api/Days/SetNewDay|action: SetNewDay
2024-01-13 04:12:07.7082|0|DEBUG|Infrastructure.MongoDb.Repositories.Day_Repository|NLog is integrate to Day_Controler  |url: http://localhost/api/Authorization/LogOut|action: Logout
2024-01-13 04:12:07.8360|0|DEBUG|Infrastructure.MongoDb.Repositories.Day_Repository|NLog is integrate to Day_Controler  |url: http://localhost/api/Authorization/DeleteUser|action: DeleteUser
2024-01-13 04:12:07.9561|0|DEBUG|Infrastructure.MongoDb.Repositories.Day_Repository|NLog is integrate to Day_Controler  |url: http://localhost/api/Authorization/Registration|action: Registration
2024-01-13 04:12:08.1265|8|DEBUG|API.Auth.AuthBase.BasicAunteficationHandler|AuthenticationScheme: Basic was successfully authenticated. |url: http://localhost/api/Authorization/Auth|action: Auth
2024-01-13 04:12:08.1355|0|DEBUG|Infrastructure.MongoDb.Repositories.Day_Repository|NLog is integrate to Day_Controler  |url: http://localhost/api/Authorization/Auth|action: Auth
2024-01-13 04:12:08.2956|0|DEBUG|Infrastructure.MongoDb.Repositories.Day_Repository|NLog is integrate to Day_Controler  |url: http://localhost/api/Profile/GetUser|action: GetUser
2024-01-13 04:12:08.9047|0|WARN|Infrastructure.MongoDb.Repositories.Day_Repository|GetCountDayMoreMax |url: http://localhost/api/Profile/GetUser|action: GetUser
2024-01-13 04:12:08.9055|0|ERROR|Infrastructure.MongoDb.Repositories.Day_Repository|Sequence contains no elements |url: http://localhost/api/Profile/GetUser|action: GetUser
2024-01-13 04:12:08.9055|0|WARN|Infrastructure.MongoDb.Repositories.Day_Repository|GetCountDayMoreMax |url: http://localhost/api/Profile/GetUser|action: GetUser
2024-01-13 04:12:08.9055|0|ERROR|Infrastructure.MongoDb.Repositories.Day_Repository|Sequence contains no elements |url: http://localhost/api/Profile/GetUser|action: GetUser
2024-01-13 04:12:09.0254|0|DEBUG|Infrastructure.MongoDb.Repositories.Day_Repository|NLog is integrate to Day_Controler  |url: http://localhost/api/Profile/InsertAvatar|action: InsertAvatar
2024-01-13 04:12:09.1756|0|DEBUG|Infrastructure.MongoDb.Repositories.Day_Repository|NLog is integrate to Day_Controler  |url: http://localhost/api/Profile/EditUser|action: EditUser
2024-01-13 04:12:09.3360|0|DEBUG|Infrastructure.MongoDb.Repositories.Day_Repository|NLog is integrate to Day_Controler  |url: http://localhost/api/Profile/EditPassword|action: EditPassword
2024-01-13 04:12:09.4852|0|DEBUG|Infrastructure.MongoDb.Repositories.Day_Repository|NLog is integrate to Day_Controler  |url: http://localhost/api/Profile/EditPassword|action: EditPassword
2024-01-13 04:12:09.6352|0|DEBUG|Infrastructure.MongoDb.Repositories.Day_Repository|NLog is integrate to Day_Controler  |url: http://localhost/api/Profile/GetUser|action: GetUser
2024-01-13 04:12:09.7342|0|WARN|Infrastructure.MongoDb.Repositories.Day_Repository|GetCountDayMoreMax |url: http://localhost/api/Profile/GetUser|action: GetUser
2024-01-13 04:12:09.7342|0|ERROR|Infrastructure.MongoDb.Repositories.Day_Repository|Sequence contains no elements |url: http://localhost/api/Profile/GetUser|action: GetUser
2024-01-13 04:12:09.7407|0|WARN|Infrastructure.MongoDb.Repositories.Day_Repository|GetCountDayMoreMax |url: http://localhost/api/Profile/GetUser|action: GetUser
2024-01-13 04:12:09.7407|0|ERROR|Infrastructure.MongoDb.Repositories.Day_Repository|Sequence contains no elements |url: http://localhost/api/Profile/GetUser|action: GetUser
2024-01-13 04:12:09.8602|0|DEBUG|Infrastructure.MongoDb.Repositories.Day_Repository|NLog is integrate to Day_Controler  |url: http://localhost/api/Profile/SetSelectedTitle|action: SetSelectedTitles
2024-01-13 04:12:10.0470|0|DEBUG|Infrastructure.MongoDb.Repositories.Day_Repository|NLog is integrate to Day_Controler  |url: http://localhost/api/Title/GetTitles|action: GetTitles
2024-01-13 04:12:10.0884|0|WARN|Infrastructure.MongoDb.Repositories.Day_Repository|GetCountDayMoreMax |url: http://localhost/api/Title/GetTitles|action: GetTitles
2024-01-13 04:12:10.0884|0|ERROR|Infrastructure.MongoDb.Repositories.Day_Repository|Sequence contains no elements |url: http://localhost/api/Title/GetTitles|action: GetTitles
2024-01-13 04:12:10.0884|0|WARN|Infrastructure.MongoDb.Repositories.Day_Repository|GetCountDayMoreMax |url: http://localhost/api/Title/GetTitles|action: GetTitles
2024-01-13 04:12:10.0884|0|ERROR|Infrastructure.MongoDb.Repositories.Day_Repository|Sequence contains no elements |url: http://localhost/api/Title/GetTitles|action: GetTitles
2024-01-13 04:12:10.1004|0|WARN|Infrastructure.MongoDb.Repositories.Day_Repository|GetCountDayMoreMax |url: http://localhost/api/Title/GetTitles|action: GetTitles
2024-01-13 04:12:10.1004|0|ERROR|Infrastructure.MongoDb.Repositories.Day_Repository|Sequence contains no elements |url: http://localhost/api/Title/GetTitles|action: GetTitles
2024-01-13 04:12:10.1063|0|WARN|Infrastructure.MongoDb.Repositories.Day_Repository|GetCountDayMoreMax |url: http://localhost/api/Title/GetTitles|action: GetTitles
2024-01-13 04:12:10.1063|0|ERROR|Infrastructure.MongoDb.Repositories.Day_Repository|Sequence contains no elements |url: http://localhost/api/Title/GetTitles|action: GetTitles
2024-01-13 04:12:10.1063|0|WARN|Infrastructure.MongoDb.Repositories.Day_Repository|GetCountDayMoreMax |url: http://localhost/api/Title/GetTitles|action: GetTitles
2024-01-13 04:12:10.1063|0|ERROR|Infrastructure.MongoDb.Repositories.Day_Repository|Sequence contains no elements |url: http://localhost/api/Title/GetTitles|action: GetTitles
2024-01-13 04:12:10.1187|0|WARN|Infrastructure.MongoDb.Repositories.Day_Repository|GetCountDayMoreMax |url: http://localhost/api/Title/GetTitles|action: GetTitles
2024-01-13 04:12:10.1187|0|ERROR|Infrastructure.MongoDb.Repositories.Day_Repository|Sequence contains no elements |url: http://localhost/api/Title/GetTitles|action: GetTitles
2024-01-13 04:12:10.1258|0|WARN|Infrastructure.MongoDb.Repositories.Day_Repository|GetCountDayMoreMax |url: http://localhost/api/Title/GetTitles|action: GetTitles
2024-01-13 04:12:10.1258|0|ERROR|Infrastructure.MongoDb.Repositories.Day_Repository|Sequence contains no elements |url: http://localhost/api/Title/GetTitles|action: GetTitles
2024-01-13 04:12:10.1258|0|WARN|Infrastructure.MongoDb.Repositories.Day_Repository|GetCountDayMoreMax |url: http://localhost/api/Title/GetTitles|action: GetTitles
2024-01-13 04:12:10.1258|0|ERROR|Infrastructure.MongoDb.Repositories.Day_Repository|Sequence contains no elements |url: http://localhost/api/Title/GetTitles|action: GetTitles
2024-01-13 04:12:10.1379|0|WARN|Infrastructure.MongoDb.Repositories.Day_Repository|GetCountDayMoreMax |url: http://localhost/api/Title/GetTitles|action: GetTitles
2024-01-13 04:12:10.1379|0|ERROR|Infrastructure.MongoDb.Repositories.Day_Repository|Sequence contains no elements |url: http://localhost/api/Title/GetTitles|action: GetTitles
2024-01-13 04:12:10.1379|0|WARN|Infrastructure.MongoDb.Repositories.Day_Repository|GetCountDayMoreMax |url: http://localhost/api/Title/GetTitles|action: GetTitles
2024-01-13 04:12:10.1454|0|ERROR|Infrastructure.MongoDb.Repositories.Day_Repository|Sequence contains no elements |url: http://localhost/api/Title/GetTitles|action: GetTitles
2024-01-13 04:12:10.1454|0|WARN|Infrastructure.MongoDb.Repositories.Day_Repository|GetCountDayMoreMax |url: http://localhost/api/Title/GetTitles|action: GetTitles
2024-01-13 04:12:10.1454|0|ERROR|Infrastructure.MongoDb.Repositories.Day_Repository|Sequence contains no elements |url: http://localhost/api/Title/GetTitles|action: GetTitles
2024-01-13 04:12:10.1560|0|WARN|Infrastructure.MongoDb.Repositories.Day_Repository|GetCountDayMoreMax |url: http://localhost/api/Title/GetTitles|action: GetTitles
2024-01-13 04:12:10.1560|0|ERROR|Infrastructure.MongoDb.Repositories.Day_Repository|Sequence contains no elements |url: http://localhost/api/Title/GetTitles|action: GetTitles
2024-01-13 04:12:10.1560|0|WARN|Infrastructure.MongoDb.Repositories.Day_Repository|GetCountDayMoreMax |url: http://localhost/api/Title/GetTitles|action: GetTitles
2024-01-13 04:12:10.1560|0|ERROR|Infrastructure.MongoDb.Repositories.Day_Repository|Sequence contains no elements |url: http://localhost/api/Title/GetTitles|action: GetTitles
2024-01-13 04:12:10.1682|0|WARN|Infrastructure.MongoDb.Repositories.Day_Repository|GetCountDayMoreMax |url: http://localhost/api/Title/GetTitles|action: GetTitles
2024-01-13 04:12:10.1682|0|ERROR|Infrastructure.MongoDb.Repositories.Day_Repository|Sequence contains no elements |url: http://localhost/api/Title/GetTitles|action: GetTitles
2024-01-13 04:12:10.1682|0|WARN|Infrastructure.MongoDb.Repositories.Day_Repository|GetCountDayMoreMax |url: http://localhost/api/Title/GetTitles|action: GetTitles
2024-01-13 04:12:10.1682|0|ERROR|Infrastructure.MongoDb.Repositories.Day_Repository|Sequence contains no elements |url: http://localhost/api/Title/GetTitles|action: GetTitles
2024-01-13 04:12:10.1804|0|WARN|Infrastructure.MongoDb.Repositories.Day_Repository|GetCountDayMoreMax |url: http://localhost/api/Title/GetTitles|action: GetTitles
2024-01-13 04:12:10.1804|0|ERROR|Infrastructure.MongoDb.Repositories.Day_Repository|Sequence contains no elements |url: http://localhost/api/Title/GetTitles|action: GetTitles
2024-01-13 04:12:10.1861|0|WARN|Infrastructure.MongoDb.Repositories.Day_Repository|GetCountDayMoreMax |url: http://localhost/api/Title/GetTitles|action: GetTitles
2024-01-13 04:12:10.1861|0|ERROR|Infrastructure.MongoDb.Repositories.Day_Repository|Sequence contains no elements |url: http://localhost/api/Title/GetTitles|action: GetTitles
2024-01-13 04:12:10.1861|0|WARN|Infrastructure.MongoDb.Repositories.Day_Repository|GetCountDayMoreMax |url: http://localhost/api/Title/GetTitles|action: GetTitles
2024-01-13 04:12:10.1861|0|ERROR|Infrastructure.MongoDb.Repositories.Day_Repository|Sequence contains no elements |url: http://localhost/api/Title/GetTitles|action: GetTitles
2024-01-13 04:12:10.1975|0|WARN|Infrastructure.MongoDb.Repositories.Day_Repository|GetCountDayMoreMax |url: http://localhost/api/Title/GetTitles|action: GetTitles
2024-01-13 04:12:10.1975|0|ERROR|Infrastructure.MongoDb.Repositories.Day_Repository|Sequence contains no elements |url: http://localhost/api/Title/GetTitles|action: GetTitles
2024-01-13 04:12:10.1975|0|WARN|Infrastructure.MongoDb.Repositories.Day_Repository|GetCountDayMoreMax |url: http://localhost/api/Title/GetTitles|action: GetTitles
2024-01-13 04:12:10.1975|0|ERROR|Infrastructure.MongoDb.Repositories.Day_Repository|Sequence contains no elements |url: http://localhost/api/Title/GetTitles|action: GetTitles
2024-01-13 04:12:10.2090|0|WARN|Infrastructure.MongoDb.Repositories.Day_Repository|GetCountDayMoreMax |url: http://localhost/api/Title/GetTitles|action: GetTitles
2024-01-13 04:12:10.2090|0|ERROR|Infrastructure.MongoDb.Repositories.Day_Repository|Sequence contains no elements |url: http://localhost/api/Title/GetTitles|action: GetTitles
2024-01-13 04:12:10.2152|0|WARN|Infrastructure.MongoDb.Repositories.Day_Repository|GetCountDayMoreMax |url: http://localhost/api/Title/GetTitles|action: GetTitles
2024-01-13 04:12:10.2152|0|ERROR|Infrastructure.MongoDb.Repositories.Day_Repository|Sequence contains no elements |url: http://localhost/api/Title/GetTitles|action: GetTitles
2024-01-13 04:12:10.3364|0|DEBUG|Infrastructure.MongoDb.Repositories.Day_Repository|NLog is integrate to Day_Controler  |url: http://localhost/api/Authorization/LogOut|action: Logout
2024-01-13 04:12:10.4660|0|DEBUG|Infrastructure.MongoDb.Repositories.Day_Repository|NLog is integrate to Day_Controler  |url: http://localhost/api/Authorization/DeleteUser|action: DeleteUser
2024-01-13 04:12:22.0532|0|INFO|Microsoft.Hosting.Lifetime|Application is shutting down... |url: |action: 
2024-01-13 12:58:39.3360|0|INFO|StepMaster.Program|Process start |url: |action: 
2024-01-13 12:58:39.8289|60|WARN|Microsoft.AspNetCore.DataProtection.Repositories.FileSystemXmlRepository|Storing keys in a directory '/root/.aspnet/DataProtection-Keys' that may not be persisted outside of the container. Protected data will be unavailable when container is destroyed. |url: |action: 
2024-01-13 12:58:39.9493|14|INFO|Microsoft.Hosting.Lifetime|Now listening on: http://[::]:80 |url: |action: 
2024-01-13 12:58:39.9564|0|INFO|Microsoft.Hosting.Lifetime|Application started. Press Ctrl+C to shut down. |url: |action: 
2024-01-13 12:58:39.9564|0|INFO|Microsoft.Hosting.Lifetime|Hosting environment: Development |url: |action: 
2024-01-13 12:58:39.9564|0|INFO|Microsoft.Hosting.Lifetime|Content root path: /app |url: |action: 
2024-01-13 12:59:10.0894|0|INFO|Microsoft.Hosting.Lifetime|Application is shutting down... |url: |action: 
2024-01-13 12:59:39.8049|0|INFO|StepMaster.Program|Process start |url: |action: 
2024-01-13 12:59:40.1470|60|WARN|Microsoft.AspNetCore.DataProtection.Repositories.FileSystemXmlRepository|Storing keys in a directory '/root/.aspnet/DataProtection-Keys' that may not be persisted outside of the container. Protected data will be unavailable when container is destroyed. |url: |action: 
2024-01-13 12:59:40.2207|14|INFO|Microsoft.Hosting.Lifetime|Now listening on: http://[::]:80 |url: |action: 
2024-01-13 12:59:40.2225|0|INFO|Microsoft.Hosting.Lifetime|Application started. Press Ctrl+C to shut down. |url: |action: 
2024-01-13 12:59:40.2225|0|INFO|Microsoft.Hosting.Lifetime|Hosting environment: Development |url: |action: 
2024-01-13 12:59:40.2314|0|INFO|Microsoft.Hosting.Lifetime|Content root path: /app |url: |action: 
2024-01-13 13:06:15.3333|0|INFO|Microsoft.Hosting.Lifetime|Application is shutting down... |url: |action: 
2024-01-13 13:06:38.0462|0|INFO|StepMaster.Program|Process start |url: |action: 
2024-01-13 13:06:38.4085|60|WARN|Microsoft.AspNetCore.DataProtection.Repositories.FileSystemXmlRepository|Storing keys in a directory '/root/.aspnet/DataProtection-Keys' that may not be persisted outside of the container. Protected data will be unavailable when container is destroyed. |url: |action: 
2024-01-13 13:06:38.4711|14|INFO|Microsoft.Hosting.Lifetime|Now listening on: http://[::]:80 |url: |action: 
2024-01-13 13:06:38.4742|0|INFO|Microsoft.Hosting.Lifetime|Application started. Press Ctrl+C to shut down. |url: |action: 
2024-01-13 13:06:38.4742|0|INFO|Microsoft.Hosting.Lifetime|Hosting environment: Development |url: |action: 
2024-01-13 13:06:38.4742|0|INFO|Microsoft.Hosting.Lifetime|Content root path: /app |url: |action: 
2024-01-13 13:07:39.5078|3|WARN|Microsoft.AspNetCore.HttpsPolicy.HttpsRedirectionMiddleware|Failed to determine the https port for redirect. |url: http://localhost/api/Authorization/Auth|action: Auth
2024-01-13 13:07:39.6992|8|DEBUG|API.Auth.AuthBase.BasicAunteficationHandler|AuthenticationScheme: Basic was successfully authenticated. |url: http://localhost/api/Authorization/Auth|action: Auth
2024-01-13 13:07:39.7234|0|DEBUG|Infrastructure.MongoDb.Repositories.Day_Repository|NLog is integrate to Day_Controler  |url: http://localhost/api/Authorization/Auth|action: Auth
2024-01-13 13:07:42.1731|0|DEBUG|Infrastructure.MongoDb.Repositories.Day_Repository|NLog is integrate to Day_Controler  |url: http://localhost/api/Title/GetTitles|action: GetTitles
2024-01-13 13:07:42.4024|0|WARN|Infrastructure.MongoDb.Repositories.Day_Repository|GetCountDayMoreMax |url: http://localhost/api/Title/GetTitles|action: GetTitles
2024-01-13 13:07:42.4024|0|ERROR|Infrastructure.MongoDb.Repositories.Day_Repository|Sequence contains no elements |url: http://localhost/api/Title/GetTitles|action: GetTitles
2024-01-13 13:07:42.4024|0|WARN|Infrastructure.MongoDb.Repositories.Day_Repository|GetCountDayMoreMax |url: http://localhost/api/Title/GetTitles|action: GetTitles
2024-01-13 13:07:42.4024|0|ERROR|Infrastructure.MongoDb.Repositories.Day_Repository|Sequence contains no elements |url: http://localhost/api/Title/GetTitles|action: GetTitles
2024-01-13 13:07:42.4142|0|WARN|Infrastructure.MongoDb.Repositories.Day_Repository|GetCountDayMoreMax |url: http://localhost/api/Title/GetTitles|action: GetTitles
2024-01-13 13:07:42.4142|0|ERROR|Infrastructure.MongoDb.Repositories.Day_Repository|Sequence contains no elements |url: http://localhost/api/Title/GetTitles|action: GetTitles
2024-01-13 13:07:42.4142|0|WARN|Infrastructure.MongoDb.Repositories.Day_Repository|GetCountDayMoreMax |url: http://localhost/api/Title/GetTitles|action: GetTitles
2024-01-13 13:07:42.4142|0|ERROR|Infrastructure.MongoDb.Repositories.Day_Repository|Sequence contains no elements |url: http://localhost/api/Title/GetTitles|action: GetTitles
2024-01-13 13:07:42.4268|0|WARN|Infrastructure.MongoDb.Repositories.Day_Repository|GetCountDayMoreMax |url: http://localhost/api/Title/GetTitles|action: GetTitles
2024-01-13 13:07:42.4268|0|ERROR|Infrastructure.MongoDb.Repositories.Day_Repository|Sequence contains no elements |url: http://localhost/api/Title/GetTitles|action: GetTitles
2024-01-13 13:07:42.4326|0|WARN|Infrastructure.MongoDb.Repositories.Day_Repository|GetCountDayMoreMax |url: http://localhost/api/Title/GetTitles|action: GetTitles
2024-01-13 13:07:42.4326|0|ERROR|Infrastructure.MongoDb.Repositories.Day_Repository|Sequence contains no elements |url: http://localhost/api/Title/GetTitles|action: GetTitles
2024-01-13 13:07:42.4326|0|WARN|Infrastructure.MongoDb.Repositories.Day_Repository|GetCountDayMoreMax |url: http://localhost/api/Title/GetTitles|action: GetTitles
2024-01-13 13:07:42.4326|0|ERROR|Infrastructure.MongoDb.Repositories.Day_Repository|Sequence contains no elements |url: http://localhost/api/Title/GetTitles|action: GetTitles
2024-01-13 13:07:42.4447|0|WARN|Infrastructure.MongoDb.Repositories.Day_Repository|GetCountDayMoreMax |url: http://localhost/api/Title/GetTitles|action: GetTitles
2024-01-13 13:07:42.4447|0|ERROR|Infrastructure.MongoDb.Repositories.Day_Repository|Sequence contains no elements |url: http://localhost/api/Title/GetTitles|action: GetTitles
2024-01-13 13:07:42.4447|0|WARN|Infrastructure.MongoDb.Repositories.Day_Repository|GetCountDayMoreMax |url: http://localhost/api/Title/GetTitles|action: GetTitles
2024-01-13 13:07:42.4520|0|ERROR|Infrastructure.MongoDb.Repositories.Day_Repository|Sequence contains no elements |url: http://localhost/api/Title/GetTitles|action: GetTitles
2024-01-13 13:07:42.4520|0|WARN|Infrastructure.MongoDb.Repositories.Day_Repository|GetCountDayMoreMax |url: http://localhost/api/Title/GetTitles|action: GetTitles
2024-01-13 13:07:42.4520|0|ERROR|Infrastructure.MongoDb.Repositories.Day_Repository|Sequence contains no elements |url: http://localhost/api/Title/GetTitles|action: GetTitles
2024-01-13 13:07:42.4643|0|WARN|Infrastructure.MongoDb.Repositories.Day_Repository|GetCountDayMoreMax |url: http://localhost/api/Title/GetTitles|action: GetTitles
2024-01-13 13:07:42.4643|0|ERROR|Infrastructure.MongoDb.Repositories.Day_Repository|Sequence contains no elements |url: http://localhost/api/Title/GetTitles|action: GetTitles
2024-01-13 13:07:42.4643|0|WARN|Infrastructure.MongoDb.Repositories.Day_Repository|GetCountDayMoreMax |url: http://localhost/api/Title/GetTitles|action: GetTitles
2024-01-13 13:07:42.4643|0|ERROR|Infrastructure.MongoDb.Repositories.Day_Repository|Sequence contains no elements |url: http://localhost/api/Title/GetTitles|action: GetTitles
2024-01-13 13:07:42.4770|0|WARN|Infrastructure.MongoDb.Repositories.Day_Repository|GetCountDayMoreMax |url: http://localhost/api/Title/GetTitles|action: GetTitles
2024-01-13 13:07:42.4770|0|ERROR|Infrastructure.MongoDb.Repositories.Day_Repository|Sequence contains no elements |url: http://localhost/api/Title/GetTitles|action: GetTitles
2024-01-13 13:07:42.4832|0|WARN|Infrastructure.MongoDb.Repositories.Day_Repository|GetCountDayMoreMax |url: http://localhost/api/Title/GetTitles|action: GetTitles
2024-01-13 13:07:42.4832|0|ERROR|Infrastructure.MongoDb.Repositories.Day_Repository|Sequence contains no elements |url: http://localhost/api/Title/GetTitles|action: GetTitles
2024-01-13 13:07:42.4832|0|WARN|Infrastructure.MongoDb.Repositories.Day_Repository|GetCountDayMoreMax |url: http://localhost/api/Title/GetTitles|action: GetTitles
2024-01-13 13:07:42.4832|0|ERROR|Infrastructure.MongoDb.Repositories.Day_Repository|Sequence contains no elements |url: http://localhost/api/Title/GetTitles|action: GetTitles
2024-01-13 13:07:42.4956|0|WARN|Infrastructure.MongoDb.Repositories.Day_Repository|GetCountDayMoreMax |url: http://localhost/api/Title/GetTitles|action: GetTitles
2024-01-13 13:07:42.4956|0|ERROR|Infrastructure.MongoDb.Repositories.Day_Repository|Sequence contains no elements |url: http://localhost/api/Title/GetTitles|action: GetTitles
2024-01-13 13:07:42.4956|0|WARN|Infrastructure.MongoDb.Repositories.Day_Repository|GetCountDayMoreMax |url: http://localhost/api/Title/GetTitles|action: GetTitles
2024-01-13 13:07:42.5021|0|ERROR|Infrastructure.MongoDb.Repositories.Day_Repository|Sequence contains no elements |url: http://localhost/api/Title/GetTitles|action: GetTitles
2024-01-13 13:07:42.5021|0|WARN|Infrastructure.MongoDb.Repositories.Day_Repository|GetCountDayMoreMax |url: http://localhost/api/Title/GetTitles|action: GetTitles
2024-01-13 13:07:42.5021|0|ERROR|Infrastructure.MongoDb.Repositories.Day_Repository|Sequence contains no elements |url: http://localhost/api/Title/GetTitles|action: GetTitles
2024-01-13 13:07:42.5139|0|WARN|Infrastructure.MongoDb.Repositories.Day_Repository|GetCountDayMoreMax |url: http://localhost/api/Title/GetTitles|action: GetTitles
2024-01-13 13:07:42.5139|0|ERROR|Infrastructure.MongoDb.Repositories.Day_Repository|Sequence contains no elements |url: http://localhost/api/Title/GetTitles|action: GetTitles
2024-01-13 13:07:42.5139|0|WARN|Infrastructure.MongoDb.Repositories.Day_Repository|GetCountDayMoreMax |url: http://localhost/api/Title/GetTitles|action: GetTitles
2024-01-13 13:07:42.5139|0|ERROR|Infrastructure.MongoDb.Repositories.Day_Repository|Sequence contains no elements |url: http://localhost/api/Title/GetTitles|action: GetTitles
2024-01-13 13:07:42.5271|0|WARN|Infrastructure.MongoDb.Repositories.Day_Repository|GetCountDayMoreMax |url: http://localhost/api/Title/GetTitles|action: GetTitles
2024-01-13 13:07:42.5271|0|ERROR|Infrastructure.MongoDb.Repositories.Day_Repository|Sequence contains no elements |url: http://localhost/api/Title/GetTitles|action: GetTitles
2024-01-13 13:07:42.5333|0|WARN|Infrastructure.MongoDb.Repositories.Day_Repository|GetCountDayMoreMax |url: http://localhost/api/Title/GetTitles|action: GetTitles
2024-01-13 13:07:42.5333|0|ERROR|Infrastructure.MongoDb.Repositories.Day_Repository|Sequence contains no elements |url: http://localhost/api/Title/GetTitles|action: GetTitles
2024-01-13 13:45:02.0545|0|INFO|Microsoft.Hosting.Lifetime|Application is shutting down... |url: |action: 
2024-01-13 14:51:31.8510|0|INFO|StepMaster.Program|Process start |url: |action: 
2024-01-13 14:51:32.3513|60|WARN|Microsoft.AspNetCore.DataProtection.Repositories.FileSystemXmlRepository|Storing keys in a directory '/root/.aspnet/DataProtection-Keys' that may not be persisted outside of the container. Protected data will be unavailable when container is destroyed. |url: |action: 
2024-01-13 14:51:32.4726|14|INFO|Microsoft.Hosting.Lifetime|Now listening on: http://[::]:80 |url: |action: 
2024-01-13 14:51:32.4757|0|INFO|Microsoft.Hosting.Lifetime|Application started. Press Ctrl+C to shut down. |url: |action: 
2024-01-13 14:51:32.4757|0|INFO|Microsoft.Hosting.Lifetime|Hosting environment: Development |url: |action: 
2024-01-13 14:51:32.4757|0|INFO|Microsoft.Hosting.Lifetime|Content root path: /app |url: |action: 
2024-01-13 14:51:39.9965|0|INFO|Microsoft.Hosting.Lifetime|Application is shutting down... |url: |action: 
